2017-06-19 16:21:30 DEBUG root Windows 7
2017-06-19 16:21:30 DEBUG root Intel(R) Core(TM) i7-4771 CPU @ 3.50GHz
2017-06-19 16:21:30 DEBUG root GeForce GTX 780M
2017-06-19 16:21:37 DEBUG root #----------------------------------------------face: female_neutral_001
2017-06-19 16:21:37 DEBUG PIL.PngImagePlugin STREAM IHDR 16 13
2017-06-19 16:21:37 DEBUG PIL.PngImagePlugin STREAM IDAT 41 65536
2017-06-19 16:21:37 DEBUG root #----------------------------------------------face: indoor_001
2017-06-19 16:21:37 DEBUG PIL.PngImagePlugin STREAM IHDR 16 13
2017-06-19 16:21:37 DEBUG PIL.PngImagePlugin STREAM IDAT 41 65536
2017-06-19 16:21:37 DEBUG root #----------------------------------------------face: female_neutral_001
2017-06-19 16:21:37 DEBUG PIL.PngImagePlugin STREAM IHDR 16 13
2017-06-19 16:21:37 DEBUG PIL.PngImagePlugin STREAM IDAT 41 65536
2017-06-19 16:21:37 DEBUG root #----------------------------------------------face: indoor_002
2017-06-19 16:21:37 DEBUG PIL.PngImagePlugin STREAM IHDR 16 13
2017-06-19 16:21:37 DEBUG PIL.PngImagePlugin STREAM IDAT 41 65536
2017-06-19 16:21:37 DEBUG root #----------------------------------------------face: female_neutral_001
2017-06-19 16:21:37 DEBUG PIL.PngImagePlugin STREAM IHDR 16 13
2017-06-19 16:21:37 DEBUG PIL.PngImagePlugin STREAM IDAT 41 65536
2017-06-19 16:21:37 DEBUG root #----------------------------------------------face: indoor_003
2017-06-19 16:21:37 DEBUG PIL.PngImagePlugin STREAM IHDR 16 13
2017-06-19 16:21:37 DEBUG PIL.PngImagePlugin STREAM IDAT 41 65536
2017-06-19 16:21:37 DEBUG root #----------------------------------------------face: female_neutral_001
2017-06-19 16:21:37 DEBUG PIL.PngImagePlugin STREAM IHDR 16 13
2017-06-19 16:21:37 DEBUG PIL.PngImagePlugin STREAM IDAT 41 65536
2017-06-19 16:21:37 DEBUG root #----------------------------------------------face: indoor_004
2017-06-19 16:21:37 DEBUG PIL.PngImagePlugin STREAM IHDR 16 13
2017-06-19 16:21:37 DEBUG PIL.PngImagePlugin STREAM IDAT 41 65536
2017-06-19 16:21:37 DEBUG root #----------------------------------------------face: female_neutral_001
2017-06-19 16:21:37 DEBUG PIL.PngImagePlugin STREAM IHDR 16 13
2017-06-19 16:21:37 DEBUG PIL.PngImagePlugin STREAM IDAT 41 65536
2017-06-19 16:21:37 DEBUG root #----------------------------------------------face: indoor_005
2017-06-19 16:21:37 DEBUG PIL.PngImagePlugin STREAM IHDR 16 13
2017-06-19 16:21:37 DEBUG PIL.PngImagePlugin STREAM IDAT 41 64066
2017-06-19 16:21:37 DEBUG root #----------------------------------------------face: female_neutral_001
2017-06-19 16:21:37 DEBUG PIL.PngImagePlugin STREAM IHDR 16 13
2017-06-19 16:21:37 DEBUG PIL.PngImagePlugin STREAM IDAT 41 65536
2017-06-19 16:21:37 DEBUG root #----------------------------------------------face: indoor_006
2017-06-19 16:21:37 DEBUG PIL.PngImagePlugin STREAM IHDR 16 13
2017-06-19 16:21:37 DEBUG PIL.PngImagePlugin STREAM IDAT 41 65536
2017-06-19 16:21:38 DEBUG root #----------------------------------------------face: female_neutral_001
2017-06-19 16:21:38 DEBUG PIL.PngImagePlugin STREAM IHDR 16 13
2017-06-19 16:21:38 DEBUG PIL.PngImagePlugin STREAM IDAT 41 65536
2017-06-19 16:21:38 DEBUG root #----------------------------------------------face: indoor_007
2017-06-19 16:21:38 DEBUG PIL.PngImagePlugin STREAM IHDR 16 13
2017-06-19 16:21:38 DEBUG PIL.PngImagePlugin STREAM IDAT 41 65536
2017-06-19 16:21:38 DEBUG root #----------------------------------------------face: female_neutral_001
2017-06-19 16:21:38 DEBUG PIL.PngImagePlugin STREAM IHDR 16 13
2017-06-19 16:21:38 DEBUG PIL.PngImagePlugin STREAM IDAT 41 65536
2017-06-19 16:21:38 DEBUG root #----------------------------------------------face: indoor_008
2017-06-19 16:21:38 DEBUG PIL.PngImagePlugin STREAM IHDR 16 13
2017-06-19 16:21:38 DEBUG PIL.PngImagePlugin STREAM IDAT 41 64201
2017-06-19 16:21:38 DEBUG root #----------------------------------------------face: female_neutral_001
2017-06-19 16:21:38 DEBUG PIL.PngImagePlugin STREAM IHDR 16 13
2017-06-19 16:21:38 DEBUG PIL.PngImagePlugin STREAM IDAT 41 65536
2017-06-19 16:21:38 DEBUG root #----------------------------------------------face: indoor_009
2017-06-19 16:21:38 DEBUG PIL.PngImagePlugin STREAM IHDR 16 13
2017-06-19 16:21:38 DEBUG PIL.PngImagePlugin STREAM IDAT 41 65536
2017-06-19 16:21:38 DEBUG root #----------------------------------------------face: female_neutral_001
2017-06-19 16:21:38 DEBUG PIL.PngImagePlugin STREAM IHDR 16 13
2017-06-19 16:21:38 DEBUG PIL.PngImagePlugin STREAM IDAT 41 65536
2017-06-19 16:21:38 DEBUG root #----------------------------------------------face: indoor_010
2017-06-19 16:21:38 DEBUG PIL.PngImagePlugin STREAM IHDR 16 13
2017-06-19 16:21:38 DEBUG PIL.PngImagePlugin STREAM IDAT 41 65536
2017-06-19 16:21:38 DEBUG root #----------------------------------------------face: female_neutral_001
2017-06-19 16:21:38 DEBUG PIL.PngImagePlugin STREAM IHDR 16 13
2017-06-19 16:21:38 DEBUG PIL.PngImagePlugin STREAM IDAT 41 65536
2017-06-19 16:21:38 DEBUG root #----------------------------------------------face: indoor_011
2017-06-19 16:21:38 DEBUG PIL.PngImagePlugin STREAM IHDR 16 13
2017-06-19 16:21:38 DEBUG PIL.PngImagePlugin STREAM IDAT 41 65536
2017-06-19 16:21:38 DEBUG root #----------------------------------------------face: female_neutral_001
2017-06-19 16:21:38 DEBUG PIL.PngImagePlugin STREAM IHDR 16 13
2017-06-19 16:21:38 DEBUG PIL.PngImagePlugin STREAM IDAT 41 65536
2017-06-19 16:21:38 DEBUG root #----------------------------------------------face: indoor_012
2017-06-19 16:21:38 DEBUG PIL.PngImagePlugin STREAM IHDR 16 13
2017-06-19 16:21:38 DEBUG PIL.PngImagePlugin STREAM IDAT 41 65536
2017-06-19 16:21:38 DEBUG root #----------------------------------------------face: female_neutral_001
2017-06-19 16:21:38 DEBUG PIL.PngImagePlugin STREAM IHDR 16 13
2017-06-19 16:21:38 DEBUG PIL.PngImagePlugin STREAM IDAT 41 65536
2017-06-19 16:21:38 DEBUG root #----------------------------------------------face: indoor_013
2017-06-19 16:21:38 DEBUG PIL.PngImagePlugin STREAM IHDR 16 13
2017-06-19 16:21:38 DEBUG PIL.PngImagePlugin STREAM IDAT 41 65536
2017-06-19 16:21:38 DEBUG root #----------------------------------------------face: female_neutral_001
2017-06-19 16:21:38 DEBUG PIL.PngImagePlugin STREAM IHDR 16 13
2017-06-19 16:21:38 DEBUG PIL.PngImagePlugin STREAM IDAT 41 65536
2017-06-19 16:21:38 DEBUG root #----------------------------------------------face: indoor_014
2017-06-19 16:21:38 DEBUG PIL.PngImagePlugin STREAM IHDR 16 13
2017-06-19 16:21:38 DEBUG PIL.PngImagePlugin STREAM IDAT 41 65536
2017-06-19 16:21:38 DEBUG root #----------------------------------------------face: female_neutral_001
2017-06-19 16:21:38 DEBUG PIL.PngImagePlugin STREAM IHDR 16 13
2017-06-19 16:21:38 DEBUG PIL.PngImagePlugin STREAM IDAT 41 65536
2017-06-19 16:21:38 DEBUG root #----------------------------------------------face: indoor_015
2017-06-19 16:21:38 DEBUG PIL.PngImagePlugin STREAM IHDR 16 13
2017-06-19 16:21:38 DEBUG PIL.PngImagePlugin STREAM IDAT 41 65536
2017-06-19 16:21:38 DEBUG root #----------------------------------------------face: female_neutral_001
2017-06-19 16:21:38 DEBUG PIL.PngImagePlugin STREAM IHDR 16 13
2017-06-19 16:21:38 DEBUG PIL.PngImagePlugin STREAM IDAT 41 65536
2017-06-19 16:21:38 DEBUG root #----------------------------------------------face: indoor_016
2017-06-19 16:21:38 DEBUG PIL.PngImagePlugin STREAM IHDR 16 13
2017-06-19 16:21:38 DEBUG PIL.PngImagePlugin STREAM IDAT 41 65536
2017-06-19 16:21:38 DEBUG root #----------------------------------------------face: female_neutral_001
2017-06-19 16:21:38 DEBUG PIL.PngImagePlugin STREAM IHDR 16 13
2017-06-19 16:21:38 DEBUG PIL.PngImagePlugin STREAM IDAT 41 65536
2017-06-19 16:21:38 DEBUG root #----------------------------------------------face: indoor_017
2017-06-19 16:21:38 DEBUG PIL.PngImagePlugin STREAM IHDR 16 13
2017-06-19 16:21:38 DEBUG PIL.PngImagePlugin STREAM IDAT 41 65536
2017-06-19 16:21:38 DEBUG root #----------------------------------------------face: female_neutral_001
2017-06-19 16:21:38 DEBUG PIL.PngImagePlugin STREAM IHDR 16 13
2017-06-19 16:21:38 DEBUG PIL.PngImagePlugin STREAM IDAT 41 65536
2017-06-19 16:21:38 DEBUG root #----------------------------------------------face: indoor_018
2017-06-19 16:21:38 DEBUG PIL.PngImagePlugin STREAM IHDR 16 13
2017-06-19 16:21:38 DEBUG PIL.PngImagePlugin STREAM IDAT 41 65536
2017-06-19 16:21:38 DEBUG root #----------------------------------------------face: female_neutral_001
2017-06-19 16:21:38 DEBUG PIL.PngImagePlugin STREAM IHDR 16 13
2017-06-19 16:21:38 DEBUG PIL.PngImagePlugin STREAM IDAT 41 65536
2017-06-19 16:21:38 DEBUG root #----------------------------------------------face: indoor_019
2017-06-19 16:21:38 DEBUG PIL.PngImagePlugin STREAM IHDR 16 13
2017-06-19 16:21:38 DEBUG PIL.PngImagePlugin STREAM IDAT 41 65536
2017-06-19 16:21:38 DEBUG root #----------------------------------------------face: female_neutral_001
2017-06-19 16:21:38 DEBUG PIL.PngImagePlugin STREAM IHDR 16 13
2017-06-19 16:21:38 DEBUG PIL.PngImagePlugin STREAM IDAT 41 65536
2017-06-19 16:21:38 DEBUG root #----------------------------------------------face: indoor_020
2017-06-19 16:21:38 DEBUG PIL.PngImagePlugin STREAM IHDR 16 13
2017-06-19 16:21:38 DEBUG PIL.PngImagePlugin STREAM IDAT 41 65159
2017-06-19 16:21:38 DEBUG root #----------------------------------------------face: female_neutral_001
2017-06-19 16:21:38 DEBUG PIL.PngImagePlugin STREAM IHDR 16 13
2017-06-19 16:21:38 DEBUG PIL.PngImagePlugin STREAM IDAT 41 65536
2017-06-19 16:21:38 DEBUG root #----------------------------------------------face: indoor_021
2017-06-19 16:21:38 DEBUG PIL.PngImagePlugin STREAM IHDR 16 13
2017-06-19 16:21:38 DEBUG PIL.PngImagePlugin STREAM IDAT 41 65536
2017-06-19 16:21:39 DEBUG root #----------------------------------------------face: female_neutral_001
2017-06-19 16:21:39 DEBUG PIL.PngImagePlugin STREAM IHDR 16 13
2017-06-19 16:21:39 DEBUG PIL.PngImagePlugin STREAM IDAT 41 65536
2017-06-19 16:21:39 DEBUG root #----------------------------------------------face: indoor_022
2017-06-19 16:21:39 DEBUG PIL.PngImagePlugin STREAM IHDR 16 13
2017-06-19 16:21:39 DEBUG PIL.PngImagePlugin STREAM IDAT 41 65536
2017-06-19 16:21:39 DEBUG root #----------------------------------------------face: female_neutral_001
2017-06-19 16:21:39 DEBUG PIL.PngImagePlugin STREAM IHDR 16 13
2017-06-19 16:21:39 DEBUG PIL.PngImagePlugin STREAM IDAT 41 65536
2017-06-19 16:21:39 DEBUG root #----------------------------------------------face: indoor_023
2017-06-19 16:21:39 DEBUG PIL.PngImagePlugin STREAM IHDR 16 13
2017-06-19 16:21:39 DEBUG PIL.PngImagePlugin STREAM IDAT 41 65536
2017-06-19 16:21:39 DEBUG root #----------------------------------------------face: female_neutral_001
2017-06-19 16:21:39 DEBUG PIL.PngImagePlugin STREAM IHDR 16 13
2017-06-19 16:21:39 DEBUG PIL.PngImagePlugin STREAM IDAT 41 65536
2017-06-19 16:21:39 DEBUG root #----------------------------------------------face: indoor_024
2017-06-19 16:21:39 DEBUG PIL.PngImagePlugin STREAM IHDR 16 13
2017-06-19 16:21:39 DEBUG PIL.PngImagePlugin STREAM IDAT 41 65536
2017-06-19 16:21:39 DEBUG root #----------------------------------------------face: female_neutral_001
2017-06-19 16:21:39 DEBUG PIL.PngImagePlugin STREAM IHDR 16 13
2017-06-19 16:21:39 DEBUG PIL.PngImagePlugin STREAM IDAT 41 65536
2017-06-19 16:21:39 DEBUG root #----------------------------------------------face: indoor_025
2017-06-19 16:21:39 DEBUG PIL.PngImagePlugin STREAM IHDR 16 13
2017-06-19 16:21:39 DEBUG PIL.PngImagePlugin STREAM IDAT 41 65536
2017-06-19 16:21:39 DEBUG root #----------------------------------------------face: female_neutral_001
2017-06-19 16:21:39 DEBUG PIL.PngImagePlugin STREAM IHDR 16 13
2017-06-19 16:21:39 DEBUG PIL.PngImagePlugin STREAM IDAT 41 65536
2017-06-19 16:21:39 DEBUG root #----------------------------------------------face: indoor_026
2017-06-19 16:21:39 DEBUG PIL.PngImagePlugin STREAM IHDR 16 13
2017-06-19 16:21:39 DEBUG PIL.PngImagePlugin STREAM IDAT 41 65536
2017-06-19 16:21:39 DEBUG root #----------------------------------------------face: female_neutral_001
2017-06-19 16:21:39 DEBUG PIL.PngImagePlugin STREAM IHDR 16 13
2017-06-19 16:21:39 DEBUG PIL.PngImagePlugin STREAM IDAT 41 65536
2017-06-19 16:21:39 DEBUG root #----------------------------------------------face: indoor_027
2017-06-19 16:21:39 DEBUG PIL.PngImagePlugin STREAM IHDR 16 13
2017-06-19 16:21:39 DEBUG PIL.PngImagePlugin STREAM IDAT 41 65536
2017-06-19 16:21:39 DEBUG root #----------------------------------------------face: female_neutral_001
2017-06-19 16:21:39 DEBUG PIL.PngImagePlugin STREAM IHDR 16 13
2017-06-19 16:21:39 DEBUG PIL.PngImagePlugin STREAM IDAT 41 65536
2017-06-19 16:21:39 DEBUG root #----------------------------------------------face: indoor_028
2017-06-19 16:21:39 DEBUG PIL.PngImagePlugin STREAM IHDR 16 13
2017-06-19 16:21:39 DEBUG PIL.PngImagePlugin STREAM IDAT 41 65536
2017-06-19 16:21:39 DEBUG root #----------------------------------------------face: female_neutral_001
2017-06-19 16:21:39 DEBUG PIL.PngImagePlugin STREAM IHDR 16 13
2017-06-19 16:21:39 DEBUG PIL.PngImagePlugin STREAM IDAT 41 65536
2017-06-19 16:21:39 DEBUG root #----------------------------------------------face: indoor_029
2017-06-19 16:21:39 DEBUG PIL.PngImagePlugin STREAM IHDR 16 13
2017-06-19 16:21:39 DEBUG PIL.PngImagePlugin STREAM IDAT 41 65536
2017-06-19 16:21:39 DEBUG root #----------------------------------------------face: female_neutral_001
2017-06-19 16:21:39 DEBUG PIL.PngImagePlugin STREAM IHDR 16 13
2017-06-19 16:21:39 DEBUG PIL.PngImagePlugin STREAM IDAT 41 65536
2017-06-19 16:21:39 DEBUG root #----------------------------------------------face: indoor_030
2017-06-19 16:21:39 DEBUG PIL.PngImagePlugin STREAM IHDR 16 13
2017-06-19 16:21:39 DEBUG PIL.PngImagePlugin STREAM IDAT 41 65536
2017-06-19 16:21:39 DEBUG root #----------------------------------------------face: female_neutral_001
2017-06-19 16:21:39 DEBUG PIL.PngImagePlugin STREAM IHDR 16 13
2017-06-19 16:21:39 DEBUG PIL.PngImagePlugin STREAM IDAT 41 65536
2017-06-19 16:21:39 DEBUG root #----------------------------------------------face: indoor_031
2017-06-19 16:21:39 DEBUG PIL.PngImagePlugin STREAM IHDR 16 13
2017-06-19 16:21:39 DEBUG PIL.PngImagePlugin STREAM IDAT 41 64276
2017-06-19 16:21:39 DEBUG root #----------------------------------------------face: female_neutral_001
2017-06-19 16:21:39 DEBUG PIL.PngImagePlugin STREAM IHDR 16 13
2017-06-19 16:21:39 DEBUG PIL.PngImagePlugin STREAM IDAT 41 65536
2017-06-19 16:21:39 DEBUG root #----------------------------------------------face: indoor_032
2017-06-19 16:21:39 DEBUG PIL.PngImagePlugin STREAM IHDR 16 13
2017-06-19 16:21:39 DEBUG PIL.PngImagePlugin STREAM IDAT 41 65536
2017-06-19 16:21:39 DEBUG root #----------------------------------------------face: female_neutral_001
2017-06-19 16:21:39 DEBUG PIL.PngImagePlugin STREAM IHDR 16 13
2017-06-19 16:21:39 DEBUG PIL.PngImagePlugin STREAM IDAT 41 65536
2017-06-19 16:21:39 DEBUG root #----------------------------------------------face: indoor_033
2017-06-19 16:21:39 DEBUG PIL.PngImagePlugin STREAM IHDR 16 13
2017-06-19 16:21:39 DEBUG PIL.PngImagePlugin STREAM IDAT 41 65536
2017-06-19 16:21:39 DEBUG root #----------------------------------------------face: female_neutral_001
2017-06-19 16:21:39 DEBUG PIL.PngImagePlugin STREAM IHDR 16 13
2017-06-19 16:21:39 DEBUG PIL.PngImagePlugin STREAM IDAT 41 65536
2017-06-19 16:21:39 DEBUG root #----------------------------------------------face: indoor_034
2017-06-19 16:21:39 DEBUG PIL.PngImagePlugin STREAM IHDR 16 13
2017-06-19 16:21:39 DEBUG PIL.PngImagePlugin STREAM IDAT 41 65536
2017-06-19 16:21:39 DEBUG root #----------------------------------------------face: female_neutral_001
2017-06-19 16:21:39 DEBUG PIL.PngImagePlugin STREAM IHDR 16 13
2017-06-19 16:21:39 DEBUG PIL.PngImagePlugin STREAM IDAT 41 65536
2017-06-19 16:21:39 DEBUG root #----------------------------------------------face: indoor_035
2017-06-19 16:21:39 DEBUG PIL.PngImagePlugin STREAM IHDR 16 13
2017-06-19 16:21:39 DEBUG PIL.PngImagePlugin STREAM IDAT 41 65536
2017-06-19 16:21:39 DEBUG root #----------------------------------------------face: female_neutral_001
2017-06-19 16:21:39 DEBUG PIL.PngImagePlugin STREAM IHDR 16 13
2017-06-19 16:21:39 DEBUG PIL.PngImagePlugin STREAM IDAT 41 65536
2017-06-19 16:21:39 DEBUG root #----------------------------------------------face: indoor_036
2017-06-19 16:21:39 DEBUG PIL.PngImagePlugin STREAM IHDR 16 13
2017-06-19 16:21:39 DEBUG PIL.PngImagePlugin STREAM IDAT 41 65536
2017-06-19 16:21:40 DEBUG root #----------------------------------------------face: female_neutral_001
2017-06-19 16:21:40 DEBUG PIL.PngImagePlugin STREAM IHDR 16 13
2017-06-19 16:21:40 DEBUG PIL.PngImagePlugin STREAM IDAT 41 65536
2017-06-19 16:21:40 DEBUG root #----------------------------------------------face: indoor_037
2017-06-19 16:21:40 DEBUG PIL.PngImagePlugin STREAM IHDR 16 13
2017-06-19 16:21:40 DEBUG PIL.PngImagePlugin STREAM IDAT 41 65536
2017-06-19 16:21:40 DEBUG root #----------------------------------------------face: female_neutral_001
2017-06-19 16:21:40 DEBUG PIL.PngImagePlugin STREAM IHDR 16 13
2017-06-19 16:21:40 DEBUG PIL.PngImagePlugin STREAM IDAT 41 65536
2017-06-19 16:21:40 DEBUG root #----------------------------------------------face: indoor_038
2017-06-19 16:21:40 DEBUG PIL.PngImagePlugin STREAM IHDR 16 13
2017-06-19 16:21:40 DEBUG PIL.PngImagePlugin STREAM IDAT 41 65536
2017-06-19 16:21:40 DEBUG root #----------------------------------------------face: female_neutral_001
2017-06-19 16:21:40 DEBUG PIL.PngImagePlugin STREAM IHDR 16 13
2017-06-19 16:21:40 DEBUG PIL.PngImagePlugin STREAM IDAT 41 65536
2017-06-19 16:21:40 DEBUG root #----------------------------------------------face: indoor_039
2017-06-19 16:21:40 DEBUG PIL.PngImagePlugin STREAM IHDR 16 13
2017-06-19 16:21:40 DEBUG PIL.PngImagePlugin STREAM IDAT 41 65536
2017-06-19 16:21:40 DEBUG root #----------------------------------------------face: female_neutral_001
2017-06-19 16:21:40 DEBUG PIL.PngImagePlugin STREAM IHDR 16 13
2017-06-19 16:21:40 DEBUG PIL.PngImagePlugin STREAM IDAT 41 65536
2017-06-19 16:21:40 DEBUG root #----------------------------------------------face: indoor_040
2017-06-19 16:21:40 DEBUG PIL.PngImagePlugin STREAM IHDR 16 13
2017-06-19 16:21:40 DEBUG PIL.PngImagePlugin STREAM IDAT 41 65536
