2017-06-19 17:06:03 DEBUG root Windows 7
2017-06-19 17:06:03 DEBUG root Intel(R) Core(TM) i7-4771 CPU @ 3.50GHz
2017-06-19 17:06:03 DEBUG root GeForce GTX 780M
2017-06-19 17:06:54 DEBUG PIL.PngImagePlugin STREAM IHDR 16 13
2017-06-19 17:06:54 DEBUG PIL.PngImagePlugin STREAM IDAT 41 65536
2017-06-19 17:06:54 DEBUG PIL.PngImagePlugin STREAM IHDR 16 13
2017-06-19 17:06:54 DEBUG PIL.PngImagePlugin STREAM IDAT 41 65536
2017-06-19 17:06:54 DEBUG PIL.PngImagePlugin STREAM IHDR 16 13
2017-06-19 17:06:54 DEBUG PIL.PngImagePlugin STREAM IDAT 41 60181
2017-06-19 17:06:55 DEBUG PIL.PngImagePlugin STREAM IHDR 16 13
2017-06-19 17:06:55 DEBUG PIL.PngImagePlugin STREAM IDAT 41 54716
2017-06-19 17:06:55 DEBUG PIL.PngImagePlugin STREAM IHDR 16 13
2017-06-19 17:06:55 DEBUG PIL.PngImagePlugin STREAM IDAT 41 56273
2017-06-19 17:06:55 DEBUG PIL.PngImagePlugin STREAM IHDR 16 13
2017-06-19 17:06:55 DEBUG PIL.PngImagePlugin STREAM IDAT 41 63864
2017-06-19 17:06:55 DEBUG PIL.PngImagePlugin STREAM IHDR 16 13
2017-06-19 17:06:55 DEBUG PIL.PngImagePlugin STREAM IDAT 41 65536
2017-06-19 17:06:55 DEBUG PIL.PngImagePlugin STREAM IHDR 16 13
2017-06-19 17:06:55 DEBUG PIL.PngImagePlugin STREAM IDAT 41 65536
2017-06-19 17:06:55 DEBUG PIL.PngImagePlugin STREAM IHDR 16 13
2017-06-19 17:06:55 DEBUG PIL.PngImagePlugin STREAM IDAT 41 56695
2017-06-19 17:06:55 DEBUG PIL.PngImagePlugin STREAM IHDR 16 13
2017-06-19 17:06:55 DEBUG PIL.PngImagePlugin STREAM IDAT 41 65536
2017-06-19 17:06:55 DEBUG PIL.PngImagePlugin STREAM IHDR 16 13
2017-06-19 17:06:55 DEBUG PIL.PngImagePlugin STREAM IDAT 41 53876
2017-06-19 17:06:55 DEBUG PIL.PngImagePlugin STREAM IHDR 16 13
2017-06-19 17:06:55 DEBUG PIL.PngImagePlugin STREAM IDAT 41 53573
2017-06-19 17:06:55 DEBUG PIL.PngImagePlugin STREAM IHDR 16 13
2017-06-19 17:06:55 DEBUG PIL.PngImagePlugin STREAM IDAT 41 52335
2017-06-19 17:06:55 DEBUG PIL.PngImagePlugin STREAM IHDR 16 13
2017-06-19 17:06:55 DEBUG PIL.PngImagePlugin STREAM IDAT 41 65536
2017-06-19 17:06:55 DEBUG PIL.PngImagePlugin STREAM IHDR 16 13
2017-06-19 17:06:55 DEBUG PIL.PngImagePlugin STREAM IDAT 41 65536
2017-06-19 17:06:55 DEBUG PIL.PngImagePlugin STREAM IHDR 16 13
2017-06-19 17:06:55 DEBUG PIL.PngImagePlugin STREAM IDAT 41 65536
2017-06-19 17:06:55 DEBUG PIL.PngImagePlugin STREAM IHDR 16 13
2017-06-19 17:06:55 DEBUG PIL.PngImagePlugin STREAM IDAT 41 65536
2017-06-19 17:06:55 DEBUG PIL.PngImagePlugin STREAM IHDR 16 13
2017-06-19 17:06:55 DEBUG PIL.PngImagePlugin STREAM IDAT 41 65536
2017-06-19 17:06:55 DEBUG PIL.PngImagePlugin STREAM IHDR 16 13
2017-06-19 17:06:55 DEBUG PIL.PngImagePlugin STREAM IDAT 41 65536
2017-06-19 17:06:55 DEBUG PIL.PngImagePlugin STREAM IHDR 16 13
2017-06-19 17:06:55 DEBUG PIL.PngImagePlugin STREAM IDAT 41 65536
2017-06-19 17:06:55 DEBUG PIL.PngImagePlugin STREAM IHDR 16 13
2017-06-19 17:06:55 DEBUG PIL.PngImagePlugin STREAM IDAT 41 65536
2017-06-19 17:06:55 DEBUG PIL.PngImagePlugin STREAM IHDR 16 13
2017-06-19 17:06:55 DEBUG PIL.PngImagePlugin STREAM IDAT 41 65536
2017-06-19 17:06:55 DEBUG PIL.PngImagePlugin STREAM IHDR 16 13
2017-06-19 17:06:55 DEBUG PIL.PngImagePlugin STREAM IDAT 41 65536
2017-06-19 17:06:55 DEBUG PIL.PngImagePlugin STREAM IHDR 16 13
2017-06-19 17:06:55 DEBUG PIL.PngImagePlugin STREAM IDAT 41 65536
2017-06-19 17:06:55 DEBUG PIL.PngImagePlugin STREAM IHDR 16 13
2017-06-19 17:06:55 DEBUG PIL.PngImagePlugin STREAM IDAT 41 65536
2017-06-19 17:06:56 DEBUG PIL.PngImagePlugin STREAM IHDR 16 13
2017-06-19 17:06:56 DEBUG PIL.PngImagePlugin STREAM IDAT 41 65536
2017-06-19 17:06:56 DEBUG PIL.PngImagePlugin STREAM IHDR 16 13
2017-06-19 17:06:56 DEBUG PIL.PngImagePlugin STREAM IDAT 41 65536
2017-06-19 17:06:56 DEBUG PIL.PngImagePlugin STREAM IHDR 16 13
2017-06-19 17:06:56 DEBUG PIL.PngImagePlugin STREAM IDAT 41 65536
2017-06-19 17:06:56 DEBUG PIL.PngImagePlugin STREAM IHDR 16 13
2017-06-19 17:06:56 DEBUG PIL.PngImagePlugin STREAM IDAT 41 65536
2017-06-19 17:06:56 DEBUG PIL.PngImagePlugin STREAM IHDR 16 13
2017-06-19 17:06:56 DEBUG PIL.PngImagePlugin STREAM IDAT 41 65536
2017-06-19 17:06:56 DEBUG PIL.PngImagePlugin STREAM IHDR 16 13
2017-06-19 17:06:56 DEBUG PIL.PngImagePlugin STREAM IDAT 41 65536
2017-06-19 17:06:56 DEBUG PIL.PngImagePlugin STREAM IHDR 16 13
2017-06-19 17:06:56 DEBUG PIL.PngImagePlugin STREAM IDAT 41 65536
2017-06-19 17:06:56 DEBUG PIL.PngImagePlugin STREAM IHDR 16 13
2017-06-19 17:06:56 DEBUG PIL.PngImagePlugin STREAM IDAT 41 65536
2017-06-19 17:06:56 DEBUG PIL.PngImagePlugin STREAM IHDR 16 13
2017-06-19 17:06:56 DEBUG PIL.PngImagePlugin STREAM IDAT 41 65536
2017-06-19 17:06:56 DEBUG PIL.PngImagePlugin STREAM IHDR 16 13
2017-06-19 17:06:56 DEBUG PIL.PngImagePlugin STREAM IDAT 41 65536
2017-06-19 17:06:56 DEBUG PIL.PngImagePlugin STREAM IHDR 16 13
2017-06-19 17:06:56 DEBUG PIL.PngImagePlugin STREAM IDAT 41 65536
2017-06-19 17:06:56 DEBUG PIL.PngImagePlugin STREAM IHDR 16 13
2017-06-19 17:06:56 DEBUG PIL.PngImagePlugin STREAM IDAT 41 65536
2017-06-19 17:06:56 DEBUG PIL.PngImagePlugin STREAM IHDR 16 13
2017-06-19 17:06:56 DEBUG PIL.PngImagePlugin STREAM IDAT 41 65536
2017-06-19 17:06:56 DEBUG PIL.PngImagePlugin STREAM IHDR 16 13
2017-06-19 17:06:56 DEBUG PIL.PngImagePlugin STREAM IDAT 41 65536
2017-06-19 17:06:56 DEBUG PIL.PngImagePlugin STREAM IHDR 16 13
2017-06-19 17:06:56 DEBUG PIL.PngImagePlugin STREAM IDAT 41 65536
2017-06-19 17:06:56 DEBUG PIL.PngImagePlugin STREAM IHDR 16 13
2017-06-19 17:06:56 DEBUG PIL.PngImagePlugin STREAM IDAT 41 65536
2017-06-19 17:06:56 DEBUG PIL.PngImagePlugin STREAM IHDR 16 13
2017-06-19 17:06:56 DEBUG PIL.PngImagePlugin STREAM IDAT 41 65536
2017-06-19 17:06:56 DEBUG PIL.PngImagePlugin STREAM IHDR 16 13
2017-06-19 17:06:56 DEBUG PIL.PngImagePlugin STREAM IDAT 41 65536
2017-06-19 17:06:56 DEBUG PIL.PngImagePlugin STREAM IHDR 16 13
2017-06-19 17:06:56 DEBUG PIL.PngImagePlugin STREAM IDAT 41 65536
2017-06-19 17:06:56 DEBUG PIL.PngImagePlugin STREAM IHDR 16 13
2017-06-19 17:06:56 DEBUG PIL.PngImagePlugin STREAM IDAT 41 65536
2017-06-19 17:06:56 DEBUG PIL.PngImagePlugin STREAM IHDR 16 13
2017-06-19 17:06:56 DEBUG PIL.PngImagePlugin STREAM IDAT 41 65536
2017-06-19 17:06:56 DEBUG PIL.PngImagePlugin STREAM IHDR 16 13
2017-06-19 17:06:56 DEBUG PIL.PngImagePlugin STREAM IDAT 41 65536
2017-06-19 17:06:56 DEBUG PIL.PngImagePlugin STREAM IHDR 16 13
2017-06-19 17:06:56 DEBUG PIL.PngImagePlugin STREAM IDAT 41 65536
2017-06-19 17:06:56 DEBUG PIL.PngImagePlugin STREAM IHDR 16 13
2017-06-19 17:06:56 DEBUG PIL.PngImagePlugin STREAM IDAT 41 65536
2017-06-19 17:06:57 DEBUG PIL.PngImagePlugin STREAM IHDR 16 13
2017-06-19 17:06:57 DEBUG PIL.PngImagePlugin STREAM IDAT 41 65536
2017-06-19 17:06:57 DEBUG PIL.PngImagePlugin STREAM IHDR 16 13
2017-06-19 17:06:57 DEBUG PIL.PngImagePlugin STREAM IDAT 41 65536
2017-06-19 17:06:57 DEBUG PIL.PngImagePlugin STREAM IHDR 16 13
2017-06-19 17:06:57 DEBUG PIL.PngImagePlugin STREAM IDAT 41 65536
2017-06-19 17:06:57 DEBUG PIL.PngImagePlugin STREAM IHDR 16 13
2017-06-19 17:06:57 DEBUG PIL.PngImagePlugin STREAM IDAT 41 63550
2017-06-19 17:06:57 DEBUG PIL.PngImagePlugin STREAM IHDR 16 13
2017-06-19 17:06:57 DEBUG PIL.PngImagePlugin STREAM IDAT 41 56075
2017-06-19 17:06:57 DEBUG PIL.PngImagePlugin STREAM IHDR 16 13
2017-06-19 17:06:57 DEBUG PIL.PngImagePlugin STREAM IDAT 41 56663
2017-06-19 17:06:57 DEBUG PIL.PngImagePlugin STREAM IHDR 16 13
2017-06-19 17:06:57 DEBUG PIL.PngImagePlugin STREAM IDAT 41 61830
2017-06-19 17:06:57 DEBUG PIL.PngImagePlugin STREAM IHDR 16 13
2017-06-19 17:06:57 DEBUG PIL.PngImagePlugin STREAM IDAT 41 65536
2017-06-19 17:06:57 DEBUG PIL.PngImagePlugin STREAM IHDR 16 13
2017-06-19 17:06:57 DEBUG PIL.PngImagePlugin STREAM IDAT 41 65536
2017-06-19 17:06:57 DEBUG PIL.PngImagePlugin STREAM IHDR 16 13
2017-06-19 17:06:57 DEBUG PIL.PngImagePlugin STREAM IDAT 41 52237
2017-06-19 17:06:57 DEBUG PIL.PngImagePlugin STREAM IHDR 16 13
2017-06-19 17:06:57 DEBUG PIL.PngImagePlugin STREAM IDAT 41 65536
2017-06-19 17:06:57 DEBUG PIL.PngImagePlugin STREAM IHDR 16 13
2017-06-19 17:06:57 DEBUG PIL.PngImagePlugin STREAM IDAT 41 53308
2017-06-19 17:06:57 DEBUG PIL.PngImagePlugin STREAM IHDR 16 13
2017-06-19 17:06:57 DEBUG PIL.PngImagePlugin STREAM IDAT 41 57757
2017-06-19 17:06:57 DEBUG PIL.PngImagePlugin STREAM IHDR 16 13
2017-06-19 17:06:57 DEBUG PIL.PngImagePlugin STREAM IDAT 41 55829
2017-06-19 17:06:57 DEBUG PIL.PngImagePlugin STREAM IHDR 16 13
2017-06-19 17:06:57 DEBUG PIL.PngImagePlugin STREAM IDAT 41 65536
2017-06-19 17:06:57 DEBUG PIL.PngImagePlugin STREAM IHDR 16 13
2017-06-19 17:06:57 DEBUG PIL.PngImagePlugin STREAM IDAT 41 65536
2017-06-19 17:06:57 DEBUG PIL.PngImagePlugin STREAM IHDR 16 13
2017-06-19 17:06:57 DEBUG PIL.PngImagePlugin STREAM IDAT 41 65536
2017-06-19 17:06:57 DEBUG PIL.PngImagePlugin STREAM IHDR 16 13
2017-06-19 17:06:57 DEBUG PIL.PngImagePlugin STREAM IDAT 41 65536
2017-06-19 17:06:57 DEBUG PIL.PngImagePlugin STREAM IHDR 16 13
2017-06-19 17:06:57 DEBUG PIL.PngImagePlugin STREAM IDAT 41 65536
2017-06-19 17:06:57 DEBUG PIL.PngImagePlugin STREAM IHDR 16 13
2017-06-19 17:06:57 DEBUG PIL.PngImagePlugin STREAM IDAT 41 65536
2017-06-19 17:06:57 DEBUG PIL.PngImagePlugin STREAM IHDR 16 13
2017-06-19 17:06:57 DEBUG PIL.PngImagePlugin STREAM IDAT 41 65536
2017-06-19 17:06:57 DEBUG PIL.PngImagePlugin STREAM IHDR 16 13
2017-06-19 17:06:57 DEBUG PIL.PngImagePlugin STREAM IDAT 41 65536
2017-06-19 17:06:57 DEBUG PIL.PngImagePlugin STREAM IHDR 16 13
2017-06-19 17:06:57 DEBUG PIL.PngImagePlugin STREAM IDAT 41 65536
2017-06-19 17:06:58 DEBUG PIL.PngImagePlugin STREAM IHDR 16 13
2017-06-19 17:06:58 DEBUG PIL.PngImagePlugin STREAM IDAT 41 65536
2017-06-19 17:06:58 DEBUG PIL.PngImagePlugin STREAM IHDR 16 13
2017-06-19 17:06:58 DEBUG PIL.PngImagePlugin STREAM IDAT 41 65536
2017-06-19 17:06:58 DEBUG PIL.PngImagePlugin STREAM IHDR 16 13
2017-06-19 17:06:58 DEBUG PIL.PngImagePlugin STREAM IDAT 41 65536
2017-06-19 17:06:58 DEBUG PIL.PngImagePlugin STREAM IHDR 16 13
2017-06-19 17:06:58 DEBUG PIL.PngImagePlugin STREAM IDAT 41 65536
2017-06-19 17:06:58 DEBUG PIL.PngImagePlugin STREAM IHDR 16 13
2017-06-19 17:06:58 DEBUG PIL.PngImagePlugin STREAM IDAT 41 65536
2017-06-19 17:06:58 DEBUG PIL.PngImagePlugin STREAM IHDR 16 13
2017-06-19 17:06:58 DEBUG PIL.PngImagePlugin STREAM IDAT 41 64607
2017-06-19 17:06:58 DEBUG PIL.PngImagePlugin STREAM IHDR 16 13
2017-06-19 17:06:58 DEBUG PIL.PngImagePlugin STREAM IDAT 41 65536
2017-06-19 17:06:58 DEBUG PIL.PngImagePlugin STREAM IHDR 16 13
2017-06-19 17:06:58 DEBUG PIL.PngImagePlugin STREAM IDAT 41 65536
2017-06-19 17:06:58 DEBUG PIL.PngImagePlugin STREAM IHDR 16 13
2017-06-19 17:06:58 DEBUG PIL.PngImagePlugin STREAM IDAT 41 65536
2017-06-19 17:06:58 DEBUG PIL.PngImagePlugin STREAM IHDR 16 13
2017-06-19 17:06:58 DEBUG PIL.PngImagePlugin STREAM IDAT 41 65471
2017-06-19 17:06:58 DEBUG PIL.PngImagePlugin STREAM IHDR 16 13
2017-06-19 17:06:58 DEBUG PIL.PngImagePlugin STREAM IDAT 41 65536
2017-06-19 17:06:58 DEBUG PIL.PngImagePlugin STREAM IHDR 16 13
2017-06-19 17:06:58 DEBUG PIL.PngImagePlugin STREAM IDAT 41 65536
2017-06-19 17:06:58 DEBUG PIL.PngImagePlugin STREAM IHDR 16 13
2017-06-19 17:06:58 DEBUG PIL.PngImagePlugin STREAM IDAT 41 65536
2017-06-19 17:06:58 DEBUG PIL.PngImagePlugin STREAM IHDR 16 13
2017-06-19 17:06:58 DEBUG PIL.PngImagePlugin STREAM IDAT 41 65536
2017-06-19 17:06:58 DEBUG PIL.PngImagePlugin STREAM IHDR 16 13
2017-06-19 17:06:58 DEBUG PIL.PngImagePlugin STREAM IDAT 41 65536
2017-06-19 17:06:58 DEBUG PIL.PngImagePlugin STREAM IHDR 16 13
2017-06-19 17:06:58 DEBUG PIL.PngImagePlugin STREAM IDAT 41 65536
2017-06-19 17:06:58 DEBUG PIL.PngImagePlugin STREAM IHDR 16 13
2017-06-19 17:06:58 DEBUG PIL.PngImagePlugin STREAM IDAT 41 65536
2017-06-19 17:06:58 DEBUG PIL.PngImagePlugin STREAM IHDR 16 13
2017-06-19 17:06:58 DEBUG PIL.PngImagePlugin STREAM IDAT 41 65536
2017-06-19 17:06:58 DEBUG PIL.PngImagePlugin STREAM IHDR 16 13
2017-06-19 17:06:58 DEBUG PIL.PngImagePlugin STREAM IDAT 41 65536
2017-06-19 17:06:58 DEBUG PIL.PngImagePlugin STREAM IHDR 16 13
2017-06-19 17:06:58 DEBUG PIL.PngImagePlugin STREAM IDAT 41 65536
2017-06-19 17:06:58 DEBUG PIL.PngImagePlugin STREAM IHDR 16 13
2017-06-19 17:06:58 DEBUG PIL.PngImagePlugin STREAM IDAT 41 65536
2017-06-19 17:06:58 DEBUG PIL.PngImagePlugin STREAM IHDR 16 13
2017-06-19 17:06:58 DEBUG PIL.PngImagePlugin STREAM IDAT 41 65536
2017-06-19 17:06:58 DEBUG PIL.PngImagePlugin STREAM IHDR 16 13
2017-06-19 17:06:58 DEBUG PIL.PngImagePlugin STREAM IDAT 41 65536
2017-06-19 17:06:58 DEBUG PIL.PngImagePlugin STREAM IHDR 16 13
2017-06-19 17:06:58 DEBUG PIL.PngImagePlugin STREAM IDAT 41 60473
2017-06-19 17:06:59 DEBUG PIL.PngImagePlugin STREAM IHDR 16 13
2017-06-19 17:06:59 DEBUG PIL.PngImagePlugin STREAM IDAT 41 58790
2017-06-19 17:06:59 DEBUG PIL.PngImagePlugin STREAM IHDR 16 13
2017-06-19 17:06:59 DEBUG PIL.PngImagePlugin STREAM IDAT 41 57861
2017-06-19 17:06:59 DEBUG PIL.PngImagePlugin STREAM IHDR 16 13
2017-06-19 17:06:59 DEBUG PIL.PngImagePlugin STREAM IDAT 41 53031
2017-06-19 17:06:59 DEBUG PIL.PngImagePlugin STREAM IHDR 16 13
2017-06-19 17:06:59 DEBUG PIL.PngImagePlugin STREAM IDAT 41 54952
2017-06-19 17:06:59 DEBUG PIL.PngImagePlugin STREAM IHDR 16 13
2017-06-19 17:06:59 DEBUG PIL.PngImagePlugin STREAM IDAT 41 55797
2017-06-19 17:06:59 DEBUG PIL.PngImagePlugin STREAM IHDR 16 13
2017-06-19 17:06:59 DEBUG PIL.PngImagePlugin STREAM IDAT 41 56240
2017-06-19 17:06:59 DEBUG PIL.PngImagePlugin STREAM IHDR 16 13
2017-06-19 17:06:59 DEBUG PIL.PngImagePlugin STREAM IDAT 41 51076
2017-06-19 17:06:59 DEBUG PIL.PngImagePlugin STREAM IHDR 16 13
2017-06-19 17:06:59 DEBUG PIL.PngImagePlugin STREAM IDAT 41 54669
2017-06-19 17:06:59 DEBUG PIL.PngImagePlugin STREAM IHDR 16 13
2017-06-19 17:06:59 DEBUG PIL.PngImagePlugin STREAM IDAT 41 53553
2017-06-19 17:06:59 DEBUG PIL.PngImagePlugin STREAM IHDR 16 13
2017-06-19 17:06:59 DEBUG PIL.PngImagePlugin STREAM IDAT 41 57681
2017-06-19 17:06:59 DEBUG PIL.PngImagePlugin STREAM IHDR 16 13
2017-06-19 17:06:59 DEBUG PIL.PngImagePlugin STREAM IDAT 41 58740
2017-06-19 17:06:59 DEBUG PIL.PngImagePlugin STREAM IHDR 16 13
2017-06-19 17:06:59 DEBUG PIL.PngImagePlugin STREAM IDAT 41 53535
2017-06-19 17:06:59 DEBUG PIL.PngImagePlugin STREAM IHDR 16 13
2017-06-19 17:06:59 DEBUG PIL.PngImagePlugin STREAM IDAT 41 52260
2017-06-19 17:06:59 DEBUG PIL.PngImagePlugin STREAM IHDR 16 13
2017-06-19 17:06:59 DEBUG PIL.PngImagePlugin STREAM IDAT 41 62203
2017-06-19 17:06:59 DEBUG PIL.PngImagePlugin STREAM IHDR 16 13
2017-06-19 17:06:59 DEBUG PIL.PngImagePlugin STREAM IDAT 41 63640
2017-06-19 17:06:59 DEBUG PIL.PngImagePlugin STREAM IHDR 16 13
2017-06-19 17:06:59 DEBUG PIL.PngImagePlugin STREAM IDAT 41 65536
2017-06-19 17:06:59 DEBUG PIL.PngImagePlugin STREAM IHDR 16 13
2017-06-19 17:06:59 DEBUG PIL.PngImagePlugin STREAM IDAT 41 64546
2017-06-19 17:06:59 DEBUG PIL.PngImagePlugin STREAM IHDR 16 13
2017-06-19 17:06:59 DEBUG PIL.PngImagePlugin STREAM IDAT 41 64093
2017-06-19 17:06:59 DEBUG PIL.PngImagePlugin STREAM IHDR 16 13
2017-06-19 17:06:59 DEBUG PIL.PngImagePlugin STREAM IDAT 41 65264
2017-06-19 17:06:59 DEBUG PIL.PngImagePlugin STREAM IHDR 16 13
2017-06-19 17:06:59 DEBUG PIL.PngImagePlugin STREAM IDAT 41 64665
2017-06-19 17:06:59 DEBUG PIL.PngImagePlugin STREAM IHDR 16 13
2017-06-19 17:06:59 DEBUG PIL.PngImagePlugin STREAM IDAT 41 62944
2017-06-19 17:06:59 DEBUG PIL.PngImagePlugin STREAM IHDR 16 13
2017-06-19 17:06:59 DEBUG PIL.PngImagePlugin STREAM IDAT 41 62205
2017-06-19 17:06:59 DEBUG PIL.PngImagePlugin STREAM IHDR 16 13
2017-06-19 17:06:59 DEBUG PIL.PngImagePlugin STREAM IDAT 41 65536
2017-06-19 17:07:00 DEBUG PIL.PngImagePlugin STREAM IHDR 16 13
2017-06-19 17:07:00 DEBUG PIL.PngImagePlugin STREAM IDAT 41 64634
2017-06-19 17:07:00 DEBUG PIL.PngImagePlugin STREAM IHDR 16 13
2017-06-19 17:07:00 DEBUG PIL.PngImagePlugin STREAM IDAT 41 65536
2017-06-19 17:07:00 DEBUG PIL.PngImagePlugin STREAM IHDR 16 13
2017-06-19 17:07:00 DEBUG PIL.PngImagePlugin STREAM IDAT 41 63163
2017-06-19 17:07:00 DEBUG PIL.PngImagePlugin STREAM IHDR 16 13
2017-06-19 17:07:00 DEBUG PIL.PngImagePlugin STREAM IDAT 41 64356
2017-06-19 17:07:00 DEBUG PIL.PngImagePlugin STREAM IHDR 16 13
2017-06-19 17:07:00 DEBUG PIL.PngImagePlugin STREAM IDAT 41 64290
2017-06-19 17:07:00 DEBUG PIL.PngImagePlugin STREAM IHDR 16 13
2017-06-19 17:07:00 DEBUG PIL.PngImagePlugin STREAM IDAT 41 65536
2017-06-19 17:07:00 DEBUG PIL.PngImagePlugin STREAM IHDR 16 13
2017-06-19 17:07:00 DEBUG PIL.PngImagePlugin STREAM IDAT 41 60317
2017-06-19 17:07:00 DEBUG PIL.PngImagePlugin STREAM IHDR 16 13
2017-06-19 17:07:00 DEBUG PIL.PngImagePlugin STREAM IDAT 41 60424
2017-06-19 17:07:00 DEBUG PIL.PngImagePlugin STREAM IHDR 16 13
2017-06-19 17:07:00 DEBUG PIL.PngImagePlugin STREAM IDAT 41 60650
2017-06-19 17:07:00 DEBUG PIL.PngImagePlugin STREAM IHDR 16 13
2017-06-19 17:07:00 DEBUG PIL.PngImagePlugin STREAM IDAT 41 65536
2017-06-19 17:07:00 DEBUG PIL.PngImagePlugin STREAM IHDR 16 13
2017-06-19 17:07:00 DEBUG PIL.PngImagePlugin STREAM IDAT 41 65536
2017-06-19 17:07:00 DEBUG PIL.PngImagePlugin STREAM IHDR 16 13
2017-06-19 17:07:00 DEBUG PIL.PngImagePlugin STREAM IDAT 41 61589
2017-06-19 17:07:00 DEBUG PIL.PngImagePlugin STREAM IHDR 16 13
2017-06-19 17:07:00 DEBUG PIL.PngImagePlugin STREAM IDAT 41 65536
2017-06-19 17:07:00 DEBUG PIL.PngImagePlugin STREAM IHDR 16 13
2017-06-19 17:07:00 DEBUG PIL.PngImagePlugin STREAM IDAT 41 65536
2017-06-19 17:07:00 DEBUG PIL.PngImagePlugin STREAM IHDR 16 13
2017-06-19 17:07:00 DEBUG PIL.PngImagePlugin STREAM IDAT 41 65536
2017-06-19 17:07:00 DEBUG PIL.PngImagePlugin STREAM IHDR 16 13
2017-06-19 17:07:00 DEBUG PIL.PngImagePlugin STREAM IDAT 41 64659
2017-06-19 17:07:00 DEBUG PIL.PngImagePlugin STREAM IHDR 16 13
2017-06-19 17:07:00 DEBUG PIL.PngImagePlugin STREAM IDAT 41 65536
2017-06-19 17:07:00 DEBUG PIL.PngImagePlugin STREAM IHDR 16 13
2017-06-19 17:07:00 DEBUG PIL.PngImagePlugin STREAM IDAT 41 65536
2017-06-19 17:07:00 DEBUG PIL.PngImagePlugin STREAM IHDR 16 13
2017-06-19 17:07:00 DEBUG PIL.PngImagePlugin STREAM IDAT 41 65536
2017-06-19 17:07:00 DEBUG PIL.PngImagePlugin STREAM IHDR 16 13
2017-06-19 17:07:00 DEBUG PIL.PngImagePlugin STREAM IDAT 41 65536
2017-06-19 17:07:00 DEBUG PIL.PngImagePlugin STREAM IHDR 16 13
2017-06-19 17:07:00 DEBUG PIL.PngImagePlugin STREAM IDAT 41 65536
2017-06-19 17:07:00 DEBUG PIL.PngImagePlugin STREAM IHDR 16 13
2017-06-19 17:07:00 DEBUG PIL.PngImagePlugin STREAM IDAT 41 65536
2017-06-19 17:07:00 DEBUG PIL.PngImagePlugin STREAM IHDR 16 13
2017-06-19 17:07:00 DEBUG PIL.PngImagePlugin STREAM IDAT 41 65536
2017-06-19 17:07:00 DEBUG PIL.PngImagePlugin STREAM IHDR 16 13
2017-06-19 17:07:00 DEBUG PIL.PngImagePlugin STREAM IDAT 41 65536
2017-06-19 17:07:01 DEBUG PIL.PngImagePlugin STREAM IHDR 16 13
2017-06-19 17:07:01 DEBUG PIL.PngImagePlugin STREAM IDAT 41 65536
2017-06-19 17:07:01 DEBUG PIL.PngImagePlugin STREAM IHDR 16 13
2017-06-19 17:07:01 DEBUG PIL.PngImagePlugin STREAM IDAT 41 65536
2017-06-19 17:07:01 DEBUG PIL.PngImagePlugin STREAM IHDR 16 13
2017-06-19 17:07:01 DEBUG PIL.PngImagePlugin STREAM IDAT 41 63138
2017-06-19 17:07:01 DEBUG PIL.PngImagePlugin STREAM IHDR 16 13
2017-06-19 17:07:01 DEBUG PIL.PngImagePlugin STREAM IDAT 41 59940
2017-06-19 17:07:01 DEBUG PIL.PngImagePlugin STREAM IHDR 16 13
2017-06-19 17:07:01 DEBUG PIL.PngImagePlugin STREAM IDAT 41 57441
2017-06-19 17:07:01 DEBUG PIL.PngImagePlugin STREAM IHDR 16 13
2017-06-19 17:07:01 DEBUG PIL.PngImagePlugin STREAM IDAT 41 54304
2017-06-19 17:07:01 DEBUG PIL.PngImagePlugin STREAM IHDR 16 13
2017-06-19 17:07:01 DEBUG PIL.PngImagePlugin STREAM IDAT 41 57985
2017-06-19 17:07:01 DEBUG PIL.PngImagePlugin STREAM IHDR 16 13
2017-06-19 17:07:01 DEBUG PIL.PngImagePlugin STREAM IDAT 41 59923
2017-06-19 17:07:01 DEBUG PIL.PngImagePlugin STREAM IHDR 16 13
2017-06-19 17:07:01 DEBUG PIL.PngImagePlugin STREAM IDAT 41 57334
2017-06-19 17:07:01 DEBUG PIL.PngImagePlugin STREAM IHDR 16 13
2017-06-19 17:07:01 DEBUG PIL.PngImagePlugin STREAM IDAT 41 53466
2017-06-19 17:07:01 DEBUG PIL.PngImagePlugin STREAM IHDR 16 13
2017-06-19 17:07:01 DEBUG PIL.PngImagePlugin STREAM IDAT 41 55457
2017-06-19 17:07:01 DEBUG PIL.PngImagePlugin STREAM IHDR 16 13
2017-06-19 17:07:01 DEBUG PIL.PngImagePlugin STREAM IDAT 41 56750
2017-06-19 17:07:01 DEBUG PIL.PngImagePlugin STREAM IHDR 16 13
2017-06-19 17:07:01 DEBUG PIL.PngImagePlugin STREAM IDAT 41 59456
2017-06-19 17:07:01 DEBUG PIL.PngImagePlugin STREAM IHDR 16 13
2017-06-19 17:07:01 DEBUG PIL.PngImagePlugin STREAM IDAT 41 58488
2017-06-19 17:07:01 DEBUG PIL.PngImagePlugin STREAM IHDR 16 13
2017-06-19 17:07:01 DEBUG PIL.PngImagePlugin STREAM IDAT 41 54376
2017-06-19 17:07:01 DEBUG PIL.PngImagePlugin STREAM IHDR 16 13
2017-06-19 17:07:01 DEBUG PIL.PngImagePlugin STREAM IDAT 41 54109
2017-06-19 17:07:01 DEBUG PIL.PngImagePlugin STREAM IHDR 16 13
2017-06-19 17:07:01 DEBUG PIL.PngImagePlugin STREAM IDAT 41 63282
2017-06-19 17:07:01 DEBUG PIL.PngImagePlugin STREAM IHDR 16 13
2017-06-19 17:07:01 DEBUG PIL.PngImagePlugin STREAM IDAT 41 65315
2017-06-19 17:07:01 DEBUG PIL.PngImagePlugin STREAM IHDR 16 13
2017-06-19 17:07:01 DEBUG PIL.PngImagePlugin STREAM IDAT 41 65536
2017-06-19 17:07:01 DEBUG PIL.PngImagePlugin STREAM IHDR 16 13
2017-06-19 17:07:01 DEBUG PIL.PngImagePlugin STREAM IDAT 41 65536
2017-06-19 17:07:01 DEBUG PIL.PngImagePlugin STREAM IHDR 16 13
2017-06-19 17:07:01 DEBUG PIL.PngImagePlugin STREAM IDAT 41 64293
2017-06-19 17:07:01 DEBUG PIL.PngImagePlugin STREAM IHDR 16 13
2017-06-19 17:07:01 DEBUG PIL.PngImagePlugin STREAM IDAT 41 65246
2017-06-19 17:07:02 DEBUG PIL.PngImagePlugin STREAM IHDR 16 13
2017-06-19 17:07:02 DEBUG PIL.PngImagePlugin STREAM IDAT 41 65536
2017-06-19 17:07:02 DEBUG PIL.PngImagePlugin STREAM IHDR 16 13
2017-06-19 17:07:02 DEBUG PIL.PngImagePlugin STREAM IDAT 41 64458
2017-06-19 17:07:02 DEBUG PIL.PngImagePlugin STREAM IHDR 16 13
2017-06-19 17:07:02 DEBUG PIL.PngImagePlugin STREAM IDAT 41 62866
2017-06-19 17:07:02 DEBUG PIL.PngImagePlugin STREAM IHDR 16 13
2017-06-19 17:07:02 DEBUG PIL.PngImagePlugin STREAM IDAT 41 65508
2017-06-19 17:07:02 DEBUG PIL.PngImagePlugin STREAM IHDR 16 13
2017-06-19 17:07:02 DEBUG PIL.PngImagePlugin STREAM IDAT 41 65536
2017-06-19 17:07:02 DEBUG PIL.PngImagePlugin STREAM IHDR 16 13
2017-06-19 17:07:02 DEBUG PIL.PngImagePlugin STREAM IDAT 41 65536
2017-06-19 17:07:02 DEBUG PIL.PngImagePlugin STREAM IHDR 16 13
2017-06-19 17:07:02 DEBUG PIL.PngImagePlugin STREAM IDAT 41 65536
2017-06-19 17:07:02 DEBUG PIL.PngImagePlugin STREAM IHDR 16 13
2017-06-19 17:07:02 DEBUG PIL.PngImagePlugin STREAM IDAT 41 64872
2017-06-19 17:07:02 DEBUG PIL.PngImagePlugin STREAM IHDR 16 13
2017-06-19 17:07:02 DEBUG PIL.PngImagePlugin STREAM IDAT 41 65536
2017-06-19 17:07:02 DEBUG PIL.PngImagePlugin STREAM IHDR 16 13
2017-06-19 17:07:02 DEBUG PIL.PngImagePlugin STREAM IDAT 41 65536
2017-06-19 17:07:02 DEBUG PIL.PngImagePlugin STREAM IHDR 16 13
2017-06-19 17:07:02 DEBUG PIL.PngImagePlugin STREAM IDAT 41 62122
2017-06-19 17:07:02 DEBUG PIL.PngImagePlugin STREAM IHDR 16 13
2017-06-19 17:07:02 DEBUG PIL.PngImagePlugin STREAM IDAT 41 64736
2017-06-19 17:07:02 DEBUG PIL.PngImagePlugin STREAM IHDR 16 13
2017-06-19 17:07:02 DEBUG PIL.PngImagePlugin STREAM IDAT 41 62903
2017-06-19 17:07:02 DEBUG PIL.PngImagePlugin STREAM IHDR 16 13
2017-06-19 17:07:02 DEBUG PIL.PngImagePlugin STREAM IDAT 41 65536
2017-06-19 17:07:02 DEBUG PIL.PngImagePlugin STREAM IHDR 16 13
2017-06-19 17:07:02 DEBUG PIL.PngImagePlugin STREAM IDAT 41 65536
2017-06-19 17:07:02 DEBUG PIL.PngImagePlugin STREAM IHDR 16 13
2017-06-19 17:07:02 DEBUG PIL.PngImagePlugin STREAM IDAT 41 63586
2017-06-19 17:07:02 DEBUG PIL.PngImagePlugin STREAM IHDR 16 13
2017-06-19 17:07:02 DEBUG PIL.PngImagePlugin STREAM IDAT 41 65536
2017-06-19 17:07:02 DEBUG PIL.PngImagePlugin STREAM IHDR 16 13
2017-06-19 17:07:02 DEBUG PIL.PngImagePlugin STREAM IDAT 41 65536
2017-06-19 17:07:02 DEBUG PIL.PngImagePlugin STREAM IHDR 16 13
2017-06-19 17:07:02 DEBUG PIL.PngImagePlugin STREAM IDAT 41 65536
2017-06-19 17:07:02 DEBUG PIL.PngImagePlugin STREAM IHDR 16 13
2017-06-19 17:07:02 DEBUG PIL.PngImagePlugin STREAM IDAT 41 65536
2017-06-19 17:07:02 DEBUG PIL.PngImagePlugin STREAM IHDR 16 13
2017-06-19 17:07:02 DEBUG PIL.PngImagePlugin STREAM IDAT 41 65536
2017-06-19 17:07:02 DEBUG PIL.PngImagePlugin STREAM IHDR 16 13
2017-06-19 17:07:02 DEBUG PIL.PngImagePlugin STREAM IDAT 41 65536
2017-06-19 17:07:02 DEBUG PIL.PngImagePlugin STREAM IHDR 16 13
2017-06-19 17:07:02 DEBUG PIL.PngImagePlugin STREAM IDAT 41 65536
2017-06-19 17:07:02 DEBUG PIL.PngImagePlugin STREAM IHDR 16 13
2017-06-19 17:07:02 DEBUG PIL.PngImagePlugin STREAM IDAT 41 65536
2017-06-19 17:07:03 DEBUG PIL.PngImagePlugin STREAM IHDR 16 13
2017-06-19 17:07:03 DEBUG PIL.PngImagePlugin STREAM IDAT 41 65536
