2016-04-24 11:54:41,953 DEBUG PIL.PngImagePlugin STREAM IHDR 16 13
2016-04-24 11:54:41,953 DEBUG PIL.PngImagePlugin STREAM sRGB 41 1
2016-04-24 11:54:41,953 DEBUG PIL.PngImagePlugin sRGB 41 1 (unknown)
2016-04-24 11:54:41,953 DEBUG PIL.PngImagePlugin STREAM gAMA 54 4
2016-04-24 11:54:41,953 DEBUG PIL.PngImagePlugin STREAM PLTE 70 21
2016-04-24 11:54:41,953 DEBUG PIL.PngImagePlugin STREAM tRNS 103 7
2016-04-24 11:54:41,953 DEBUG PIL.PngImagePlugin STREAM pHYs 122 9
2016-04-24 11:54:41,953 DEBUG PIL.PngImagePlugin STREAM IDAT 143 2257
2016-04-24 11:54:43,680 DEBUG PIL.PngImagePlugin STREAM IHDR 16 13
2016-04-24 11:54:43,680 DEBUG PIL.PngImagePlugin STREAM sRGB 41 1
2016-04-24 11:54:43,680 DEBUG PIL.PngImagePlugin sRGB 41 1 (unknown)
2016-04-24 11:54:43,680 DEBUG PIL.PngImagePlugin STREAM gAMA 54 4
2016-04-24 11:54:43,680 DEBUG PIL.PngImagePlugin STREAM PLTE 70 102
2016-04-24 11:54:43,680 DEBUG PIL.PngImagePlugin STREAM tRNS 184 34
2016-04-24 11:54:43,680 DEBUG PIL.PngImagePlugin STREAM pHYs 230 9
2016-04-24 11:54:43,680 DEBUG PIL.PngImagePlugin STREAM IDAT 251 6578
2016-04-24 11:54:45,690 DEBUG PIL.PngImagePlugin STREAM IHDR 16 13
2016-04-24 11:54:45,690 DEBUG PIL.PngImagePlugin STREAM sRGB 41 1
2016-04-24 11:54:45,690 DEBUG PIL.PngImagePlugin sRGB 41 1 (unknown)
2016-04-24 11:54:45,690 DEBUG PIL.PngImagePlugin STREAM gAMA 54 4
2016-04-24 11:54:45,690 DEBUG PIL.PngImagePlugin STREAM PLTE 70 102
2016-04-24 11:54:45,690 DEBUG PIL.PngImagePlugin STREAM tRNS 184 34
2016-04-24 11:54:45,690 DEBUG PIL.PngImagePlugin STREAM pHYs 230 9
2016-04-24 11:54:45,690 DEBUG PIL.PngImagePlugin STREAM IDAT 251 6578
2016-04-24 11:54:45,759 DEBUG PIL.PngImagePlugin STREAM IHDR 16 13
2016-04-24 11:54:45,759 DEBUG PIL.PngImagePlugin STREAM sRGB 41 1
2016-04-24 11:54:45,759 DEBUG PIL.PngImagePlugin sRGB 41 1 (unknown)
2016-04-24 11:54:45,759 DEBUG PIL.PngImagePlugin STREAM gAMA 54 4
2016-04-24 11:54:45,759 DEBUG PIL.PngImagePlugin STREAM PLTE 70 21
2016-04-24 11:54:45,759 DEBUG PIL.PngImagePlugin STREAM tRNS 103 7
2016-04-24 11:54:45,759 DEBUG PIL.PngImagePlugin STREAM pHYs 122 9
2016-04-24 11:54:45,759 DEBUG PIL.PngImagePlugin STREAM IDAT 143 2257
2016-04-24 11:54:45,901 DEBUG PIL.PngImagePlugin STREAM IHDR 16 13
2016-04-24 11:54:45,903 DEBUG PIL.PngImagePlugin STREAM sRGB 41 1
2016-04-24 11:54:45,903 DEBUG PIL.PngImagePlugin sRGB 41 1 (unknown)
2016-04-24 11:54:45,903 DEBUG PIL.PngImagePlugin STREAM gAMA 54 4
2016-04-24 11:54:45,903 DEBUG PIL.PngImagePlugin STREAM PLTE 70 6
2016-04-24 11:54:45,903 DEBUG PIL.PngImagePlugin STREAM tRNS 88 2
2016-04-24 11:54:45,903 DEBUG PIL.PngImagePlugin STREAM pHYs 102 9
2016-04-24 11:54:45,903 DEBUG PIL.PngImagePlugin STREAM IDAT 123 2034
2016-04-24 11:54:46,042 DEBUG PIL.PngImagePlugin STREAM IHDR 16 13
2016-04-24 11:54:46,042 DEBUG PIL.PngImagePlugin STREAM sRGB 41 1
2016-04-24 11:54:46,042 DEBUG PIL.PngImagePlugin sRGB 41 1 (unknown)
2016-04-24 11:54:46,042 DEBUG PIL.PngImagePlugin STREAM gAMA 54 4
2016-04-24 11:54:46,042 DEBUG PIL.PngImagePlugin STREAM PLTE 70 102
2016-04-24 11:54:46,042 DEBUG PIL.PngImagePlugin STREAM tRNS 184 34
2016-04-24 11:54:46,042 DEBUG PIL.PngImagePlugin STREAM pHYs 230 9
2016-04-24 11:54:46,042 DEBUG PIL.PngImagePlugin STREAM IDAT 251 20831
2016-04-24 11:54:46,177 DEBUG PIL.PngImagePlugin STREAM IHDR 16 13
2016-04-24 11:54:46,177 DEBUG PIL.PngImagePlugin STREAM sRGB 41 1
2016-04-24 11:54:46,177 DEBUG PIL.PngImagePlugin sRGB 41 1 (unknown)
2016-04-24 11:54:46,177 DEBUG PIL.PngImagePlugin STREAM gAMA 54 4
2016-04-24 11:54:46,177 DEBUG PIL.PngImagePlugin STREAM PLTE 70 102
2016-04-24 11:54:46,177 DEBUG PIL.PngImagePlugin STREAM tRNS 184 34
2016-04-24 11:54:46,177 DEBUG PIL.PngImagePlugin STREAM pHYs 230 9
2016-04-24 11:54:46,177 DEBUG PIL.PngImagePlugin STREAM IDAT 251 16775
2016-04-24 11:54:46,377 DEBUG PIL.PngImagePlugin STREAM IHDR 16 13
2016-04-24 11:54:46,378 DEBUG PIL.PngImagePlugin STREAM sRGB 41 1
2016-04-24 11:54:46,378 DEBUG PIL.PngImagePlugin sRGB 41 1 (unknown)
2016-04-24 11:54:46,378 DEBUG PIL.PngImagePlugin STREAM gAMA 54 4
2016-04-24 11:54:46,378 DEBUG PIL.PngImagePlugin STREAM PLTE 70 102
2016-04-24 11:54:46,378 DEBUG PIL.PngImagePlugin STREAM tRNS 184 34
2016-04-24 11:54:46,378 DEBUG PIL.PngImagePlugin STREAM pHYs 230 9
2016-04-24 11:54:46,378 DEBUG PIL.PngImagePlugin STREAM IDAT 251 50171
2016-04-24 11:55:27,365 DEBUG PIL.PngImagePlugin STREAM IHDR 16 13
2016-04-24 11:55:27,365 DEBUG PIL.PngImagePlugin STREAM sRGB 41 1
2016-04-24 11:55:27,365 DEBUG PIL.PngImagePlugin sRGB 41 1 (unknown)
2016-04-24 11:55:27,365 DEBUG PIL.PngImagePlugin STREAM gAMA 54 4
2016-04-24 11:55:27,365 DEBUG PIL.PngImagePlugin STREAM PLTE 70 102
2016-04-24 11:55:27,365 DEBUG PIL.PngImagePlugin STREAM tRNS 184 34
2016-04-24 11:55:27,365 DEBUG PIL.PngImagePlugin STREAM pHYs 230 9
2016-04-24 11:55:27,365 DEBUG PIL.PngImagePlugin STREAM IDAT 251 54948
2016-04-24 11:56:10,040 DEBUG PIL.PngImagePlugin STREAM IHDR 16 13
2016-04-24 11:56:10,040 DEBUG PIL.PngImagePlugin STREAM sRGB 41 1
2016-04-24 11:56:10,040 DEBUG PIL.PngImagePlugin sRGB 41 1 (unknown)
2016-04-24 11:56:10,040 DEBUG PIL.PngImagePlugin STREAM gAMA 54 4
2016-04-24 11:56:10,040 DEBUG PIL.PngImagePlugin STREAM PLTE 70 102
2016-04-24 11:56:10,040 DEBUG PIL.PngImagePlugin STREAM tRNS 184 34
2016-04-24 11:56:10,040 DEBUG PIL.PngImagePlugin STREAM pHYs 230 9
2016-04-24 11:56:10,040 DEBUG PIL.PngImagePlugin STREAM IDAT 251 54948
