0.3461 	WARNING 	Movie2 stim could not be imported and won't be available
14.0081 	WARNING 	Monitor specification not found. Creating a temporary one...
14.6702 	EXP 	Created window1 = Window(allowGUI=True, allowStencil=False, autoLog=True, bitsMode=UNKNOWN, blendMode='avg', color=array([-0.137, -0.137, -0.137]), colorSpace='rgb', fullscr=UNKNOWN, gamma=None, lms=UNKNOWN, monitor=<psychopy.monitors.calibTools.Monitor instance at 0x16B016E8>, name='window1', pos=[0, 0], screen=0, size=array([1920, 1080]), stereo=False, units='pix', useFBO=True, viewOri=0.0, viewPos=None, viewScale=None, waitBlanking=True, winType='pyglet')
14.6702 	EXP 	window1: recordFrameIntervals = False
14.7527 	EXP 	window1: recordFrameIntervals = True
14.8445 	DEBUG 	Screen (0) actual frame rate measured at 120.00
14.8445 	EXP 	window1: recordFrameIntervals = False
14.9032 	INFO 	sound is using audioLib: pyo
14.9275 	EXP 	Created task_instr_image = ImageStim(autoLog=True, color=array([ 1.,  1.,  1.]), colorSpace='rgb', contrast=1.0, depth=0.0, flipHoriz=False, flipVert=False, image='sin', interpolate=True, mask=None, maskParams=None, name='task_instr_image', opacity=1.0, ori=0.0, pos=array([ 0.,  0.]), size=array([ 0.5,  0.5]), texRes=128, units='pix', win=Window(...))
14.9297 	EXP 	Created Block_image = ImageStim(autoLog=True, color=array([ 1.,  1.,  1.]), colorSpace='rgb', contrast=1.0, depth=-1.0, flipHoriz=False, flipVert=False, image='sin', interpolate=True, mask=None, maskParams=None, name='Block_image', opacity=1.0, ori=0.0, pos=array([ 0.,  0.]), size=array([ 0.5,  0.5]), texRes=128, units='pix', win=Window(...))
14.9317 	EXP 	Created composite_display = ImageStim(autoLog=True, color=array([ 1.,  1.,  1.]), colorSpace='rgb', contrast=1.0, depth=0.0, flipHoriz=False, flipVert=False, image='sin', interpolate=True, mask=None, maskParams=None, name='composite_display', opacity=1.0, ori=0.0, pos=array([ 0.,  0.]), size=array([ 0.5,  0.5]), texRes=128, units='pix', win=Window(...))
15.0812 	EXP 	Created fixation_cross = ImageStim(autoLog=True, color=array([ 1.,  1.,  1.]), colorSpace='rgb', contrast=1.0, depth=-1.0, flipHoriz=False, flipVert=False, image='Instructions/fixation.png', interpolate=True, mask=None, maskParams=None, name='fixation_cross', opacity=1.0, ori=0.0, pos=array([ 0.,  0.]), size=array([1920, 1080]), texRes=128, units='pix', win=Window(...))
15.0839 	EXP 	Created iaps_cue = ImageStim(autoLog=True, color=array([ 1.,  1.,  1.]), colorSpace='rgb', contrast=1.0, depth=-1.0, flipHoriz=False, flipVert=False, image='sin', interpolate=True, mask=None, maskParams=None, name='iaps_cue', opacity=0.25, ori=0.0, pos=array([ 0.,  0.]), size=array([ 0.5,  0.5]), texRes=128, units='pix', win=Window(...))
15.0862 	EXP 	Created iaps_display = ImageStim(autoLog=True, color=array([ 1.,  1.,  1.]), colorSpace='rgb', contrast=1.0, depth=-1.0, flipHoriz=False, flipVert=False, image='sin', interpolate=True, mask=None, maskParams=None, name='iaps_display', opacity=1.0, ori=0.0, pos=array([ 0.,  0.]), size=array([ 0.5,  0.5]), texRes=128, units='pix', win=Window(...))
15.2314 	EXP 	Created blank = ImageStim(autoLog=True, color=array([ 1.,  1.,  1.]), colorSpace='rgb', contrast=1.0, depth=-2.0, flipHoriz=False, flipVert=False, image='Instructions/blank.png', interpolate=True, mask=None, maskParams=None, name='blank', opacity=1.0, ori=0.0, pos=array([ 0.,  0.]), size=array([1920, 1080]), texRes=128, units='pix', win=Window(...))
15.2336 	EXP 	Created break_image = ImageStim(autoLog=True, color=array([ 1.,  1.,  1.]), colorSpace='rgb', contrast=1.0, depth=-1.0, flipHoriz=False, flipVert=False, image='sin', interpolate=True, mask=None, maskParams=None, name='break_image', opacity=1.0, ori=0.0, pos=array([ 0.,  0.]), size=array([ 0.5,  0.5]), texRes=128, units='pix', win=Window(...))
15.3686 	EXP 	Created End_Screen = ImageStim(autoLog=True, color=array([ 1.,  1.,  1.]), colorSpace='rgb', contrast=1.0, depth=0.0, flipHoriz=False, flipVert=False, image='Instructions/finished.png', interpolate=True, mask=None, maskParams=None, name='End_Screen', opacity=1.0, ori=0.0, pos=array([ 0.,  0.]), size=array([1920, 1080]), texRes=128, units='pix', win=Window(...))
16.0236 	EXP 	Created unnamed Circle = Circle(autoDraw=False, autoLog=True, closeShape=True, contrast=1.0, depth=0, fillColor=array([ 1.,  1.,  1.]), fillColorSpace='rgb', fillRGB=array([ 1.,  1.,  1.]), interpolate=True, lineColor=array([ 1.,  1.,  1.]), lineColorSpace='rgb', lineRGB=array([ 1.,  1.,  1.]), lineWidth=1.5, name='unnamed Circle', opacity=1.0, ori=array(0.0), pos=array([ 0.,  0.]), size=array([ 1.,  1.]), units='pix', vertices=ndarray(...), win=Window(...))
16.0272 	EXP 	Created unnamed Circle = Circle(autoDraw=False, autoLog=True, closeShape=True, contrast=1.0, depth=0, fillColor=array([-1., -1., -1.]), fillColorSpace='rgb', fillRGB=array([-1., -1., -1.]), interpolate=True, lineColor=array([-1., -1., -1.]), lineColorSpace='rgb', lineRGB=array([-1., -1., -1.]), lineWidth=1.5, name='unnamed Circle', opacity=1.0, ori=array(0.0), pos=array([ 0.,  0.]), size=array([ 1.,  1.]), units='pix', vertices=ndarray(...), win=Window(...))
16.6612 	EXP 	Created menu_screen = ImageStim(autoLog=True, color=array([ 1.,  1.,  1.]), colorSpace='rgb', contrast=1.0, depth=-1.0, flipHoriz=False, flipVert=False, image='Instructions/menu.png', interpolate=True, mask=None, maskParams=None, name='menu_screen', opacity=1.0, ori=0.0, pos=array([ 0.,  0.]), size=array([1920, 1080]), texRes=128, units='pix', win=Window(...))
24.7342 	DATA 	Keypress: escape
24.8647 	EXP 	Created menu_screen = ImageStim(autoLog=True, color=array([ 1.,  1.,  1.]), colorSpace='rgb', contrast=1.0, depth=-1.0, flipHoriz=False, flipVert=False, image='Instructions/menu.png', interpolate=True, mask=None, maskParams=None, name='menu_screen', opacity=1.0, ori=0.0, pos=array([ 0.,  0.]), size=array([1920, 1080]), texRes=128, units='pix', win=Window(...))
24.8787 	EXP 	Imported procedure\Introduction_list.csv as conditions, 1 conditions, 1 params
24.8789 	EXP 	Created sequence: sequential, trialTypes=1, nReps=1, seed=None
24.9808 	DEBUG 	Using C:/Users/sr38553/Desktop/new task/task/6.7.02.py as origin file
24.9814 	EXP 	New trial (rep=0, index=0): {'Introduction_image': 'inst_1'}
25.1191 	EXP 	task_instr_image: size = array([1920, 1080])
25.1191 	EXP 	task_instr_image: image = 'Instructions/inst_1.png'
25.1191 	EXP 	task_instr_image: autoDraw = True
27.4937 	DATA 	Keypress: escape
27.4957 	EXP 	Imported procedure\#set_list.csv as conditions, 3 conditions, 5 params
27.4959 	EXP 	Created sequence: sequential, trialTypes=3, nReps=1, seed=None
27.4967 	DEBUG 	Using C:/Users/sr38553/Desktop/new task/task/6.7.02.py as origin file
27.4973 	EXP 	New trial (rep=0, index=0): {'block_event': 'comp_1', 'order': 0, 'block_display': 'inst_2', 'block_file': 'procedure\\0.csv', 'break_display': 'break'}
0.3419 	WARNING 	Movie2 stim could not be imported and won't be available
9.4481 	WARNING 	Monitor specification not found. Creating a temporary one...
10.1097 	EXP 	Created window1 = Window(allowGUI=True, allowStencil=False, autoLog=True, bitsMode=UNKNOWN, blendMode='avg', color=array([-0.137, -0.137, -0.137]), colorSpace='rgb', fullscr=UNKNOWN, gamma=None, lms=UNKNOWN, monitor=<psychopy.monitors.calibTools.Monitor instance at 0x16B016E8>, name='window1', pos=[0, 0], screen=0, size=array([1920, 1080]), stereo=False, units='pix', useFBO=True, viewOri=0.0, viewPos=None, viewScale=None, waitBlanking=True, winType='pyglet')
10.1097 	EXP 	window1: recordFrameIntervals = False
10.1923 	EXP 	window1: recordFrameIntervals = True
10.2840 	DEBUG 	Screen (0) actual frame rate measured at 120.01
10.2840 	EXP 	window1: recordFrameIntervals = False
10.3414 	INFO 	sound is using audioLib: pyo
10.3653 	EXP 	Created task_instr_image = ImageStim(autoLog=True, color=array([ 1.,  1.,  1.]), colorSpace='rgb', contrast=1.0, depth=0.0, flipHoriz=False, flipVert=False, image='sin', interpolate=True, mask=None, maskParams=None, name='task_instr_image', opacity=1.0, ori=0.0, pos=array([ 0.,  0.]), size=array([ 0.5,  0.5]), texRes=128, units='pix', win=Window(...))
10.3673 	EXP 	Created Block_image = ImageStim(autoLog=True, color=array([ 1.,  1.,  1.]), colorSpace='rgb', contrast=1.0, depth=-1.0, flipHoriz=False, flipVert=False, image='sin', interpolate=True, mask=None, maskParams=None, name='Block_image', opacity=1.0, ori=0.0, pos=array([ 0.,  0.]), size=array([ 0.5,  0.5]), texRes=128, units='pix', win=Window(...))
10.3693 	EXP 	Created composite_display = ImageStim(autoLog=True, color=array([ 1.,  1.,  1.]), colorSpace='rgb', contrast=1.0, depth=0.0, flipHoriz=False, flipVert=False, image='sin', interpolate=True, mask=None, maskParams=None, name='composite_display', opacity=1.0, ori=0.0, pos=array([ 0.,  0.]), size=array([ 0.5,  0.5]), texRes=128, units='pix', win=Window(...))
10.5197 	EXP 	Created fixation_cross = ImageStim(autoLog=True, color=array([ 1.,  1.,  1.]), colorSpace='rgb', contrast=1.0, depth=-1.0, flipHoriz=False, flipVert=False, image='Instructions/fixation.png', interpolate=True, mask=None, maskParams=None, name='fixation_cross', opacity=1.0, ori=0.0, pos=array([ 0.,  0.]), size=array([1920, 1080]), texRes=128, units='pix', win=Window(...))
10.5224 	EXP 	Created iaps_cue = ImageStim(autoLog=True, color=array([ 1.,  1.,  1.]), colorSpace='rgb', contrast=1.0, depth=-1.0, flipHoriz=False, flipVert=False, image='sin', interpolate=True, mask=None, maskParams=None, name='iaps_cue', opacity=0.25, ori=0.0, pos=array([ 0.,  0.]), size=array([ 0.5,  0.5]), texRes=128, units='pix', win=Window(...))
10.5246 	EXP 	Created iaps_display = ImageStim(autoLog=True, color=array([ 1.,  1.,  1.]), colorSpace='rgb', contrast=1.0, depth=-1.0, flipHoriz=False, flipVert=False, image='sin', interpolate=True, mask=None, maskParams=None, name='iaps_display', opacity=1.0, ori=0.0, pos=array([ 0.,  0.]), size=array([ 0.5,  0.5]), texRes=128, units='pix', win=Window(...))
10.6704 	EXP 	Created blank = ImageStim(autoLog=True, color=array([ 1.,  1.,  1.]), colorSpace='rgb', contrast=1.0, depth=-2.0, flipHoriz=False, flipVert=False, image='Instructions/blank.png', interpolate=True, mask=None, maskParams=None, name='blank', opacity=1.0, ori=0.0, pos=array([ 0.,  0.]), size=array([1920, 1080]), texRes=128, units='pix', win=Window(...))
10.6725 	EXP 	Created break_image = ImageStim(autoLog=True, color=array([ 1.,  1.,  1.]), colorSpace='rgb', contrast=1.0, depth=-1.0, flipHoriz=False, flipVert=False, image='sin', interpolate=True, mask=None, maskParams=None, name='break_image', opacity=1.0, ori=0.0, pos=array([ 0.,  0.]), size=array([ 0.5,  0.5]), texRes=128, units='pix', win=Window(...))
10.8078 	EXP 	Created End_Screen = ImageStim(autoLog=True, color=array([ 1.,  1.,  1.]), colorSpace='rgb', contrast=1.0, depth=0.0, flipHoriz=False, flipVert=False, image='Instructions/finished.png', interpolate=True, mask=None, maskParams=None, name='End_Screen', opacity=1.0, ori=0.0, pos=array([ 0.,  0.]), size=array([1920, 1080]), texRes=128, units='pix', win=Window(...))
11.5210 	EXP 	Created unnamed Circle = Circle(autoDraw=False, autoLog=True, closeShape=True, contrast=1.0, depth=0, fillColor=array([ 1.,  1.,  1.]), fillColorSpace='rgb', fillRGB=array([ 1.,  1.,  1.]), interpolate=True, lineColor=array([ 1.,  1.,  1.]), lineColorSpace='rgb', lineRGB=array([ 1.,  1.,  1.]), lineWidth=1.5, name='unnamed Circle', opacity=1.0, ori=array(0.0), pos=array([ 0.,  0.]), size=array([ 1.,  1.]), units='pix', vertices=ndarray(...), win=Window(...))
11.5245 	EXP 	Created unnamed Circle = Circle(autoDraw=False, autoLog=True, closeShape=True, contrast=1.0, depth=0, fillColor=array([-1., -1., -1.]), fillColorSpace='rgb', fillRGB=array([-1., -1., -1.]), interpolate=True, lineColor=array([-1., -1., -1.]), lineColorSpace='rgb', lineRGB=array([-1., -1., -1.]), lineWidth=1.5, name='unnamed Circle', opacity=1.0, ori=array(0.0), pos=array([ 0.,  0.]), size=array([ 1.,  1.]), units='pix', vertices=ndarray(...), win=Window(...))
12.1592 	EXP 	Created menu_screen = ImageStim(autoLog=True, color=array([ 1.,  1.,  1.]), colorSpace='rgb', contrast=1.0, depth=-1.0, flipHoriz=False, flipVert=False, image='Instructions/menu.png', interpolate=True, mask=None, maskParams=None, name='menu_screen', opacity=1.0, ori=0.0, pos=array([ 0.,  0.]), size=array([1920, 1080]), texRes=128, units='pix', win=Window(...))
16.9721 	DATA 	Keypress: return
17.1191 	EXP 	Created menu_screen = ImageStim(autoLog=True, color=array([ 1.,  1.,  1.]), colorSpace='rgb', contrast=1.0, depth=-1.0, flipHoriz=False, flipVert=False, image='Instructions/menu.png', interpolate=True, mask=None, maskParams=None, name='menu_screen', opacity=1.0, ori=0.0, pos=array([ 0.,  0.]), size=array([1920, 1080]), texRes=128, units='pix', win=Window(...))
17.2642 	EXP 	Created menu_screen = ImageStim(autoLog=True, color=array([ 1.,  1.,  1.]), colorSpace='rgb', contrast=1.0, depth=-1.0, flipHoriz=False, flipVert=False, image='Instructions/menu.png', interpolate=True, mask=None, maskParams=None, name='menu_screen', opacity=1.0, ori=0.0, pos=array([ 0.,  0.]), size=array([1920, 1080]), texRes=128, units='pix', win=Window(...))
17.3215 	EXP 	Created unnamed TextStim = TextStim(alignHoriz='center', alignVert='top', antialias=True, autoLog=True, bold=False, color=array([ 0.137,  0.137,  0.137]), colorSpace='rgb', contrast=1.0, depth=0, flipHoriz=False, flipVert=False, font='', fontFiles=[], height=28, italic=False, name='unnamed TextStim', opacity=1.0, ori=0.0, pos=array([   0.,  525.]), rgb=array([ 0.137,  0.137,  0.137]), text=unicode(...), units='pix', win=Window(...), wrapWidth=1536.0)
17.6167 	EXP 	Created unnamed ImageStim = ImageStim(autoLog=True, color=array([ 1.,  1.,  1.]), colorSpace='rgb', contrast=1.0, depth=0, flipHoriz=False, flipVert=False, image=str(...), interpolate=False, mask=None, maskParams=None, name='unnamed ImageStim', opacity=1.0, ori=0.0, pos=array([ 0.,  0.]), size=array([ 960.,  800.]), texRes=128, units='pix', win=Window(...))
17.6254 	EXP 	unnamed TextStim: text = 'Camera:  RIGHT     Threshold:  P=105    CR=224 '
17.6921 	EXP 	unnamed TextStim: text = 'Camera:  RIGHT     Threshold:  P=106    CR=224 '
17.6921 	EXP 	unnamed ImageStim: image = 'c:\\users\\sr38553\\appdata\\local\\temp\\_eleye.png'
17.7754 	EXP 	unnamed ImageStim: image = 'c:\\users\\sr38553\\appdata\\local\\temp\\_eleye.png'
17.8837 	EXP 	unnamed TextStim: text = 'Camera:  RIGHT     Threshold:  P=107    CR=224 '
17.8837 	EXP 	unnamed ImageStim: image = 'c:\\users\\sr38553\\appdata\\local\\temp\\_eleye.png'
17.9754 	EXP 	unnamed ImageStim: image = 'c:\\users\\sr38553\\appdata\\local\\temp\\_eleye.png'
18.0754 	EXP 	unnamed TextStim: text = 'Camera:  RIGHT     Threshold:  P=108    CR=224 '
18.0754 	EXP 	unnamed ImageStim: image = 'c:\\users\\sr38553\\appdata\\local\\temp\\_eleye.png'
18.1754 	EXP 	unnamed TextStim: text = 'Camera:  RIGHT     Threshold:  P=89    CR=239 '
18.1754 	EXP 	unnamed ImageStim: image = 'c:\\users\\sr38553\\appdata\\local\\temp\\_eleye.png'
18.2671 	EXP 	unnamed ImageStim: image = 'c:\\users\\sr38553\\appdata\\local\\temp\\_eleye.png'
18.3667 	EXP 	unnamed TextStim: text = 'Camera:  RIGHT     Threshold:  P=100    CR=231 '
18.3667 	EXP 	unnamed ImageStim: image = 'c:\\users\\sr38553\\appdata\\local\\temp\\_eleye.png'
18.4670 	EXP 	unnamed TextStim: text = 'Camera:  RIGHT     Threshold:  P=104    CR=227 '
18.4670 	EXP 	unnamed ImageStim: image = 'c:\\users\\sr38553\\appdata\\local\\temp\\_eleye.png'
18.5670 	EXP 	unnamed TextStim: text = 'Camera:  RIGHT     Threshold:  P=105    CR=226 '
18.5670 	EXP 	unnamed ImageStim: image = 'c:\\users\\sr38553\\appdata\\local\\temp\\_eleye.png'
18.6670 	EXP 	unnamed TextStim: text = 'Camera:  RIGHT     Threshold:  P=106    CR=226 '
18.6670 	EXP 	unnamed ImageStim: image = 'c:\\users\\sr38553\\appdata\\local\\temp\\_eleye.png'
18.7670 	EXP 	unnamed TextStim: text = 'Camera:  RIGHT     Threshold:  P=79    CR=244 '
18.7670 	EXP 	unnamed ImageStim: image = 'c:\\users\\sr38553\\appdata\\local\\temp\\_eleye.png'
18.8587 	EXP 	unnamed TextStim: text = 'Camera:  RIGHT     Threshold:  P=80    CR=248 '
18.8587 	EXP 	unnamed ImageStim: image = 'c:\\users\\sr38553\\appdata\\local\\temp\\_eleye.png'
18.9587 	EXP 	unnamed TextStim: text = 'Camera:  RIGHT     Threshold:  P=82    CR=251 '
18.9587 	EXP 	unnamed ImageStim: image = 'c:\\users\\sr38553\\appdata\\local\\temp\\_eleye.png'
19.0587 	EXP 	unnamed TextStim: text = 'Camera:  RIGHT     Threshold:  P=83    CR=251 '
19.0587 	EXP 	unnamed ImageStim: image = 'c:\\users\\sr38553\\appdata\\local\\temp\\_eleye.png'
19.1587 	EXP 	unnamed TextStim: text = 'Camera:  RIGHT     Threshold:  P=84    CR=252 '
19.1587 	EXP 	unnamed ImageStim: image = 'c:\\users\\sr38553\\appdata\\local\\temp\\_eleye.png'
19.2503 	EXP 	unnamed TextStim: text = 'Camera:  RIGHT     Threshold:  P=83    CR=251 '
19.2503 	EXP 	unnamed ImageStim: image = 'c:\\users\\sr38553\\appdata\\local\\temp\\_eleye.png'
19.3503 	EXP 	unnamed TextStim: text = 'Camera:  RIGHT     Threshold:  P=82    CR=250 '
19.3503 	EXP 	unnamed ImageStim: image = 'c:\\users\\sr38553\\appdata\\local\\temp\\_eleye.png'
19.4503 	EXP 	unnamed TextStim: text = 'Camera:  RIGHT     Threshold:  P=83    CR=249 '
19.4503 	EXP 	unnamed ImageStim: image = 'c:\\users\\sr38553\\appdata\\local\\temp\\_eleye.png'
19.5503 	EXP 	unnamed TextStim: text = 'Camera:  RIGHT     Threshold:  P=84    CR=246 '
19.5503 	EXP 	unnamed ImageStim: image = 'c:\\users\\sr38553\\appdata\\local\\temp\\_eleye.png'
19.6420 	EXP 	unnamed TextStim: text = 'Camera:  RIGHT     Threshold:  P=81    CR=246 '
19.6420 	EXP 	unnamed ImageStim: image = 'c:\\users\\sr38553\\appdata\\local\\temp\\_eleye.png'
19.7420 	EXP 	unnamed TextStim: text = 'Camera:  RIGHT     Threshold:  P=79    CR=245 '
19.7420 	EXP 	unnamed ImageStim: image = 'c:\\users\\sr38553\\appdata\\local\\temp\\_eleye.png'
19.8420 	EXP 	unnamed TextStim: text = 'Camera:  RIGHT     Threshold:  P=78    CR=245 '
19.8420 	EXP 	unnamed ImageStim: image = 'c:\\users\\sr38553\\appdata\\local\\temp\\_eleye.png'
19.9420 	EXP 	unnamed TextStim: text = 'Camera:  RIGHT     Threshold:  P=99    CR=245 '
19.9420 	EXP 	unnamed ImageStim: image = 'c:\\users\\sr38553\\appdata\\local\\temp\\_eleye.png'
20.0337 	EXP 	unnamed TextStim: text = 'Camera:  RIGHT     Threshold:  P=98    CR=245 '
20.0337 	EXP 	unnamed ImageStim: image = 'c:\\users\\sr38553\\appdata\\local\\temp\\_eleye.png'
20.1336 	EXP 	unnamed TextStim: text = 'Camera:  RIGHT     Threshold:  P=77    CR=245 '
20.1336 	EXP 	unnamed ImageStim: image = 'c:\\users\\sr38553\\appdata\\local\\temp\\_eleye.png'
20.2336 	EXP 	unnamed TextStim: text = 'Camera:  RIGHT     Threshold:  P=78    CR=245 '
20.2336 	EXP 	unnamed ImageStim: image = 'c:\\users\\sr38553\\appdata\\local\\temp\\_eleye.png'
20.3336 	EXP 	unnamed TextStim: text = 'Camera:  RIGHT     Threshold:  P=79    CR=246 '
20.3336 	EXP 	unnamed ImageStim: image = 'c:\\users\\sr38553\\appdata\\local\\temp\\_eleye.png'
20.4253 	EXP 	unnamed TextStim: text = 'Camera:  RIGHT     Threshold:  P=81    CR=246 '
20.4253 	EXP 	unnamed ImageStim: image = 'c:\\users\\sr38553\\appdata\\local\\temp\\_eleye.png'
20.5253 	EXP 	unnamed TextStim: text = 'Camera:  RIGHT     Threshold:  P=80    CR=246 '
20.5253 	EXP 	unnamed ImageStim: image = 'c:\\users\\sr38553\\appdata\\local\\temp\\_eleye.png'
20.6253 	EXP 	unnamed TextStim: text = 'Camera:  RIGHT     Threshold:  P=78    CR=246 '
20.6253 	EXP 	unnamed ImageStim: image = 'c:\\users\\sr38553\\appdata\\local\\temp\\_eleye.png'
20.7253 	EXP 	unnamed TextStim: text = 'Camera:  RIGHT     Threshold:  P=81    CR=246 '
20.7253 	EXP 	unnamed ImageStim: image = 'c:\\users\\sr38553\\appdata\\local\\temp\\_eleye.png'
20.8169 	EXP 	unnamed TextStim: text = 'Camera:  RIGHT     Threshold:  P=80    CR=246 '
20.8169 	EXP 	unnamed ImageStim: image = 'c:\\users\\sr38553\\appdata\\local\\temp\\_eleye.png'
20.9170 	EXP 	unnamed TextStim: text = 'Camera:  RIGHT     Threshold:  P=80    CR=247 '
20.9170 	EXP 	unnamed ImageStim: image = 'c:\\users\\sr38553\\appdata\\local\\temp\\_eleye.png'
21.0169 	EXP 	unnamed TextStim: text = 'Camera:  RIGHT     Threshold:  P=82    CR=247 '
21.0169 	EXP 	unnamed ImageStim: image = 'c:\\users\\sr38553\\appdata\\local\\temp\\_eleye.png'
21.1169 	EXP 	unnamed TextStim: text = 'Camera:  RIGHT     Threshold:  P=81    CR=247 '
21.1169 	EXP 	unnamed ImageStim: image = 'c:\\users\\sr38553\\appdata\\local\\temp\\_eleye.png'
21.2170 	EXP 	unnamed TextStim: text = 'Camera:  RIGHT     Threshold:  P=80    CR=247 '
21.2170 	EXP 	unnamed ImageStim: image = 'c:\\users\\sr38553\\appdata\\local\\temp\\_eleye.png'
21.3086 	EXP 	unnamed ImageStim: image = 'c:\\users\\sr38553\\appdata\\local\\temp\\_eleye.png'
21.4086 	EXP 	unnamed TextStim: text = 'Camera:  RIGHT     Threshold:  P=79    CR=247 '
21.4086 	EXP 	unnamed ImageStim: image = 'c:\\users\\sr38553\\appdata\\local\\temp\\_eleye.png'
21.5002 	EXP 	unnamed ImageStim: image = 'c:\\users\\sr38553\\appdata\\local\\temp\\_eleye.png'
21.6086 	EXP 	unnamed TextStim: text = 'Camera:  RIGHT     Threshold:  P=80    CR=247 '
21.6086 	EXP 	unnamed ImageStim: image = 'c:\\users\\sr38553\\appdata\\local\\temp\\_eleye.png'
21.7003 	EXP 	unnamed ImageStim: image = 'c:\\users\\sr38553\\appdata\\local\\temp\\_eleye.png'
21.7920 	EXP 	unnamed ImageStim: image = 'c:\\users\\sr38553\\appdata\\local\\temp\\_eleye.png'
21.9003 	EXP 	unnamed TextStim: text = 'Camera:  RIGHT     Threshold:  P=79    CR=247 '
21.9003 	EXP 	unnamed ImageStim: image = 'c:\\users\\sr38553\\appdata\\local\\temp\\_eleye.png'
22.0002 	EXP 	unnamed TextStim: text = 'Camera:  RIGHT     Threshold:  P=86    CR=247 '
22.0002 	EXP 	unnamed ImageStim: image = 'c:\\users\\sr38553\\appdata\\local\\temp\\_eleye.png'
22.0919 	EXP 	unnamed TextStim: text = 'Camera:  RIGHT     Threshold:  P=82    CR=248 '
22.0919 	EXP 	unnamed ImageStim: image = 'c:\\users\\sr38553\\appdata\\local\\temp\\_eleye.png'
22.1919 	EXP 	unnamed TextStim: text = 'Camera:  RIGHT     Threshold:  P=81    CR=248 '
22.1919 	EXP 	unnamed ImageStim: image = 'c:\\users\\sr38553\\appdata\\local\\temp\\_eleye.png'
22.2836 	EXP 	unnamed ImageStim: image = 'c:\\users\\sr38553\\appdata\\local\\temp\\_eleye.png'
22.3836 	EXP 	unnamed ImageStim: image = 'c:\\users\\sr38553\\appdata\\local\\temp\\_eleye.png'
22.4836 	EXP 	unnamed ImageStim: image = 'c:\\users\\sr38553\\appdata\\local\\temp\\_eleye.png'
22.5836 	EXP 	unnamed TextStim: text = 'Camera:  RIGHT     Threshold:  P=80    CR=248 '
22.5836 	EXP 	unnamed ImageStim: image = 'c:\\users\\sr38553\\appdata\\local\\temp\\_eleye.png'
22.6836 	EXP 	unnamed TextStim: text = 'Camera:  RIGHT     Threshold:  P=83    CR=248 '
22.6836 	EXP 	unnamed ImageStim: image = 'c:\\users\\sr38553\\appdata\\local\\temp\\_eleye.png'
22.7752 	EXP 	unnamed ImageStim: image = 'c:\\users\\sr38553\\appdata\\local\\temp\\_eleye.png'
22.8753 	EXP 	unnamed TextStim: text = 'Camera:  RIGHT     Threshold:  P=83    CR=245 '
22.8753 	EXP 	unnamed ImageStim: image = 'c:\\users\\sr38553\\appdata\\local\\temp\\_eleye.png'
22.9752 	EXP 	unnamed TextStim: text = 'Camera:  RIGHT     Threshold:  P=83    CR=244 '
22.9752 	EXP 	unnamed ImageStim: image = 'c:\\users\\sr38553\\appdata\\local\\temp\\_eleye.png'
23.0669 	EXP 	unnamed ImageStim: image = 'c:\\users\\sr38553\\appdata\\local\\temp\\_eleye.png'
23.1669 	EXP 	unnamed ImageStim: image = 'c:\\users\\sr38553\\appdata\\local\\temp\\_eleye.png'
23.2752 	EXP 	unnamed TextStim: text = 'Camera:  RIGHT     Threshold:  P=84    CR=248 '
23.2752 	EXP 	unnamed ImageStim: image = 'c:\\users\\sr38553\\appdata\\local\\temp\\_eleye.png'
23.3669 	EXP 	unnamed TextStim: text = 'Camera:  RIGHT     Threshold:  P=80    CR=248 '
23.3669 	EXP 	unnamed ImageStim: image = 'c:\\users\\sr38553\\appdata\\local\\temp\\_eleye.png'
23.4585 	EXP 	unnamed ImageStim: image = 'c:\\users\\sr38553\\appdata\\local\\temp\\_eleye.png'
23.5669 	EXP 	unnamed TextStim: text = 'Camera:  RIGHT     Threshold:  P=79    CR=248 '
23.5669 	EXP 	unnamed ImageStim: image = 'c:\\users\\sr38553\\appdata\\local\\temp\\_eleye.png'
23.5671 	DATA 	Keypress: up
23.6585 	EXP 	unnamed ImageStim: image = 'c:\\users\\sr38553\\appdata\\local\\temp\\_eleye.png'
23.7585 	EXP 	unnamed TextStim: text = 'Camera:  RIGHT     Threshold:  P=78    CR=248 '
23.7585 	EXP 	unnamed ImageStim: image = 'c:\\users\\sr38553\\appdata\\local\\temp\\_eleye.png'
23.8232 	DATA 	Keypress: up
23.8585 	EXP 	unnamed TextStim: text = 'Camera:  RIGHT     Threshold:  P=80    CR=248 '
23.8585 	EXP 	unnamed ImageStim: image = 'c:\\users\\sr38553\\appdata\\local\\temp\\_eleye.png'
23.9585 	EXP 	unnamed TextStim: text = 'Camera:  RIGHT     Threshold:  P=81    CR=248 '
23.9585 	EXP 	unnamed ImageStim: image = 'c:\\users\\sr38553\\appdata\\local\\temp\\_eleye.png'
24.0502 	EXP 	unnamed ImageStim: image = 'c:\\users\\sr38553\\appdata\\local\\temp\\_eleye.png'
24.0600 	DATA 	Keypress: up
24.1502 	EXP 	unnamed TextStim: text = 'Camera:  RIGHT     Threshold:  P=83    CR=248 '
24.1502 	EXP 	unnamed ImageStim: image = 'c:\\users\\sr38553\\appdata\\local\\temp\\_eleye.png'
24.2200 	DATA 	Keypress: up
24.2419 	EXP 	unnamed ImageStim: image = 'c:\\users\\sr38553\\appdata\\local\\temp\\_eleye.png'
24.3502 	EXP 	unnamed TextStim: text = 'Camera:  RIGHT     Threshold:  P=84    CR=248 '
24.3502 	EXP 	unnamed ImageStim: image = 'c:\\users\\sr38553\\appdata\\local\\temp\\_eleye.png'
24.4121 	DATA 	Keypress: up
24.4418 	EXP 	unnamed ImageStim: image = 'c:\\users\\sr38553\\appdata\\local\\temp\\_eleye.png'
24.5419 	EXP 	unnamed TextStim: text = 'Camera:  RIGHT     Threshold:  P=86    CR=248 '
24.5419 	EXP 	unnamed ImageStim: image = 'c:\\users\\sr38553\\appdata\\local\\temp\\_eleye.png'
24.6072 	DATA 	Keypress: up
24.6419 	EXP 	unnamed TextStim: text = 'Camera:  RIGHT     Threshold:  P=85    CR=248 '
24.6419 	EXP 	unnamed ImageStim: image = 'c:\\users\\sr38553\\appdata\\local\\temp\\_eleye.png'
24.7418 	EXP 	unnamed TextStim: text = 'Camera:  RIGHT     Threshold:  P=107    CR=248 '
24.7418 	EXP 	unnamed ImageStim: image = 'c:\\users\\sr38553\\appdata\\local\\temp\\_eleye.png'
24.8418 	EXP 	unnamed TextStim: text = 'Camera:  RIGHT     Threshold:  P=106    CR=248 '
24.8418 	EXP 	unnamed ImageStim: image = 'c:\\users\\sr38553\\appdata\\local\\temp\\_eleye.png'
24.9335 	EXP 	unnamed TextStim: text = 'Camera:  RIGHT     Threshold:  P=107    CR=248 '
24.9335 	EXP 	unnamed ImageStim: image = 'c:\\users\\sr38553\\appdata\\local\\temp\\_eleye.png'
25.0252 	EXP 	unnamed ImageStim: image = 'c:\\users\\sr38553\\appdata\\local\\temp\\_eleye.png'
25.1335 	EXP 	unnamed TextStim: text = 'Camera:  RIGHT     Threshold:  P=109    CR=248 '
25.1335 	EXP 	unnamed ImageStim: image = 'c:\\users\\sr38553\\appdata\\local\\temp\\_eleye.png'
25.2251 	EXP 	unnamed ImageStim: image = 'c:\\users\\sr38553\\appdata\\local\\temp\\_eleye.png'
25.3251 	EXP 	unnamed ImageStim: image = 'c:\\users\\sr38553\\appdata\\local\\temp\\_eleye.png'
25.4169 	EXP 	unnamed ImageStim: image = 'c:\\users\\sr38553\\appdata\\local\\temp\\_eleye.png'
25.5251 	EXP 	unnamed TextStim: text = 'Camera:  RIGHT     Threshold:  P=107    CR=248 '
25.5251 	EXP 	unnamed ImageStim: image = 'c:\\users\\sr38553\\appdata\\local\\temp\\_eleye.png'
25.6251 	EXP 	unnamed TextStim: text = 'Camera:  RIGHT     Threshold:  P=108    CR=247 '
25.6251 	EXP 	unnamed ImageStim: image = 'c:\\users\\sr38553\\appdata\\local\\temp\\_eleye.png'
25.7168 	EXP 	unnamed TextStim: text = 'Camera:  RIGHT     Threshold:  P=106    CR=247 '
25.7168 	EXP 	unnamed ImageStim: image = 'c:\\users\\sr38553\\appdata\\local\\temp\\_eleye.png'
25.8168 	EXP 	unnamed TextStim: text = 'Camera:  RIGHT     Threshold:  P=88    CR=247 '
25.8168 	EXP 	unnamed ImageStim: image = 'c:\\users\\sr38553\\appdata\\local\\temp\\_eleye.png'
25.9168 	EXP 	unnamed TextStim: text = 'Camera:  RIGHT     Threshold:  P=103    CR=248 '
25.9168 	EXP 	unnamed ImageStim: image = 'c:\\users\\sr38553\\appdata\\local\\temp\\_eleye.png'
26.0168 	EXP 	unnamed TextStim: text = 'Camera:  RIGHT     Threshold:  P=106    CR=247 '
26.0168 	EXP 	unnamed ImageStim: image = 'c:\\users\\sr38553\\appdata\\local\\temp\\_eleye.png'
26.1168 	EXP 	unnamed TextStim: text = 'Camera:  RIGHT     Threshold:  P=105    CR=247 '
26.1168 	EXP 	unnamed ImageStim: image = 'c:\\users\\sr38553\\appdata\\local\\temp\\_eleye.png'
26.2085 	EXP 	unnamed TextStim: text = 'Camera:  RIGHT     Threshold:  P=90    CR=247 '
26.2085 	EXP 	unnamed ImageStim: image = 'c:\\users\\sr38553\\appdata\\local\\temp\\_eleye.png'
26.3085 	EXP 	unnamed TextStim: text = 'Camera:  RIGHT     Threshold:  P=96    CR=247 '
26.3085 	EXP 	unnamed ImageStim: image = 'c:\\users\\sr38553\\appdata\\local\\temp\\_eleye.png'
26.4084 	EXP 	unnamed TextStim: text = 'Camera:  RIGHT     Threshold:  P=95    CR=247 '
26.4084 	EXP 	unnamed ImageStim: image = 'c:\\users\\sr38553\\appdata\\local\\temp\\_eleye.png'
26.4440 	DATA 	Keypress: return
26.5807 	EXP 	Created menu_screen = ImageStim(autoLog=True, color=array([ 1.,  1.,  1.]), colorSpace='rgb', contrast=1.0, depth=-1.0, flipHoriz=False, flipVert=False, image='Instructions/menu.png', interpolate=True, mask=None, maskParams=None, name='menu_screen', opacity=1.0, ori=0.0, pos=array([ 0.,  0.]), size=array([1920, 1080]), texRes=128, units='pix', win=Window(...))
26.7252 	EXP 	Created menu_screen = ImageStim(autoLog=True, color=array([ 1.,  1.,  1.]), colorSpace='rgb', contrast=1.0, depth=-1.0, flipHoriz=False, flipVert=False, image='Instructions/menu.png', interpolate=True, mask=None, maskParams=None, name='menu_screen', opacity=1.0, ori=0.0, pos=array([ 0.,  0.]), size=array([1920, 1080]), texRes=128, units='pix', win=Window(...))
27.1640 	DATA 	Keypress: c
27.3003 	EXP 	Created menu_screen = ImageStim(autoLog=True, color=array([ 1.,  1.,  1.]), colorSpace='rgb', contrast=1.0, depth=-1.0, flipHoriz=False, flipVert=False, image='Instructions/menu.png', interpolate=True, mask=None, maskParams=None, name='menu_screen', opacity=1.0, ori=0.0, pos=array([ 0.,  0.]), size=array([1920, 1080]), texRes=128, units='pix', win=Window(...))
27.3251 	EXP 	unnamed Circle: pos = (0, 0)
27.3251 	EXP 	unnamed Circle: pos = (0, 0)
28.0759 	DATA 	Keypress: return
28.1167 	EXP 	unnamed Circle: pos = (-423, -224)
28.1167 	EXP 	unnamed Circle: pos = (-423, -224)
28.9720 	DATA 	Keypress: return
29.0167 	EXP 	unnamed Circle: pos = (844, -448)
29.0167 	EXP 	unnamed Circle: pos = (844, -448)
29.7559 	DATA 	Keypress: return
30.2679 	DATA 	Keypress: return
30.7639 	DATA 	Keypress: return
30.8167 	EXP 	unnamed Circle: pos = (422, -224)
30.8167 	EXP 	unnamed Circle: pos = (422, -224)
31.3399 	DATA 	Keypress: return
31.8359 	DATA 	Keypress: return
31.8833 	EXP 	unnamed Circle: pos = (844, 0)
31.8833 	EXP 	unnamed Circle: pos = (844, 0)
32.4759 	DATA 	Keypress: return
32.5499 	EXP 	unnamed Circle: pos = (-845, 0)
32.5499 	EXP 	unnamed Circle: pos = (-845, 0)
33.0039 	DATA 	Keypress: return
33.5158 	DATA 	Keypress: return
34.0598 	DATA 	Keypress: return
34.6358 	DATA 	Keypress: return
34.6749 	EXP 	unnamed Circle: pos = (-423, 225)
34.6749 	EXP 	unnamed Circle: pos = (-423, 225)
35.2119 	DATA 	Keypress: return
35.2582 	EXP 	unnamed Circle: pos = (422, 225)
35.2582 	EXP 	unnamed Circle: pos = (422, 225)
35.9638 	DATA 	Keypress: return
35.9998 	EXP 	unnamed Circle: pos = (-845, 449)
35.9998 	EXP 	unnamed Circle: pos = (-845, 449)
36.6198 	DATA 	Keypress: return
36.6748 	EXP 	unnamed Circle: pos = (844, 449)
36.6748 	EXP 	unnamed Circle: pos = (844, 449)
37.1478 	DATA 	Keypress: return
37.6278 	DATA 	Keypress: return
38.1398 	DATA 	Keypress: return
38.6518 	DATA 	Keypress: return
39.1477 	DATA 	Keypress: return
39.1830 	EXP 	unnamed Circle: pos = (0, -448)
39.1830 	EXP 	unnamed Circle: pos = (0, -448)
39.7398 	DATA 	Keypress: return
40.2357 	DATA 	Keypress: return
40.2580 	EXP 	unnamed Circle: pos = (-845, -448)
40.2580 	EXP 	unnamed Circle: pos = (-845, -448)
40.6678 	DATA 	Keypress: return
41.1637 	DATA 	Keypress: return
41.1913 	EXP 	unnamed Circle: pos = (0, 449)
41.1913 	EXP 	unnamed Circle: pos = (0, 449)
41.6438 	DATA 	Keypress: return
42.0917 	DATA 	Keypress: return
42.1246 	EXP 	unnamed Circle: pos = (0, 0)
42.1246 	EXP 	unnamed Circle: pos = (0, 0)
42.5238 	DATA 	Keypress: return
43.0517 	DATA 	Keypress: return
44.6518 	DATA 	Keypress: return
44.8942 	EXP 	Created menu_screen = ImageStim(autoLog=True, color=array([ 1.,  1.,  1.]), colorSpace='rgb', contrast=1.0, depth=-1.0, flipHoriz=False, flipVert=False, image='Instructions/menu.png', interpolate=True, mask=None, maskParams=None, name='menu_screen', opacity=1.0, ori=0.0, pos=array([ 0.,  0.]), size=array([1920, 1080]), texRes=128, units='pix', win=Window(...))
45.7398 	DATA 	Keypress: v
45.8748 	EXP 	Created menu_screen = ImageStim(autoLog=True, color=array([ 1.,  1.,  1.]), colorSpace='rgb', contrast=1.0, depth=-1.0, flipHoriz=False, flipVert=False, image='Instructions/menu.png', interpolate=True, mask=None, maskParams=None, name='menu_screen', opacity=1.0, ori=0.0, pos=array([ 0.,  0.]), size=array([1920, 1080]), texRes=128, units='pix', win=Window(...))
45.8995 	EXP 	unnamed Circle: pos = (0, 0)
45.8995 	EXP 	unnamed Circle: pos = (0, 0)
46.2837 	DATA 	Keypress: return
46.7317 	DATA 	Keypress: return
46.7828 	EXP 	unnamed Circle: pos = (0, -448)
46.7828 	EXP 	unnamed Circle: pos = (0, -448)
47.1957 	DATA 	Keypress: return
47.2411 	EXP 	unnamed Circle: pos = (-744, -394)
47.2411 	EXP 	unnamed Circle: pos = (-744, -394)
47.8357 	DATA 	Keypress: return
48.3957 	DATA 	Keypress: return
48.4328 	EXP 	unnamed Circle: pos = (-423, 225)
48.4328 	EXP 	unnamed Circle: pos = (-423, 225)
48.8437 	DATA 	Keypress: return
49.2917 	DATA 	Keypress: return
49.3411 	EXP 	unnamed Circle: pos = (0, 449)
49.3411 	EXP 	unnamed Circle: pos = (0, 449)
49.7557 	DATA 	Keypress: return
50.1396 	DATA 	Keypress: return
50.1994 	EXP 	unnamed Circle: pos = (422, -224)
50.1994 	EXP 	unnamed Circle: pos = (422, -224)
50.5717 	DATA 	Keypress: return
50.9717 	DATA 	Keypress: return
51.4197 	DATA 	Keypress: return
51.4577 	EXP 	unnamed Circle: pos = (743, -394)
51.4577 	EXP 	unnamed Circle: pos = (743, -394)
51.8517 	DATA 	Keypress: return
52.2516 	DATA 	Keypress: return
52.2993 	EXP 	unnamed Circle: pos = (-423, -224)
52.2993 	EXP 	unnamed Circle: pos = (-423, -224)
52.6516 	DATA 	Keypress: return
53.0357 	DATA 	Keypress: return
53.0743 	EXP 	unnamed Circle: pos = (844, 0)
53.0743 	EXP 	unnamed Circle: pos = (844, 0)
53.4357 	DATA 	Keypress: return
53.8516 	DATA 	Keypress: return
54.0076 	EXP 	unnamed Circle: pos = (-744, 395)
54.0076 	EXP 	unnamed Circle: pos = (-744, 395)
54.3476 	DATA 	Keypress: return
54.7796 	DATA 	Keypress: return
54.8326 	EXP 	unnamed Circle: pos = (743, 395)
54.8326 	EXP 	unnamed Circle: pos = (743, 395)
55.2436 	DATA 	Keypress: return
55.6916 	DATA 	Keypress: return
55.7408 	EXP 	unnamed Circle: pos = (-845, 0)
55.7408 	EXP 	unnamed Circle: pos = (-845, 0)
56.1076 	DATA 	Keypress: return
56.5396 	DATA 	Keypress: return
56.6408 	EXP 	unnamed Circle: pos = (422, 225)
56.6408 	EXP 	unnamed Circle: pos = (422, 225)
56.9716 	DATA 	Keypress: return
57.3876 	DATA 	Keypress: return
57.4325 	EXP 	unnamed Circle: pos = (0, 0)
57.4325 	EXP 	unnamed Circle: pos = (0, 0)
57.8516 	DATA 	Keypress: return
58.2996 	DATA 	Keypress: return
58.7241 	EXP 	unnamed Circle: pos = (0, -448)
58.7241 	EXP 	unnamed Circle: pos = (0, -448)
59.8197 	DATA 	Keypress: return
60.0074 	EXP 	unnamed Circle: pos = (-744, -394)
60.0074 	EXP 	unnamed Circle: pos = (-744, -394)
60.4276 	DATA 	Keypress: return
60.9396 	DATA 	Keypress: return
60.9907 	EXP 	unnamed Circle: pos = (0, 0)
60.9907 	EXP 	unnamed Circle: pos = (0, 0)
61.5636 	DATA 	Keypress: return
62.4435 	DATA 	Keypress: return
64.3796 	DATA 	Keypress: return
64.6229 	EXP 	Created menu_screen = ImageStim(autoLog=True, color=array([ 1.,  1.,  1.]), colorSpace='rgb', contrast=1.0, depth=-1.0, flipHoriz=False, flipVert=False, image='Instructions/menu.png', interpolate=True, mask=None, maskParams=None, name='menu_screen', opacity=1.0, ori=0.0, pos=array([ 0.,  0.]), size=array([1920, 1080]), texRes=128, units='pix', win=Window(...))
65.0516 	DATA 	Keypress: o
65.1839 	EXP 	Created menu_screen = ImageStim(autoLog=True, color=array([ 1.,  1.,  1.]), colorSpace='rgb', contrast=1.0, depth=-1.0, flipHoriz=False, flipVert=False, image='Instructions/menu.png', interpolate=True, mask=None, maskParams=None, name='menu_screen', opacity=1.0, ori=0.0, pos=array([ 0.,  0.]), size=array([1920, 1080]), texRes=128, units='pix', win=Window(...))
65.2003 	EXP 	Imported procedure\Introduction_list.csv as conditions, 1 conditions, 1 params
65.2005 	EXP 	Created sequence: sequential, trialTypes=1, nReps=1, seed=None
65.3035 	DEBUG 	Using C:/Users/sr38553/Desktop/new task/task/6.7.02.py as origin file
65.3041 	EXP 	New trial (rep=0, index=0): {'Introduction_image': 'inst_1'}
65.4489 	EXP 	task_instr_image: size = array([1920, 1080])
65.4489 	EXP 	task_instr_image: image = 'Instructions/inst_1.png'
65.4489 	EXP 	task_instr_image: autoDraw = True
65.9655 	DATA 	Keypress: return
65.9675 	EXP 	Imported procedure\#set_list.csv as conditions, 3 conditions, 5 params
65.9677 	EXP 	Created sequence: sequential, trialTypes=3, nReps=1, seed=None
65.9684 	DEBUG 	Using C:/Users/sr38553/Desktop/new task/task/6.7.02.py as origin file
65.9690 	EXP 	New trial (rep=0, index=0): {'block_event': 'comp_1', 'order': 0, 'block_display': 'inst_2', 'block_file': 'procedure\\0.csv', 'break_display': 'break'}
66.1154 	EXP 	task_instr_image: autoDraw = False
66.1154 	EXP 	Block_image: size = array([1920, 1080])
66.1154 	EXP 	Block_image: image = 'Instructions/inst_2.png'
66.1154 	EXP 	Block_image: autoDraw = True
66.7322 	DATA 	Keypress: return
66.9654 	EXP 	Block_image: autoDraw = False
66.9654 	EXP 	composite_display: size = array([1024,  768])
66.9654 	EXP 	composite_display: image = 'instructions/comp_1.png'
66.9654 	EXP 	composite_display: autoDraw = True
72.4084 	EXP 	Imported procedure\0.csv as conditions, 4 conditions, 7 params
72.4087 	EXP 	Created sequence: random, trialTypes=4, nReps=1, seed=None
72.4094 	DEBUG 	Using C:/Users/sr38553/Desktop/new task/task/6.7.02.py as origin file
72.4101 	EXP 	New trial (rep=0, index=0): {'valmean': 3.3399999999999999, 'valence': 'Negative', 'scenestim': '2120.bmp', 'arousal': 'High', 'outliers': 0, 'blocknum': 0, 'arousalmean': 5.1799999999999997}
72.5736 	EXP 	composite_display: autoDraw = False
72.5736 	EXP 	composite_display: autoDraw = False
74.6816 	EXP 	fixation_cross: autoDraw = False
74.6816 	EXP 	iaps_display: size = array([1024,  768])
74.6816 	EXP 	iaps_display: image = 'stimulus/2120.bmp'
74.6816 	EXP 	iaps_display: autoDraw = True
76.5151 	EXP 	iaps_cue: size = array([1024,  768])
76.5151 	EXP 	iaps_cue: image = 'red.png'
76.5151 	EXP 	iaps_cue: autoDraw = True
77.2068 	EXP 	iaps_cue: size = array([1024,  768])
77.2068 	EXP 	iaps_cue: image = 'green.png'
77.2068 	EXP 	iaps_cue: autoDraw = True
77.7068 	EXP 	iaps_cue: size = array([1024,  768])
77.7068 	EXP 	iaps_cue: image = 'red.png'
77.7068 	EXP 	iaps_cue: autoDraw = True
77.9568 	EXP 	iaps_cue: size = array([1024,  768])
77.9568 	EXP 	iaps_cue: image = 'green.png'
77.9568 	EXP 	iaps_cue: autoDraw = True
78.2067 	EXP 	iaps_cue: size = array([1024,  768])
78.2067 	EXP 	iaps_cue: image = 'red.png'
78.2067 	EXP 	iaps_cue: autoDraw = True
78.4567 	EXP 	iaps_cue: size = array([1024,  768])
78.4567 	EXP 	iaps_cue: image = 'green.png'
78.4567 	EXP 	iaps_cue: autoDraw = True
78.7067 	EXP 	iaps_cue: size = array([1024,  768])
78.7067 	EXP 	iaps_cue: image = 'red.png'
78.7067 	EXP 	iaps_cue: autoDraw = True
78.9566 	EXP 	iaps_cue: size = array([1024,  768])
78.9566 	EXP 	iaps_cue: image = 'green.png'
78.9566 	EXP 	iaps_cue: autoDraw = True
79.2067 	EXP 	iaps_cue: size = array([1024,  768])
79.2067 	EXP 	iaps_cue: image = 'red.png'
79.2067 	EXP 	iaps_cue: autoDraw = True
84.7148 	EXP 	iaps_cue: size = array([1024,  768])
84.7148 	EXP 	iaps_cue: image = 'green.png'
84.7148 	EXP 	iaps_cue: autoDraw = True
84.9648 	EXP 	iaps_cue: size = array([1024,  768])
84.9648 	EXP 	iaps_cue: image = 'blue.png'
84.9648 	EXP 	iaps_cue: autoDraw = True
85.9648 	EXP 	iaps_cue: size = array([1024,  768])
85.9648 	EXP 	iaps_cue: image = 'green.png'
85.9648 	EXP 	iaps_cue: autoDraw = True
86.2148 	EXP 	iaps_cue: size = array([1024,  768])
86.2148 	EXP 	iaps_cue: image = 'red.png'
86.2148 	EXP 	iaps_cue: autoDraw = True
86.4648 	EXP 	iaps_cue: size = array([1024,  768])
86.4648 	EXP 	iaps_cue: image = 'green.png'
86.4648 	EXP 	iaps_cue: autoDraw = True
86.7148 	EXP 	iaps_cue: size = array([1024,  768])
86.7148 	EXP 	iaps_cue: image = 'blue.png'
86.7148 	EXP 	iaps_cue: autoDraw = True
87.4647 	EXP 	iaps_cue: size = array([1024,  768])
87.4647 	EXP 	iaps_cue: image = 'green.png'
87.4647 	EXP 	iaps_cue: autoDraw = True
88.2147 	EXP 	iaps_cue: size = array([1024,  768])
88.2147 	EXP 	iaps_cue: image = 'blue.png'
88.2147 	EXP 	iaps_cue: autoDraw = True
88.4647 	EXP 	iaps_cue: size = array([1024,  768])
88.4647 	EXP 	iaps_cue: image = 'green.png'
88.4647 	EXP 	iaps_cue: autoDraw = True
89.4673 	EXP 	iaps_cue: size = array([1024,  768])
89.4673 	EXP 	iaps_cue: image = 'red.png'
89.4673 	EXP 	iaps_cue: autoDraw = True
89.9647 	EXP 	iaps_cue: size = array([1024,  768])
89.9647 	EXP 	iaps_cue: image = 'green.png'
89.9647 	EXP 	iaps_cue: autoDraw = True
90.2148 	EXP 	iaps_cue: size = array([1024,  768])
90.2148 	EXP 	iaps_cue: image = 'blue.png'
90.2148 	EXP 	iaps_cue: autoDraw = True
91.9646 	EXP 	iaps_cue: size = array([1024,  768])
91.9646 	EXP 	iaps_cue: image = 'green.png'
91.9646 	EXP 	iaps_cue: autoDraw = True
92.7146 	EXP 	iaps_cue: size = array([1024,  768])
92.7146 	EXP 	iaps_cue: image = 'blue.png'
92.7146 	EXP 	iaps_cue: autoDraw = True
92.9646 	EXP 	iaps_cue: size = array([1024,  768])
92.9646 	EXP 	iaps_cue: image = 'green.png'
92.9646 	EXP 	iaps_cue: autoDraw = True
93.7145 	EXP 	iaps_cue: size = array([1024,  768])
93.7145 	EXP 	iaps_cue: image = 'blue.png'
93.7145 	EXP 	iaps_cue: autoDraw = True
93.9645 	EXP 	iaps_cue: size = array([1024,  768])
93.9645 	EXP 	iaps_cue: image = 'green.png'
93.9645 	EXP 	iaps_cue: autoDraw = True
94.4645 	EXP 	iaps_cue: size = array([1024,  768])
94.4645 	EXP 	iaps_cue: image = 'blue.png'
94.4645 	EXP 	iaps_cue: autoDraw = True
94.4728 	EXP 	iaps_display: autoDraw = False
94.4728 	EXP 	iaps_cue: autoDraw = False
94.4728 	EXP 	blank: autoDraw = True
97.2967 	EXP 	New trial (rep=0, index=1): {'valmean': 6.71, 'valence': 'Positive', 'scenestim': '2030.bmp', 'arousal': 'High', 'outliers': 0, 'blocknum': 0, 'arousalmean': 4.54}
97.4558 	EXP 	iaps_display: autoDraw = False
97.4558 	EXP 	iaps_cue: autoDraw = False
97.4558 	EXP 	blank: autoDraw = False
99.5641 	EXP 	iaps_display: size = array([1024,  768])
99.5641 	EXP 	iaps_display: image = 'stimulus/2030.bmp'
99.5641 	EXP 	iaps_display: autoDraw = True
101.3394 	EXP 	iaps_cue: size = array([1024,  768])
101.3394 	EXP 	iaps_cue: image = 'green.png'
101.3394 	EXP 	iaps_cue: autoDraw = True
106.8392 	EXP 	iaps_cue: size = array([1024,  768])
106.8392 	EXP 	iaps_cue: image = 'red.png'
106.8392 	EXP 	iaps_cue: autoDraw = True
107.0892 	EXP 	iaps_cue: size = array([1024,  768])
107.0892 	EXP 	iaps_cue: image = 'green.png'
107.0892 	EXP 	iaps_cue: autoDraw = True
107.5891 	EXP 	iaps_cue: size = array([1024,  768])
107.5891 	EXP 	iaps_cue: image = 'blue.png'
107.5891 	EXP 	iaps_cue: autoDraw = True
108.0891 	EXP 	iaps_cue: size = array([1024,  768])
108.0891 	EXP 	iaps_cue: image = 'green.png'
108.0891 	EXP 	iaps_cue: autoDraw = True
112.0973 	EXP 	iaps_cue: size = array([1024,  768])
112.0973 	EXP 	iaps_cue: image = 'red.png'
112.0973 	EXP 	iaps_cue: autoDraw = True
112.3474 	EXP 	iaps_cue: size = array([1024,  768])
112.3474 	EXP 	iaps_cue: image = 'green.png'
112.3474 	EXP 	iaps_cue: autoDraw = True
114.0973 	EXP 	iaps_cue: size = array([1024,  768])
114.0973 	EXP 	iaps_cue: image = 'red.png'
114.0973 	EXP 	iaps_cue: autoDraw = True
114.3473 	EXP 	iaps_cue: size = array([1024,  768])
114.3473 	EXP 	iaps_cue: image = 'green.png'
114.3473 	EXP 	iaps_cue: autoDraw = True
114.5972 	EXP 	iaps_cue: size = array([1024,  768])
114.5972 	EXP 	iaps_cue: image = 'blue.png'
114.5972 	EXP 	iaps_cue: autoDraw = True
115.5972 	EXP 	iaps_cue: size = array([1024,  768])
115.5972 	EXP 	iaps_cue: image = 'green.png'
115.5972 	EXP 	iaps_cue: autoDraw = True
119.3389 	EXP 	iaps_display: autoDraw = False
119.3389 	EXP 	iaps_cue: autoDraw = False
119.3389 	EXP 	blank: autoDraw = True
122.1828 	EXP 	New trial (rep=0, index=2): {'valmean': 6.8799999999999999, 'valence': 'Positive', 'scenestim': '2655.bmp', 'arousal': 'High', 'outliers': 0, 'blocknum': 0, 'arousalmean': 4.5700000000000003}
122.3551 	EXP 	iaps_display: autoDraw = False
122.3551 	EXP 	iaps_cue: autoDraw = False
122.3551 	EXP 	blank: autoDraw = False
128.1229 	DATA 	Keypress: return
128.3715 	EXP 	fixation_cross: autoDraw = False
130.4215 	EXP 	fixation_cross: autoDraw = False
130.4215 	EXP 	iaps_display: size = array([826, 768])
130.4215 	EXP 	iaps_display: image = 'stimulus/2655.bmp'
130.4215 	EXP 	iaps_display: autoDraw = True
132.2301 	EXP 	iaps_cue: size = array([826, 768])
132.2301 	EXP 	iaps_cue: image = 'blue.png'
132.2301 	EXP 	iaps_cue: autoDraw = True
132.4467 	EXP 	iaps_cue: size = array([826, 768])
132.4467 	EXP 	iaps_cue: image = 'green.png'
132.4467 	EXP 	iaps_cue: autoDraw = True
135.4467 	EXP 	iaps_cue: size = array([826, 768])
135.4467 	EXP 	iaps_cue: image = 'red.png'
135.4467 	EXP 	iaps_cue: autoDraw = True
135.6965 	EXP 	iaps_cue: size = array([826, 768])
135.6965 	EXP 	iaps_cue: image = 'green.png'
135.6965 	EXP 	iaps_cue: autoDraw = True
136.9465 	EXP 	iaps_cue: size = array([826, 768])
136.9465 	EXP 	iaps_cue: image = 'red.png'
136.9465 	EXP 	iaps_cue: autoDraw = True
137.1965 	EXP 	iaps_cue: size = array([826, 768])
137.1965 	EXP 	iaps_cue: image = 'green.png'
137.1965 	EXP 	iaps_cue: autoDraw = True
137.4465 	EXP 	iaps_cue: size = array([826, 768])
137.4465 	EXP 	iaps_cue: image = 'blue.png'
137.4465 	EXP 	iaps_cue: autoDraw = True
138.1966 	EXP 	iaps_cue: size = array([826, 768])
138.1966 	EXP 	iaps_cue: image = 'green.png'
138.1966 	EXP 	iaps_cue: autoDraw = True
141.1965 	EXP 	iaps_cue: size = array([826, 768])
141.1965 	EXP 	iaps_cue: image = 'red.png'
141.1965 	EXP 	iaps_cue: autoDraw = True
141.6964 	EXP 	iaps_cue: size = array([826, 768])
141.6964 	EXP 	iaps_cue: image = 'green.png'
141.6964 	EXP 	iaps_cue: autoDraw = True
141.9464 	EXP 	iaps_cue: size = array([826, 768])
141.9464 	EXP 	iaps_cue: image = 'blue.png'
141.9464 	EXP 	iaps_cue: autoDraw = True
142.4464 	EXP 	iaps_cue: size = array([826, 768])
142.4464 	EXP 	iaps_cue: image = 'green.png'
142.4464 	EXP 	iaps_cue: autoDraw = True
142.9463 	EXP 	iaps_cue: size = array([826, 768])
142.9463 	EXP 	iaps_cue: image = 'blue.png'
142.9463 	EXP 	iaps_cue: autoDraw = True
143.4463 	EXP 	iaps_cue: size = array([826, 768])
143.4463 	EXP 	iaps_cue: image = 'green.png'
143.4463 	EXP 	iaps_cue: autoDraw = True
144.9463 	EXP 	iaps_cue: size = array([826, 768])
144.9463 	EXP 	iaps_cue: image = 'red.png'
144.9463 	EXP 	iaps_cue: autoDraw = True
145.4462 	EXP 	iaps_cue: size = array([826, 768])
145.4462 	EXP 	iaps_cue: image = 'green.png'
145.4462 	EXP 	iaps_cue: autoDraw = True
147.9545 	EXP 	iaps_cue: size = array([826, 768])
147.9545 	EXP 	iaps_cue: image = 'red.png'
147.9545 	EXP 	iaps_cue: autoDraw = True
148.1962 	EXP 	iaps_cue: size = array([826, 768])
148.1962 	EXP 	iaps_cue: image = 'green.png'
148.1962 	EXP 	iaps_cue: autoDraw = True
148.6959 	EXP 	iaps_cue: size = array([826, 768])
148.6959 	EXP 	iaps_cue: image = 'blue.png'
148.6959 	EXP 	iaps_cue: autoDraw = True
148.9545 	EXP 	iaps_cue: size = array([826, 768])
148.9545 	EXP 	iaps_cue: image = 'green.png'
148.9545 	EXP 	iaps_cue: autoDraw = True
150.1962 	EXP 	iaps_display: autoDraw = False
150.1962 	EXP 	iaps_cue: autoDraw = False
150.1962 	EXP 	blank: autoDraw = True
153.0437 	EXP 	New trial (rep=0, index=3): {'valmean': 1.95, 'valence': 'Negative', 'scenestim': '2205.bmp', 'arousal': 'High', 'outliers': 0, 'blocknum': 0, 'arousalmean': 4.5300000000000002}
153.1958 	EXP 	iaps_display: autoDraw = False
153.1958 	EXP 	iaps_cue: autoDraw = False
153.1958 	EXP 	blank: autoDraw = False
155.3127 	EXP 	iaps_display: size = array([1024,  768])
155.3127 	EXP 	iaps_display: image = 'stimulus/2205.bmp'
155.3127 	EXP 	iaps_display: autoDraw = True
157.1293 	EXP 	iaps_cue: size = array([1024,  768])
157.1293 	EXP 	iaps_cue: image = 'green.png'
157.1293 	EXP 	iaps_cue: autoDraw = True
157.3375 	EXP 	iaps_cue: size = array([1024,  768])
157.3375 	EXP 	iaps_cue: image = 'red.png'
157.3375 	EXP 	iaps_cue: autoDraw = True
157.8375 	EXP 	iaps_cue: size = array([1024,  768])
157.8375 	EXP 	iaps_cue: image = 'green.png'
157.8375 	EXP 	iaps_cue: autoDraw = True
159.0875 	EXP 	iaps_cue: size = array([1024,  768])
159.0875 	EXP 	iaps_cue: image = 'red.png'
159.0875 	EXP 	iaps_cue: autoDraw = True
159.3375 	EXP 	iaps_cue: size = array([1024,  768])
159.3375 	EXP 	iaps_cue: image = 'green.png'
159.3375 	EXP 	iaps_cue: autoDraw = True
160.3374 	EXP 	iaps_cue: size = array([1024,  768])
160.3374 	EXP 	iaps_cue: image = 'red.png'
160.3374 	EXP 	iaps_cue: autoDraw = True
160.8374 	EXP 	iaps_cue: size = array([1024,  768])
160.8374 	EXP 	iaps_cue: image = 'green.png'
160.8374 	EXP 	iaps_cue: autoDraw = True
162.5958 	EXP 	iaps_cue: size = array([1024,  768])
162.5958 	EXP 	iaps_cue: image = 'red.png'
162.5958 	EXP 	iaps_cue: autoDraw = True
163.3458 	EXP 	iaps_cue: size = array([1024,  768])
163.3458 	EXP 	iaps_cue: image = 'green.png'
163.3458 	EXP 	iaps_cue: autoDraw = True
163.8459 	EXP 	iaps_cue: size = array([1024,  768])
163.8459 	EXP 	iaps_cue: image = 'red.png'
163.8459 	EXP 	iaps_cue: autoDraw = True
164.5958 	EXP 	iaps_cue: size = array([1024,  768])
164.5958 	EXP 	iaps_cue: image = 'green.png'
164.5958 	EXP 	iaps_cue: autoDraw = True
164.8458 	EXP 	iaps_cue: size = array([1024,  768])
164.8458 	EXP 	iaps_cue: image = 'red.png'
164.8458 	EXP 	iaps_cue: autoDraw = True
165.5958 	EXP 	iaps_cue: size = array([1024,  768])
165.5958 	EXP 	iaps_cue: image = 'green.png'
165.5958 	EXP 	iaps_cue: autoDraw = True
165.8458 	EXP 	iaps_cue: size = array([1024,  768])
165.8458 	EXP 	iaps_cue: image = 'red.png'
165.8458 	EXP 	iaps_cue: autoDraw = True
166.3457 	EXP 	iaps_cue: size = array([1024,  768])
166.3457 	EXP 	iaps_cue: image = 'green.png'
166.3457 	EXP 	iaps_cue: autoDraw = True
166.5958 	EXP 	iaps_cue: size = array([1024,  768])
166.5958 	EXP 	iaps_cue: image = 'red.png'
166.5958 	EXP 	iaps_cue: autoDraw = True
173.3455 	EXP 	iaps_cue: size = array([1024,  768])
173.3455 	EXP 	iaps_cue: image = 'green.png'
173.3455 	EXP 	iaps_cue: autoDraw = True
173.5955 	EXP 	iaps_cue: size = array([1024,  768])
173.5955 	EXP 	iaps_cue: image = 'blue.png'
173.5955 	EXP 	iaps_cue: autoDraw = True
174.5955 	EXP 	iaps_cue: size = array([1024,  768])
174.5955 	EXP 	iaps_cue: image = 'green.png'
174.5955 	EXP 	iaps_cue: autoDraw = True
175.0871 	EXP 	iaps_display: autoDraw = False
175.0871 	EXP 	iaps_cue: autoDraw = False
175.0871 	EXP 	blank: autoDraw = True
177.9318 	EXP 	Created sequence: random, trialTypes=1, nReps=1, seed=None
177.9329 	DEBUG 	Using C:/Users/sr38553/Desktop/new task/task/6.7.02.py as origin file
177.9333 	EXP 	New trial (rep=0, index=0): None
178.0784 	EXP 	iaps_display: autoDraw = False
178.0784 	EXP 	iaps_cue: autoDraw = False
178.0784 	EXP 	blank: autoDraw = False
178.0784 	EXP 	break_image: size = array([1920, 1080])
178.0784 	EXP 	break_image: image = 'Instructions/break.png'
178.0784 	EXP 	break_image: autoDraw = True
179.4034 	DATA 	Keypress: space
179.4041 	EXP 	New trial (rep=0, index=1): {'block_event': 'comp_2', 'order': 1, 'block_display': 'cont_inst', 'block_file': 'procedure\\1.csv', 'break_display': 'break'}
179.4533 	EXP 	break_image: autoDraw = False
179.4533 	EXP 	Block_image: size = array([1920, 1080])
179.4533 	EXP 	Block_image: image = 'Instructions/cont_inst.png'
179.4533 	EXP 	Block_image: autoDraw = True
179.8700 	DATA 	Keypress: space
180.0616 	EXP 	Block_image: autoDraw = False
180.0616 	EXP 	composite_display: size = array([1024,  768])
180.0616 	EXP 	composite_display: image = 'instructions/comp_2.png'
180.0616 	EXP 	composite_display: autoDraw = True
185.5443 	EXP 	Imported procedure\1.csv as conditions, 4 conditions, 7 params
185.5445 	EXP 	Created sequence: random, trialTypes=4, nReps=1, seed=None
185.5453 	DEBUG 	Using C:/Users/sr38553/Desktop/new task/task/6.7.02.py as origin file
185.5459 	EXP 	New trial (rep=0, index=0): {'valmean': 7.7699999999999996, 'valence': 'Positive', 'scenestim': '2550.bmp', 'arousal': 'High', 'outliers': 0, 'blocknum': 1, 'arousalmean': 4.6799999999999997}
185.5874 	DATA 	Keypress: space
185.7031 	EXP 	composite_display: autoDraw = False
185.7031 	EXP 	composite_display: autoDraw = False
187.8197 	EXP 	fixation_cross: autoDraw = False
187.8197 	EXP 	iaps_display: size = array([1024,  768])
187.8197 	EXP 	iaps_display: image = 'stimulus/2550.bmp'
187.8197 	EXP 	iaps_display: autoDraw = True
189.5872 	DATA 	Keypress: grave
189.5949 	EXP 	iaps_cue: size = array([1024,  768])
189.5949 	EXP 	iaps_cue: image = 'red.png'
189.5949 	EXP 	iaps_cue: autoDraw = True
190.5707 	DATA 	Keypress: escape
0.3407 	WARNING 	Movie2 stim could not be imported and won't be available
9.4465 	WARNING 	Monitor specification not found. Creating a temporary one...
10.1071 	EXP 	Created window1 = Window(allowGUI=True, allowStencil=False, autoLog=True, bitsMode=UNKNOWN, blendMode='avg', color=array([-0.137, -0.137, -0.137]), colorSpace='rgb', fullscr=UNKNOWN, gamma=None, lms=UNKNOWN, monitor=<psychopy.monitors.calibTools.Monitor instance at 0x16C22E40>, name='window1', pos=[0, 0], screen=0, size=array([1920, 1080]), stereo=False, units='pix', useFBO=True, viewOri=0.0, viewPos=None, viewScale=None, waitBlanking=True, winType='pyglet')
10.1071 	EXP 	window1: recordFrameIntervals = False
10.1897 	EXP 	window1: recordFrameIntervals = True
10.2815 	DEBUG 	Screen (0) actual frame rate measured at 120.03
10.2815 	EXP 	window1: recordFrameIntervals = False
10.3419 	INFO 	sound is using audioLib: pyo
10.3658 	EXP 	Created task_instr_image = ImageStim(autoLog=True, color=array([ 1.,  1.,  1.]), colorSpace='rgb', contrast=1.0, depth=0.0, flipHoriz=False, flipVert=False, image='sin', interpolate=True, mask=None, maskParams=None, name='task_instr_image', opacity=1.0, ori=0.0, pos=array([ 0.,  0.]), size=array([ 0.5,  0.5]), texRes=128, units='pix', win=Window(...))
10.3679 	EXP 	Created Block_image = ImageStim(autoLog=True, color=array([ 1.,  1.,  1.]), colorSpace='rgb', contrast=1.0, depth=-1.0, flipHoriz=False, flipVert=False, image='sin', interpolate=True, mask=None, maskParams=None, name='Block_image', opacity=1.0, ori=0.0, pos=array([ 0.,  0.]), size=array([ 0.5,  0.5]), texRes=128, units='pix', win=Window(...))
10.3700 	EXP 	Created composite_display = ImageStim(autoLog=True, color=array([ 1.,  1.,  1.]), colorSpace='rgb', contrast=1.0, depth=0.0, flipHoriz=False, flipVert=False, image='sin', interpolate=True, mask=None, maskParams=None, name='composite_display', opacity=1.0, ori=0.0, pos=array([ 0.,  0.]), size=array([ 0.5,  0.5]), texRes=128, units='pix', win=Window(...))
10.5190 	EXP 	Created fixation_cross = ImageStim(autoLog=True, color=array([ 1.,  1.,  1.]), colorSpace='rgb', contrast=1.0, depth=-1.0, flipHoriz=False, flipVert=False, image='Instructions/fixation.png', interpolate=True, mask=None, maskParams=None, name='fixation_cross', opacity=1.0, ori=0.0, pos=array([ 0.,  0.]), size=array([1920, 1080]), texRes=128, units='pix', win=Window(...))
10.5216 	EXP 	Created iaps_cue = ImageStim(autoLog=True, color=array([ 1.,  1.,  1.]), colorSpace='rgb', contrast=1.0, depth=-1.0, flipHoriz=False, flipVert=False, image='sin', interpolate=True, mask=None, maskParams=None, name='iaps_cue', opacity=0.25, ori=0.0, pos=array([ 0.,  0.]), size=array([ 0.5,  0.5]), texRes=128, units='pix', win=Window(...))
10.5238 	EXP 	Created iaps_display = ImageStim(autoLog=True, color=array([ 1.,  1.,  1.]), colorSpace='rgb', contrast=1.0, depth=-1.0, flipHoriz=False, flipVert=False, image='sin', interpolate=True, mask=None, maskParams=None, name='iaps_display', opacity=1.0, ori=0.0, pos=array([ 0.,  0.]), size=array([ 0.5,  0.5]), texRes=128, units='pix', win=Window(...))
10.6692 	EXP 	Created blank = ImageStim(autoLog=True, color=array([ 1.,  1.,  1.]), colorSpace='rgb', contrast=1.0, depth=-2.0, flipHoriz=False, flipVert=False, image='Instructions/blank.png', interpolate=True, mask=None, maskParams=None, name='blank', opacity=1.0, ori=0.0, pos=array([ 0.,  0.]), size=array([1920, 1080]), texRes=128, units='pix', win=Window(...))
10.6713 	EXP 	Created break_image = ImageStim(autoLog=True, color=array([ 1.,  1.,  1.]), colorSpace='rgb', contrast=1.0, depth=-1.0, flipHoriz=False, flipVert=False, image='sin', interpolate=True, mask=None, maskParams=None, name='break_image', opacity=1.0, ori=0.0, pos=array([ 0.,  0.]), size=array([ 0.5,  0.5]), texRes=128, units='pix', win=Window(...))
10.8068 	EXP 	Created End_Screen = ImageStim(autoLog=True, color=array([ 1.,  1.,  1.]), colorSpace='rgb', contrast=1.0, depth=0.0, flipHoriz=False, flipVert=False, image='Instructions/finished.png', interpolate=True, mask=None, maskParams=None, name='End_Screen', opacity=1.0, ori=0.0, pos=array([ 0.,  0.]), size=array([1920, 1080]), texRes=128, units='pix', win=Window(...))
11.9373 	EXP 	Created unnamed Circle = Circle(autoDraw=False, autoLog=True, closeShape=True, contrast=1.0, depth=0, fillColor=array([ 1.,  1.,  1.]), fillColorSpace='rgb', fillRGB=array([ 1.,  1.,  1.]), interpolate=True, lineColor=array([ 1.,  1.,  1.]), lineColorSpace='rgb', lineRGB=array([ 1.,  1.,  1.]), lineWidth=1.5, name='unnamed Circle', opacity=1.0, ori=array(0.0), pos=array([ 0.,  0.]), size=array([ 1.,  1.]), units='pix', vertices=ndarray(...), win=Window(...))
11.9409 	EXP 	Created unnamed Circle = Circle(autoDraw=False, autoLog=True, closeShape=True, contrast=1.0, depth=0, fillColor=array([-1., -1., -1.]), fillColorSpace='rgb', fillRGB=array([-1., -1., -1.]), interpolate=True, lineColor=array([-1., -1., -1.]), lineColorSpace='rgb', lineRGB=array([-1., -1., -1.]), lineWidth=1.5, name='unnamed Circle', opacity=1.0, ori=array(0.0), pos=array([ 0.,  0.]), size=array([ 1.,  1.]), units='pix', vertices=ndarray(...), win=Window(...))
12.5750 	EXP 	Created menu_screen = ImageStim(autoLog=True, color=array([ 1.,  1.,  1.]), colorSpace='rgb', contrast=1.0, depth=-1.0, flipHoriz=False, flipVert=False, image='Instructions/menu.png', interpolate=True, mask=None, maskParams=None, name='menu_screen', opacity=1.0, ori=0.0, pos=array([ 0.,  0.]), size=array([1920, 1080]), texRes=128, units='pix', win=Window(...))
17.8085 	DATA 	Keypress: c
17.9401 	EXP 	Created menu_screen = ImageStim(autoLog=True, color=array([ 1.,  1.,  1.]), colorSpace='rgb', contrast=1.0, depth=-1.0, flipHoriz=False, flipVert=False, image='Instructions/menu.png', interpolate=True, mask=None, maskParams=None, name='menu_screen', opacity=1.0, ori=0.0, pos=array([ 0.,  0.]), size=array([1920, 1080]), texRes=128, units='pix', win=Window(...))
17.9644 	EXP 	unnamed Circle: pos = (0, 0)
17.9644 	EXP 	unnamed Circle: pos = (0, 0)
18.3365 	DATA 	Keypress: return
18.7525 	DATA 	Keypress: return
18.7976 	EXP 	unnamed Circle: pos = (844, 449)
18.7976 	EXP 	unnamed Circle: pos = (844, 449)
19.1685 	DATA 	Keypress: return
19.5365 	DATA 	Keypress: return
19.5810 	EXP 	unnamed Circle: pos = (844, 0)
19.5810 	EXP 	unnamed Circle: pos = (844, 0)
19.9045 	DATA 	Keypress: return
20.2404 	DATA 	Keypress: return
20.2809 	EXP 	unnamed Circle: pos = (0, 449)
20.2809 	EXP 	unnamed Circle: pos = (0, 449)
20.5924 	DATA 	Keypress: return
20.9124 	DATA 	Keypress: return
20.9892 	EXP 	unnamed Circle: pos = (-423, -224)
20.9892 	EXP 	unnamed Circle: pos = (-423, -224)
21.2805 	DATA 	Keypress: return
21.6164 	DATA 	Keypress: return
21.7059 	EXP 	unnamed Circle: pos = (-845, -448)
21.7059 	EXP 	unnamed Circle: pos = (-845, -448)
21.9844 	DATA 	Keypress: return
22.3204 	DATA 	Keypress: return
22.3558 	EXP 	unnamed Circle: pos = (422, 225)
22.3558 	EXP 	unnamed Circle: pos = (422, 225)
22.6564 	DATA 	Keypress: return
22.9763 	DATA 	Keypress: return
23.0475 	EXP 	unnamed Circle: pos = (-845, 0)
23.0475 	EXP 	unnamed Circle: pos = (-845, 0)
23.3444 	DATA 	Keypress: return
23.6483 	DATA 	Keypress: return
23.7307 	EXP 	unnamed Circle: pos = (-845, 449)
23.7307 	EXP 	unnamed Circle: pos = (-845, 449)
24.0003 	DATA 	Keypress: return
24.3203 	DATA 	Keypress: return
24.3474 	EXP 	unnamed Circle: pos = (844, -448)
24.3474 	EXP 	unnamed Circle: pos = (844, -448)
24.7043 	DATA 	Keypress: return
25.0563 	DATA 	Keypress: return
25.4083 	DATA 	Keypress: return
25.4474 	EXP 	unnamed Circle: pos = (-423, 225)
25.4474 	EXP 	unnamed Circle: pos = (-423, 225)
25.7923 	DATA 	Keypress: return
26.1443 	DATA 	Keypress: return
26.1806 	EXP 	unnamed Circle: pos = (0, -448)
26.1806 	EXP 	unnamed Circle: pos = (0, -448)
26.4803 	DATA 	Keypress: return
26.8163 	DATA 	Keypress: return
26.8973 	EXP 	unnamed Circle: pos = (422, -224)
26.8973 	EXP 	unnamed Circle: pos = (422, -224)
27.1523 	DATA 	Keypress: return
27.5363 	DATA 	Keypress: return
27.8403 	DATA 	Keypress: return
27.8722 	EXP 	unnamed Circle: pos = (0, 0)
27.8722 	EXP 	unnamed Circle: pos = (0, 0)
28.1603 	DATA 	Keypress: return
28.4962 	DATA 	Keypress: return
28.8643 	DATA 	Keypress: return
29.1010 	EXP 	Created menu_screen = ImageStim(autoLog=True, color=array([ 1.,  1.,  1.]), colorSpace='rgb', contrast=1.0, depth=-1.0, flipHoriz=False, flipVert=False, image='Instructions/menu.png', interpolate=True, mask=None, maskParams=None, name='menu_screen', opacity=1.0, ori=0.0, pos=array([ 0.,  0.]), size=array([1920, 1080]), texRes=128, units='pix', win=Window(...))
29.4403 	DATA 	Keypress: return
29.5857 	EXP 	Created menu_screen = ImageStim(autoLog=True, color=array([ 1.,  1.,  1.]), colorSpace='rgb', contrast=1.0, depth=-1.0, flipHoriz=False, flipVert=False, image='Instructions/menu.png', interpolate=True, mask=None, maskParams=None, name='menu_screen', opacity=1.0, ori=0.0, pos=array([ 0.,  0.]), size=array([1920, 1080]), texRes=128, units='pix', win=Window(...))
29.7271 	EXP 	Created menu_screen = ImageStim(autoLog=True, color=array([ 1.,  1.,  1.]), colorSpace='rgb', contrast=1.0, depth=-1.0, flipHoriz=False, flipVert=False, image='Instructions/menu.png', interpolate=True, mask=None, maskParams=None, name='menu_screen', opacity=1.0, ori=0.0, pos=array([ 0.,  0.]), size=array([1920, 1080]), texRes=128, units='pix', win=Window(...))
29.9216 	EXP 	Created unnamed TextStim = TextStim(alignHoriz='center', alignVert='top', antialias=True, autoLog=True, bold=False, color=array([ 0.137,  0.137,  0.137]), colorSpace='rgb', contrast=1.0, depth=0, flipHoriz=False, flipVert=False, font='', fontFiles=[], height=28, italic=False, name='unnamed TextStim', opacity=1.0, ori=0.0, pos=array([   0.,  525.]), rgb=array([ 0.137,  0.137,  0.137]), text=unicode(...), units='pix', win=Window(...), wrapWidth=1536.0)
30.2154 	EXP 	Created unnamed ImageStim = ImageStim(autoLog=True, color=array([ 1.,  1.,  1.]), colorSpace='rgb', contrast=1.0, depth=0, flipHoriz=False, flipVert=False, image=str(...), interpolate=False, mask=None, maskParams=None, name='unnamed ImageStim', opacity=1.0, ori=0.0, pos=array([ 0.,  0.]), size=array([ 960.,  800.]), texRes=128, units='pix', win=Window(...))
30.2222 	EXP 	unnamed TextStim: text = 'Camera:  LEFT      Threshold:  P=60    CR=213 '
30.3138 	EXP 	unnamed TextStim: text = 'Camera:  LEFT      Threshold:  P=59    CR=210 '
30.3138 	EXP 	unnamed ImageStim: image = 'c:\\users\\sr38553\\appdata\\local\\temp\\_eleye.png'
30.4138 	EXP 	unnamed TextStim: text = 'Camera:  LEFT      Threshold:  P=60    CR=211 '
30.4138 	EXP 	unnamed ImageStim: image = 'c:\\users\\sr38553\\appdata\\local\\temp\\_eleye.png'
30.5054 	EXP 	unnamed TextStim: text = 'Camera:  LEFT      Threshold:  P=63    CR=210 '
30.5054 	EXP 	unnamed ImageStim: image = 'c:\\users\\sr38553\\appdata\\local\\temp\\_eleye.png'
30.6055 	EXP 	unnamed TextStim: text = 'Camera:  LEFT      Threshold:  P=62    CR=210 '
30.6055 	EXP 	unnamed ImageStim: image = 'c:\\users\\sr38553\\appdata\\local\\temp\\_eleye.png'
30.7054 	EXP 	unnamed TextStim: text = 'Camera:  LEFT      Threshold:  P=60    CR=210 '
30.7054 	EXP 	unnamed ImageStim: image = 'c:\\users\\sr38553\\appdata\\local\\temp\\_eleye.png'
30.8054 	EXP 	unnamed TextStim: text = 'Camera:  LEFT      Threshold:  P=59    CR=209 '
30.8054 	EXP 	unnamed ImageStim: image = 'c:\\users\\sr38553\\appdata\\local\\temp\\_eleye.png'
30.8971 	EXP 	unnamed ImageStim: image = 'c:\\users\\sr38553\\appdata\\local\\temp\\_eleye.png'
30.9887 	EXP 	unnamed ImageStim: image = 'c:\\users\\sr38553\\appdata\\local\\temp\\_eleye.png'
31.0971 	EXP 	unnamed TextStim: text = 'Camera:  LEFT      Threshold:  P=58    CR=210 '
31.0971 	EXP 	unnamed ImageStim: image = 'c:\\users\\sr38553\\appdata\\local\\temp\\_eleye.png'
31.1971 	EXP 	unnamed TextStim: text = 'Camera:  LEFT      Threshold:  P=60    CR=210 '
31.1971 	EXP 	unnamed ImageStim: image = 'c:\\users\\sr38553\\appdata\\local\\temp\\_eleye.png'
31.2887 	EXP 	unnamed ImageStim: image = 'c:\\users\\sr38553\\appdata\\local\\temp\\_eleye.png'
31.3887 	EXP 	unnamed TextStim: text = 'Camera:  LEFT      Threshold:  P=59    CR=210 '
31.3887 	EXP 	unnamed ImageStim: image = 'c:\\users\\sr38553\\appdata\\local\\temp\\_eleye.png'
31.4887 	EXP 	unnamed TextStim: text = 'Camera:  LEFT      Threshold:  P=58    CR=210 '
31.4887 	EXP 	unnamed ImageStim: image = 'c:\\users\\sr38553\\appdata\\local\\temp\\_eleye.png'
31.5804 	EXP 	unnamed ImageStim: image = 'c:\\users\\sr38553\\appdata\\local\\temp\\_eleye.png'
31.6804 	EXP 	unnamed TextStim: text = 'Camera:  LEFT      Threshold:  P=58    CR=209 '
31.6804 	EXP 	unnamed ImageStim: image = 'c:\\users\\sr38553\\appdata\\local\\temp\\_eleye.png'
31.7721 	EXP 	unnamed ImageStim: image = 'c:\\users\\sr38553\\appdata\\local\\temp\\_eleye.png'
31.8804 	EXP 	unnamed TextStim: text = 'Camera:  LEFT      Threshold:  P=57    CR=209 '
31.8804 	EXP 	unnamed ImageStim: image = 'c:\\users\\sr38553\\appdata\\local\\temp\\_eleye.png'
31.9804 	EXP 	unnamed TextStim: text = 'Camera:  LEFT      Threshold:  P=60    CR=210 '
31.9804 	EXP 	unnamed ImageStim: image = 'c:\\users\\sr38553\\appdata\\local\\temp\\_eleye.png'
32.0720 	EXP 	unnamed TextStim: text = 'Camera:  LEFT      Threshold:  P=61    CR=210 '
32.0720 	EXP 	unnamed ImageStim: image = 'c:\\users\\sr38553\\appdata\\local\\temp\\_eleye.png'
32.1804 	EXP 	unnamed TextStim: text = 'Camera:  LEFT      Threshold:  P=62    CR=210 '
32.1804 	EXP 	unnamed ImageStim: image = 'c:\\users\\sr38553\\appdata\\local\\temp\\_eleye.png'
32.2720 	EXP 	unnamed TextStim: text = 'Camera:  LEFT      Threshold:  P=62    CR=209 '
32.2720 	EXP 	unnamed ImageStim: image = 'c:\\users\\sr38553\\appdata\\local\\temp\\_eleye.png'
32.3720 	EXP 	unnamed TextStim: text = 'Camera:  LEFT      Threshold:  P=61    CR=209 '
32.3720 	EXP 	unnamed ImageStim: image = 'c:\\users\\sr38553\\appdata\\local\\temp\\_eleye.png'
32.4637 	EXP 	unnamed ImageStim: image = 'c:\\users\\sr38553\\appdata\\local\\temp\\_eleye.png'
32.4962 	DATA 	Keypress: o
32.6318 	EXP 	Created menu_screen = ImageStim(autoLog=True, color=array([ 1.,  1.,  1.]), colorSpace='rgb', contrast=1.0, depth=-1.0, flipHoriz=False, flipVert=False, image='Instructions/menu.png', interpolate=True, mask=None, maskParams=None, name='menu_screen', opacity=1.0, ori=0.0, pos=array([ 0.,  0.]), size=array([1920, 1080]), texRes=128, units='pix', win=Window(...))
32.7820 	EXP 	Created menu_screen = ImageStim(autoLog=True, color=array([ 1.,  1.,  1.]), colorSpace='rgb', contrast=1.0, depth=-1.0, flipHoriz=False, flipVert=False, image='Instructions/menu.png', interpolate=True, mask=None, maskParams=None, name='menu_screen', opacity=1.0, ori=0.0, pos=array([ 0.,  0.]), size=array([1920, 1080]), texRes=128, units='pix', win=Window(...))
32.9271 	EXP 	Created menu_screen = ImageStim(autoLog=True, color=array([ 1.,  1.,  1.]), colorSpace='rgb', contrast=1.0, depth=-1.0, flipHoriz=False, flipVert=False, image='Instructions/menu.png', interpolate=True, mask=None, maskParams=None, name='menu_screen', opacity=1.0, ori=0.0, pos=array([ 0.,  0.]), size=array([1920, 1080]), texRes=128, units='pix', win=Window(...))
32.9402 	EXP 	Imported procedure\Introduction_list.csv as conditions, 1 conditions, 1 params
32.9404 	EXP 	Created sequence: sequential, trialTypes=1, nReps=1, seed=None
33.0422 	DEBUG 	Using C:/Users/sr38553/Desktop/new task/task/6.7.02.py as origin file
33.0427 	EXP 	New trial (rep=0, index=0): {'Introduction_image': 'inst_1'}
33.1803 	EXP 	task_instr_image: size = array([1920, 1080])
33.1803 	EXP 	task_instr_image: image = 'Instructions/inst_1.png'
33.1803 	EXP 	task_instr_image: autoDraw = True
35.4883 	DATA 	Keypress: return
35.4902 	EXP 	Imported procedure\#set_list.csv as conditions, 3 conditions, 5 params
35.4904 	EXP 	Created sequence: sequential, trialTypes=3, nReps=1, seed=None
35.4912 	DEBUG 	Using C:/Users/sr38553/Desktop/new task/task/6.7.02.py as origin file
35.4919 	EXP 	New trial (rep=0, index=0): {'block_event': 'comp_1', 'order': 0, 'block_display': 'inst_2', 'block_file': 'procedure\\0.csv', 'break_display': 'break'}
35.6382 	EXP 	task_instr_image: autoDraw = False
35.6382 	EXP 	Block_image: size = array([1920, 1080])
35.6382 	EXP 	Block_image: image = 'Instructions/inst_2.png'
35.6382 	EXP 	Block_image: autoDraw = True
36.4383 	DATA 	Keypress: return
36.5215 	EXP 	Block_image: autoDraw = False
36.5215 	EXP 	composite_display: size = array([1024,  768])
36.5215 	EXP 	composite_display: image = 'instructions/comp_1.png'
36.5215 	EXP 	composite_display: autoDraw = True
41.4410 	EXP 	Imported procedure\0.csv as conditions, 4 conditions, 7 params
41.4413 	EXP 	Created sequence: random, trialTypes=4, nReps=1, seed=None
41.4420 	DEBUG 	Using C:/Users/sr38553/Desktop/new task/task/6.7.02.py as origin file
41.4427 	EXP 	New trial (rep=0, index=0): {'valmean': 1.95, 'valence': 'Negative', 'scenestim': '2205.bmp', 'arousal': 'High', 'outliers': 0, 'blocknum': 0, 'arousalmean': 4.5300000000000002}
41.5965 	EXP 	composite_display: autoDraw = False
41.5965 	EXP 	composite_display: autoDraw = False
41.5965 	EXP 	fixation_cross: autoDraw = True
43.7215 	EXP 	fixation_cross: autoDraw = False
43.7215 	EXP 	iaps_display: size = array([1024,  768])
43.7215 	EXP 	iaps_display: image = 'stimulus/2205.bmp'
43.7215 	EXP 	iaps_display: autoDraw = True
45.5214 	EXP 	iaps_cue: size = array([1024,  768])
45.5214 	EXP 	iaps_cue: image = 'red.png'
45.5214 	EXP 	iaps_cue: autoDraw = True
45.9796 	EXP 	iaps_cue: size = array([1024,  768])
45.9796 	EXP 	iaps_cue: image = 'green.png'
45.9796 	EXP 	iaps_cue: autoDraw = True
46.2297 	EXP 	iaps_cue: size = array([1024,  768])
46.2297 	EXP 	iaps_cue: image = 'blue.png'
46.2297 	EXP 	iaps_cue: autoDraw = True
46.7296 	EXP 	iaps_cue: size = array([1024,  768])
46.7296 	EXP 	iaps_cue: image = 'green.png'
46.7296 	EXP 	iaps_cue: autoDraw = True
46.9796 	EXP 	iaps_cue: size = array([1024,  768])
46.9796 	EXP 	iaps_cue: image = 'red.png'
46.9796 	EXP 	iaps_cue: autoDraw = True
47.4796 	EXP 	iaps_cue: size = array([1024,  768])
47.4796 	EXP 	iaps_cue: image = 'blue.png'
47.4796 	EXP 	iaps_cue: autoDraw = True
47.7297 	EXP 	iaps_cue: size = array([1024,  768])
47.7297 	EXP 	iaps_cue: image = 'green.png'
47.7297 	EXP 	iaps_cue: autoDraw = True
47.9796 	EXP 	iaps_cue: size = array([1024,  768])
47.9796 	EXP 	iaps_cue: image = 'red.png'
47.9796 	EXP 	iaps_cue: autoDraw = True
50.4795 	EXP 	iaps_cue: size = array([1024,  768])
50.4795 	EXP 	iaps_cue: image = 'blue.png'
50.4795 	EXP 	iaps_cue: autoDraw = True
50.7294 	EXP 	iaps_cue: size = array([1024,  768])
50.7294 	EXP 	iaps_cue: image = 'red.png'
50.7294 	EXP 	iaps_cue: autoDraw = True
51.2294 	EXP 	iaps_cue: size = array([1024,  768])
51.2294 	EXP 	iaps_cue: image = 'blue.png'
51.2294 	EXP 	iaps_cue: autoDraw = True
52.2378 	EXP 	iaps_cue: size = array([1024,  768])
52.2378 	EXP 	iaps_cue: image = 'green.png'
52.2378 	EXP 	iaps_cue: autoDraw = True
52.4878 	EXP 	iaps_cue: size = array([1024,  768])
52.4878 	EXP 	iaps_cue: image = 'red.png'
52.4878 	EXP 	iaps_cue: autoDraw = True
52.9878 	EXP 	iaps_cue: size = array([1024,  768])
52.9878 	EXP 	iaps_cue: image = 'blue.png'
52.9878 	EXP 	iaps_cue: autoDraw = True
53.4878 	EXP 	iaps_cue: size = array([1024,  768])
53.4878 	EXP 	iaps_cue: image = 'red.png'
53.4878 	EXP 	iaps_cue: autoDraw = True
54.2377 	EXP 	iaps_cue: size = array([1024,  768])
54.2377 	EXP 	iaps_cue: image = 'blue.png'
54.2377 	EXP 	iaps_cue: autoDraw = True
54.9877 	EXP 	iaps_cue: size = array([1024,  768])
54.9877 	EXP 	iaps_cue: image = 'green.png'
54.9877 	EXP 	iaps_cue: autoDraw = True
55.2377 	EXP 	iaps_cue: size = array([1024,  768])
55.2377 	EXP 	iaps_cue: image = 'blue.png'
55.2377 	EXP 	iaps_cue: autoDraw = True
56.4877 	EXP 	iaps_cue: size = array([1024,  768])
56.4877 	EXP 	iaps_cue: image = 'green.png'
56.4877 	EXP 	iaps_cue: autoDraw = True
57.2377 	EXP 	iaps_cue: size = array([1024,  768])
57.2377 	EXP 	iaps_cue: image = 'blue.png'
57.2377 	EXP 	iaps_cue: autoDraw = True
57.7376 	EXP 	iaps_cue: size = array([1024,  768])
57.7376 	EXP 	iaps_cue: image = 'green.png'
57.7376 	EXP 	iaps_cue: autoDraw = True
57.9876 	EXP 	iaps_cue: size = array([1024,  768])
57.9876 	EXP 	iaps_cue: image = 'red.png'
57.9876 	EXP 	iaps_cue: autoDraw = True
58.4876 	EXP 	iaps_cue: size = array([1024,  768])
58.4876 	EXP 	iaps_cue: image = 'blue.png'
58.4876 	EXP 	iaps_cue: autoDraw = True
58.7376 	EXP 	iaps_cue: size = array([1024,  768])
58.7376 	EXP 	iaps_cue: image = 'green.png'
58.7376 	EXP 	iaps_cue: autoDraw = True
58.9875 	EXP 	iaps_cue: size = array([1024,  768])
58.9875 	EXP 	iaps_cue: image = 'red.png'
58.9875 	EXP 	iaps_cue: autoDraw = True
59.2375 	EXP 	iaps_cue: size = array([1024,  768])
59.2375 	EXP 	iaps_cue: image = 'blue.png'
59.2375 	EXP 	iaps_cue: autoDraw = True
60.2375 	EXP 	iaps_cue: size = array([1024,  768])
60.2375 	EXP 	iaps_cue: image = 'green.png'
60.2375 	EXP 	iaps_cue: autoDraw = True
60.4875 	EXP 	iaps_cue: size = array([1024,  768])
60.4875 	EXP 	iaps_cue: image = 'red.png'
60.4875 	EXP 	iaps_cue: autoDraw = True
60.9958 	EXP 	iaps_cue: size = array([1024,  768])
60.9958 	EXP 	iaps_cue: image = 'blue.png'
60.9958 	EXP 	iaps_cue: autoDraw = True
61.2371 	EXP 	iaps_cue: size = array([1024,  768])
61.2371 	EXP 	iaps_cue: image = 'green.png'
61.2371 	EXP 	iaps_cue: autoDraw = True
61.4875 	EXP 	iaps_cue: size = array([1024,  768])
61.4875 	EXP 	iaps_cue: image = 'red.png'
61.4875 	EXP 	iaps_cue: autoDraw = True
61.7458 	EXP 	iaps_cue: size = array([1024,  768])
61.7458 	EXP 	iaps_cue: image = 'green.png'
61.7458 	EXP 	iaps_cue: autoDraw = True
61.9957 	EXP 	iaps_cue: size = array([1024,  768])
61.9957 	EXP 	iaps_cue: image = 'blue.png'
61.9957 	EXP 	iaps_cue: autoDraw = True
62.7457 	EXP 	iaps_cue: size = array([1024,  768])
62.7457 	EXP 	iaps_cue: image = 'green.png'
62.7457 	EXP 	iaps_cue: autoDraw = True
62.9957 	EXP 	iaps_cue: size = array([1024,  768])
62.9957 	EXP 	iaps_cue: image = 'red.png'
62.9957 	EXP 	iaps_cue: autoDraw = True
63.4957 	EXP 	iaps_cue: size = array([1024,  768])
63.4957 	EXP 	iaps_cue: image = 'green.png'
63.4957 	EXP 	iaps_cue: autoDraw = True
63.5036 	EXP 	iaps_display: autoDraw = False
63.5036 	EXP 	iaps_cue: autoDraw = False
63.5036 	EXP 	blank: autoDraw = True
66.3428 	EXP 	New trial (rep=0, index=1): {'valmean': 6.71, 'valence': 'Positive', 'scenestim': '2030.bmp', 'arousal': 'High', 'outliers': 0, 'blocknum': 0, 'arousalmean': 4.54}
66.5035 	EXP 	iaps_display: autoDraw = False
66.5035 	EXP 	iaps_cue: autoDraw = False
66.5035 	EXP 	blank: autoDraw = False
66.5035 	EXP 	fixation_cross: autoDraw = True
68.6201 	EXP 	fixation_cross: autoDraw = False
68.6201 	EXP 	iaps_display: size = array([1024,  768])
68.6201 	EXP 	iaps_display: image = 'stimulus/2030.bmp'
68.6201 	EXP 	iaps_display: autoDraw = True
70.3869 	EXP 	iaps_cue: size = array([1024,  768])
70.3869 	EXP 	iaps_cue: image = 'green.png'
70.3869 	EXP 	iaps_cue: autoDraw = True
71.6368 	EXP 	iaps_cue: size = array([1024,  768])
71.6368 	EXP 	iaps_cue: image = 'blue.png'
71.6368 	EXP 	iaps_cue: autoDraw = True
73.1368 	EXP 	iaps_cue: size = array([1024,  768])
73.1368 	EXP 	iaps_cue: image = 'green.png'
73.1368 	EXP 	iaps_cue: autoDraw = True
73.8867 	EXP 	iaps_cue: size = array([1024,  768])
73.8867 	EXP 	iaps_cue: image = 'blue.png'
73.8867 	EXP 	iaps_cue: autoDraw = True
74.3867 	EXP 	iaps_cue: size = array([1024,  768])
74.3867 	EXP 	iaps_cue: image = 'green.png'
74.3867 	EXP 	iaps_cue: autoDraw = True
75.1367 	EXP 	iaps_cue: size = array([1024,  768])
75.1367 	EXP 	iaps_cue: image = 'blue.png'
75.1367 	EXP 	iaps_cue: autoDraw = True
75.6367 	EXP 	iaps_cue: size = array([1024,  768])
75.6367 	EXP 	iaps_cue: image = 'green.png'
75.6367 	EXP 	iaps_cue: autoDraw = True
76.3866 	EXP 	iaps_cue: size = array([1024,  768])
76.3866 	EXP 	iaps_cue: image = 'blue.png'
76.3866 	EXP 	iaps_cue: autoDraw = True
76.8867 	EXP 	iaps_cue: size = array([1024,  768])
76.8867 	EXP 	iaps_cue: image = 'green.png'
76.8867 	EXP 	iaps_cue: autoDraw = True
77.6366 	EXP 	iaps_cue: size = array([1024,  768])
77.6366 	EXP 	iaps_cue: image = 'blue.png'
77.6366 	EXP 	iaps_cue: autoDraw = True
77.8865 	EXP 	iaps_cue: size = array([1024,  768])
77.8865 	EXP 	iaps_cue: image = 'green.png'
77.8865 	EXP 	iaps_cue: autoDraw = True
79.1365 	EXP 	iaps_cue: size = array([1024,  768])
79.1365 	EXP 	iaps_cue: image = 'red.png'
79.1365 	EXP 	iaps_cue: autoDraw = True
79.8865 	EXP 	iaps_cue: size = array([1024,  768])
79.8865 	EXP 	iaps_cue: image = 'green.png'
79.8865 	EXP 	iaps_cue: autoDraw = True
81.1365 	EXP 	iaps_cue: size = array([1024,  768])
81.1365 	EXP 	iaps_cue: image = 'red.png'
81.1365 	EXP 	iaps_cue: autoDraw = True
81.8864 	EXP 	iaps_cue: size = array([1024,  768])
81.8864 	EXP 	iaps_cue: image = 'green.png'
81.8864 	EXP 	iaps_cue: autoDraw = True
84.3862 	EXP 	iaps_cue: size = array([1024,  768])
84.3862 	EXP 	iaps_cue: image = 'blue.png'
84.3862 	EXP 	iaps_cue: autoDraw = True
87.1361 	EXP 	iaps_cue: size = array([1024,  768])
87.1361 	EXP 	iaps_cue: image = 'green.png'
87.1361 	EXP 	iaps_cue: autoDraw = True
87.3861 	EXP 	iaps_cue: size = array([1024,  768])
87.3861 	EXP 	iaps_cue: image = 'blue.png'
87.3861 	EXP 	iaps_cue: autoDraw = True
88.3860 	EXP 	iaps_display: autoDraw = False
88.3860 	EXP 	iaps_cue: autoDraw = False
88.3860 	EXP 	blank: autoDraw = True
91.2568 	EXP 	New trial (rep=0, index=2): {'valmean': 3.3399999999999999, 'valence': 'Negative', 'scenestim': '2120.bmp', 'arousal': 'High', 'outliers': 0, 'blocknum': 0, 'arousalmean': 5.1799999999999997}
91.4107 	EXP 	iaps_display: autoDraw = False
91.4107 	EXP 	iaps_cue: autoDraw = False
91.4107 	EXP 	blank: autoDraw = False
91.4107 	EXP 	fixation_cross: autoDraw = True
93.5273 	EXP 	fixation_cross: autoDraw = False
93.5273 	EXP 	iaps_display: size = array([1024,  768])
93.5273 	EXP 	iaps_display: image = 'stimulus/2120.bmp'
93.5273 	EXP 	iaps_display: autoDraw = True
95.3024 	EXP 	iaps_cue: size = array([1024,  768])
95.3024 	EXP 	iaps_cue: image = 'red.png'
95.3024 	EXP 	iaps_cue: autoDraw = True
95.7940 	EXP 	iaps_cue: size = array([1024,  768])
95.7940 	EXP 	iaps_cue: image = 'green.png'
95.7940 	EXP 	iaps_cue: autoDraw = True
96.0441 	EXP 	iaps_cue: size = array([1024,  768])
96.0441 	EXP 	iaps_cue: image = 'blue.png'
96.0441 	EXP 	iaps_cue: autoDraw = True
96.8024 	EXP 	iaps_cue: size = array([1024,  768])
96.8024 	EXP 	iaps_cue: image = 'green.png'
96.8024 	EXP 	iaps_cue: autoDraw = True
97.0525 	EXP 	iaps_cue: size = array([1024,  768])
97.0525 	EXP 	iaps_cue: image = 'red.png'
97.0525 	EXP 	iaps_cue: autoDraw = True
97.5523 	EXP 	iaps_cue: size = array([1024,  768])
97.5523 	EXP 	iaps_cue: image = 'green.png'
97.5523 	EXP 	iaps_cue: autoDraw = True
98.0523 	EXP 	iaps_cue: size = array([1024,  768])
98.0523 	EXP 	iaps_cue: image = 'red.png'
98.0523 	EXP 	iaps_cue: autoDraw = True
99.0524 	EXP 	iaps_cue: size = array([1024,  768])
99.0524 	EXP 	iaps_cue: image = 'blue.png'
99.0524 	EXP 	iaps_cue: autoDraw = True
99.3024 	EXP 	iaps_cue: size = array([1024,  768])
99.3024 	EXP 	iaps_cue: image = 'red.png'
99.3024 	EXP 	iaps_cue: autoDraw = True
99.8024 	EXP 	iaps_cue: size = array([1024,  768])
99.8024 	EXP 	iaps_cue: image = 'green.png'
99.8024 	EXP 	iaps_cue: autoDraw = True
100.0523 	EXP 	iaps_cue: size = array([1024,  768])
100.0523 	EXP 	iaps_cue: image = 'blue.png'
100.0523 	EXP 	iaps_cue: autoDraw = True
100.5523 	EXP 	iaps_cue: size = array([1024,  768])
100.5523 	EXP 	iaps_cue: image = 'green.png'
100.5523 	EXP 	iaps_cue: autoDraw = True
100.8023 	EXP 	iaps_cue: size = array([1024,  768])
100.8023 	EXP 	iaps_cue: image = 'red.png'
100.8023 	EXP 	iaps_cue: autoDraw = True
101.3023 	EXP 	iaps_cue: size = array([1024,  768])
101.3023 	EXP 	iaps_cue: image = 'green.png'
101.3023 	EXP 	iaps_cue: autoDraw = True
101.8023 	EXP 	iaps_cue: size = array([1024,  768])
101.8023 	EXP 	iaps_cue: image = 'red.png'
101.8023 	EXP 	iaps_cue: autoDraw = True
104.0522 	EXP 	iaps_cue: size = array([1024,  768])
104.0522 	EXP 	iaps_cue: image = 'blue.png'
104.0522 	EXP 	iaps_cue: autoDraw = True
104.3022 	EXP 	iaps_cue: size = array([1024,  768])
104.3022 	EXP 	iaps_cue: image = 'red.png'
104.3022 	EXP 	iaps_cue: autoDraw = True
104.8021 	EXP 	iaps_cue: size = array([1024,  768])
104.8021 	EXP 	iaps_cue: image = 'green.png'
104.8021 	EXP 	iaps_cue: autoDraw = True
105.0604 	EXP 	iaps_cue: size = array([1024,  768])
105.0604 	EXP 	iaps_cue: image = 'blue.png'
105.0604 	EXP 	iaps_cue: autoDraw = True
105.8104 	EXP 	iaps_cue: size = array([1024,  768])
105.8104 	EXP 	iaps_cue: image = 'green.png'
105.8104 	EXP 	iaps_cue: autoDraw = True
106.0604 	EXP 	iaps_cue: size = array([1024,  768])
106.0604 	EXP 	iaps_cue: image = 'red.png'
106.0604 	EXP 	iaps_cue: autoDraw = True
107.5604 	EXP 	iaps_cue: size = array([1024,  768])
107.5604 	EXP 	iaps_cue: image = 'blue.png'
107.5604 	EXP 	iaps_cue: autoDraw = True
108.0603 	EXP 	iaps_cue: size = array([1024,  768])
108.0603 	EXP 	iaps_cue: image = 'red.png'
108.0603 	EXP 	iaps_cue: autoDraw = True
108.5603 	EXP 	iaps_cue: size = array([1024,  768])
108.5603 	EXP 	iaps_cue: image = 'blue.png'
108.5603 	EXP 	iaps_cue: autoDraw = True
109.3103 	EXP 	iaps_cue: size = array([1024,  768])
109.3103 	EXP 	iaps_cue: image = 'green.png'
109.3103 	EXP 	iaps_cue: autoDraw = True
109.5603 	EXP 	iaps_cue: size = array([1024,  768])
109.5603 	EXP 	iaps_cue: image = 'red.png'
109.5603 	EXP 	iaps_cue: autoDraw = True
110.0602 	EXP 	iaps_cue: size = array([1024,  768])
110.0602 	EXP 	iaps_cue: image = 'green.png'
110.0602 	EXP 	iaps_cue: autoDraw = True
110.3102 	EXP 	iaps_cue: size = array([1024,  768])
110.3102 	EXP 	iaps_cue: image = 'red.png'
110.3102 	EXP 	iaps_cue: autoDraw = True
113.3018 	EXP 	iaps_display: autoDraw = False
113.3018 	EXP 	iaps_cue: autoDraw = False
113.3018 	EXP 	blank: autoDraw = True
116.1598 	EXP 	New trial (rep=0, index=3): {'valmean': 6.8799999999999999, 'valence': 'Positive', 'scenestim': '2655.bmp', 'arousal': 'High', 'outliers': 0, 'blocknum': 0, 'arousalmean': 4.5700000000000003}
116.3429 	EXP 	iaps_display: autoDraw = False
116.3429 	EXP 	iaps_cue: autoDraw = False
116.3429 	EXP 	blank: autoDraw = False
116.3429 	EXP 	fixation_cross: autoDraw = True
118.4345 	EXP 	fixation_cross: autoDraw = False
118.4345 	EXP 	iaps_display: size = array([826, 768])
118.4345 	EXP 	iaps_display: image = 'stimulus/2655.bmp'
118.4345 	EXP 	iaps_display: autoDraw = True
120.2347 	EXP 	iaps_cue: size = array([826, 768])
120.2347 	EXP 	iaps_cue: image = 'green.png'
120.2347 	EXP 	iaps_cue: autoDraw = True
120.4513 	EXP 	iaps_cue: size = array([826, 768])
120.4513 	EXP 	iaps_cue: image = 'red.png'
120.4513 	EXP 	iaps_cue: autoDraw = True
121.2013 	EXP 	iaps_cue: size = array([826, 768])
121.2013 	EXP 	iaps_cue: image = 'green.png'
121.2013 	EXP 	iaps_cue: autoDraw = True
122.7012 	EXP 	iaps_cue: size = array([826, 768])
122.7012 	EXP 	iaps_cue: image = 'red.png'
122.7012 	EXP 	iaps_cue: autoDraw = True
125.4511 	EXP 	iaps_cue: size = array([826, 768])
125.4511 	EXP 	iaps_cue: image = 'blue.png'
125.4511 	EXP 	iaps_cue: autoDraw = True
125.7010 	EXP 	iaps_cue: size = array([826, 768])
125.7010 	EXP 	iaps_cue: image = 'red.png'
125.7010 	EXP 	iaps_cue: autoDraw = True
126.2011 	EXP 	iaps_cue: size = array([826, 768])
126.2011 	EXP 	iaps_cue: image = 'blue.png'
126.2011 	EXP 	iaps_cue: autoDraw = True
127.2010 	EXP 	iaps_cue: size = array([826, 768])
127.2010 	EXP 	iaps_cue: image = 'green.png'
127.2010 	EXP 	iaps_cue: autoDraw = True
127.4510 	EXP 	iaps_cue: size = array([826, 768])
127.4510 	EXP 	iaps_cue: image = 'red.png'
127.4510 	EXP 	iaps_cue: autoDraw = True
127.7010 	EXP 	iaps_cue: size = array([826, 768])
127.7010 	EXP 	iaps_cue: image = 'green.png'
127.7010 	EXP 	iaps_cue: autoDraw = True
128.2010 	EXP 	iaps_cue: size = array([826, 768])
128.2010 	EXP 	iaps_cue: image = 'red.png'
128.2010 	EXP 	iaps_cue: autoDraw = True
129.9508 	EXP 	iaps_cue: size = array([826, 768])
129.9508 	EXP 	iaps_cue: image = 'blue.png'
129.9508 	EXP 	iaps_cue: autoDraw = True
130.2010 	EXP 	iaps_cue: size = array([826, 768])
130.2010 	EXP 	iaps_cue: image = 'red.png'
130.2010 	EXP 	iaps_cue: autoDraw = True
130.4509 	EXP 	iaps_cue: size = array([826, 768])
130.4509 	EXP 	iaps_cue: image = 'green.png'
130.4509 	EXP 	iaps_cue: autoDraw = True
130.7008 	EXP 	iaps_cue: size = array([826, 768])
130.7008 	EXP 	iaps_cue: image = 'blue.png'
130.7008 	EXP 	iaps_cue: autoDraw = True
131.4508 	EXP 	iaps_cue: size = array([826, 768])
131.4508 	EXP 	iaps_cue: image = 'green.png'
131.4508 	EXP 	iaps_cue: autoDraw = True
131.7008 	EXP 	iaps_cue: size = array([826, 768])
131.7008 	EXP 	iaps_cue: image = 'red.png'
131.7008 	EXP 	iaps_cue: autoDraw = True
138.2005 	EXP 	iaps_display: autoDraw = False
138.2005 	EXP 	iaps_cue: autoDraw = False
138.2005 	EXP 	blank: autoDraw = True
141.0608 	EXP 	Created sequence: random, trialTypes=1, nReps=1, seed=None
141.0620 	DEBUG 	Using C:/Users/sr38553/Desktop/new task/task/6.7.02.py as origin file
141.0625 	EXP 	New trial (rep=0, index=0): None
141.2085 	EXP 	iaps_display: autoDraw = False
141.2085 	EXP 	iaps_cue: autoDraw = False
141.2085 	EXP 	blank: autoDraw = False
141.2085 	EXP 	break_image: size = array([1920, 1080])
141.2085 	EXP 	break_image: image = 'Instructions/break.png'
141.2085 	EXP 	break_image: autoDraw = True
142.4668 	DATA 	Keypress: return
142.4675 	EXP 	New trial (rep=0, index=1): {'block_event': 'comp_2', 'order': 1, 'block_display': 'cont_inst', 'block_file': 'procedure\\1.csv', 'break_display': 'break'}
142.5084 	EXP 	break_image: autoDraw = False
142.5084 	EXP 	Block_image: size = array([1920, 1080])
142.5084 	EXP 	Block_image: image = 'Instructions/cont_inst.png'
142.5084 	EXP 	Block_image: autoDraw = True
142.9168 	DATA 	Keypress: return
142.9584 	EXP 	Block_image: autoDraw = False
142.9584 	EXP 	composite_display: size = array([1024,  768])
142.9584 	EXP 	composite_display: image = 'instructions/comp_2.png'
142.9584 	EXP 	composite_display: autoDraw = True
147.9174 	DATA 	Keypress: escape
