0.3486 	WARNING 	Movie2 stim could not be imported and won't be available
15.7864 	WARNING 	Monitor specification not found. Creating a temporary one...
16.4672 	EXP 	Created window1 = Window(allowGUI=True, allowStencil=False, autoLog=True, bitsMode=UNKNOWN, blendMode='avg', color=array([-0.137, -0.137, -0.137]), colorSpace='rgb', fullscr=UNKNOWN, gamma=None, lms=UNKNOWN, monitor=<psychopy.monitors.calibTools.Monitor instance at 0x17D79710>, name='window1', pos=[0, 0], screen=0, size=array([1920, 1080]), stereo=False, units='pix', useFBO=True, viewOri=0.0, viewPos=None, viewScale=None, waitBlanking=True, winType='pyglet')
16.4672 	EXP 	window1: recordFrameIntervals = False
16.5498 	EXP 	window1: recordFrameIntervals = True
16.6415 	DEBUG 	Screen (0) actual frame rate measured at 120.03
16.6415 	EXP 	window1: recordFrameIntervals = False
16.6994 	INFO 	sound is using audioLib: pyo
16.7274 	EXP 	Created task_instr_image = ImageStim(autoLog=True, color=array([ 1.,  1.,  1.]), colorSpace='rgb', contrast=1.0, depth=0.0, flipHoriz=False, flipVert=False, image='sin', interpolate=True, mask=None, maskParams=None, name='task_instr_image', opacity=1.0, ori=0.0, pos=array([ 0.,  0.]), size=array([ 0.5,  0.5]), texRes=128, units='pix', win=Window(...))
16.7295 	EXP 	Created Block_image = ImageStim(autoLog=True, color=array([ 1.,  1.,  1.]), colorSpace='rgb', contrast=1.0, depth=-1.0, flipHoriz=False, flipVert=False, image='sin', interpolate=True, mask=None, maskParams=None, name='Block_image', opacity=1.0, ori=0.0, pos=array([ 0.,  0.]), size=array([ 0.5,  0.5]), texRes=128, units='pix', win=Window(...))
16.7315 	EXP 	Created composite_display = ImageStim(autoLog=True, color=array([ 1.,  1.,  1.]), colorSpace='rgb', contrast=1.0, depth=0.0, flipHoriz=False, flipVert=False, image='sin', interpolate=True, mask=None, maskParams=None, name='composite_display', opacity=1.0, ori=0.0, pos=array([ 0.,  0.]), size=array([ 0.5,  0.5]), texRes=128, units='pix', win=Window(...))
16.8898 	EXP 	Created fixation_cross = ImageStim(autoLog=True, color=array([ 1.,  1.,  1.]), colorSpace='rgb', contrast=1.0, depth=-1.0, flipHoriz=False, flipVert=False, image='Instructions/fixation.png', interpolate=True, mask=None, maskParams=None, name='fixation_cross', opacity=1.0, ori=0.0, pos=array([ 0.,  0.]), size=array([1920, 1080]), texRes=128, units='pix', win=Window(...))
16.8924 	EXP 	Created iaps_cue = ImageStim(autoLog=True, color=array([ 1.,  1.,  1.]), colorSpace='rgb', contrast=1.0, depth=-1.0, flipHoriz=False, flipVert=False, image='sin', interpolate=True, mask=None, maskParams=None, name='iaps_cue', opacity=0.25, ori=0.0, pos=array([ 0.,  0.]), size=array([ 0.5,  0.5]), texRes=128, units='pix', win=Window(...))
16.8946 	EXP 	Created iaps_display = ImageStim(autoLog=True, color=array([ 1.,  1.,  1.]), colorSpace='rgb', contrast=1.0, depth=-1.0, flipHoriz=False, flipVert=False, image='sin', interpolate=True, mask=None, maskParams=None, name='iaps_display', opacity=1.0, ori=0.0, pos=array([ 0.,  0.]), size=array([ 0.5,  0.5]), texRes=128, units='pix', win=Window(...))
17.0458 	EXP 	Created blank = ImageStim(autoLog=True, color=array([ 1.,  1.,  1.]), colorSpace='rgb', contrast=1.0, depth=-2.0, flipHoriz=False, flipVert=False, image='Instructions/blank.png', interpolate=True, mask=None, maskParams=None, name='blank', opacity=1.0, ori=0.0, pos=array([ 0.,  0.]), size=array([1920, 1080]), texRes=128, units='pix', win=Window(...))
17.0479 	EXP 	Created break_image = ImageStim(autoLog=True, color=array([ 1.,  1.,  1.]), colorSpace='rgb', contrast=1.0, depth=-1.0, flipHoriz=False, flipVert=False, image='sin', interpolate=True, mask=None, maskParams=None, name='break_image', opacity=1.0, ori=0.0, pos=array([ 0.,  0.]), size=array([ 0.5,  0.5]), texRes=128, units='pix', win=Window(...))
17.1861 	EXP 	Created End_Screen = ImageStim(autoLog=True, color=array([ 1.,  1.,  1.]), colorSpace='rgb', contrast=1.0, depth=0.0, flipHoriz=False, flipVert=False, image='Instructions/finished.png', interpolate=True, mask=None, maskParams=None, name='End_Screen', opacity=1.0, ori=0.0, pos=array([ 0.,  0.]), size=array([1920, 1080]), texRes=128, units='pix', win=Window(...))
18.3112 	EXP 	Created unnamed Circle = Circle(autoDraw=False, autoLog=True, closeShape=True, contrast=1.0, depth=0, fillColor=array([ 1.,  1.,  1.]), fillColorSpace='rgb', fillRGB=array([ 1.,  1.,  1.]), interpolate=True, lineColor=array([ 1.,  1.,  1.]), lineColorSpace='rgb', lineRGB=array([ 1.,  1.,  1.]), lineWidth=1.5, name='unnamed Circle', opacity=1.0, ori=array(0.0), pos=array([ 0.,  0.]), size=array([ 1.,  1.]), units='pix', vertices=ndarray(...), win=Window(...))
18.3148 	EXP 	Created unnamed Circle = Circle(autoDraw=False, autoLog=True, closeShape=True, contrast=1.0, depth=0, fillColor=array([-1., -1., -1.]), fillColorSpace='rgb', fillRGB=array([-1., -1., -1.]), interpolate=True, lineColor=array([-1., -1., -1.]), lineColorSpace='rgb', lineRGB=array([-1., -1., -1.]), lineWidth=1.5, name='unnamed Circle', opacity=1.0, ori=array(0.0), pos=array([ 0.,  0.]), size=array([ 1.,  1.]), units='pix', vertices=ndarray(...), win=Window(...))
18.9527 	EXP 	Created menu_screen = ImageStim(autoLog=True, color=array([ 1.,  1.,  1.]), colorSpace='rgb', contrast=1.0, depth=-1.0, flipHoriz=False, flipVert=False, image='Instructions/menu.png', interpolate=True, mask=None, maskParams=None, name='menu_screen', opacity=1.0, ori=0.0, pos=array([ 0.,  0.]), size=array([1920, 1080]), texRes=128, units='pix', win=Window(...))
20.2194 	DATA 	Keypress: c
20.3608 	EXP 	Created menu_screen = ImageStim(autoLog=True, color=array([ 1.,  1.,  1.]), colorSpace='rgb', contrast=1.0, depth=-1.0, flipHoriz=False, flipVert=False, image='Instructions/menu.png', interpolate=True, mask=None, maskParams=None, name='menu_screen', opacity=1.0, ori=0.0, pos=array([ 0.,  0.]), size=array([1920, 1080]), texRes=128, units='pix', win=Window(...))
20.4329 	EXP 	unnamed Circle: pos = (0, 0)
20.4329 	EXP 	unnamed Circle: pos = (0, 0)
22.6514 	DATA 	Keypress: return
23.1313 	DATA 	Keypress: return
23.1828 	EXP 	unnamed Circle: pos = (844, 449)
23.1828 	EXP 	unnamed Circle: pos = (844, 449)
23.5954 	DATA 	Keypress: return
23.9793 	DATA 	Keypress: return
24.0077 	EXP 	unnamed Circle: pos = (844, -448)
24.0077 	EXP 	unnamed Circle: pos = (844, -448)
24.3634 	DATA 	Keypress: return
24.9393 	DATA 	Keypress: return
24.9827 	EXP 	unnamed Circle: pos = (-845, -448)
24.9827 	EXP 	unnamed Circle: pos = (-845, -448)
25.3714 	DATA 	Keypress: return
25.7073 	DATA 	Keypress: return
26.1233 	DATA 	Keypress: return
26.4273 	DATA 	Keypress: return
27.1473 	DATA 	Keypress: return
27.1909 	EXP 	unnamed Circle: pos = (422, 225)
27.1909 	EXP 	unnamed Circle: pos = (422, 225)
27.6113 	DATA 	Keypress: return
27.9313 	DATA 	Keypress: return
27.9659 	EXP 	unnamed Circle: pos = (-423, 225)
27.9659 	EXP 	unnamed Circle: pos = (-423, 225)
28.3152 	DATA 	Keypress: return
28.7153 	DATA 	Keypress: return
28.7575 	EXP 	unnamed Circle: pos = (422, -224)
28.7575 	EXP 	unnamed Circle: pos = (422, -224)
29.1792 	DATA 	Keypress: return
29.6112 	DATA 	Keypress: return
29.6491 	EXP 	unnamed Circle: pos = (-845, 449)
29.6491 	EXP 	unnamed Circle: pos = (-845, 449)
30.0432 	DATA 	Keypress: return
30.4752 	DATA 	Keypress: return
30.5158 	EXP 	unnamed Circle: pos = (0, 449)
30.5158 	EXP 	unnamed Circle: pos = (0, 449)
30.9552 	DATA 	Keypress: return
31.3552 	DATA 	Keypress: return
31.3907 	EXP 	unnamed Circle: pos = (-423, -224)
31.3907 	EXP 	unnamed Circle: pos = (-423, -224)
31.7392 	DATA 	Keypress: return
32.1071 	DATA 	Keypress: return
32.1490 	EXP 	unnamed Circle: pos = (844, 0)
32.1490 	EXP 	unnamed Circle: pos = (844, 0)
32.4752 	DATA 	Keypress: return
32.8431 	DATA 	Keypress: return
32.8823 	EXP 	unnamed Circle: pos = (0, -448)
32.8823 	EXP 	unnamed Circle: pos = (0, -448)
33.1951 	DATA 	Keypress: return
33.6111 	DATA 	Keypress: return
33.6489 	EXP 	unnamed Circle: pos = (-845, 0)
33.6489 	EXP 	unnamed Circle: pos = (-845, 0)
34.0271 	DATA 	Keypress: return
34.4111 	DATA 	Keypress: return
34.4572 	EXP 	unnamed Circle: pos = (0, 0)
34.4572 	EXP 	unnamed Circle: pos = (0, 0)
34.8271 	DATA 	Keypress: return
35.2270 	DATA 	Keypress: return
36.3791 	DATA 	Keypress: return
36.6304 	EXP 	Created menu_screen = ImageStim(autoLog=True, color=array([ 1.,  1.,  1.]), colorSpace='rgb', contrast=1.0, depth=-1.0, flipHoriz=False, flipVert=False, image='Instructions/menu.png', interpolate=True, mask=None, maskParams=None, name='menu_screen', opacity=1.0, ori=0.0, pos=array([ 0.,  0.]), size=array([1920, 1080]), texRes=128, units='pix', win=Window(...))
37.8030 	DATA 	Keypress: return
37.9522 	EXP 	Created menu_screen = ImageStim(autoLog=True, color=array([ 1.,  1.,  1.]), colorSpace='rgb', contrast=1.0, depth=-1.0, flipHoriz=False, flipVert=False, image='Instructions/menu.png', interpolate=True, mask=None, maskParams=None, name='menu_screen', opacity=1.0, ori=0.0, pos=array([ 0.,  0.]), size=array([1920, 1080]), texRes=128, units='pix', win=Window(...))
38.0954 	EXP 	Created menu_screen = ImageStim(autoLog=True, color=array([ 1.,  1.,  1.]), colorSpace='rgb', contrast=1.0, depth=-1.0, flipHoriz=False, flipVert=False, image='Instructions/menu.png', interpolate=True, mask=None, maskParams=None, name='menu_screen', opacity=1.0, ori=0.0, pos=array([ 0.,  0.]), size=array([1920, 1080]), texRes=128, units='pix', win=Window(...))
38.1554 	EXP 	Created unnamed TextStim = TextStim(alignHoriz='center', alignVert='top', antialias=True, autoLog=True, bold=False, color=array([ 0.137,  0.137,  0.137]), colorSpace='rgb', contrast=1.0, depth=0, flipHoriz=False, flipVert=False, font='', fontFiles=[], height=28, italic=False, name='unnamed TextStim', opacity=1.0, ori=0.0, pos=array([   0.,  525.]), rgb=array([ 0.137,  0.137,  0.137]), text=unicode(...), units='pix', win=Window(...), wrapWidth=1536.0)
38.4368 	EXP 	Created unnamed ImageStim = ImageStim(autoLog=True, color=array([ 1.,  1.,  1.]), colorSpace='rgb', contrast=1.0, depth=0, flipHoriz=False, flipVert=False, image=str(...), interpolate=False, mask=None, maskParams=None, name='unnamed ImageStim', opacity=1.0, ori=0.0, pos=array([ 0.,  0.]), size=array([ 960.,  800.]), texRes=128, units='pix', win=Window(...))
38.5404 	EXP 	unnamed ImageStim: image = 'c:\\users\\sr38553\\appdata\\local\\temp\\_eleye.png'
38.6487 	EXP 	unnamed TextStim: text = 'Camera:  LEFT      Threshold:  P=46    CR=202 '
38.6487 	EXP 	unnamed ImageStim: image = 'c:\\users\\sr38553\\appdata\\local\\temp\\_eleye.png'
38.7487 	EXP 	unnamed TextStim: text = 'Camera:  LEFT      Threshold:  P=47    CR=201 '
38.7487 	EXP 	unnamed ImageStim: image = 'c:\\users\\sr38553\\appdata\\local\\temp\\_eleye.png'
38.8404 	EXP 	unnamed TextStim: text = 'Camera:  LEFT      Threshold:  P=49    CR=200 '
38.8404 	EXP 	unnamed ImageStim: image = 'c:\\users\\sr38553\\appdata\\local\\temp\\_eleye.png'
38.9404 	EXP 	unnamed TextStim: text = 'Camera:  LEFT      Threshold:  P=50    CR=200 '
38.9404 	EXP 	unnamed ImageStim: image = 'c:\\users\\sr38553\\appdata\\local\\temp\\_eleye.png'
39.0404 	EXP 	unnamed TextStim: text = 'Camera:  LEFT      Threshold:  P=49    CR=200 '
39.0404 	EXP 	unnamed ImageStim: image = 'c:\\users\\sr38553\\appdata\\local\\temp\\_eleye.png'
39.1321 	EXP 	unnamed ImageStim: image = 'c:\\users\\sr38553\\appdata\\local\\temp\\_eleye.png'
39.2237 	EXP 	unnamed ImageStim: image = 'c:\\users\\sr38553\\appdata\\local\\temp\\_eleye.png'
39.3321 	EXP 	unnamed TextStim: text = 'Camera:  LEFT      Threshold:  P=47    CR=200 '
39.3321 	EXP 	unnamed ImageStim: image = 'c:\\users\\sr38553\\appdata\\local\\temp\\_eleye.png'
39.4321 	EXP 	unnamed TextStim: text = 'Camera:  LEFT      Threshold:  P=50    CR=201 '
39.4321 	EXP 	unnamed ImageStim: image = 'c:\\users\\sr38553\\appdata\\local\\temp\\_eleye.png'
39.5320 	EXP 	unnamed TextStim: text = 'Camera:  LEFT      Threshold:  P=51    CR=201 '
39.5320 	EXP 	unnamed ImageStim: image = 'c:\\users\\sr38553\\appdata\\local\\temp\\_eleye.png'
39.6154 	EXP 	unnamed ImageStim: image = 'c:\\users\\sr38553\\appdata\\local\\temp\\_eleye.png'
39.7237 	EXP 	unnamed TextStim: text = 'Camera:  LEFT      Threshold:  P=49    CR=201 '
39.7237 	EXP 	unnamed ImageStim: image = 'c:\\users\\sr38553\\appdata\\local\\temp\\_eleye.png'
39.8153 	EXP 	unnamed ImageStim: image = 'c:\\users\\sr38553\\appdata\\local\\temp\\_eleye.png'
39.9237 	EXP 	unnamed TextStim: text = 'Camera:  LEFT      Threshold:  P=41    CR=201 '
39.9237 	EXP 	unnamed ImageStim: image = 'c:\\users\\sr38553\\appdata\\local\\temp\\_eleye.png'
40.0153 	EXP 	unnamed TextStim: text = 'Camera:  LEFT      Threshold:  P=48    CR=201 '
40.0153 	EXP 	unnamed ImageStim: image = 'c:\\users\\sr38553\\appdata\\local\\temp\\_eleye.png'
40.1153 	EXP 	unnamed TextStim: text = 'Camera:  LEFT      Threshold:  P=50    CR=201 '
40.1153 	EXP 	unnamed ImageStim: image = 'c:\\users\\sr38553\\appdata\\local\\temp\\_eleye.png'
40.2070 	EXP 	unnamed ImageStim: image = 'c:\\users\\sr38553\\appdata\\local\\temp\\_eleye.png'
40.3070 	EXP 	unnamed ImageStim: image = 'c:\\users\\sr38553\\appdata\\local\\temp\\_eleye.png'
40.4070 	EXP 	unnamed TextStim: text = 'Camera:  LEFT      Threshold:  P=49    CR=201 '
40.4070 	EXP 	unnamed ImageStim: image = 'c:\\users\\sr38553\\appdata\\local\\temp\\_eleye.png'
40.5069 	EXP 	unnamed TextStim: text = 'Camera:  LEFT      Threshold:  P=48    CR=201 '
40.5069 	EXP 	unnamed ImageStim: image = 'c:\\users\\sr38553\\appdata\\local\\temp\\_eleye.png'
40.6070 	EXP 	unnamed TextStim: text = 'Camera:  LEFT      Threshold:  P=49    CR=201 '
40.6070 	EXP 	unnamed ImageStim: image = 'c:\\users\\sr38553\\appdata\\local\\temp\\_eleye.png'
40.7070 	EXP 	unnamed TextStim: text = 'Camera:  LEFT      Threshold:  P=48    CR=201 '
40.7070 	EXP 	unnamed ImageStim: image = 'c:\\users\\sr38553\\appdata\\local\\temp\\_eleye.png'
40.7903 	EXP 	unnamed ImageStim: image = 'c:\\users\\sr38553\\appdata\\local\\temp\\_eleye.png'
40.8986 	EXP 	unnamed TextStim: text = 'Camera:  LEFT      Threshold:  P=48    CR=200 '
40.8986 	EXP 	unnamed ImageStim: image = 'c:\\users\\sr38553\\appdata\\local\\temp\\_eleye.png'
40.9986 	EXP 	unnamed TextStim: text = 'Camera:  LEFT      Threshold:  P=47    CR=200 '
40.9986 	EXP 	unnamed ImageStim: image = 'c:\\users\\sr38553\\appdata\\local\\temp\\_eleye.png'
41.0986 	EXP 	unnamed TextStim: text = 'Camera:  LEFT      Threshold:  P=49    CR=200 '
41.0986 	EXP 	unnamed ImageStim: image = 'c:\\users\\sr38553\\appdata\\local\\temp\\_eleye.png'
41.1903 	EXP 	unnamed TextStim: text = 'Camera:  LEFT      Threshold:  P=42    CR=200 '
41.1903 	EXP 	unnamed ImageStim: image = 'c:\\users\\sr38553\\appdata\\local\\temp\\_eleye.png'
41.2903 	EXP 	unnamed TextStim: text = 'Camera:  LEFT      Threshold:  P=41    CR=201 '
41.2903 	EXP 	unnamed ImageStim: image = 'c:\\users\\sr38553\\appdata\\local\\temp\\_eleye.png'
41.3820 	EXP 	unnamed ImageStim: image = 'c:\\users\\sr38553\\appdata\\local\\temp\\_eleye.png'
41.4903 	EXP 	unnamed TextStim: text = 'Camera:  LEFT      Threshold:  P=41    CR=200 '
41.4903 	EXP 	unnamed ImageStim: image = 'c:\\users\\sr38553\\appdata\\local\\temp\\_eleye.png'
41.5819 	EXP 	unnamed TextStim: text = 'Camera:  LEFT      Threshold:  P=55    CR=210 '
41.5819 	EXP 	unnamed ImageStim: image = 'c:\\users\\sr38553\\appdata\\local\\temp\\_eleye.png'
41.6820 	EXP 	unnamed TextStim: text = 'Camera:  LEFT      Threshold:  P=50    CR=197 '
41.6820 	EXP 	unnamed ImageStim: image = 'c:\\users\\sr38553\\appdata\\local\\temp\\_eleye.png'
41.7819 	EXP 	unnamed TextStim: text = 'Camera:  LEFT      Threshold:  P=51    CR=198 '
41.7819 	EXP 	unnamed ImageStim: image = 'c:\\users\\sr38553\\appdata\\local\\temp\\_eleye.png'
41.8819 	EXP 	unnamed TextStim: text = 'Camera:  LEFT      Threshold:  P=51    CR=199 '
41.8819 	EXP 	unnamed ImageStim: image = 'c:\\users\\sr38553\\appdata\\local\\temp\\_eleye.png'
41.9736 	EXP 	unnamed TextStim: text = 'Camera:  LEFT      Threshold:  P=51    CR=200 '
41.9736 	EXP 	unnamed ImageStim: image = 'c:\\users\\sr38553\\appdata\\local\\temp\\_eleye.png'
42.0652 	EXP 	unnamed ImageStim: image = 'c:\\users\\sr38553\\appdata\\local\\temp\\_eleye.png'
42.1736 	EXP 	unnamed TextStim: text = 'Camera:  LEFT      Threshold:  P=51    CR=199 '
42.1736 	EXP 	unnamed ImageStim: image = 'c:\\users\\sr38553\\appdata\\local\\temp\\_eleye.png'
42.2736 	EXP 	unnamed TextStim: text = 'Camera:  LEFT      Threshold:  P=51    CR=200 '
42.2736 	EXP 	unnamed ImageStim: image = 'c:\\users\\sr38553\\appdata\\local\\temp\\_eleye.png'
42.3652 	EXP 	unnamed ImageStim: image = 'c:\\users\\sr38553\\appdata\\local\\temp\\_eleye.png'
42.4569 	EXP 	unnamed ImageStim: image = 'c:\\users\\sr38553\\appdata\\local\\temp\\_eleye.png'
42.5569 	EXP 	unnamed ImageStim: image = 'c:\\users\\sr38553\\appdata\\local\\temp\\_eleye.png'
42.6652 	EXP 	unnamed TextStim: text = 'Camera:  LEFT      Threshold:  P=53    CR=200 '
42.6652 	EXP 	unnamed ImageStim: image = 'c:\\users\\sr38553\\appdata\\local\\temp\\_eleye.png'
42.7652 	EXP 	unnamed TextStim: text = 'Camera:  LEFT      Threshold:  P=56    CR=200 '
42.7652 	EXP 	unnamed ImageStim: image = 'c:\\users\\sr38553\\appdata\\local\\temp\\_eleye.png'
42.8569 	EXP 	unnamed ImageStim: image = 'c:\\users\\sr38553\\appdata\\local\\temp\\_eleye.png'
42.9569 	EXP 	unnamed TextStim: text = 'Camera:  LEFT      Threshold:  P=55    CR=200 '
42.9569 	EXP 	unnamed ImageStim: image = 'c:\\users\\sr38553\\appdata\\local\\temp\\_eleye.png'
43.0485 	EXP 	unnamed ImageStim: image = 'c:\\users\\sr38553\\appdata\\local\\temp\\_eleye.png'
43.1485 	EXP 	unnamed ImageStim: image = 'c:\\users\\sr38553\\appdata\\local\\temp\\_eleye.png'
43.2486 	EXP 	unnamed TextStim: text = 'Camera:  LEFT      Threshold:  P=56    CR=200 '
43.2486 	EXP 	unnamed ImageStim: image = 'c:\\users\\sr38553\\appdata\\local\\temp\\_eleye.png'
43.3485 	EXP 	unnamed TextStim: text = 'Camera:  LEFT      Threshold:  P=55    CR=200 '
43.3485 	EXP 	unnamed ImageStim: image = 'c:\\users\\sr38553\\appdata\\local\\temp\\_eleye.png'
43.4402 	EXP 	unnamed ImageStim: image = 'c:\\users\\sr38553\\appdata\\local\\temp\\_eleye.png'
43.5485 	EXP 	unnamed TextStim: text = 'Camera:  LEFT      Threshold:  P=53    CR=200 '
43.5485 	EXP 	unnamed ImageStim: image = 'c:\\users\\sr38553\\appdata\\local\\temp\\_eleye.png'
43.6402 	EXP 	unnamed TextStim: text = 'Camera:  LEFT      Threshold:  P=48    CR=200 '
43.6402 	EXP 	unnamed ImageStim: image = 'c:\\users\\sr38553\\appdata\\local\\temp\\_eleye.png'
43.7402 	EXP 	unnamed TextStim: text = 'Camera:  LEFT      Threshold:  P=43    CR=199 '
43.7402 	EXP 	unnamed ImageStim: image = 'c:\\users\\sr38553\\appdata\\local\\temp\\_eleye.png'
43.8319 	EXP 	unnamed ImageStim: image = 'c:\\users\\sr38553\\appdata\\local\\temp\\_eleye.png'
43.9318 	EXP 	unnamed ImageStim: image = 'c:\\users\\sr38553\\appdata\\local\\temp\\_eleye.png'
44.0318 	EXP 	unnamed ImageStim: image = 'c:\\users\\sr38553\\appdata\\local\\temp\\_eleye.png'
44.1318 	EXP 	unnamed TextStim: text = 'Camera:  LEFT      Threshold:  P=54    CR=204 '
44.1318 	EXP 	unnamed ImageStim: image = 'c:\\users\\sr38553\\appdata\\local\\temp\\_eleye.png'
44.2318 	EXP 	unnamed TextStim: text = 'Camera:  LEFT      Threshold:  P=59    CR=209 '
44.2318 	EXP 	unnamed ImageStim: image = 'c:\\users\\sr38553\\appdata\\local\\temp\\_eleye.png'
44.3318 	EXP 	unnamed TextStim: text = 'Camera:  LEFT      Threshold:  P=61    CR=211 '
44.3318 	EXP 	unnamed ImageStim: image = 'c:\\users\\sr38553\\appdata\\local\\temp\\_eleye.png'
44.4401 	EXP 	unnamed TextStim: text = 'Camera:  LEFT      Threshold:  P=53    CR=200 '
44.4401 	EXP 	unnamed ImageStim: image = 'c:\\users\\sr38553\\appdata\\local\\temp\\_eleye.png'
44.5235 	EXP 	unnamed TextStim: text = 'Camera:  LEFT      Threshold:  P=54    CR=200 '
44.5235 	EXP 	unnamed ImageStim: image = 'c:\\users\\sr38553\\appdata\\local\\temp\\_eleye.png'
44.6234 	EXP 	unnamed TextStim: text = 'Camera:  LEFT      Threshold:  P=55    CR=200 '
44.6234 	EXP 	unnamed ImageStim: image = 'c:\\users\\sr38553\\appdata\\local\\temp\\_eleye.png'
44.7151 	EXP 	unnamed ImageStim: image = 'c:\\users\\sr38553\\appdata\\local\\temp\\_eleye.png'
44.8151 	EXP 	unnamed ImageStim: image = 'c:\\users\\sr38553\\appdata\\local\\temp\\_eleye.png'
44.9151 	EXP 	unnamed TextStim: text = 'Camera:  LEFT      Threshold:  P=54    CR=200 '
44.9151 	EXP 	unnamed ImageStim: image = 'c:\\users\\sr38553\\appdata\\local\\temp\\_eleye.png'
45.0068 	EXP 	unnamed ImageStim: image = 'c:\\users\\sr38553\\appdata\\local\\temp\\_eleye.png'
45.1151 	EXP 	unnamed TextStim: text = 'Camera:  LEFT      Threshold:  P=53    CR=200 '
45.1151 	EXP 	unnamed ImageStim: image = 'c:\\users\\sr38553\\appdata\\local\\temp\\_eleye.png'
45.2151 	EXP 	unnamed TextStim: text = 'Camera:  LEFT      Threshold:  P=52    CR=200 '
45.2151 	EXP 	unnamed ImageStim: image = 'c:\\users\\sr38553\\appdata\\local\\temp\\_eleye.png'
45.3068 	EXP 	unnamed ImageStim: image = 'c:\\users\\sr38553\\appdata\\local\\temp\\_eleye.png'
45.3984 	EXP 	unnamed ImageStim: image = 'c:\\users\\sr38553\\appdata\\local\\temp\\_eleye.png'
45.4984 	EXP 	unnamed ImageStim: image = 'c:\\users\\sr38553\\appdata\\local\\temp\\_eleye.png'
45.5984 	EXP 	unnamed ImageStim: image = 'c:\\users\\sr38553\\appdata\\local\\temp\\_eleye.png'
45.6984 	EXP 	unnamed TextStim: text = 'Camera:  LEFT      Threshold:  P=51    CR=200 '
45.6984 	EXP 	unnamed ImageStim: image = 'c:\\users\\sr38553\\appdata\\local\\temp\\_eleye.png'
45.7901 	EXP 	unnamed ImageStim: image = 'c:\\users\\sr38553\\appdata\\local\\temp\\_eleye.png'
45.8901 	EXP 	unnamed ImageStim: image = 'c:\\users\\sr38553\\appdata\\local\\temp\\_eleye.png'
45.9901 	EXP 	unnamed ImageStim: image = 'c:\\users\\sr38553\\appdata\\local\\temp\\_eleye.png'
46.0900 	EXP 	unnamed ImageStim: image = 'c:\\users\\sr38553\\appdata\\local\\temp\\_eleye.png'
46.1818 	EXP 	unnamed ImageStim: image = 'c:\\users\\sr38553\\appdata\\local\\temp\\_eleye.png'
46.2900 	EXP 	unnamed TextStim: text = 'Camera:  LEFT      Threshold:  P=53    CR=200 '
46.2900 	EXP 	unnamed ImageStim: image = 'c:\\users\\sr38553\\appdata\\local\\temp\\_eleye.png'
46.3817 	EXP 	unnamed ImageStim: image = 'c:\\users\\sr38553\\appdata\\local\\temp\\_eleye.png'
46.4817 	EXP 	unnamed TextStim: text = 'Camera:  LEFT      Threshold:  P=54    CR=200 '
46.4817 	EXP 	unnamed ImageStim: image = 'c:\\users\\sr38553\\appdata\\local\\temp\\_eleye.png'
46.5734 	EXP 	unnamed ImageStim: image = 'c:\\users\\sr38553\\appdata\\local\\temp\\_eleye.png'
46.6734 	EXP 	unnamed ImageStim: image = 'c:\\users\\sr38553\\appdata\\local\\temp\\_eleye.png'
46.7734 	EXP 	unnamed ImageStim: image = 'c:\\users\\sr38553\\appdata\\local\\temp\\_eleye.png'
46.8733 	EXP 	unnamed ImageStim: image = 'c:\\users\\sr38553\\appdata\\local\\temp\\_eleye.png'
46.9650 	EXP 	unnamed ImageStim: image = 'c:\\users\\sr38553\\appdata\\local\\temp\\_eleye.png'
47.0650 	EXP 	unnamed ImageStim: image = 'c:\\users\\sr38553\\appdata\\local\\temp\\_eleye.png'
47.1650 	EXP 	unnamed ImageStim: image = 'c:\\users\\sr38553\\appdata\\local\\temp\\_eleye.png'
47.2650 	EXP 	unnamed TextStim: text = 'Camera:  LEFT      Threshold:  P=54    CR=202 '
47.2650 	EXP 	unnamed ImageStim: image = 'c:\\users\\sr38553\\appdata\\local\\temp\\_eleye.png'
47.3650 	EXP 	unnamed TextStim: text = 'Camera:  LEFT      Threshold:  P=55    CR=203 '
47.3650 	EXP 	unnamed ImageStim: image = 'c:\\users\\sr38553\\appdata\\local\\temp\\_eleye.png'
47.4650 	EXP 	unnamed TextStim: text = 'Camera:  LEFT      Threshold:  P=54    CR=200 '
47.4650 	EXP 	unnamed ImageStim: image = 'c:\\users\\sr38553\\appdata\\local\\temp\\_eleye.png'
47.5650 	EXP 	unnamed TextStim: text = 'Camera:  LEFT      Threshold:  P=55    CR=200 '
47.5650 	EXP 	unnamed ImageStim: image = 'c:\\users\\sr38553\\appdata\\local\\temp\\_eleye.png'
47.6650 	EXP 	unnamed TextStim: text = 'Camera:  LEFT      Threshold:  P=54    CR=200 '
47.6650 	EXP 	unnamed ImageStim: image = 'c:\\users\\sr38553\\appdata\\local\\temp\\_eleye.png'
47.7567 	EXP 	unnamed ImageStim: image = 'c:\\users\\sr38553\\appdata\\local\\temp\\_eleye.png'
47.8483 	EXP 	unnamed ImageStim: image = 'c:\\users\\sr38553\\appdata\\local\\temp\\_eleye.png'
47.9566 	EXP 	unnamed TextStim: text = 'Camera:  LEFT      Threshold:  P=55    CR=200 '
47.9566 	EXP 	unnamed ImageStim: image = 'c:\\users\\sr38553\\appdata\\local\\temp\\_eleye.png'
48.0566 	EXP 	unnamed TextStim: text = 'Camera:  LEFT      Threshold:  P=54    CR=200 '
48.0566 	EXP 	unnamed ImageStim: image = 'c:\\users\\sr38553\\appdata\\local\\temp\\_eleye.png'
48.1566 	EXP 	unnamed TextStim: text = 'Camera:  LEFT      Threshold:  P=53    CR=201 '
48.1566 	EXP 	unnamed ImageStim: image = 'c:\\users\\sr38553\\appdata\\local\\temp\\_eleye.png'
48.2400 	EXP 	unnamed ImageStim: image = 'c:\\users\\sr38553\\appdata\\local\\temp\\_eleye.png'
48.3400 	EXP 	unnamed ImageStim: image = 'c:\\users\\sr38553\\appdata\\local\\temp\\_eleye.png'
48.4483 	EXP 	unnamed TextStim: text = 'Camera:  LEFT      Threshold:  P=50    CR=202 '
48.4483 	EXP 	unnamed ImageStim: image = 'c:\\users\\sr38553\\appdata\\local\\temp\\_eleye.png'
48.5483 	EXP 	unnamed TextStim: text = 'Camera:  LEFT      Threshold:  P=50    CR=203 '
48.5483 	EXP 	unnamed ImageStim: image = 'c:\\users\\sr38553\\appdata\\local\\temp\\_eleye.png'
48.6400 	EXP 	unnamed TextStim: text = 'Camera:  LEFT      Threshold:  P=40    CR=203 '
48.6400 	EXP 	unnamed ImageStim: image = 'c:\\users\\sr38553\\appdata\\local\\temp\\_eleye.png'
48.7399 	EXP 	unnamed TextStim: text = 'Camera:  LEFT      Threshold:  P=43    CR=203 '
48.7399 	EXP 	unnamed ImageStim: image = 'c:\\users\\sr38553\\appdata\\local\\temp\\_eleye.png'
48.8400 	EXP 	unnamed TextStim: text = 'Camera:  LEFT      Threshold:  P=42    CR=203 '
48.8400 	EXP 	unnamed ImageStim: image = 'c:\\users\\sr38553\\appdata\\local\\temp\\_eleye.png'
48.9399 	EXP 	unnamed TextStim: text = 'Camera:  LEFT      Threshold:  P=43    CR=203 '
48.9399 	EXP 	unnamed ImageStim: image = 'c:\\users\\sr38553\\appdata\\local\\temp\\_eleye.png'
49.0316 	EXP 	unnamed TextStim: text = 'Camera:  LEFT      Threshold:  P=45    CR=202 '
49.0316 	EXP 	unnamed ImageStim: image = 'c:\\users\\sr38553\\appdata\\local\\temp\\_eleye.png'
49.1316 	EXP 	unnamed TextStim: text = 'Camera:  LEFT      Threshold:  P=46    CR=202 '
49.1316 	EXP 	unnamed ImageStim: image = 'c:\\users\\sr38553\\appdata\\local\\temp\\_eleye.png'
49.2316 	EXP 	unnamed TextStim: text = 'Camera:  LEFT      Threshold:  P=47    CR=201 '
49.2316 	EXP 	unnamed ImageStim: image = 'c:\\users\\sr38553\\appdata\\local\\temp\\_eleye.png'
49.3232 	EXP 	unnamed ImageStim: image = 'c:\\users\\sr38553\\appdata\\local\\temp\\_eleye.png'
49.4232 	EXP 	unnamed TextStim: text = 'Camera:  LEFT      Threshold:  P=53    CR=201 '
49.4232 	EXP 	unnamed ImageStim: image = 'c:\\users\\sr38553\\appdata\\local\\temp\\_eleye.png'
49.5232 	EXP 	unnamed TextStim: text = 'Camera:  LEFT      Threshold:  P=57    CR=201 '
49.5232 	EXP 	unnamed ImageStim: image = 'c:\\users\\sr38553\\appdata\\local\\temp\\_eleye.png'
49.6149 	EXP 	unnamed ImageStim: image = 'c:\\users\\sr38553\\appdata\\local\\temp\\_eleye.png'
49.7149 	EXP 	unnamed ImageStim: image = 'c:\\users\\sr38553\\appdata\\local\\temp\\_eleye.png'
49.8066 	EXP 	unnamed ImageStim: image = 'c:\\users\\sr38553\\appdata\\local\\temp\\_eleye.png'
49.9149 	EXP 	unnamed TextStim: text = 'Camera:  LEFT      Threshold:  P=56    CR=201 '
49.9149 	EXP 	unnamed ImageStim: image = 'c:\\users\\sr38553\\appdata\\local\\temp\\_eleye.png'
50.0149 	EXP 	unnamed TextStim: text = 'Camera:  LEFT      Threshold:  P=56    CR=200 '
50.0149 	EXP 	unnamed ImageStim: image = 'c:\\users\\sr38553\\appdata\\local\\temp\\_eleye.png'
50.0151 	DATA 	Keypress: return
50.1574 	EXP 	Created menu_screen = ImageStim(autoLog=True, color=array([ 1.,  1.,  1.]), colorSpace='rgb', contrast=1.0, depth=-1.0, flipHoriz=False, flipVert=False, image='Instructions/menu.png', interpolate=True, mask=None, maskParams=None, name='menu_screen', opacity=1.0, ori=0.0, pos=array([ 0.,  0.]), size=array([1920, 1080]), texRes=128, units='pix', win=Window(...))
50.3039 	EXP 	Created menu_screen = ImageStim(autoLog=True, color=array([ 1.,  1.,  1.]), colorSpace='rgb', contrast=1.0, depth=-1.0, flipHoriz=False, flipVert=False, image='Instructions/menu.png', interpolate=True, mask=None, maskParams=None, name='menu_screen', opacity=1.0, ori=0.0, pos=array([ 0.,  0.]), size=array([1920, 1080]), texRes=128, units='pix', win=Window(...))
51.2427 	DATA 	Keypress: return
51.4016 	EXP 	Created menu_screen = ImageStim(autoLog=True, color=array([ 1.,  1.,  1.]), colorSpace='rgb', contrast=1.0, depth=-1.0, flipHoriz=False, flipVert=False, image='Instructions/menu.png', interpolate=True, mask=None, maskParams=None, name='menu_screen', opacity=1.0, ori=0.0, pos=array([ 0.,  0.]), size=array([1920, 1080]), texRes=128, units='pix', win=Window(...))
51.5446 	EXP 	Created menu_screen = ImageStim(autoLog=True, color=array([ 1.,  1.,  1.]), colorSpace='rgb', contrast=1.0, depth=-1.0, flipHoriz=False, flipVert=False, image='Instructions/menu.png', interpolate=True, mask=None, maskParams=None, name='menu_screen', opacity=1.0, ori=0.0, pos=array([ 0.,  0.]), size=array([1920, 1080]), texRes=128, units='pix', win=Window(...))
51.8565 	EXP 	unnamed TextStim: text = 'Camera:  LEFT      Threshold:  P=55    CR=207 '
51.8565 	EXP 	unnamed TextStim: text = 'Camera:  LEFT      Threshold:  P=54    CR=200 '
51.8565 	EXP 	unnamed ImageStim: image = 'c:\\users\\sr38553\\appdata\\local\\temp\\_eleye.png'
51.8898 	EXP 	unnamed ImageStim: image = 'c:\\users\\sr38553\\appdata\\local\\temp\\_eleye.png'
51.9731 	EXP 	unnamed TextStim: text = 'Camera:  LEFT      Threshold:  P=57    CR=200 '
51.9731 	EXP 	unnamed ImageStim: image = 'c:\\users\\sr38553\\appdata\\local\\temp\\_eleye.png'
52.0731 	EXP 	unnamed TextStim: text = 'Camera:  LEFT      Threshold:  P=56    CR=200 '
52.0731 	EXP 	unnamed ImageStim: image = 'c:\\users\\sr38553\\appdata\\local\\temp\\_eleye.png'
52.1227 	DATA 	Keypress: return
52.2677 	EXP 	Created menu_screen = ImageStim(autoLog=True, color=array([ 1.,  1.,  1.]), colorSpace='rgb', contrast=1.0, depth=-1.0, flipHoriz=False, flipVert=False, image='Instructions/menu.png', interpolate=True, mask=None, maskParams=None, name='menu_screen', opacity=1.0, ori=0.0, pos=array([ 0.,  0.]), size=array([1920, 1080]), texRes=128, units='pix', win=Window(...))
52.4111 	EXP 	Created menu_screen = ImageStim(autoLog=True, color=array([ 1.,  1.,  1.]), colorSpace='rgb', contrast=1.0, depth=-1.0, flipHoriz=False, flipVert=False, image='Instructions/menu.png', interpolate=True, mask=None, maskParams=None, name='menu_screen', opacity=1.0, ori=0.0, pos=array([ 0.,  0.]), size=array([1920, 1080]), texRes=128, units='pix', win=Window(...))
53.1626 	DATA 	Keypress: o
53.2959 	EXP 	Created menu_screen = ImageStim(autoLog=True, color=array([ 1.,  1.,  1.]), colorSpace='rgb', contrast=1.0, depth=-1.0, flipHoriz=False, flipVert=False, image='Instructions/menu.png', interpolate=True, mask=None, maskParams=None, name='menu_screen', opacity=1.0, ori=0.0, pos=array([ 0.,  0.]), size=array([1920, 1080]), texRes=128, units='pix', win=Window(...))
53.3077 	EXP 	Imported procedure\Introduction_list.csv as conditions, 1 conditions, 1 params
53.3079 	EXP 	Created sequence: sequential, trialTypes=1, nReps=1, seed=None
53.4118 	DEBUG 	Using C:/Users/sr38553/Desktop/new task/task/6.7.02.py as origin file
53.4124 	EXP 	New trial (rep=0, index=0): {'Introduction_image': 'inst_1'}
53.5564 	EXP 	task_instr_image: size = array([1920, 1080])
53.5564 	EXP 	task_instr_image: image = 'Instructions/inst_1.png'
53.5564 	EXP 	task_instr_image: autoDraw = True
54.0978 	DATA 	Keypress: return
54.0997 	EXP 	Imported procedure\#set_list.csv as conditions, 3 conditions, 5 params
54.0999 	EXP 	Created sequence: sequential, trialTypes=3, nReps=1, seed=None
54.1007 	DEBUG 	Using C:/Users/sr38553/Desktop/new task/task/6.7.02.py as origin file
54.1013 	EXP 	New trial (rep=0, index=0): {'block_event': 'comp_1', 'order': 0, 'block_display': 'inst_2', 'block_file': 'procedure\\0.csv', 'break_display': 'break'}
54.2476 	EXP 	task_instr_image: autoDraw = False
54.2476 	EXP 	Block_image: size = array([1920, 1080])
54.2476 	EXP 	Block_image: image = 'Instructions/inst_2.png'
54.2476 	EXP 	Block_image: autoDraw = True
54.5144 	DATA 	Keypress: return
54.5977 	EXP 	Block_image: autoDraw = False
54.5977 	EXP 	composite_display: size = array([1024,  768])
54.5977 	EXP 	composite_display: image = 'instructions/comp_1.png'
54.5977 	EXP 	composite_display: autoDraw = True
59.5170 	EXP 	Imported procedure\0.csv as conditions, 4 conditions, 7 params
59.5172 	EXP 	Created sequence: random, trialTypes=4, nReps=1, seed=None
59.5180 	DEBUG 	Using C:/Users/sr38553/Desktop/new task/task/6.7.02.py as origin file
59.5187 	EXP 	New trial (rep=0, index=0): {'valmean': 6.8799999999999999, 'valence': 'Positive', 'scenestim': '2655.bmp', 'arousal': 'High', 'outliers': 0, 'blocknum': 0, 'arousalmean': 4.5700000000000003}
59.6811 	EXP 	composite_display: autoDraw = False
59.6811 	EXP 	composite_display: autoDraw = False
59.6811 	EXP 	fixation_cross: autoDraw = True
61.7978 	EXP 	fixation_cross: autoDraw = False
61.7978 	EXP 	iaps_display: size = array([826, 768])
61.7978 	EXP 	iaps_display: image = 'stimulus/2655.bmp'
61.7978 	EXP 	iaps_display: autoDraw = True
63.5893 	EXP 	iaps_cue: size = array([826, 768])
63.5893 	EXP 	iaps_cue: image = 'green.png'
63.5893 	EXP 	iaps_cue: autoDraw = True
64.0560 	EXP 	iaps_cue: size = array([826, 768])
64.0560 	EXP 	iaps_cue: image = 'blue.png'
64.0560 	EXP 	iaps_cue: autoDraw = True
65.0643 	EXP 	iaps_cue: size = array([826, 768])
65.0643 	EXP 	iaps_cue: image = 'green.png'
65.0643 	EXP 	iaps_cue: autoDraw = True
65.5642 	EXP 	iaps_cue: size = array([826, 768])
65.5642 	EXP 	iaps_cue: image = 'blue.png'
65.5642 	EXP 	iaps_cue: autoDraw = True
66.3142 	EXP 	iaps_cue: size = array([826, 768])
66.3142 	EXP 	iaps_cue: image = 'green.png'
66.3142 	EXP 	iaps_cue: autoDraw = True
67.0641 	EXP 	iaps_cue: size = array([826, 768])
67.0641 	EXP 	iaps_cue: image = 'blue.png'
67.0641 	EXP 	iaps_cue: autoDraw = True
67.3141 	EXP 	iaps_cue: size = array([826, 768])
67.3141 	EXP 	iaps_cue: image = 'green.png'
67.3141 	EXP 	iaps_cue: autoDraw = True
69.0641 	EXP 	iaps_cue: size = array([826, 768])
69.0641 	EXP 	iaps_cue: image = 'blue.png'
69.0641 	EXP 	iaps_cue: autoDraw = True
69.5640 	EXP 	iaps_cue: size = array([826, 768])
69.5640 	EXP 	iaps_cue: image = 'green.png'
69.5640 	EXP 	iaps_cue: autoDraw = True
69.8140 	EXP 	iaps_cue: size = array([826, 768])
69.8140 	EXP 	iaps_cue: image = 'red.png'
69.8140 	EXP 	iaps_cue: autoDraw = True
70.3140 	EXP 	iaps_cue: size = array([826, 768])
70.3140 	EXP 	iaps_cue: image = 'blue.png'
70.3140 	EXP 	iaps_cue: autoDraw = True
70.5640 	EXP 	iaps_cue: size = array([826, 768])
70.5640 	EXP 	iaps_cue: image = 'green.png'
70.5640 	EXP 	iaps_cue: autoDraw = True
70.8140 	EXP 	iaps_cue: size = array([826, 768])
70.8140 	EXP 	iaps_cue: image = 'red.png'
70.8140 	EXP 	iaps_cue: autoDraw = True
74.5721 	EXP 	iaps_cue: size = array([826, 768])
74.5721 	EXP 	iaps_cue: image = 'blue.png'
74.5721 	EXP 	iaps_cue: autoDraw = True
75.0721 	EXP 	iaps_cue: size = array([826, 768])
75.0721 	EXP 	iaps_cue: image = 'green.png'
75.0721 	EXP 	iaps_cue: autoDraw = True
75.3221 	EXP 	iaps_cue: size = array([826, 768])
75.3221 	EXP 	iaps_cue: image = 'red.png'
75.3221 	EXP 	iaps_cue: autoDraw = True
75.8221 	EXP 	iaps_cue: size = array([826, 768])
75.8221 	EXP 	iaps_cue: image = 'green.png'
75.8221 	EXP 	iaps_cue: autoDraw = True
76.3221 	EXP 	iaps_cue: size = array([826, 768])
76.3221 	EXP 	iaps_cue: image = 'red.png'
76.3221 	EXP 	iaps_cue: autoDraw = True
79.8302 	EXP 	iaps_cue: size = array([826, 768])
79.8302 	EXP 	iaps_cue: image = 'blue.png'
79.8302 	EXP 	iaps_cue: autoDraw = True
80.0802 	EXP 	iaps_cue: size = array([826, 768])
80.0802 	EXP 	iaps_cue: image = 'green.png'
80.0802 	EXP 	iaps_cue: autoDraw = True
80.3302 	EXP 	iaps_cue: size = array([826, 768])
80.3302 	EXP 	iaps_cue: image = 'red.png'
80.3302 	EXP 	iaps_cue: autoDraw = True
80.8302 	EXP 	iaps_cue: size = array([826, 768])
80.8302 	EXP 	iaps_cue: image = 'green.png'
80.8302 	EXP 	iaps_cue: autoDraw = True
81.0802 	EXP 	iaps_cue: size = array([826, 768])
81.0802 	EXP 	iaps_cue: image = 'red.png'
81.0802 	EXP 	iaps_cue: autoDraw = True
81.5718 	EXP 	iaps_display: autoDraw = False
81.5718 	EXP 	iaps_cue: autoDraw = False
81.5718 	EXP 	blank: autoDraw = True
84.4181 	EXP 	New trial (rep=0, index=1): {'valmean': 6.71, 'valence': 'Positive', 'scenestim': '2030.bmp', 'arousal': 'High', 'outliers': 0, 'blocknum': 0, 'arousalmean': 4.54}
84.5796 	EXP 	iaps_display: autoDraw = False
84.5796 	EXP 	iaps_cue: autoDraw = False
84.5796 	EXP 	blank: autoDraw = False
84.5796 	EXP 	fixation_cross: autoDraw = True
86.6879 	EXP 	fixation_cross: autoDraw = False
86.6879 	EXP 	iaps_display: size = array([1024,  768])
86.6879 	EXP 	iaps_display: image = 'stimulus/2030.bmp'
86.6879 	EXP 	iaps_display: autoDraw = True
88.4964 	EXP 	iaps_cue: size = array([1024,  768])
88.4964 	EXP 	iaps_cue: image = 'blue.png'
88.4964 	EXP 	iaps_cue: autoDraw = True
96.2210 	EXP 	iaps_cue: size = array([1024,  768])
96.2210 	EXP 	iaps_cue: image = 'green.png'
96.2210 	EXP 	iaps_cue: autoDraw = True
96.7210 	EXP 	iaps_cue: size = array([1024,  768])
96.7210 	EXP 	iaps_cue: image = 'blue.png'
96.7210 	EXP 	iaps_cue: autoDraw = True
103.7290 	EXP 	iaps_cue: size = array([1024,  768])
103.7290 	EXP 	iaps_cue: image = 'green.png'
103.7290 	EXP 	iaps_cue: autoDraw = True
104.2290 	EXP 	iaps_cue: size = array([1024,  768])
104.2290 	EXP 	iaps_cue: image = 'blue.png'
104.2290 	EXP 	iaps_cue: autoDraw = True
106.2374 	EXP 	iaps_cue: size = array([1024,  768])
106.2374 	EXP 	iaps_cue: image = 'green.png'
106.2374 	EXP 	iaps_cue: autoDraw = True
106.4790 	EXP 	iaps_display: autoDraw = False
106.4790 	EXP 	iaps_cue: autoDraw = False
106.4790 	EXP 	blank: autoDraw = True
109.3321 	EXP 	New trial (rep=0, index=2): {'valmean': 1.95, 'valence': 'Negative', 'scenestim': '2205.bmp', 'arousal': 'High', 'outliers': 0, 'blocknum': 0, 'arousalmean': 4.5300000000000002}
109.7035 	EXP 	iaps_display: autoDraw = False
109.7035 	EXP 	iaps_cue: autoDraw = False
109.7035 	EXP 	blank: autoDraw = False
109.7035 	EXP 	fixation_cross: autoDraw = True
111.6037 	EXP 	fixation_cross: autoDraw = False
111.6037 	EXP 	iaps_display: size = array([1024,  768])
111.6037 	EXP 	iaps_display: image = 'stimulus/2205.bmp'
111.6037 	EXP 	iaps_display: autoDraw = True
113.3702 	EXP 	iaps_cue: size = array([1024,  768])
113.3702 	EXP 	iaps_cue: image = 'blue.png'
113.3702 	EXP 	iaps_cue: autoDraw = True
113.8787 	EXP 	iaps_cue: size = array([1024,  768])
113.8787 	EXP 	iaps_cue: image = 'green.png'
113.8787 	EXP 	iaps_cue: autoDraw = True
114.6285 	EXP 	iaps_cue: size = array([1024,  768])
114.6285 	EXP 	iaps_cue: image = 'blue.png'
114.6285 	EXP 	iaps_cue: autoDraw = True
115.1285 	EXP 	iaps_cue: size = array([1024,  768])
115.1285 	EXP 	iaps_cue: image = 'green.png'
115.1285 	EXP 	iaps_cue: autoDraw = True
115.8785 	EXP 	iaps_cue: size = array([1024,  768])
115.8785 	EXP 	iaps_cue: image = 'blue.png'
115.8785 	EXP 	iaps_cue: autoDraw = True
116.3785 	EXP 	iaps_cue: size = array([1024,  768])
116.3785 	EXP 	iaps_cue: image = 'green.png'
116.3785 	EXP 	iaps_cue: autoDraw = True
117.3784 	EXP 	iaps_cue: size = array([1024,  768])
117.3784 	EXP 	iaps_cue: image = 'blue.png'
117.3784 	EXP 	iaps_cue: autoDraw = True
117.8784 	EXP 	iaps_cue: size = array([1024,  768])
117.8784 	EXP 	iaps_cue: image = 'green.png'
117.8784 	EXP 	iaps_cue: autoDraw = True
118.6283 	EXP 	iaps_cue: size = array([1024,  768])
118.6283 	EXP 	iaps_cue: image = 'blue.png'
118.6283 	EXP 	iaps_cue: autoDraw = True
119.3783 	EXP 	iaps_cue: size = array([1024,  768])
119.3783 	EXP 	iaps_cue: image = 'green.png'
119.3783 	EXP 	iaps_cue: autoDraw = True
119.8784 	EXP 	iaps_cue: size = array([1024,  768])
119.8784 	EXP 	iaps_cue: image = 'blue.png'
119.8784 	EXP 	iaps_cue: autoDraw = True
124.6364 	EXP 	iaps_cue: size = array([1024,  768])
124.6364 	EXP 	iaps_cue: image = 'green.png'
124.6364 	EXP 	iaps_cue: autoDraw = True
125.1365 	EXP 	iaps_cue: size = array([1024,  768])
125.1365 	EXP 	iaps_cue: image = 'blue.png'
125.1365 	EXP 	iaps_cue: autoDraw = True
126.3864 	EXP 	iaps_cue: size = array([1024,  768])
126.3864 	EXP 	iaps_cue: image = 'green.png'
126.3864 	EXP 	iaps_cue: autoDraw = True
126.8863 	EXP 	iaps_cue: size = array([1024,  768])
126.8863 	EXP 	iaps_cue: image = 'blue.png'
126.8863 	EXP 	iaps_cue: autoDraw = True
127.8863 	EXP 	iaps_cue: size = array([1024,  768])
127.8863 	EXP 	iaps_cue: image = 'green.png'
127.8863 	EXP 	iaps_cue: autoDraw = True
128.3862 	EXP 	iaps_cue: size = array([1024,  768])
128.3862 	EXP 	iaps_cue: image = 'blue.png'
128.3862 	EXP 	iaps_cue: autoDraw = True
129.6446 	EXP 	iaps_cue: size = array([1024,  768])
129.6446 	EXP 	iaps_cue: image = 'green.png'
129.6446 	EXP 	iaps_cue: autoDraw = True
130.1445 	EXP 	iaps_cue: size = array([1024,  768])
130.1445 	EXP 	iaps_cue: image = 'blue.png'
130.1445 	EXP 	iaps_cue: autoDraw = True
131.3861 	EXP 	iaps_display: autoDraw = False
131.3861 	EXP 	iaps_cue: autoDraw = False
131.3861 	EXP 	blank: autoDraw = True
134.2331 	EXP 	New trial (rep=0, index=3): {'valmean': 3.3399999999999999, 'valence': 'Negative', 'scenestim': '2120.bmp', 'arousal': 'High', 'outliers': 0, 'blocknum': 0, 'arousalmean': 5.1799999999999997}
134.4024 	EXP 	iaps_display: autoDraw = False
134.4024 	EXP 	iaps_cue: autoDraw = False
134.4024 	EXP 	blank: autoDraw = False
134.4024 	EXP 	fixation_cross: autoDraw = True
136.5023 	EXP 	fixation_cross: autoDraw = False
136.5023 	EXP 	iaps_display: size = array([1024,  768])
136.5023 	EXP 	iaps_display: image = 'stimulus/2120.bmp'
136.5023 	EXP 	iaps_display: autoDraw = True
138.2775 	EXP 	iaps_cue: size = array([1024,  768])
138.2775 	EXP 	iaps_cue: image = 'blue.png'
138.2775 	EXP 	iaps_cue: autoDraw = True
139.7774 	EXP 	iaps_cue: size = array([1024,  768])
139.7774 	EXP 	iaps_cue: image = 'green.png'
139.7774 	EXP 	iaps_cue: autoDraw = True
140.2773 	EXP 	iaps_cue: size = array([1024,  768])
140.2773 	EXP 	iaps_cue: image = 'blue.png'
140.2773 	EXP 	iaps_cue: autoDraw = True
141.2773 	EXP 	iaps_cue: size = array([1024,  768])
141.2773 	EXP 	iaps_cue: image = 'green.png'
141.2773 	EXP 	iaps_cue: autoDraw = True
141.7773 	EXP 	iaps_cue: size = array([1024,  768])
141.7773 	EXP 	iaps_cue: image = 'blue.png'
141.7773 	EXP 	iaps_cue: autoDraw = True
142.5273 	EXP 	iaps_cue: size = array([1024,  768])
142.5273 	EXP 	iaps_cue: image = 'green.png'
142.5273 	EXP 	iaps_cue: autoDraw = True
143.5273 	EXP 	iaps_cue: size = array([1024,  768])
143.5273 	EXP 	iaps_cue: image = 'blue.png'
143.5273 	EXP 	iaps_cue: autoDraw = True
144.5272 	EXP 	iaps_cue: size = array([1024,  768])
144.5272 	EXP 	iaps_cue: image = 'green.png'
144.5272 	EXP 	iaps_cue: autoDraw = True
145.2855 	EXP 	iaps_cue: size = array([1024,  768])
145.2855 	EXP 	iaps_cue: image = 'blue.png'
145.2855 	EXP 	iaps_cue: autoDraw = True
146.2855 	EXP 	iaps_cue: size = array([1024,  768])
146.2855 	EXP 	iaps_cue: image = 'green.png'
146.2855 	EXP 	iaps_cue: autoDraw = True
147.2854 	EXP 	iaps_cue: size = array([1024,  768])
147.2854 	EXP 	iaps_cue: image = 'blue.png'
147.2854 	EXP 	iaps_cue: autoDraw = True
148.0354 	EXP 	iaps_cue: size = array([1024,  768])
148.0354 	EXP 	iaps_cue: image = 'green.png'
148.0354 	EXP 	iaps_cue: autoDraw = True
148.7854 	EXP 	iaps_cue: size = array([1024,  768])
148.7854 	EXP 	iaps_cue: image = 'blue.png'
148.7854 	EXP 	iaps_cue: autoDraw = True
150.2853 	EXP 	iaps_cue: size = array([1024,  768])
150.2853 	EXP 	iaps_cue: image = 'green.png'
150.2853 	EXP 	iaps_cue: autoDraw = True
151.0436 	EXP 	iaps_cue: size = array([1024,  768])
151.0436 	EXP 	iaps_cue: image = 'blue.png'
151.0436 	EXP 	iaps_cue: autoDraw = True
151.7936 	EXP 	iaps_cue: size = array([1024,  768])
151.7936 	EXP 	iaps_cue: image = 'green.png'
151.7936 	EXP 	iaps_cue: autoDraw = True
152.5436 	EXP 	iaps_cue: size = array([1024,  768])
152.5436 	EXP 	iaps_cue: image = 'blue.png'
152.5436 	EXP 	iaps_cue: autoDraw = True
153.0436 	EXP 	iaps_cue: size = array([1024,  768])
153.0436 	EXP 	iaps_cue: image = 'green.png'
153.0436 	EXP 	iaps_cue: autoDraw = True
153.5436 	EXP 	iaps_cue: size = array([1024,  768])
153.5436 	EXP 	iaps_cue: image = 'blue.png'
153.5436 	EXP 	iaps_cue: autoDraw = True
156.0518 	EXP 	iaps_cue: size = array([1024,  768])
156.0518 	EXP 	iaps_cue: image = 'green.png'
156.0518 	EXP 	iaps_cue: autoDraw = True
156.3018 	EXP 	iaps_cue: size = array([1024,  768])
156.3018 	EXP 	iaps_cue: image = 'blue.png'
156.3018 	EXP 	iaps_cue: autoDraw = True
156.3101 	EXP 	iaps_display: autoDraw = False
156.3101 	EXP 	iaps_cue: autoDraw = False
156.3101 	EXP 	blank: autoDraw = True
159.1331 	EXP 	Created sequence: random, trialTypes=1, nReps=1, seed=None
159.1343 	DEBUG 	Using C:/Users/sr38553/Desktop/new task/task/6.7.02.py as origin file
159.1348 	EXP 	New trial (rep=0, index=0): None
159.2847 	EXP 	iaps_display: autoDraw = False
159.2847 	EXP 	iaps_cue: autoDraw = False
159.2847 	EXP 	blank: autoDraw = False
159.2847 	EXP 	break_image: size = array([1920, 1080])
159.2847 	EXP 	break_image: image = 'Instructions/break.png'
159.2847 	EXP 	break_image: autoDraw = True
160.9596 	DATA 	Keypress: space
160.9603 	EXP 	New trial (rep=0, index=1): {'block_event': 'comp_2', 'order': 1, 'block_display': 'cont_inst', 'block_file': 'procedure\\1.csv', 'break_display': 'break'}
161.0012 	EXP 	break_image: autoDraw = False
161.0012 	EXP 	Block_image: size = array([1920, 1080])
161.0012 	EXP 	Block_image: image = 'Instructions/cont_inst.png'
161.0012 	EXP 	Block_image: autoDraw = True
161.7680 	DATA 	Keypress: space
161.8095 	EXP 	Block_image: autoDraw = False
161.8095 	EXP 	composite_display: size = array([1024,  768])
161.8095 	EXP 	composite_display: image = 'instructions/comp_2.png'
161.8095 	EXP 	composite_display: autoDraw = True
166.7685 	DATA 	Keypress: escape
166.7687 	DATA 	Keypress: escape
166.7688 	DATA 	Keypress: escape
