0.3450 	WARNING 	Movie2 stim could not be imported and won't be available
9.3968 	WARNING 	Monitor specification not found. Creating a temporary one...
10.0774 	EXP 	Created window1 = Window(allowGUI=True, allowStencil=False, autoLog=True, bitsMode=UNKNOWN, blendMode='avg', color=array([-0.137, -0.137, -0.137]), colorSpace='rgb', fullscr=UNKNOWN, gamma=None, lms=UNKNOWN, monitor=<psychopy.monitors.calibTools.Monitor instance at 0x16BD46E8>, name='window1', pos=[0, 0], screen=0, size=array([1920, 1080]), stereo=False, units='pix', useFBO=True, viewOri=0.0, viewPos=None, viewScale=None, waitBlanking=True, winType='pyglet')
10.0774 	EXP 	window1: recordFrameIntervals = False
10.1599 	EXP 	window1: recordFrameIntervals = True
10.2517 	DEBUG 	Screen (0) actual frame rate measured at 120.04
10.2517 	EXP 	window1: recordFrameIntervals = False
10.3102 	INFO 	sound is using audioLib: pyo
10.3340 	EXP 	Created task_instr_image = ImageStim(autoLog=True, color=array([ 1.,  1.,  1.]), colorSpace='rgb', contrast=1.0, depth=0.0, flipHoriz=False, flipVert=False, image='sin', interpolate=True, mask=None, maskParams=None, name='task_instr_image', opacity=1.0, ori=0.0, pos=array([ 0.,  0.]), size=array([ 0.5,  0.5]), texRes=128, units='pix', win=Window(...))
10.3361 	EXP 	Created Block_image = ImageStim(autoLog=True, color=array([ 1.,  1.,  1.]), colorSpace='rgb', contrast=1.0, depth=-1.0, flipHoriz=False, flipVert=False, image='sin', interpolate=True, mask=None, maskParams=None, name='Block_image', opacity=1.0, ori=0.0, pos=array([ 0.,  0.]), size=array([ 0.5,  0.5]), texRes=128, units='pix', win=Window(...))
10.3381 	EXP 	Created composite_display = ImageStim(autoLog=True, color=array([ 1.,  1.,  1.]), colorSpace='rgb', contrast=1.0, depth=0.0, flipHoriz=False, flipVert=False, image='sin', interpolate=True, mask=None, maskParams=None, name='composite_display', opacity=1.0, ori=0.0, pos=array([ 0.,  0.]), size=array([ 0.5,  0.5]), texRes=128, units='pix', win=Window(...))
10.4862 	EXP 	Created fixation_cross = ImageStim(autoLog=True, color=array([ 1.,  1.,  1.]), colorSpace='rgb', contrast=1.0, depth=-1.0, flipHoriz=False, flipVert=False, image='Instructions/fixation.png', interpolate=True, mask=None, maskParams=None, name='fixation_cross', opacity=1.0, ori=0.0, pos=array([ 0.,  0.]), size=array([1920, 1080]), texRes=128, units='pix', win=Window(...))
10.4889 	EXP 	Created iaps_cue = ImageStim(autoLog=True, color=array([ 1.,  1.,  1.]), colorSpace='rgb', contrast=1.0, depth=-1.0, flipHoriz=False, flipVert=False, image='sin', interpolate=True, mask=None, maskParams=None, name='iaps_cue', opacity=0.25, ori=0.0, pos=array([ 0.,  0.]), size=array([ 0.5,  0.5]), texRes=128, units='pix', win=Window(...))
10.4910 	EXP 	Created iaps_display = ImageStim(autoLog=True, color=array([ 1.,  1.,  1.]), colorSpace='rgb', contrast=1.0, depth=-1.0, flipHoriz=False, flipVert=False, image='sin', interpolate=True, mask=None, maskParams=None, name='iaps_display', opacity=1.0, ori=0.0, pos=array([ 0.,  0.]), size=array([ 0.5,  0.5]), texRes=128, units='pix', win=Window(...))
10.6354 	EXP 	Created blank = ImageStim(autoLog=True, color=array([ 1.,  1.,  1.]), colorSpace='rgb', contrast=1.0, depth=-2.0, flipHoriz=False, flipVert=False, image='Instructions/blank.png', interpolate=True, mask=None, maskParams=None, name='blank', opacity=1.0, ori=0.0, pos=array([ 0.,  0.]), size=array([1920, 1080]), texRes=128, units='pix', win=Window(...))
10.6375 	EXP 	Created break_image = ImageStim(autoLog=True, color=array([ 1.,  1.,  1.]), colorSpace='rgb', contrast=1.0, depth=-1.0, flipHoriz=False, flipVert=False, image='sin', interpolate=True, mask=None, maskParams=None, name='break_image', opacity=1.0, ori=0.0, pos=array([ 0.,  0.]), size=array([ 0.5,  0.5]), texRes=128, units='pix', win=Window(...))
10.7725 	EXP 	Created End_Screen = ImageStim(autoLog=True, color=array([ 1.,  1.,  1.]), colorSpace='rgb', contrast=1.0, depth=0.0, flipHoriz=False, flipVert=False, image='Instructions/finished.png', interpolate=True, mask=None, maskParams=None, name='End_Screen', opacity=1.0, ori=0.0, pos=array([ 0.,  0.]), size=array([1920, 1080]), texRes=128, units='pix', win=Window(...))
11.3389 	EXP 	Created unnamed Circle = Circle(autoDraw=False, autoLog=True, closeShape=True, contrast=1.0, depth=0, fillColor=array([ 1.,  1.,  1.]), fillColorSpace='rgb', fillRGB=array([ 1.,  1.,  1.]), interpolate=True, lineColor=array([ 1.,  1.,  1.]), lineColorSpace='rgb', lineRGB=array([ 1.,  1.,  1.]), lineWidth=1.5, name='unnamed Circle', opacity=1.0, ori=array(0.0), pos=array([ 0.,  0.]), size=array([ 1.,  1.]), units='pix', vertices=ndarray(...), win=Window(...))
11.3425 	EXP 	Created unnamed Circle = Circle(autoDraw=False, autoLog=True, closeShape=True, contrast=1.0, depth=0, fillColor=array([-1., -1., -1.]), fillColorSpace='rgb', fillRGB=array([-1., -1., -1.]), interpolate=True, lineColor=array([-1., -1., -1.]), lineColorSpace='rgb', lineRGB=array([-1., -1., -1.]), lineWidth=1.5, name='unnamed Circle', opacity=1.0, ori=array(0.0), pos=array([ 0.,  0.]), size=array([ 1.,  1.]), units='pix', vertices=ndarray(...), win=Window(...))
11.9776 	EXP 	Created menu_screen = ImageStim(autoLog=True, color=array([ 1.,  1.,  1.]), colorSpace='rgb', contrast=1.0, depth=-1.0, flipHoriz=False, flipVert=False, image='Instructions/menu.png', interpolate=True, mask=None, maskParams=None, name='menu_screen', opacity=1.0, ori=0.0, pos=array([ 0.,  0.]), size=array([1920, 1080]), texRes=128, units='pix', win=Window(...))
13.8316 	DATA 	Keypress: c
13.9633 	EXP 	Created menu_screen = ImageStim(autoLog=True, color=array([ 1.,  1.,  1.]), colorSpace='rgb', contrast=1.0, depth=-1.0, flipHoriz=False, flipVert=False, image='Instructions/menu.png', interpolate=True, mask=None, maskParams=None, name='menu_screen', opacity=1.0, ori=0.0, pos=array([ 0.,  0.]), size=array([1920, 1080]), texRes=128, units='pix', win=Window(...))
14.0015 	EXP 	unnamed Circle: pos = (0, 0)
14.0015 	EXP 	unnamed Circle: pos = (0, 0)
14.6795 	DATA 	Keypress: return
14.7181 	EXP 	unnamed Circle: pos = (844, -448)
14.7181 	EXP 	unnamed Circle: pos = (844, -448)
15.4635 	DATA 	Keypress: return
15.5014 	EXP 	unnamed Circle: pos = (-845, 0)
15.5014 	EXP 	unnamed Circle: pos = (-845, 0)
16.2155 	DATA 	Keypress: return
16.2597 	EXP 	unnamed Circle: pos = (422, -224)
16.2597 	EXP 	unnamed Circle: pos = (422, -224)
17.0155 	DATA 	Keypress: return
17.0430 	EXP 	unnamed Circle: pos = (-845, -448)
17.0430 	EXP 	unnamed Circle: pos = (-845, -448)
17.7195 	DATA 	Keypress: return
17.7597 	EXP 	unnamed Circle: pos = (422, 225)
17.7597 	EXP 	unnamed Circle: pos = (422, 225)
18.4234 	DATA 	Keypress: return
18.5096 	EXP 	unnamed Circle: pos = (0, -448)
18.5096 	EXP 	unnamed Circle: pos = (0, -448)
19.1755 	DATA 	Keypress: return
19.2263 	EXP 	unnamed Circle: pos = (-423, 225)
19.2263 	EXP 	unnamed Circle: pos = (-423, 225)
19.9595 	DATA 	Keypress: return
19.9846 	EXP 	unnamed Circle: pos = (844, 0)
19.9846 	EXP 	unnamed Circle: pos = (844, 0)
20.6954 	DATA 	Keypress: return
20.7262 	EXP 	unnamed Circle: pos = (0, 449)
20.7262 	EXP 	unnamed Circle: pos = (0, 449)
21.4634 	DATA 	Keypress: return
21.4929 	EXP 	unnamed Circle: pos = (-423, -224)
21.4929 	EXP 	unnamed Circle: pos = (-423, -224)
22.1674 	DATA 	Keypress: return
22.1929 	EXP 	unnamed Circle: pos = (-845, 449)
22.1929 	EXP 	unnamed Circle: pos = (-845, 449)
22.9354 	DATA 	Keypress: return
22.9678 	EXP 	unnamed Circle: pos = (844, 449)
22.9678 	EXP 	unnamed Circle: pos = (844, 449)
23.6394 	DATA 	Keypress: return
23.6845 	EXP 	unnamed Circle: pos = (0, 0)
23.6845 	EXP 	unnamed Circle: pos = (0, 0)
24.3754 	DATA 	Keypress: return
27.0634 	DATA 	Keypress: v
27.1177 	EXP 	unnamed Circle: pos = (0, 0)
27.1177 	EXP 	unnamed Circle: pos = (0, 0)
27.6233 	DATA 	Keypress: return
27.6760 	EXP 	unnamed Circle: pos = (743, -394)
27.6760 	EXP 	unnamed Circle: pos = (743, -394)
28.2633 	DATA 	Keypress: return
29.1753 	DATA 	Keypress: return
29.2176 	EXP 	unnamed Circle: pos = (-744, 395)
29.2176 	EXP 	unnamed Circle: pos = (-744, 395)
29.8953 	DATA 	Keypress: return
29.9760 	EXP 	unnamed Circle: pos = (844, 0)
29.9760 	EXP 	unnamed Circle: pos = (844, 0)
30.6473 	DATA 	Keypress: return
30.7093 	EXP 	unnamed Circle: pos = (422, 225)
30.7093 	EXP 	unnamed Circle: pos = (422, 225)
31.3833 	DATA 	Keypress: return
31.4343 	EXP 	unnamed Circle: pos = (422, -224)
31.4343 	EXP 	unnamed Circle: pos = (422, -224)
32.0233 	DATA 	Keypress: return
32.1592 	EXP 	unnamed Circle: pos = (-744, -394)
32.1592 	EXP 	unnamed Circle: pos = (-744, -394)
32.8873 	DATA 	Keypress: return
32.9425 	EXP 	unnamed Circle: pos = (743, 395)
32.9425 	EXP 	unnamed Circle: pos = (743, 395)
33.6233 	DATA 	Keypress: return
33.6842 	EXP 	unnamed Circle: pos = (-423, -224)
33.6842 	EXP 	unnamed Circle: pos = (-423, -224)
34.3113 	DATA 	Keypress: return
34.3592 	EXP 	unnamed Circle: pos = (-845, 0)
34.3592 	EXP 	unnamed Circle: pos = (-845, 0)
34.9993 	DATA 	Keypress: return
35.1008 	EXP 	unnamed Circle: pos = (-423, 225)
35.1008 	EXP 	unnamed Circle: pos = (-423, 225)
35.7353 	DATA 	Keypress: return
35.7758 	EXP 	unnamed Circle: pos = (0, -448)
35.7758 	EXP 	unnamed Circle: pos = (0, -448)
36.4393 	DATA 	Keypress: return
36.4757 	EXP 	unnamed Circle: pos = (0, 449)
36.4757 	EXP 	unnamed Circle: pos = (0, 449)
37.0472 	DATA 	Keypress: return
37.2007 	EXP 	unnamed Circle: pos = (0, 0)
37.2007 	EXP 	unnamed Circle: pos = (0, 0)
37.7512 	DATA 	Keypress: return
38.1257 	EXP 	unnamed Circle: pos = (-744, -394)
38.1257 	EXP 	unnamed Circle: pos = (-744, -394)
38.8553 	DATA 	Keypress: return
38.9090 	EXP 	unnamed Circle: pos = (0, 0)
38.9090 	EXP 	unnamed Circle: pos = (0, 0)
39.6072 	DATA 	Keypress: return
41.3032 	DATA 	Keypress: return
41.5497 	EXP 	Created menu_screen = ImageStim(autoLog=True, color=array([ 1.,  1.,  1.]), colorSpace='rgb', contrast=1.0, depth=-1.0, flipHoriz=False, flipVert=False, image='Instructions/menu.png', interpolate=True, mask=None, maskParams=None, name='menu_screen', opacity=1.0, ori=0.0, pos=array([ 0.,  0.]), size=array([1920, 1080]), texRes=128, units='pix', win=Window(...))
43.2552 	DATA 	Keypress: o
43.3869 	EXP 	Created menu_screen = ImageStim(autoLog=True, color=array([ 1.,  1.,  1.]), colorSpace='rgb', contrast=1.0, depth=-1.0, flipHoriz=False, flipVert=False, image='Instructions/menu.png', interpolate=True, mask=None, maskParams=None, name='menu_screen', opacity=1.0, ori=0.0, pos=array([ 0.,  0.]), size=array([1920, 1080]), texRes=128, units='pix', win=Window(...))
43.4020 	EXP 	Imported procedure\Introduction_list.csv as conditions, 1 conditions, 1 params
43.4022 	EXP 	Created sequence: sequential, trialTypes=1, nReps=1, seed=None
43.5092 	DEBUG 	Using C:/Users/sr38553/Desktop/new task/task/6.7.02 - trial_fixation (2).py as origin file
43.5098 	EXP 	New trial (rep=0, index=0): {'Introduction_image': 'inst_1'}
43.6506 	EXP 	task_instr_image: size = array([1920, 1080])
43.6506 	EXP 	task_instr_image: image = 'Instructions/inst_1.png'
43.6506 	EXP 	task_instr_image: autoDraw = True
44.2672 	DATA 	Keypress: return
44.2691 	EXP 	Imported procedure\#set_list.csv as conditions, 3 conditions, 5 params
44.2694 	EXP 	Created sequence: sequential, trialTypes=3, nReps=1, seed=None
44.2701 	DEBUG 	Using C:/Users/sr38553/Desktop/new task/task/6.7.02 - trial_fixation (2).py as origin file
44.2708 	EXP 	New trial (rep=0, index=0): {'block_event': 'comp_1', 'order': 0, 'block_display': 'inst_2', 'block_file': 'procedure\\0.csv', 'break_display': 'break'}
44.4171 	EXP 	task_instr_image: autoDraw = False
44.4171 	EXP 	Block_image: size = array([1920, 1080])
44.4171 	EXP 	Block_image: image = 'Instructions/inst_2.png'
44.4171 	EXP 	Block_image: autoDraw = True
50.0085 	DATA 	Keypress: return
50.0916 	EXP 	Block_image: autoDraw = False
50.0916 	EXP 	composite_display: size = array([1024,  768])
50.0916 	EXP 	composite_display: image = 'instructions/comp_1.png'
50.0916 	EXP 	composite_display: autoDraw = True
55.0114 	EXP 	Imported procedure\0.csv as conditions, 4 conditions, 7 params
55.0116 	EXP 	Created sequence: random, trialTypes=4, nReps=1, seed=None
55.0125 	DEBUG 	Using C:/Users/sr38553/Desktop/new task/task/6.7.02 - trial_fixation (2).py as origin file
55.0131 	EXP 	New trial (rep=0, index=0): {'valmean': 6.71, 'valence': 'Positive', 'scenestim': '2030.bmp', 'arousal': 'High', 'outliers': 0, 'blocknum': 0, 'arousalmean': 4.54}
55.1749 	EXP 	composite_display: autoDraw = False
55.1749 	EXP 	composite_display: autoDraw = False
55.1749 	EXP 	fixation_cross: autoDraw = True
57.2835 	EXP 	fixation_cross: autoDraw = False
57.2835 	EXP 	iaps_display: size = array([1024,  768])
57.2835 	EXP 	iaps_display: image = 'stimulus/2030.bmp'
57.2835 	EXP 	iaps_display: autoDraw = True
59.1084 	EXP 	iaps_cue: size = array([1024,  768])
59.1084 	EXP 	iaps_cue: image = 'red.png'
59.1084 	EXP 	iaps_cue: autoDraw = True
66.3165 	EXP 	iaps_cue: size = array([1024,  768])
66.3165 	EXP 	iaps_cue: image = 'green.png'
66.3165 	EXP 	iaps_cue: autoDraw = True
66.5665 	EXP 	iaps_cue: size = array([1024,  768])
66.5665 	EXP 	iaps_cue: image = 'red.png'
66.5665 	EXP 	iaps_cue: autoDraw = True
66.8165 	EXP 	iaps_cue: size = array([1024,  768])
66.8165 	EXP 	iaps_cue: image = 'green.png'
66.8165 	EXP 	iaps_cue: autoDraw = True
67.0665 	EXP 	iaps_cue: size = array([1024,  768])
67.0665 	EXP 	iaps_cue: image = 'blue.png'
67.0665 	EXP 	iaps_cue: autoDraw = True
77.0579 	EXP 	iaps_display: autoDraw = False
77.0579 	EXP 	iaps_cue: autoDraw = False
77.0579 	EXP 	blank: autoDraw = True
79.8945 	EXP 	New trial (rep=0, index=1): {'valmean': 1.95, 'valence': 'Negative', 'scenestim': '2205.bmp', 'arousal': 'High', 'outliers': 0, 'blocknum': 0, 'arousalmean': 4.5300000000000002}
80.0824 	EXP 	iaps_display: autoDraw = False
80.0824 	EXP 	iaps_cue: autoDraw = False
80.0824 	EXP 	blank: autoDraw = False
80.0824 	EXP 	fixation_cross: autoDraw = True
82.1573 	EXP 	fixation_cross: autoDraw = False
82.1573 	EXP 	iaps_display: size = array([1024,  768])
82.1573 	EXP 	iaps_display: image = 'stimulus/2205.bmp'
82.1573 	EXP 	iaps_display: autoDraw = True
83.9409 	EXP 	iaps_cue: size = array([1024,  768])
83.9409 	EXP 	iaps_cue: image = 'green.png'
83.9409 	EXP 	iaps_cue: autoDraw = True
85.1908 	EXP 	iaps_cue: size = array([1024,  768])
85.1908 	EXP 	iaps_cue: image = 'red.png'
85.1908 	EXP 	iaps_cue: autoDraw = True
101.9404 	EXP 	iaps_display: autoDraw = False
101.9404 	EXP 	iaps_cue: autoDraw = False
101.9404 	EXP 	blank: autoDraw = True
104.7795 	EXP 	New trial (rep=0, index=2): {'valmean': 6.8799999999999999, 'valence': 'Positive', 'scenestim': '2655.bmp', 'arousal': 'High', 'outliers': 0, 'blocknum': 0, 'arousalmean': 4.5700000000000003}
104.9399 	EXP 	iaps_display: autoDraw = False
104.9399 	EXP 	iaps_cue: autoDraw = False
104.9399 	EXP 	blank: autoDraw = False
104.9399 	EXP 	fixation_cross: autoDraw = True
107.0485 	EXP 	fixation_cross: autoDraw = False
107.0485 	EXP 	iaps_display: size = array([826, 768])
107.0485 	EXP 	iaps_display: image = 'stimulus/2655.bmp'
107.0485 	EXP 	iaps_display: autoDraw = True
108.8568 	EXP 	iaps_cue: size = array([826, 768])
108.8568 	EXP 	iaps_cue: image = 'blue.png'
108.8568 	EXP 	iaps_cue: autoDraw = True
124.5729 	EXP 	iaps_cue: size = array([826, 768])
124.5729 	EXP 	iaps_cue: image = 'green.png'
124.5729 	EXP 	iaps_cue: autoDraw = True
125.0729 	EXP 	iaps_cue: size = array([826, 768])
125.0729 	EXP 	iaps_cue: image = 'blue.png'
125.0729 	EXP 	iaps_cue: autoDraw = True
126.0812 	EXP 	iaps_cue: size = array([826, 768])
126.0812 	EXP 	iaps_cue: image = 'green.png'
126.0812 	EXP 	iaps_cue: autoDraw = True
126.5812 	EXP 	iaps_cue: size = array([826, 768])
126.5812 	EXP 	iaps_cue: image = 'blue.png'
126.5812 	EXP 	iaps_cue: autoDraw = True
126.8229 	EXP 	iaps_display: autoDraw = False
126.8229 	EXP 	iaps_cue: autoDraw = False
126.8229 	EXP 	blank: autoDraw = True
129.6625 	EXP 	New trial (rep=0, index=3): {'valmean': 3.3399999999999999, 'valence': 'Negative', 'scenestim': '2120.bmp', 'arousal': 'High', 'outliers': 0, 'blocknum': 0, 'arousalmean': 5.1799999999999997}
129.8475 	EXP 	iaps_display: autoDraw = False
129.8475 	EXP 	iaps_cue: autoDraw = False
129.8475 	EXP 	blank: autoDraw = False
129.8475 	EXP 	fixation_cross: autoDraw = True
131.9308 	EXP 	fixation_cross: autoDraw = False
131.9308 	EXP 	iaps_display: size = array([1024,  768])
131.9308 	EXP 	iaps_display: image = 'stimulus/2120.bmp'
131.9308 	EXP 	iaps_display: autoDraw = True
133.7476 	EXP 	iaps_cue: size = array([1024,  768])
133.7476 	EXP 	iaps_cue: image = 'blue.png'
133.7476 	EXP 	iaps_cue: autoDraw = True
136.2058 	EXP 	iaps_cue: size = array([1024,  768])
136.2058 	EXP 	iaps_cue: image = 'green.png'
136.2058 	EXP 	iaps_cue: autoDraw = True
136.4559 	EXP 	iaps_cue: size = array([1024,  768])
136.4559 	EXP 	iaps_cue: image = 'red.png'
136.4559 	EXP 	iaps_cue: autoDraw = True
136.7058 	EXP 	iaps_cue: size = array([1024,  768])
136.7058 	EXP 	iaps_cue: image = 'blue.png'
136.7058 	EXP 	iaps_cue: autoDraw = True
137.7058 	EXP 	iaps_cue: size = array([1024,  768])
137.7058 	EXP 	iaps_cue: image = 'red.png'
137.7058 	EXP 	iaps_cue: autoDraw = True
138.2058 	EXP 	iaps_cue: size = array([1024,  768])
138.2058 	EXP 	iaps_cue: image = 'blue.png'
138.2058 	EXP 	iaps_cue: autoDraw = True
139.4558 	EXP 	iaps_cue: size = array([1024,  768])
139.4558 	EXP 	iaps_cue: image = 'green.png'
139.4558 	EXP 	iaps_cue: autoDraw = True
139.9558 	EXP 	iaps_cue: size = array([1024,  768])
139.9558 	EXP 	iaps_cue: image = 'blue.png'
139.9558 	EXP 	iaps_cue: autoDraw = True
140.7058 	EXP 	iaps_cue: size = array([1024,  768])
140.7058 	EXP 	iaps_cue: image = 'green.png'
140.7058 	EXP 	iaps_cue: autoDraw = True
140.9557 	EXP 	iaps_cue: size = array([1024,  768])
140.9557 	EXP 	iaps_cue: image = 'red.png'
140.9557 	EXP 	iaps_cue: autoDraw = True
141.2058 	EXP 	iaps_cue: size = array([1024,  768])
141.2058 	EXP 	iaps_cue: image = 'blue.png'
141.2058 	EXP 	iaps_cue: autoDraw = True
141.9557 	EXP 	iaps_cue: size = array([1024,  768])
141.9557 	EXP 	iaps_cue: image = 'green.png'
141.9557 	EXP 	iaps_cue: autoDraw = True
142.2057 	EXP 	iaps_cue: size = array([1024,  768])
142.2057 	EXP 	iaps_cue: image = 'red.png'
142.2057 	EXP 	iaps_cue: autoDraw = True
146.4639 	EXP 	iaps_cue: size = array([1024,  768])
146.4639 	EXP 	iaps_cue: image = 'green.png'
146.4639 	EXP 	iaps_cue: autoDraw = True
146.7139 	EXP 	iaps_cue: size = array([1024,  768])
146.7139 	EXP 	iaps_cue: image = 'blue.png'
146.7139 	EXP 	iaps_cue: autoDraw = True
147.9640 	EXP 	iaps_cue: size = array([1024,  768])
147.9640 	EXP 	iaps_cue: image = 'green.png'
147.9640 	EXP 	iaps_cue: autoDraw = True
148.2140 	EXP 	iaps_cue: size = array([1024,  768])
148.2140 	EXP 	iaps_cue: image = 'red.png'
148.2140 	EXP 	iaps_cue: autoDraw = True
148.4640 	EXP 	iaps_cue: size = array([1024,  768])
148.4640 	EXP 	iaps_cue: image = 'blue.png'
148.4640 	EXP 	iaps_cue: autoDraw = True
148.9639 	EXP 	iaps_cue: size = array([1024,  768])
148.9639 	EXP 	iaps_cue: image = 'green.png'
148.9639 	EXP 	iaps_cue: autoDraw = True
149.2139 	EXP 	iaps_cue: size = array([1024,  768])
149.2139 	EXP 	iaps_cue: image = 'red.png'
149.2139 	EXP 	iaps_cue: autoDraw = True
149.7139 	EXP 	iaps_cue: size = array([1024,  768])
149.7139 	EXP 	iaps_cue: image = 'green.png'
149.7139 	EXP 	iaps_cue: autoDraw = True
149.9639 	EXP 	iaps_cue: size = array([1024,  768])
149.9639 	EXP 	iaps_cue: image = 'red.png'
149.9639 	EXP 	iaps_cue: autoDraw = True
150.4639 	EXP 	iaps_cue: size = array([1024,  768])
150.4639 	EXP 	iaps_cue: image = 'blue.png'
150.4639 	EXP 	iaps_cue: autoDraw = True
151.7055 	EXP 	iaps_display: autoDraw = False
151.7055 	EXP 	iaps_cue: autoDraw = False
151.7055 	EXP 	blank: autoDraw = True
154.5455 	EXP 	Created sequence: random, trialTypes=1, nReps=1, seed=None
154.5464 	DEBUG 	Using C:/Users/sr38553/Desktop/new task/task/6.7.02 - trial_fixation (2).py as origin file
154.5469 	EXP 	New trial (rep=0, index=0): None
154.6884 	EXP 	iaps_display: autoDraw = False
154.6884 	EXP 	iaps_cue: autoDraw = False
154.6884 	EXP 	blank: autoDraw = False
154.6884 	EXP 	break_image: size = array([1920, 1080])
154.6884 	EXP 	break_image: image = 'Instructions/break.png'
154.6884 	EXP 	break_image: autoDraw = True
156.3634 	DATA 	Keypress: return
156.3641 	EXP 	New trial (rep=0, index=1): {'block_event': 'comp_2', 'order': 1, 'block_display': 'cont_inst', 'block_file': 'procedure\\1.csv', 'break_display': 'break'}
156.4050 	EXP 	break_image: autoDraw = False
156.4050 	EXP 	Block_image: size = array([1920, 1080])
156.4050 	EXP 	Block_image: image = 'Instructions/cont_inst.png'
156.4050 	EXP 	Block_image: autoDraw = True
157.4301 	DATA 	Keypress: return
157.4716 	EXP 	Block_image: autoDraw = False
157.4716 	EXP 	composite_display: size = array([1024,  768])
157.4716 	EXP 	composite_display: image = 'instructions/comp_2.png'
157.4716 	EXP 	composite_display: autoDraw = True
162.4328 	EXP 	Imported procedure\1.csv as conditions, 4 conditions, 7 params
162.4331 	EXP 	Created sequence: random, trialTypes=4, nReps=1, seed=None
162.4339 	DEBUG 	Using C:/Users/sr38553/Desktop/new task/task/6.7.02 - trial_fixation (2).py as origin file
162.4345 	EXP 	New trial (rep=0, index=0): {'valmean': 7.7699999999999996, 'valence': 'Positive', 'scenestim': '2550.bmp', 'arousal': 'High', 'outliers': 0, 'blocknum': 1, 'arousalmean': 4.6799999999999997}
162.5883 	EXP 	composite_display: autoDraw = False
162.5883 	EXP 	composite_display: autoDraw = False
162.5883 	EXP 	fixation_cross: autoDraw = True
164.7050 	EXP 	fixation_cross: autoDraw = False
164.7050 	EXP 	iaps_display: size = array([1024,  768])
164.7050 	EXP 	iaps_display: image = 'stimulus/2550.bmp'
164.7050 	EXP 	iaps_display: autoDraw = True
166.4799 	EXP 	iaps_cue: size = array([1024,  768])
166.4799 	EXP 	iaps_cue: image = 'red.png'
166.4799 	EXP 	iaps_cue: autoDraw = True
184.4710 	EXP 	iaps_display: autoDraw = False
184.4710 	EXP 	iaps_cue: autoDraw = False
184.4710 	EXP 	blank: autoDraw = True
187.3225 	EXP 	New trial (rep=0, index=1): {'valmean': 7.3499999999999996, 'valence': 'Positive', 'scenestim': '2208.bmp', 'arousal': 'High', 'outliers': 0, 'blocknum': 1, 'arousalmean': 5.6799999999999997}
187.4957 	EXP 	iaps_display: autoDraw = False
187.4957 	EXP 	iaps_cue: autoDraw = False
187.4957 	EXP 	blank: autoDraw = False
187.4957 	EXP 	fixation_cross: autoDraw = True
189.5875 	EXP 	fixation_cross: autoDraw = False
189.5875 	EXP 	iaps_display: size = array([1024,  768])
189.5875 	EXP 	iaps_display: image = 'stimulus/2208.bmp'
189.5875 	EXP 	iaps_display: autoDraw = True
191.3719 	EXP 	iaps_cue: size = array([1024,  768])
191.3719 	EXP 	iaps_cue: image = 'green.png'
191.3719 	EXP 	iaps_cue: autoDraw = True
191.8708 	EXP 	iaps_cue: size = array([1024,  768])
191.8708 	EXP 	iaps_cue: image = 'red.png'
191.8708 	EXP 	iaps_cue: autoDraw = True
192.3708 	EXP 	iaps_cue: size = array([1024,  768])
192.3708 	EXP 	iaps_cue: image = 'green.png'
192.3708 	EXP 	iaps_cue: autoDraw = True
193.1292 	EXP 	iaps_cue: size = array([1024,  768])
193.1292 	EXP 	iaps_cue: image = 'blue.png'
193.1292 	EXP 	iaps_cue: autoDraw = True
195.1292 	EXP 	iaps_cue: size = array([1024,  768])
195.1292 	EXP 	iaps_cue: image = 'green.png'
195.1292 	EXP 	iaps_cue: autoDraw = True
195.3792 	EXP 	iaps_cue: size = array([1024,  768])
195.3792 	EXP 	iaps_cue: image = 'blue.png'
195.3792 	EXP 	iaps_cue: autoDraw = True
196.8792 	EXP 	iaps_cue: size = array([1024,  768])
196.8792 	EXP 	iaps_cue: image = 'green.png'
196.8792 	EXP 	iaps_cue: autoDraw = True
197.3792 	EXP 	iaps_cue: size = array([1024,  768])
197.3792 	EXP 	iaps_cue: image = 'blue.png'
197.3792 	EXP 	iaps_cue: autoDraw = True
198.6292 	EXP 	iaps_cue: size = array([1024,  768])
198.6292 	EXP 	iaps_cue: image = 'green.png'
198.6292 	EXP 	iaps_cue: autoDraw = True
200.1291 	EXP 	iaps_cue: size = array([1024,  768])
200.1291 	EXP 	iaps_cue: image = 'red.png'
200.1291 	EXP 	iaps_cue: autoDraw = True
205.3789 	EXP 	iaps_cue: size = array([1024,  768])
205.3789 	EXP 	iaps_cue: image = 'green.png'
205.3789 	EXP 	iaps_cue: autoDraw = True
205.8789 	EXP 	iaps_cue: size = array([1024,  768])
205.8789 	EXP 	iaps_cue: image = 'blue.png'
205.8789 	EXP 	iaps_cue: autoDraw = True
207.3871 	EXP 	iaps_cue: size = array([1024,  768])
207.3871 	EXP 	iaps_cue: image = 'green.png'
207.3871 	EXP 	iaps_cue: autoDraw = True
208.1372 	EXP 	iaps_cue: size = array([1024,  768])
208.1372 	EXP 	iaps_cue: image = 'blue.png'
208.1372 	EXP 	iaps_cue: autoDraw = True
209.1371 	EXP 	iaps_cue: size = array([1024,  768])
209.1371 	EXP 	iaps_cue: image = 'green.png'
209.1371 	EXP 	iaps_cue: autoDraw = True
209.3788 	EXP 	iaps_display: autoDraw = False
209.3788 	EXP 	iaps_cue: autoDraw = False
209.3788 	EXP 	blank: autoDraw = True
212.2295 	EXP 	New trial (rep=0, index=2): {'valmean': 1.9199999999999999, 'valence': 'Negative', 'scenestim': '3180.bmp', 'arousal': 'High', 'outliers': 0, 'blocknum': 1, 'arousalmean': 5.7699999999999996}
212.3950 	EXP 	iaps_display: autoDraw = False
212.3950 	EXP 	iaps_cue: autoDraw = False
212.3950 	EXP 	blank: autoDraw = False
212.3950 	EXP 	fixation_cross: autoDraw = True
214.5033 	EXP 	fixation_cross: autoDraw = False
214.5033 	EXP 	iaps_display: size = array([1024,  768])
214.5033 	EXP 	iaps_display: image = 'stimulus/3180.bmp'
214.5033 	EXP 	iaps_display: autoDraw = True
216.2869 	EXP 	iaps_cue: size = array([1024,  768])
216.2869 	EXP 	iaps_cue: image = 'blue.png'
216.2869 	EXP 	iaps_cue: autoDraw = True
218.2793 	EXP 	iaps_cue: size = array([1024,  768])
218.2793 	EXP 	iaps_cue: image = 'green.png'
218.2793 	EXP 	iaps_cue: autoDraw = True
218.7784 	EXP 	iaps_cue: size = array([1024,  768])
218.7784 	EXP 	iaps_cue: image = 'blue.png'
218.7784 	EXP 	iaps_cue: autoDraw = True
221.0284 	EXP 	iaps_cue: size = array([1024,  768])
221.0284 	EXP 	iaps_cue: image = 'green.png'
221.0284 	EXP 	iaps_cue: autoDraw = True
221.5367 	EXP 	iaps_cue: size = array([1024,  768])
221.5367 	EXP 	iaps_cue: image = 'blue.png'
221.5367 	EXP 	iaps_cue: autoDraw = True
221.7785 	EXP 	iaps_cue: size = array([1024,  768])
221.7785 	EXP 	iaps_cue: image = 'green.png'
221.7785 	EXP 	iaps_cue: autoDraw = True
222.2867 	EXP 	iaps_cue: size = array([1024,  768])
222.2867 	EXP 	iaps_cue: image = 'blue.png'
222.2867 	EXP 	iaps_cue: autoDraw = True
223.2867 	EXP 	iaps_cue: size = array([1024,  768])
223.2867 	EXP 	iaps_cue: image = 'green.png'
223.2867 	EXP 	iaps_cue: autoDraw = True
223.7950 	EXP 	iaps_cue: size = array([1024,  768])
223.7950 	EXP 	iaps_cue: image = 'blue.png'
223.7950 	EXP 	iaps_cue: autoDraw = True
224.7867 	EXP 	iaps_cue: size = array([1024,  768])
224.7867 	EXP 	iaps_cue: image = 'green.png'
224.7867 	EXP 	iaps_cue: autoDraw = True
228.7865 	EXP 	iaps_cue: size = array([1024,  768])
228.7865 	EXP 	iaps_cue: image = 'red.png'
228.7865 	EXP 	iaps_cue: autoDraw = True
229.2865 	EXP 	iaps_cue: size = array([1024,  768])
229.2865 	EXP 	iaps_cue: image = 'green.png'
229.2865 	EXP 	iaps_cue: autoDraw = True
229.7864 	EXP 	iaps_cue: size = array([1024,  768])
229.7864 	EXP 	iaps_cue: image = 'red.png'
229.7864 	EXP 	iaps_cue: autoDraw = True
230.0365 	EXP 	iaps_cue: size = array([1024,  768])
230.0365 	EXP 	iaps_cue: image = 'green.png'
230.0365 	EXP 	iaps_cue: autoDraw = True
230.2948 	EXP 	iaps_cue: size = array([1024,  768])
230.2948 	EXP 	iaps_cue: image = 'blue.png'
230.2948 	EXP 	iaps_cue: autoDraw = True
231.7864 	EXP 	iaps_cue: size = array([1024,  768])
231.7864 	EXP 	iaps_cue: image = 'green.png'
231.7864 	EXP 	iaps_cue: autoDraw = True
232.2864 	EXP 	iaps_cue: size = array([1024,  768])
232.2864 	EXP 	iaps_cue: image = 'blue.png'
232.2864 	EXP 	iaps_cue: autoDraw = True
234.0447 	EXP 	iaps_cue: size = array([1024,  768])
234.0447 	EXP 	iaps_cue: image = 'green.png'
234.0447 	EXP 	iaps_cue: autoDraw = True
234.2947 	EXP 	iaps_display: autoDraw = False
234.2947 	EXP 	iaps_cue: autoDraw = False
234.2947 	EXP 	blank: autoDraw = True
237.1225 	EXP 	New trial (rep=0, index=3): {'valmean': 5.0300000000000002, 'valence': 'Negative', 'scenestim': '2278.bmp', 'arousal': 'High', 'outliers': 1, 'blocknum': 1, 'arousalmean': 4.9299999999999997}
237.2775 	EXP 	iaps_display: autoDraw = False
237.2775 	EXP 	iaps_cue: autoDraw = False
237.2775 	EXP 	blank: autoDraw = False
237.2775 	EXP 	fixation_cross: autoDraw = True
239.3941 	EXP 	fixation_cross: autoDraw = False
239.3941 	EXP 	iaps_display: size = array([1024,  768])
239.3941 	EXP 	iaps_display: image = 'stimulus/2278.bmp'
239.3941 	EXP 	iaps_display: autoDraw = True
241.1778 	EXP 	iaps_cue: size = array([1024,  768])
241.1778 	EXP 	iaps_cue: image = 'blue.png'
241.1778 	EXP 	iaps_cue: autoDraw = True
241.4277 	EXP 	iaps_cue: size = array([1024,  768])
241.4277 	EXP 	iaps_cue: image = 'green.png'
241.4277 	EXP 	iaps_cue: autoDraw = True
241.6694 	EXP 	iaps_cue: size = array([1024,  768])
241.6694 	EXP 	iaps_cue: image = 'blue.png'
241.6694 	EXP 	iaps_cue: autoDraw = True
242.9194 	EXP 	iaps_cue: size = array([1024,  768])
242.9194 	EXP 	iaps_cue: image = 'green.png'
242.9194 	EXP 	iaps_cue: autoDraw = True
243.4278 	EXP 	iaps_cue: size = array([1024,  768])
243.4278 	EXP 	iaps_cue: image = 'blue.png'
243.4278 	EXP 	iaps_cue: autoDraw = True
244.4277 	EXP 	iaps_cue: size = array([1024,  768])
244.4277 	EXP 	iaps_cue: image = 'green.png'
244.4277 	EXP 	iaps_cue: autoDraw = True
245.6777 	EXP 	iaps_cue: size = array([1024,  768])
245.6777 	EXP 	iaps_cue: image = 'red.png'
245.6777 	EXP 	iaps_cue: autoDraw = True
246.6776 	EXP 	iaps_cue: size = array([1024,  768])
246.6776 	EXP 	iaps_cue: image = 'green.png'
246.6776 	EXP 	iaps_cue: autoDraw = True
246.9192 	EXP 	iaps_cue: size = array([1024,  768])
246.9192 	EXP 	iaps_cue: image = 'red.png'
246.9192 	EXP 	iaps_cue: autoDraw = True
247.1693 	EXP 	iaps_cue: size = array([1024,  768])
247.1693 	EXP 	iaps_cue: image = 'blue.png'
247.1693 	EXP 	iaps_cue: autoDraw = True
249.1692 	EXP 	iaps_cue: size = array([1024,  768])
249.1692 	EXP 	iaps_cue: image = 'green.png'
249.1692 	EXP 	iaps_cue: autoDraw = True
249.9275 	EXP 	iaps_cue: size = array([1024,  768])
249.9275 	EXP 	iaps_cue: image = 'blue.png'
249.9275 	EXP 	iaps_cue: autoDraw = True
250.1774 	EXP 	iaps_cue: size = array([1024,  768])
250.1774 	EXP 	iaps_cue: image = 'green.png'
250.1774 	EXP 	iaps_cue: autoDraw = True
251.4274 	EXP 	iaps_cue: size = array([1024,  768])
251.4274 	EXP 	iaps_cue: image = 'red.png'
251.4274 	EXP 	iaps_cue: autoDraw = True
252.9274 	EXP 	iaps_cue: size = array([1024,  768])
252.9274 	EXP 	iaps_cue: image = 'green.png'
252.9274 	EXP 	iaps_cue: autoDraw = True
254.1856 	EXP 	iaps_cue: size = array([1024,  768])
254.1856 	EXP 	iaps_cue: image = 'blue.png'
254.1856 	EXP 	iaps_cue: autoDraw = True
254.6773 	EXP 	iaps_cue: size = array([1024,  768])
254.6773 	EXP 	iaps_cue: image = 'green.png'
254.6773 	EXP 	iaps_cue: autoDraw = True
254.9273 	EXP 	iaps_cue: size = array([1024,  768])
254.9273 	EXP 	iaps_cue: image = 'blue.png'
254.9273 	EXP 	iaps_cue: autoDraw = True
255.9273 	EXP 	iaps_cue: size = array([1024,  768])
255.9273 	EXP 	iaps_cue: image = 'green.png'
255.9273 	EXP 	iaps_cue: autoDraw = True
256.4272 	EXP 	iaps_cue: size = array([1024,  768])
256.4272 	EXP 	iaps_cue: image = 'blue.png'
256.4272 	EXP 	iaps_cue: autoDraw = True
257.4273 	EXP 	iaps_cue: size = array([1024,  768])
257.4273 	EXP 	iaps_cue: image = 'green.png'
257.4273 	EXP 	iaps_cue: autoDraw = True
258.9273 	EXP 	iaps_cue: size = array([1024,  768])
258.9273 	EXP 	iaps_cue: image = 'red.png'
258.9273 	EXP 	iaps_cue: autoDraw = True
259.1689 	EXP 	iaps_display: autoDraw = False
259.1689 	EXP 	iaps_cue: autoDraw = False
259.1689 	EXP 	blank: autoDraw = True
262.0246 	EXP 	Created sequence: random, trialTypes=1, nReps=1, seed=None
262.0255 	DEBUG 	Using C:/Users/sr38553/Desktop/new task/task/6.7.02 - trial_fixation (2).py as origin file
262.0260 	EXP 	New trial (rep=0, index=0): None
262.0767 	EXP 	iaps_display: autoDraw = False
262.0767 	EXP 	iaps_cue: autoDraw = False
262.0767 	EXP 	blank: autoDraw = False
262.0767 	EXP 	break_image: size = array([1920, 1080])
262.0767 	EXP 	break_image: image = 'Instructions/break.png'
262.0767 	EXP 	break_image: autoDraw = True
263.6270 	DATA 	Keypress: return
263.6277 	EXP 	New trial (rep=0, index=2): {'block_event': 'comp_3', 'order': 2, 'block_display': 'cont_inst', 'block_file': 'procedure\\2.csv', 'break_display': 'blank'}
263.6767 	EXP 	break_image: autoDraw = False
263.6767 	EXP 	Block_image: size = array([1920, 1080])
263.6767 	EXP 	Block_image: image = 'Instructions/cont_inst.png'
263.6767 	EXP 	Block_image: autoDraw = True
265.0354 	DATA 	Keypress: return
265.0850 	EXP 	Block_image: autoDraw = False
265.0850 	EXP 	composite_display: size = array([1024,  768])
265.0850 	EXP 	composite_display: image = 'instructions/comp_3.png'
265.0850 	EXP 	composite_display: autoDraw = True
270.0381 	EXP 	Imported procedure\2.csv as conditions, 4 conditions, 7 params
270.0384 	EXP 	Created sequence: random, trialTypes=4, nReps=1, seed=None
270.0392 	DEBUG 	Using C:/Users/sr38553/Desktop/new task/task/6.7.02 - trial_fixation (2).py as origin file
270.0398 	EXP 	New trial (rep=0, index=0): {'valmean': 3.3599999999999999, 'valence': 'Negative', 'scenestim': '2278.bmp', 'arousal': 'High', 'outliers': 0, 'blocknum': 2, 'arousalmean': 4.5499999999999998}
270.2018 	EXP 	composite_display: autoDraw = False
270.2018 	EXP 	composite_display: autoDraw = False
270.2018 	EXP 	fixation_cross: autoDraw = True
272.3102 	EXP 	fixation_cross: autoDraw = False
272.3102 	EXP 	iaps_display: size = array([1024,  768])
272.3102 	EXP 	iaps_display: image = 'stimulus/2278.bmp'
272.3102 	EXP 	iaps_display: autoDraw = True
274.0934 	EXP 	iaps_cue: size = array([1024,  768])
274.0934 	EXP 	iaps_cue: image = 'green.png'
274.0934 	EXP 	iaps_cue: autoDraw = True
274.3434 	EXP 	iaps_cue: size = array([1024,  768])
274.3434 	EXP 	iaps_cue: image = 'red.png'
274.3434 	EXP 	iaps_cue: autoDraw = True
274.5934 	EXP 	iaps_cue: size = array([1024,  768])
274.5934 	EXP 	iaps_cue: image = 'green.png'
274.5934 	EXP 	iaps_cue: autoDraw = True
275.3434 	EXP 	iaps_cue: size = array([1024,  768])
275.3434 	EXP 	iaps_cue: image = 'red.png'
275.3434 	EXP 	iaps_cue: autoDraw = True
284.8431 	EXP 	iaps_cue: size = array([1024,  768])
284.8431 	EXP 	iaps_cue: image = 'green.png'
284.8431 	EXP 	iaps_cue: autoDraw = True
285.3430 	EXP 	iaps_cue: size = array([1024,  768])
285.3430 	EXP 	iaps_cue: image = 'blue.png'
285.3430 	EXP 	iaps_cue: autoDraw = True
287.0931 	EXP 	iaps_cue: size = array([1024,  768])
287.0931 	EXP 	iaps_cue: image = 'green.png'
287.0931 	EXP 	iaps_cue: autoDraw = True
288.0930 	EXP 	iaps_cue: size = array([1024,  768])
288.0930 	EXP 	iaps_cue: image = 'red.png'
288.0930 	EXP 	iaps_cue: autoDraw = True
292.0845 	EXP 	iaps_display: autoDraw = False
292.0845 	EXP 	iaps_cue: autoDraw = False
292.0845 	EXP 	blank: autoDraw = True
294.9575 	EXP 	New trial (rep=0, index=1): {'valmean': 3.04, 'valence': 'Negative', 'scenestim': '2691.bmp', 'arousal': 'High', 'outliers': 1, 'blocknum': 2, 'arousalmean': 5.8499999999999996}
295.1424 	EXP 	iaps_display: autoDraw = False
295.1424 	EXP 	iaps_cue: autoDraw = False
295.1424 	EXP 	blank: autoDraw = False
295.1424 	EXP 	fixation_cross: autoDraw = True
297.2257 	EXP 	fixation_cross: autoDraw = False
297.2257 	EXP 	iaps_display: size = array([1024,  768])
297.2257 	EXP 	iaps_display: image = 'stimulus/2691.bmp'
297.2257 	EXP 	iaps_display: autoDraw = True
299.0093 	EXP 	iaps_cue: size = array([1024,  768])
299.0093 	EXP 	iaps_cue: image = 'blue.png'
299.0093 	EXP 	iaps_cue: autoDraw = True
302.2593 	EXP 	iaps_cue: size = array([1024,  768])
302.2593 	EXP 	iaps_cue: image = 'green.png'
302.2593 	EXP 	iaps_cue: autoDraw = True
302.5092 	EXP 	iaps_cue: size = array([1024,  768])
302.5092 	EXP 	iaps_cue: image = 'red.png'
302.5092 	EXP 	iaps_cue: autoDraw = True
303.0092 	EXP 	iaps_cue: size = array([1024,  768])
303.0092 	EXP 	iaps_cue: image = 'green.png'
303.0092 	EXP 	iaps_cue: autoDraw = True
303.7674 	EXP 	iaps_cue: size = array([1024,  768])
303.7674 	EXP 	iaps_cue: image = 'blue.png'
303.7674 	EXP 	iaps_cue: autoDraw = True
304.0175 	EXP 	iaps_cue: size = array([1024,  768])
304.0175 	EXP 	iaps_cue: image = 'green.png'
304.0175 	EXP 	iaps_cue: autoDraw = True
304.2675 	EXP 	iaps_cue: size = array([1024,  768])
304.2675 	EXP 	iaps_cue: image = 'blue.png'
304.2675 	EXP 	iaps_cue: autoDraw = True
305.2592 	EXP 	iaps_cue: size = array([1024,  768])
305.2592 	EXP 	iaps_cue: image = 'green.png'
305.2592 	EXP 	iaps_cue: autoDraw = True
306.2591 	EXP 	iaps_cue: size = array([1024,  768])
306.2591 	EXP 	iaps_cue: image = 'red.png'
306.2591 	EXP 	iaps_cue: autoDraw = True
317.0004 	EXP 	iaps_display: autoDraw = False
317.0004 	EXP 	iaps_cue: autoDraw = False
317.0004 	EXP 	blank: autoDraw = True
319.8355 	EXP 	New trial (rep=0, index=2): {'valmean': 2.2000000000000002, 'valence': 'Negative', 'scenestim': '2375.1.bmp', 'arousal': 'High', 'outliers': 0, 'blocknum': 2, 'arousalmean': 4.8799999999999999}
319.9915 	EXP 	iaps_display: autoDraw = False
319.9915 	EXP 	iaps_cue: autoDraw = False
319.9915 	EXP 	blank: autoDraw = False
319.9915 	EXP 	fixation_cross: autoDraw = True
322.0998 	EXP 	fixation_cross: autoDraw = False
322.0998 	EXP 	iaps_display: size = array([502, 763])
322.0998 	EXP 	iaps_display: image = 'stimulus/2375.1.bmp'
322.0998 	EXP 	iaps_display: autoDraw = True
323.9002 	EXP 	iaps_cue: size = array([502, 763])
323.9002 	EXP 	iaps_cue: image = 'green.png'
323.9002 	EXP 	iaps_cue: autoDraw = True
325.1251 	EXP 	iaps_cue: size = array([502, 763])
325.1251 	EXP 	iaps_cue: image = 'red.png'
325.1251 	EXP 	iaps_cue: autoDraw = True
326.6251 	EXP 	iaps_cue: size = array([502, 763])
326.6251 	EXP 	iaps_cue: image = 'green.png'
326.6251 	EXP 	iaps_cue: autoDraw = True
327.3750 	EXP 	iaps_cue: size = array([502, 763])
327.3750 	EXP 	iaps_cue: image = 'blue.png'
327.3750 	EXP 	iaps_cue: autoDraw = True
329.6250 	EXP 	iaps_cue: size = array([502, 763])
329.6250 	EXP 	iaps_cue: image = 'green.png'
329.6250 	EXP 	iaps_cue: autoDraw = True
331.1249 	EXP 	iaps_cue: size = array([502, 763])
331.1249 	EXP 	iaps_cue: image = 'red.png'
331.1249 	EXP 	iaps_cue: autoDraw = True
331.6249 	EXP 	iaps_cue: size = array([502, 763])
331.6249 	EXP 	iaps_cue: image = 'green.png'
331.6249 	EXP 	iaps_cue: autoDraw = True
334.1248 	EXP 	iaps_cue: size = array([502, 763])
334.1248 	EXP 	iaps_cue: image = 'red.png'
334.1248 	EXP 	iaps_cue: autoDraw = True
335.6248 	EXP 	iaps_cue: size = array([502, 763])
335.6248 	EXP 	iaps_cue: image = 'blue.png'
335.6248 	EXP 	iaps_cue: autoDraw = True
337.1248 	EXP 	iaps_cue: size = array([502, 763])
337.1248 	EXP 	iaps_cue: image = 'green.png'
337.1248 	EXP 	iaps_cue: autoDraw = True
337.3748 	EXP 	iaps_cue: size = array([502, 763])
337.3748 	EXP 	iaps_cue: image = 'red.png'
337.3748 	EXP 	iaps_cue: autoDraw = True
337.6247 	EXP 	iaps_cue: size = array([502, 763])
337.6247 	EXP 	iaps_cue: image = 'green.png'
337.6247 	EXP 	iaps_cue: autoDraw = True
339.6330 	EXP 	iaps_cue: size = array([502, 763])
339.6330 	EXP 	iaps_cue: image = 'red.png'
339.6330 	EXP 	iaps_cue: autoDraw = True
340.1330 	EXP 	iaps_cue: size = array([502, 763])
340.1330 	EXP 	iaps_cue: image = 'green.png'
340.1330 	EXP 	iaps_cue: autoDraw = True
340.6330 	EXP 	iaps_cue: size = array([502, 763])
340.6330 	EXP 	iaps_cue: image = 'blue.png'
340.6330 	EXP 	iaps_cue: autoDraw = True
341.8829 	EXP 	iaps_cue: size = array([502, 763])
341.8829 	EXP 	iaps_cue: image = 'green.png'
341.8829 	EXP 	iaps_cue: autoDraw = True
341.8912 	EXP 	iaps_display: autoDraw = False
341.8912 	EXP 	iaps_cue: autoDraw = False
341.8912 	EXP 	blank: autoDraw = True
344.7235 	EXP 	New trial (rep=0, index=3): {'valmean': 1.79, 'valence': 'Negative', 'scenestim': '2095.bmp', 'arousal': 'High', 'outliers': 0, 'blocknum': 2, 'arousalmean': 5.25}
344.8907 	EXP 	iaps_display: autoDraw = False
344.8907 	EXP 	iaps_cue: autoDraw = False
344.8907 	EXP 	blank: autoDraw = False
344.8907 	EXP 	fixation_cross: autoDraw = True
346.9910 	EXP 	fixation_cross: autoDraw = False
346.9910 	EXP 	iaps_display: size = array([560, 766])
346.9910 	EXP 	iaps_display: image = 'stimulus/2095.bmp'
346.9910 	EXP 	iaps_display: autoDraw = True
348.7826 	EXP 	iaps_cue: size = array([560, 766])
348.7826 	EXP 	iaps_cue: image = 'green.png'
348.7826 	EXP 	iaps_cue: autoDraw = True
350.0076 	EXP 	iaps_cue: size = array([560, 766])
350.0076 	EXP 	iaps_cue: image = 'blue.png'
350.0076 	EXP 	iaps_cue: autoDraw = True
352.5159 	EXP 	iaps_cue: size = array([560, 766])
352.5159 	EXP 	iaps_cue: image = 'green.png'
352.5159 	EXP 	iaps_cue: autoDraw = True
353.0158 	EXP 	iaps_cue: size = array([560, 766])
353.0158 	EXP 	iaps_cue: image = 'blue.png'
353.0158 	EXP 	iaps_cue: autoDraw = True
354.0158 	EXP 	iaps_cue: size = array([560, 766])
354.0158 	EXP 	iaps_cue: image = 'green.png'
354.0158 	EXP 	iaps_cue: autoDraw = True
354.5157 	EXP 	iaps_cue: size = array([560, 766])
354.5157 	EXP 	iaps_cue: image = 'blue.png'
354.5157 	EXP 	iaps_cue: autoDraw = True
355.5157 	EXP 	iaps_cue: size = array([560, 766])
355.5157 	EXP 	iaps_cue: image = 'green.png'
355.5157 	EXP 	iaps_cue: autoDraw = True
355.7657 	EXP 	iaps_cue: size = array([560, 766])
355.7657 	EXP 	iaps_cue: image = 'red.png'
355.7657 	EXP 	iaps_cue: autoDraw = True
357.2657 	EXP 	iaps_cue: size = array([560, 766])
357.2657 	EXP 	iaps_cue: image = 'green.png'
357.2657 	EXP 	iaps_cue: autoDraw = True
357.5157 	EXP 	iaps_cue: size = array([560, 766])
357.5157 	EXP 	iaps_cue: image = 'blue.png'
357.5157 	EXP 	iaps_cue: autoDraw = True
358.5156 	EXP 	iaps_cue: size = array([560, 766])
358.5156 	EXP 	iaps_cue: image = 'green.png'
358.5156 	EXP 	iaps_cue: autoDraw = True
358.7656 	EXP 	iaps_cue: size = array([560, 766])
358.7656 	EXP 	iaps_cue: image = 'red.png'
358.7656 	EXP 	iaps_cue: autoDraw = True
359.0156 	EXP 	iaps_cue: size = array([560, 766])
359.0156 	EXP 	iaps_cue: image = 'green.png'
359.0156 	EXP 	iaps_cue: autoDraw = True
359.5156 	EXP 	iaps_cue: size = array([560, 766])
359.5156 	EXP 	iaps_cue: image = 'red.png'
359.5156 	EXP 	iaps_cue: autoDraw = True
362.0155 	EXP 	iaps_cue: size = array([560, 766])
362.0155 	EXP 	iaps_cue: image = 'green.png'
362.0155 	EXP 	iaps_cue: autoDraw = True
362.5155 	EXP 	iaps_cue: size = array([560, 766])
362.5155 	EXP 	iaps_cue: image = 'blue.png'
362.5155 	EXP 	iaps_cue: autoDraw = True
363.5155 	EXP 	iaps_cue: size = array([560, 766])
363.5155 	EXP 	iaps_cue: image = 'green.png'
363.5155 	EXP 	iaps_cue: autoDraw = True
364.0154 	EXP 	iaps_cue: size = array([560, 766])
364.0154 	EXP 	iaps_cue: image = 'blue.png'
364.0154 	EXP 	iaps_cue: autoDraw = True
365.0154 	EXP 	iaps_cue: size = array([560, 766])
365.0154 	EXP 	iaps_cue: image = 'green.png'
365.0154 	EXP 	iaps_cue: autoDraw = True
366.0154 	EXP 	iaps_cue: size = array([560, 766])
366.0154 	EXP 	iaps_cue: image = 'red.png'
366.0154 	EXP 	iaps_cue: autoDraw = True
366.7653 	EXP 	iaps_display: autoDraw = False
366.7653 	EXP 	iaps_cue: autoDraw = False
366.7653 	EXP 	blank: autoDraw = True
369.6086 	EXP 	Created sequence: random, trialTypes=1, nReps=1, seed=None
369.6094 	DEBUG 	Using C:/Users/sr38553/Desktop/new task/task/6.7.02 - trial_fixation (2).py as origin file
369.6099 	EXP 	New trial (rep=0, index=0): None
369.6483 	EXP 	iaps_display: autoDraw = False
369.6483 	EXP 	iaps_cue: autoDraw = False
369.6483 	EXP 	blank: autoDraw = False
369.6483 	EXP 	break_image: size = array([1920, 1080])
369.6483 	EXP 	break_image: image = 'Instructions/blank.png'
369.6483 	EXP 	break_image: autoDraw = True
369.6483 	EXP 	break_image: autoDraw = False
369.6483 	EXP 	End_Screen: autoDraw = True
375.0533 	INFO 	saved data to C:\Users\sr38553\Desktop\new task\task\_data/csv/201_CGP.psydat
