0.3375 	WARNING 	Movie2 stim could not be imported and won't be available
10.0529 	WARNING 	Monitor specification not found. Creating a temporary one...
10.7163 	EXP 	Created window1 = Window(allowGUI=True, allowStencil=False, autoLog=True, bitsMode=UNKNOWN, blendMode='avg', color=array([-0.137, -0.137, -0.137]), colorSpace='rgb', fullscr=UNKNOWN, gamma=None, lms=UNKNOWN, monitor=<psychopy.monitors.calibTools.Monitor instance at 0x16BD36E8>, name='window1', pos=[0, 0], screen=0, size=array([1920, 1080]), stereo=False, units='pix', useFBO=True, viewOri=0.0, viewPos=None, viewScale=None, waitBlanking=True, winType='pyglet')
10.7163 	EXP 	window1: recordFrameIntervals = False
10.7989 	EXP 	window1: recordFrameIntervals = True
10.8907 	DEBUG 	Screen (0) actual frame rate measured at 120.01
10.8907 	EXP 	window1: recordFrameIntervals = False
10.9501 	INFO 	sound is using audioLib: pyo
10.9744 	EXP 	Created task_instr_image = ImageStim(autoLog=True, color=array([ 1.,  1.,  1.]), colorSpace='rgb', contrast=1.0, depth=0.0, flipHoriz=False, flipVert=False, image='sin', interpolate=True, mask=None, maskParams=None, name='task_instr_image', opacity=1.0, ori=0.0, pos=array([ 0.,  0.]), size=array([ 0.5,  0.5]), texRes=128, units='pix', win=Window(...))
10.9765 	EXP 	Created Block_image = ImageStim(autoLog=True, color=array([ 1.,  1.,  1.]), colorSpace='rgb', contrast=1.0, depth=-1.0, flipHoriz=False, flipVert=False, image='sin', interpolate=True, mask=None, maskParams=None, name='Block_image', opacity=1.0, ori=0.0, pos=array([ 0.,  0.]), size=array([ 0.5,  0.5]), texRes=128, units='pix', win=Window(...))
10.9786 	EXP 	Created composite_display = ImageStim(autoLog=True, color=array([ 1.,  1.,  1.]), colorSpace='rgb', contrast=1.0, depth=0.0, flipHoriz=False, flipVert=False, image='sin', interpolate=True, mask=None, maskParams=None, name='composite_display', opacity=1.0, ori=0.0, pos=array([ 0.,  0.]), size=array([ 0.5,  0.5]), texRes=128, units='pix', win=Window(...))
11.1316 	EXP 	Created fixation_cross = ImageStim(autoLog=True, color=array([ 1.,  1.,  1.]), colorSpace='rgb', contrast=1.0, depth=-1.0, flipHoriz=False, flipVert=False, image='Instructions/fixation.png', interpolate=True, mask=None, maskParams=None, name='fixation_cross', opacity=1.0, ori=0.0, pos=array([ 0.,  0.]), size=array([1920, 1080]), texRes=128, units='pix', win=Window(...))
11.1343 	EXP 	Created iaps_cue = ImageStim(autoLog=True, color=array([ 1.,  1.,  1.]), colorSpace='rgb', contrast=1.0, depth=-1.0, flipHoriz=False, flipVert=False, image='sin', interpolate=True, mask=None, maskParams=None, name='iaps_cue', opacity=0.25, ori=0.0, pos=array([ 0.,  0.]), size=array([ 0.5,  0.5]), texRes=128, units='pix', win=Window(...))
11.1365 	EXP 	Created iaps_display = ImageStim(autoLog=True, color=array([ 1.,  1.,  1.]), colorSpace='rgb', contrast=1.0, depth=-1.0, flipHoriz=False, flipVert=False, image='sin', interpolate=True, mask=None, maskParams=None, name='iaps_display', opacity=1.0, ori=0.0, pos=array([ 0.,  0.]), size=array([ 0.5,  0.5]), texRes=128, units='pix', win=Window(...))
11.2819 	EXP 	Created blank = ImageStim(autoLog=True, color=array([ 1.,  1.,  1.]), colorSpace='rgb', contrast=1.0, depth=-2.0, flipHoriz=False, flipVert=False, image='Instructions/blank.png', interpolate=True, mask=None, maskParams=None, name='blank', opacity=1.0, ori=0.0, pos=array([ 0.,  0.]), size=array([1920, 1080]), texRes=128, units='pix', win=Window(...))
11.2840 	EXP 	Created break_image = ImageStim(autoLog=True, color=array([ 1.,  1.,  1.]), colorSpace='rgb', contrast=1.0, depth=-1.0, flipHoriz=False, flipVert=False, image='sin', interpolate=True, mask=None, maskParams=None, name='break_image', opacity=1.0, ori=0.0, pos=array([ 0.,  0.]), size=array([ 0.5,  0.5]), texRes=128, units='pix', win=Window(...))
11.4195 	EXP 	Created End_Screen = ImageStim(autoLog=True, color=array([ 1.,  1.,  1.]), colorSpace='rgb', contrast=1.0, depth=0.0, flipHoriz=False, flipVert=False, image='Instructions/finished.png', interpolate=True, mask=None, maskParams=None, name='End_Screen', opacity=1.0, ori=0.0, pos=array([ 0.,  0.]), size=array([1920, 1080]), texRes=128, units='pix', win=Window(...))
11.9813 	EXP 	Created unnamed Circle = Circle(autoDraw=False, autoLog=True, closeShape=True, contrast=1.0, depth=0, fillColor=array([ 1.,  1.,  1.]), fillColorSpace='rgb', fillRGB=array([ 1.,  1.,  1.]), interpolate=True, lineColor=array([ 1.,  1.,  1.]), lineColorSpace='rgb', lineRGB=array([ 1.,  1.,  1.]), lineWidth=1.5, name='unnamed Circle', opacity=1.0, ori=array(0.0), pos=array([ 0.,  0.]), size=array([ 1.,  1.]), units='pix', vertices=ndarray(...), win=Window(...))
11.9849 	EXP 	Created unnamed Circle = Circle(autoDraw=False, autoLog=True, closeShape=True, contrast=1.0, depth=0, fillColor=array([-1., -1., -1.]), fillColorSpace='rgb', fillRGB=array([-1., -1., -1.]), interpolate=True, lineColor=array([-1., -1., -1.]), lineColorSpace='rgb', lineRGB=array([-1., -1., -1.]), lineWidth=1.5, name='unnamed Circle', opacity=1.0, ori=array(0.0), pos=array([ 0.,  0.]), size=array([ 1.,  1.]), units='pix', vertices=ndarray(...), win=Window(...))
12.6194 	EXP 	Created menu_screen = ImageStim(autoLog=True, color=array([ 1.,  1.,  1.]), colorSpace='rgb', contrast=1.0, depth=-1.0, flipHoriz=False, flipVert=False, image='Instructions/menu.png', interpolate=True, mask=None, maskParams=None, name='menu_screen', opacity=1.0, ori=0.0, pos=array([ 0.,  0.]), size=array([1920, 1080]), texRes=128, units='pix', win=Window(...))
29.8124 	DATA 	Keypress: return
29.9583 	EXP 	Created menu_screen = ImageStim(autoLog=True, color=array([ 1.,  1.,  1.]), colorSpace='rgb', contrast=1.0, depth=-1.0, flipHoriz=False, flipVert=False, image='Instructions/menu.png', interpolate=True, mask=None, maskParams=None, name='menu_screen', opacity=1.0, ori=0.0, pos=array([ 0.,  0.]), size=array([1920, 1080]), texRes=128, units='pix', win=Window(...))
30.1037 	EXP 	Created menu_screen = ImageStim(autoLog=True, color=array([ 1.,  1.,  1.]), colorSpace='rgb', contrast=1.0, depth=-1.0, flipHoriz=False, flipVert=False, image='Instructions/menu.png', interpolate=True, mask=None, maskParams=None, name='menu_screen', opacity=1.0, ori=0.0, pos=array([ 0.,  0.]), size=array([1920, 1080]), texRes=128, units='pix', win=Window(...))
30.1624 	EXP 	Created unnamed TextStim = TextStim(alignHoriz='center', alignVert='top', antialias=True, autoLog=True, bold=False, color=array([ 0.137,  0.137,  0.137]), colorSpace='rgb', contrast=1.0, depth=0, flipHoriz=False, flipVert=False, font='', fontFiles=[], height=28, italic=False, name='unnamed TextStim', opacity=1.0, ori=0.0, pos=array([   0.,  525.]), rgb=array([ 0.137,  0.137,  0.137]), text=unicode(...), units='pix', win=Window(...), wrapWidth=1536.0)
30.4500 	EXP 	Created unnamed ImageStim = ImageStim(autoLog=True, color=array([ 1.,  1.,  1.]), colorSpace='rgb', contrast=1.0, depth=0, flipHoriz=False, flipVert=False, image=str(...), interpolate=False, mask=None, maskParams=None, name='unnamed ImageStim', opacity=1.0, ori=0.0, pos=array([ 0.,  0.]), size=array([ 960.,  800.]), texRes=128, units='pix', win=Window(...))
30.4651 	EXP 	unnamed TextStim: text = 'Camera:  LEFT      Threshold:  P=44    CR=205 '
30.5401 	EXP 	unnamed TextStim: text = 'Camera:  LEFT      Threshold:  P=43    CR=204 '
30.5401 	EXP 	unnamed ImageStim: image = 'c:\\users\\sr38553\\appdata\\local\\temp\\_eleye.png'
30.6317 	EXP 	unnamed TextStim: text = 'Camera:  LEFT      Threshold:  P=42    CR=203 '
30.6317 	EXP 	unnamed ImageStim: image = 'c:\\users\\sr38553\\appdata\\local\\temp\\_eleye.png'
30.7317 	EXP 	unnamed TextStim: text = 'Camera:  LEFT      Threshold:  P=45    CR=201 '
30.7317 	EXP 	unnamed ImageStim: image = 'c:\\users\\sr38553\\appdata\\local\\temp\\_eleye.png'
30.8234 	EXP 	unnamed ImageStim: image = 'c:\\users\\sr38553\\appdata\\local\\temp\\_eleye.png'
30.9234 	EXP 	unnamed TextStim: text = 'Camera:  LEFT      Threshold:  P=46    CR=201 '
30.9234 	EXP 	unnamed ImageStim: image = 'c:\\users\\sr38553\\appdata\\local\\temp\\_eleye.png'
31.0234 	EXP 	unnamed TextStim: text = 'Camera:  LEFT      Threshold:  P=45    CR=201 '
31.0234 	EXP 	unnamed ImageStim: image = 'c:\\users\\sr38553\\appdata\\local\\temp\\_eleye.png'
31.1234 	EXP 	unnamed TextStim: text = 'Camera:  LEFT      Threshold:  P=45    CR=202 '
31.1234 	EXP 	unnamed ImageStim: image = 'c:\\users\\sr38553\\appdata\\local\\temp\\_eleye.png'
31.2234 	EXP 	unnamed TextStim: text = 'Camera:  LEFT      Threshold:  P=43    CR=202 '
31.2234 	EXP 	unnamed ImageStim: image = 'c:\\users\\sr38553\\appdata\\local\\temp\\_eleye.png'
31.3151 	EXP 	unnamed ImageStim: image = 'c:\\users\\sr38553\\appdata\\local\\temp\\_eleye.png'
31.4151 	EXP 	unnamed TextStim: text = 'Camera:  LEFT      Threshold:  P=44    CR=201 '
31.4151 	EXP 	unnamed ImageStim: image = 'c:\\users\\sr38553\\appdata\\local\\temp\\_eleye.png'
31.5067 	EXP 	unnamed ImageStim: image = 'c:\\users\\sr38553\\appdata\\local\\temp\\_eleye.png'
31.5244 	DATA 	Keypress: right
31.7033 	EXP 	Created menu_screen = ImageStim(autoLog=True, color=array([ 1.,  1.,  1.]), colorSpace='rgb', contrast=1.0, depth=-1.0, flipHoriz=False, flipVert=False, image='Instructions/menu.png', interpolate=True, mask=None, maskParams=None, name='menu_screen', opacity=1.0, ori=0.0, pos=array([ 0.,  0.]), size=array([1920, 1080]), texRes=128, units='pix', win=Window(...))
32.0234 	EXP 	unnamed TextStim: text = 'Camera:  RIGHT     Threshold:  P=174    CR=208 '
32.0234 	EXP 	unnamed TextStim: text = 'TARGET T=174    D=608 mm '
32.0234 	EXP 	unnamed ImageStim: image = 'c:\\users\\sr38553\\appdata\\local\\temp\\_eleye.png'
32.0984 	EXP 	unnamed TextStim: text = 'TARGET T=174    D=609 mm '
32.0984 	EXP 	unnamed ImageStim: image = 'c:\\users\\sr38553\\appdata\\local\\temp\\_eleye.png'
32.1984 	EXP 	unnamed TextStim: text = 'TARGET T=174    D=609 mm '
32.1984 	EXP 	unnamed ImageStim: image = 'c:\\users\\sr38553\\appdata\\local\\temp\\_eleye.png'
32.2983 	EXP 	unnamed TextStim: text = 'TARGET T=174    D=609 mm '
32.2983 	EXP 	unnamed ImageStim: image = 'c:\\users\\sr38553\\appdata\\local\\temp\\_eleye.png'
32.3983 	EXP 	unnamed TextStim: text = 'TARGET T=174    D=609 mm '
32.3983 	EXP 	unnamed ImageStim: image = 'c:\\users\\sr38553\\appdata\\local\\temp\\_eleye.png'
32.4984 	EXP 	unnamed TextStim: text = 'Camera:  RIGHT     Threshold:  P=173    CR=208 '
32.4984 	EXP 	unnamed TextStim: text = 'TARGET T=173    D=609 mm '
32.4984 	EXP 	unnamed ImageStim: image = 'c:\\users\\sr38553\\appdata\\local\\temp\\_eleye.png'
32.5901 	EXP 	unnamed TextStim: text = 'TARGET T=173    D=609 mm '
32.5901 	EXP 	unnamed ImageStim: image = 'c:\\users\\sr38553\\appdata\\local\\temp\\_eleye.png'
32.6900 	EXP 	unnamed TextStim: text = 'TARGET T=173    D=610 mm '
32.6900 	EXP 	unnamed ImageStim: image = 'c:\\users\\sr38553\\appdata\\local\\temp\\_eleye.png'
32.7900 	EXP 	unnamed TextStim: text = 'TARGET T=173    D=610 mm '
32.7900 	EXP 	unnamed ImageStim: image = 'c:\\users\\sr38553\\appdata\\local\\temp\\_eleye.png'
32.8816 	EXP 	unnamed TextStim: text = 'TARGET T=173    D=610 mm '
32.8816 	EXP 	unnamed ImageStim: image = 'c:\\users\\sr38553\\appdata\\local\\temp\\_eleye.png'
32.9817 	EXP 	unnamed TextStim: text = 'TARGET T=173    D=610 mm '
32.9817 	EXP 	unnamed ImageStim: image = 'c:\\users\\sr38553\\appdata\\local\\temp\\_eleye.png'
33.0817 	EXP 	unnamed TextStim: text = 'TARGET T=173    D=610 mm '
33.0817 	EXP 	unnamed ImageStim: image = 'c:\\users\\sr38553\\appdata\\local\\temp\\_eleye.png'
33.1773 	DATA 	Keypress: right
33.1900 	EXP 	unnamed TextStim: text = 'Camera:  RIGHT     Threshold:  P=174    CR=208 '
33.1900 	EXP 	unnamed TextStim: text = 'TARGET T=174    D=610 mm '
33.1900 	EXP 	unnamed ImageStim: image = 'c:\\users\\sr38553\\appdata\\local\\temp\\_eleye.png'
33.3750 	EXP 	Created menu_screen = ImageStim(autoLog=True, color=array([ 1.,  1.,  1.]), colorSpace='rgb', contrast=1.0, depth=-1.0, flipHoriz=False, flipVert=False, image='Instructions/menu.png', interpolate=True, mask=None, maskParams=None, name='menu_screen', opacity=1.0, ori=0.0, pos=array([ 0.,  0.]), size=array([1920, 1080]), texRes=128, units='pix', win=Window(...))
33.6817 	EXP 	unnamed ImageStim: image = 'c:\\users\\sr38553\\appdata\\local\\temp\\_eleye.png'
33.7816 	EXP 	unnamed TextStim: text = 'LEFT P=40    CR=204     TARGET T=176    D=608 mm '
33.7816 	EXP 	unnamed ImageStim: image = 'c:\\users\\sr38553\\appdata\\local\\temp\\_eleye.png'
33.8816 	EXP 	unnamed TextStim: text = 'LEFT P=40    CR=204     TARGET T=176    D=608 mm '
33.8816 	EXP 	unnamed ImageStim: image = 'c:\\users\\sr38553\\appdata\\local\\temp\\_eleye.png'
33.9733 	EXP 	unnamed TextStim: text = 'LEFT P=40    CR=204     TARGET T=177    D=607 mm '
33.9733 	EXP 	unnamed ImageStim: image = 'c:\\users\\sr38553\\appdata\\local\\temp\\_eleye.png'
34.0733 	EXP 	unnamed TextStim: text = 'LEFT P=40    CR=204     TARGET T=178    D=607 mm '
34.0733 	EXP 	unnamed ImageStim: image = 'c:\\users\\sr38553\\appdata\\local\\temp\\_eleye.png'
34.1733 	EXP 	unnamed TextStim: text = 'LEFT P=40    CR=203     TARGET T=180    D=606 mm '
34.1733 	EXP 	unnamed ImageStim: image = 'c:\\users\\sr38553\\appdata\\local\\temp\\_eleye.png'
34.2733 	EXP 	unnamed TextStim: text = 'LEFT P=42    CR=204     TARGET T=181    D=605 mm '
34.2733 	EXP 	unnamed ImageStim: image = 'c:\\users\\sr38553\\appdata\\local\\temp\\_eleye.png'
34.3650 	EXP 	unnamed TextStim: text = 'LEFT P=44    CR=203     TARGET T=183    D=604 mm '
34.3650 	EXP 	unnamed ImageStim: image = 'c:\\users\\sr38553\\appdata\\local\\temp\\_eleye.png'
34.4650 	EXP 	unnamed TextStim: text = 'LEFT P=45    CR=203     TARGET T=184    D=602 mm '
34.4650 	EXP 	unnamed ImageStim: image = 'c:\\users\\sr38553\\appdata\\local\\temp\\_eleye.png'
34.5650 	EXP 	unnamed TextStim: text = 'LEFT P=45    CR=203     TARGET T=186    D=601 mm '
34.5650 	EXP 	unnamed ImageStim: image = 'c:\\users\\sr38553\\appdata\\local\\temp\\_eleye.png'
34.6733 	EXP 	unnamed TextStim: text = 'LEFT P=45    CR=204     TARGET T=188    D=599 mm '
34.6733 	EXP 	unnamed ImageStim: image = 'c:\\users\\sr38553\\appdata\\local\\temp\\_eleye.png'
34.7816 	EXP 	unnamed TextStim: text = 'LEFT P=45    CR=204     TARGET T=190    D=598 mm '
34.7816 	EXP 	unnamed ImageStim: image = 'c:\\users\\sr38553\\appdata\\local\\temp\\_eleye.png'
34.8733 	EXP 	unnamed TextStim: text = 'LEFT P=47    CR=200     TARGET T=181    D=595 mm '
34.8733 	EXP 	unnamed ImageStim: image = 'c:\\users\\sr38553\\appdata\\local\\temp\\_eleye.png'
34.9733 	EXP 	unnamed TextStim: text = 'LEFT P=40    CR=202     TARGET T=181    D=595 mm '
34.9733 	EXP 	unnamed ImageStim: image = 'c:\\users\\sr38553\\appdata\\local\\temp\\_eleye.png'
35.0733 	EXP 	unnamed TextStim: text = 'LEFT P=40    CR=202     TARGET T=182    D=595 mm '
35.0733 	EXP 	unnamed ImageStim: image = 'c:\\users\\sr38553\\appdata\\local\\temp\\_eleye.png'
35.1733 	EXP 	unnamed TextStim: text = 'LEFT P=40    CR=202     TARGET T=182    D=595 mm '
35.1733 	EXP 	unnamed ImageStim: image = 'c:\\users\\sr38553\\appdata\\local\\temp\\_eleye.png'
35.2649 	EXP 	unnamed TextStim: text = 'LEFT P=40    CR=202     TARGET T=183    D=595 mm '
35.2649 	EXP 	unnamed ImageStim: image = 'c:\\users\\sr38553\\appdata\\local\\temp\\_eleye.png'
35.3649 	EXP 	unnamed TextStim: text = 'LEFT P=40    CR=202     TARGET T=183    D=595 mm '
35.3649 	EXP 	unnamed ImageStim: image = 'c:\\users\\sr38553\\appdata\\local\\temp\\_eleye.png'
35.4649 	EXP 	unnamed TextStim: text = 'LEFT P=40    CR=202     TARGET T=183    D=594 mm '
35.4649 	EXP 	unnamed ImageStim: image = 'c:\\users\\sr38553\\appdata\\local\\temp\\_eleye.png'
35.5649 	EXP 	unnamed TextStim: text = 'LEFT P=40    CR=202     TARGET T=183    D=594 mm '
35.5649 	EXP 	unnamed ImageStim: image = 'c:\\users\\sr38553\\appdata\\local\\temp\\_eleye.png'
35.6649 	EXP 	unnamed TextStim: text = 'LEFT P=40    CR=201     TARGET T=183    D=594 mm '
35.6649 	EXP 	unnamed ImageStim: image = 'c:\\users\\sr38553\\appdata\\local\\temp\\_eleye.png'
35.7566 	EXP 	unnamed TextStim: text = 'LEFT P=40    CR=201     TARGET T=182    D=594 mm '
35.7566 	EXP 	unnamed ImageStim: image = 'c:\\users\\sr38553\\appdata\\local\\temp\\_eleye.png'
35.8566 	EXP 	unnamed TextStim: text = 'LEFT P=40    CR=201     TARGET T=181    D=595 mm '
35.8566 	EXP 	unnamed ImageStim: image = 'c:\\users\\sr38553\\appdata\\local\\temp\\_eleye.png'
35.9566 	EXP 	unnamed TextStim: text = 'LEFT P=40    CR=201     TARGET T=181    D=596 mm '
35.9566 	EXP 	unnamed ImageStim: image = 'c:\\users\\sr38553\\appdata\\local\\temp\\_eleye.png'
36.0482 	EXP 	unnamed TextStim: text = 'LEFT P=41    CR=201     TARGET T=180    D=596 mm '
36.0482 	EXP 	unnamed ImageStim: image = 'c:\\users\\sr38553\\appdata\\local\\temp\\_eleye.png'
36.1482 	EXP 	unnamed TextStim: text = 'LEFT P=41    CR=201     TARGET T=180    D=596 mm '
36.1482 	EXP 	unnamed ImageStim: image = 'c:\\users\\sr38553\\appdata\\local\\temp\\_eleye.png'
36.2482 	EXP 	unnamed TextStim: text = 'LEFT P=41    CR=201     TARGET T=180    D=596 mm '
36.2482 	EXP 	unnamed ImageStim: image = 'c:\\users\\sr38553\\appdata\\local\\temp\\_eleye.png'
36.3482 	EXP 	unnamed TextStim: text = 'LEFT P=42    CR=201     TARGET T=180    D=597 mm '
36.3482 	EXP 	unnamed ImageStim: image = 'c:\\users\\sr38553\\appdata\\local\\temp\\_eleye.png'
36.4400 	EXP 	unnamed TextStim: text = 'LEFT P=44    CR=191     TARGET T=180    D=597 mm '
36.4400 	EXP 	unnamed ImageStim: image = 'c:\\users\\sr38553\\appdata\\local\\temp\\_eleye.png'
36.5399 	EXP 	unnamed TextStim: text = 'LEFT P=47    CR=188     TARGET T=180    D=597 mm '
36.5399 	EXP 	unnamed ImageStim: image = 'c:\\users\\sr38553\\appdata\\local\\temp\\_eleye.png'
36.6399 	EXP 	unnamed TextStim: text = 'LEFT P=47    CR=188     TARGET T=180    D=597 mm '
36.6399 	EXP 	unnamed ImageStim: image = 'c:\\users\\sr38553\\appdata\\local\\temp\\_eleye.png'
36.7399 	EXP 	unnamed TextStim: text = 'LEFT P=47    CR=188     TARGET T=180    D=597 mm '
36.7399 	EXP 	unnamed ImageStim: image = 'c:\\users\\sr38553\\appdata\\local\\temp\\_eleye.png'
36.8399 	EXP 	unnamed TextStim: text = 'LEFT P=47    CR=188     TARGET T=180    D=597 mm '
36.8399 	EXP 	unnamed ImageStim: image = 'c:\\users\\sr38553\\appdata\\local\\temp\\_eleye.png'
36.9315 	EXP 	unnamed TextStim: text = 'LEFT P=46    CR=188     TARGET T=180    D=597 mm '
36.9315 	EXP 	unnamed ImageStim: image = 'c:\\users\\sr38553\\appdata\\local\\temp\\_eleye.png'
37.0316 	EXP 	unnamed TextStim: text = 'LEFT P=46    CR=188     TARGET T=180    D=597 mm '
37.0316 	EXP 	unnamed ImageStim: image = 'c:\\users\\sr38553\\appdata\\local\\temp\\_eleye.png'
37.1315 	EXP 	unnamed TextStim: text = 'LEFT P=46    CR=188     TARGET T=180    D=597 mm '
37.1315 	EXP 	unnamed ImageStim: image = 'c:\\users\\sr38553\\appdata\\local\\temp\\_eleye.png'
37.2315 	EXP 	unnamed TextStim: text = 'LEFT P=46    CR=188     TARGET T=180    D=597 mm '
37.2315 	EXP 	unnamed ImageStim: image = 'c:\\users\\sr38553\\appdata\\local\\temp\\_eleye.png'
37.3315 	EXP 	unnamed TextStim: text = 'LEFT P=46    CR=189     TARGET T=180    D=597 mm '
37.3315 	EXP 	unnamed ImageStim: image = 'c:\\users\\sr38553\\appdata\\local\\temp\\_eleye.png'
37.4232 	EXP 	unnamed TextStim: text = 'LEFT P=46    CR=189     TARGET T=179    D=598 mm '
37.4232 	EXP 	unnamed ImageStim: image = 'c:\\users\\sr38553\\appdata\\local\\temp\\_eleye.png'
37.5232 	EXP 	unnamed TextStim: text = 'LEFT P=45    CR=189     TARGET T=179    D=597 mm '
37.5232 	EXP 	unnamed ImageStim: image = 'c:\\users\\sr38553\\appdata\\local\\temp\\_eleye.png'
37.6232 	EXP 	unnamed TextStim: text = 'LEFT P=46    CR=190     TARGET T=178    D=597 mm '
37.6232 	EXP 	unnamed ImageStim: image = 'c:\\users\\sr38553\\appdata\\local\\temp\\_eleye.png'
37.7232 	EXP 	unnamed TextStim: text = 'LEFT P=47    CR=188     TARGET T=178    D=597 mm '
37.7232 	EXP 	unnamed ImageStim: image = 'c:\\users\\sr38553\\appdata\\local\\temp\\_eleye.png'
37.8148 	EXP 	unnamed TextStim: text = 'LEFT P=48    CR=192     TARGET T=179    D=595 mm '
37.8148 	EXP 	unnamed ImageStim: image = 'c:\\users\\sr38553\\appdata\\local\\temp\\_eleye.png'
37.9148 	EXP 	unnamed TextStim: text = 'LEFT P=50    CR=197     TARGET T=179    D=593 mm '
37.9148 	EXP 	unnamed ImageStim: image = 'c:\\users\\sr38553\\appdata\\local\\temp\\_eleye.png'
38.0148 	EXP 	unnamed TextStim: text = 'LEFT P=53    CR=199     TARGET T=179    D=590 mm '
38.0148 	EXP 	unnamed ImageStim: image = 'c:\\users\\sr38553\\appdata\\local\\temp\\_eleye.png'
38.1148 	EXP 	unnamed TextStim: text = 'LEFT P=55    CR=201     TARGET T=180    D=585 mm '
38.1148 	EXP 	unnamed ImageStim: image = 'c:\\users\\sr38553\\appdata\\local\\temp\\_eleye.png'
38.2065 	EXP 	unnamed TextStim: text = 'LEFT P=60    CR=205     TARGET T=181    D=575 mm '
38.2065 	EXP 	unnamed ImageStim: image = 'c:\\users\\sr38553\\appdata\\local\\temp\\_eleye.png'
38.3065 	EXP 	unnamed TextStim: text = 'LEFT P=64    CR=207     TARGET T=177    D=568 mm '
38.3065 	EXP 	unnamed ImageStim: image = 'c:\\users\\sr38553\\appdata\\local\\temp\\_eleye.png'
38.4065 	EXP 	unnamed TextStim: text = 'LEFT P=64    CR=201     TARGET T=171    D=563 mm '
38.4065 	EXP 	unnamed ImageStim: image = 'c:\\users\\sr38553\\appdata\\local\\temp\\_eleye.png'
38.5065 	EXP 	unnamed TextStim: text = 'LEFT P=60    CR=205     TARGET T=176    D=558 mm '
38.5065 	EXP 	unnamed ImageStim: image = 'c:\\users\\sr38553\\appdata\\local\\temp\\_eleye.png'
38.5981 	EXP 	unnamed TextStim: text = 'LEFT P=54    CR=203     TARGET T=183    D=561 mm '
38.5981 	EXP 	unnamed ImageStim: image = 'c:\\users\\sr38553\\appdata\\local\\temp\\_eleye.png'
38.6982 	EXP 	unnamed TextStim: text = 'LEFT P=47    CR=200     TARGET T=184    D=568 mm '
38.6982 	EXP 	unnamed ImageStim: image = 'c:\\users\\sr38553\\appdata\\local\\temp\\_eleye.png'
38.7981 	EXP 	unnamed TextStim: text = 'LEFT P=48    CR=199     TARGET T=182    D=581 mm '
38.7981 	EXP 	unnamed ImageStim: image = 'c:\\users\\sr38553\\appdata\\local\\temp\\_eleye.png'
38.8981 	EXP 	unnamed TextStim: text = 'LEFT P=55    CR=203     TARGET T=184    D=584 mm '
38.8981 	EXP 	unnamed ImageStim: image = 'c:\\users\\sr38553\\appdata\\local\\temp\\_eleye.png'
39.0065 	EXP 	unnamed TextStim: text = 'LEFT P=68    CR=211     TARGET T=190    D=582 mm '
39.0065 	EXP 	unnamed ImageStim: image = 'c:\\users\\sr38553\\appdata\\local\\temp\\_eleye.png'
39.1148 	EXP 	unnamed TextStim: text = 'LEFT P=75    CR=216     TARGET T=187    D=565 mm '
39.1148 	EXP 	unnamed ImageStim: image = 'c:\\users\\sr38553\\appdata\\local\\temp\\_eleye.png'
39.2065 	EXP 	unnamed TextStim: text = 'LEFT P=70    CR=208     TARGET T=174    D=537 mm '
39.2065 	EXP 	unnamed ImageStim: image = 'c:\\users\\sr38553\\appdata\\local\\temp\\_eleye.png'
39.3065 	EXP 	unnamed TextStim: text = 'LEFT P=59    CR=213     TARGET T=177    D=542 mm '
39.3065 	EXP 	unnamed ImageStim: image = 'c:\\users\\sr38553\\appdata\\local\\temp\\_eleye.png'
39.4148 	EXP 	unnamed TextStim: text = 'LEFT P=50    CR=209     TARGET T=175    D=551 mm '
39.4148 	EXP 	unnamed ImageStim: image = 'c:\\users\\sr38553\\appdata\\local\\temp\\_eleye.png'
39.5231 	EXP 	unnamed TextStim: text = 'LEFT P=40    CR=205     TARGET T=169    D=576 mm '
39.5231 	EXP 	unnamed ImageStim: image = 'c:\\users\\sr38553\\appdata\\local\\temp\\_eleye.png'
39.6315 	EXP 	unnamed TextStim: text = 'LEFT P=55    CR=204     TARGET T=156    D=650 mm '
39.6315 	EXP 	unnamed ImageStim: image = 'c:\\users\\sr38553\\appdata\\local\\temp\\_eleye.png'
39.7398 	EXP 	unnamed TextStim: text = 'LEFT P=52    CR=201     TARGET T=157    D=646 mm '
39.7398 	EXP 	unnamed ImageStim: image = 'c:\\users\\sr38553\\appdata\\local\\temp\\_eleye.png'
39.8316 	EXP 	unnamed TextStim: text = 'LEFT P=67    CR=214     TARGET T=176    D=620 mm '
39.8316 	EXP 	unnamed ImageStim: image = 'c:\\users\\sr38553\\appdata\\local\\temp\\_eleye.png'
39.9314 	EXP 	unnamed TextStim: text = 'LEFT P=68    CR=210     TARGET T=180    D=615 mm '
39.9314 	EXP 	unnamed ImageStim: image = 'c:\\users\\sr38553\\appdata\\local\\temp\\_eleye.png'
40.0314 	EXP 	unnamed TextStim: text = 'LEFT P=71    CR=212     TARGET T=185    D=608 mm '
40.0314 	EXP 	unnamed ImageStim: image = 'c:\\users\\sr38553\\appdata\\local\\temp\\_eleye.png'
40.1814 	EXP 	unnamed TextStim: text = 'LEFT P=74    CR=215     TARGET T=190    D=595 mm '
40.1814 	EXP 	unnamed ImageStim: image = 'c:\\users\\sr38553\\appdata\\local\\temp\\_eleye.png'
40.2814 	EXP 	unnamed TextStim: text = 'LEFT P=70    CR=213     TARGET T=182    D=558 mm '
40.2814 	EXP 	unnamed ImageStim: image = 'c:\\users\\sr38553\\appdata\\local\\temp\\_eleye.png'
40.3731 	EXP 	unnamed TextStim: text = 'LEFT P=68    CR=212     TARGET T=184    D=557 mm '
40.3731 	EXP 	unnamed ImageStim: image = 'c:\\users\\sr38553\\appdata\\local\\temp\\_eleye.png'
40.4731 	EXP 	unnamed TextStim: text = 'LEFT P=68    CR=212     TARGET T=185    D=555 mm '
40.4731 	EXP 	unnamed ImageStim: image = 'c:\\users\\sr38553\\appdata\\local\\temp\\_eleye.png'
40.5731 	EXP 	unnamed TextStim: text = 'LEFT P=68    CR=210     TARGET T=185    D=554 mm '
40.5731 	EXP 	unnamed ImageStim: image = 'c:\\users\\sr38553\\appdata\\local\\temp\\_eleye.png'
40.6731 	EXP 	unnamed TextStim: text = 'LEFT P=69    CR=212     TARGET T=184    D=552 mm '
40.6731 	EXP 	unnamed ImageStim: image = 'c:\\users\\sr38553\\appdata\\local\\temp\\_eleye.png'
40.7731 	EXP 	unnamed TextStim: text = 'LEFT P=69    CR=213     TARGET T=182    D=551 mm '
40.7731 	EXP 	unnamed ImageStim: image = 'c:\\users\\sr38553\\appdata\\local\\temp\\_eleye.png'
40.8648 	EXP 	unnamed TextStim: text = 'LEFT P=69    CR=213     TARGET T=180    D=550 mm '
40.8648 	EXP 	unnamed ImageStim: image = 'c:\\users\\sr38553\\appdata\\local\\temp\\_eleye.png'
40.9647 	EXP 	unnamed TextStim: text = 'LEFT P=68    CR=212     TARGET T=177    D=550 mm '
40.9647 	EXP 	unnamed ImageStim: image = 'c:\\users\\sr38553\\appdata\\local\\temp\\_eleye.png'
41.0647 	EXP 	unnamed TextStim: text = 'LEFT P=68    CR=211     TARGET T=176    D=550 mm '
41.0647 	EXP 	unnamed ImageStim: image = 'c:\\users\\sr38553\\appdata\\local\\temp\\_eleye.png'
41.1647 	EXP 	unnamed TextStim: text = 'LEFT P=67    CR=211     TARGET T=173    D=552 mm '
41.1647 	EXP 	unnamed ImageStim: image = 'c:\\users\\sr38553\\appdata\\local\\temp\\_eleye.png'
41.2565 	EXP 	unnamed TextStim: text = 'LEFT P=66    CR=211     TARGET T=172    D=555 mm '
41.2565 	EXP 	unnamed ImageStim: image = 'c:\\users\\sr38553\\appdata\\local\\temp\\_eleye.png'
41.3564 	EXP 	unnamed TextStim: text = 'LEFT P=65    CR=211     TARGET T=171    D=560 mm '
41.3564 	EXP 	unnamed ImageStim: image = 'c:\\users\\sr38553\\appdata\\local\\temp\\_eleye.png'
41.4564 	EXP 	unnamed TextStim: text = 'LEFT P=63    CR=210     TARGET T=171    D=563 mm '
41.4564 	EXP 	unnamed ImageStim: image = 'c:\\users\\sr38553\\appdata\\local\\temp\\_eleye.png'
41.5564 	EXP 	unnamed TextStim: text = 'LEFT P=63    CR=209     TARGET T=172    D=565 mm '
41.5564 	EXP 	unnamed ImageStim: image = 'c:\\users\\sr38553\\appdata\\local\\temp\\_eleye.png'
41.6481 	EXP 	unnamed TextStim: text = 'LEFT P=62    CR=206     TARGET T=173    D=565 mm '
41.6481 	EXP 	unnamed ImageStim: image = 'c:\\users\\sr38553\\appdata\\local\\temp\\_eleye.png'
41.7481 	EXP 	unnamed TextStim: text = 'LEFT P=62    CR=204     TARGET T=175    D=565 mm '
41.7481 	EXP 	unnamed ImageStim: image = 'c:\\users\\sr38553\\appdata\\local\\temp\\_eleye.png'
41.8480 	EXP 	unnamed TextStim: text = 'LEFT P=62    CR=204     TARGET T=176    D=566 mm '
41.8480 	EXP 	unnamed ImageStim: image = 'c:\\users\\sr38553\\appdata\\local\\temp\\_eleye.png'
41.9481 	EXP 	unnamed TextStim: text = 'LEFT P=62    CR=206     TARGET T=178    D=568 mm '
41.9481 	EXP 	unnamed ImageStim: image = 'c:\\users\\sr38553\\appdata\\local\\temp\\_eleye.png'
42.0397 	EXP 	unnamed TextStim: text = 'LEFT P=61    CR=207     TARGET T=178    D=573 mm '
42.0397 	EXP 	unnamed ImageStim: image = 'c:\\users\\sr38553\\appdata\\local\\temp\\_eleye.png'
42.1397 	EXP 	unnamed TextStim: text = 'LEFT P=61    CR=207     TARGET T=177    D=578 mm '
42.1397 	EXP 	unnamed ImageStim: image = 'c:\\users\\sr38553\\appdata\\local\\temp\\_eleye.png'
42.2397 	EXP 	unnamed TextStim: text = 'LEFT P=61    CR=207     TARGET T=177    D=584 mm '
42.2397 	EXP 	unnamed ImageStim: image = 'c:\\users\\sr38553\\appdata\\local\\temp\\_eleye.png'
42.3315 	EXP 	unnamed TextStim: text = 'LEFT P=59    CR=207     TARGET T=177    D=587 mm '
42.3315 	EXP 	unnamed ImageStim: image = 'c:\\users\\sr38553\\appdata\\local\\temp\\_eleye.png'
42.4397 	EXP 	unnamed TextStim: text = 'LEFT P=58    CR=206     TARGET T=176    D=590 mm '
42.4397 	EXP 	unnamed ImageStim: image = 'c:\\users\\sr38553\\appdata\\local\\temp\\_eleye.png'
42.5314 	EXP 	unnamed TextStim: text = 'LEFT P=57    CR=205     TARGET T=176    D=591 mm '
42.5314 	EXP 	unnamed ImageStim: image = 'c:\\users\\sr38553\\appdata\\local\\temp\\_eleye.png'
42.6314 	EXP 	unnamed TextStim: text = 'LEFT P=56    CR=204     TARGET T=176    D=592 mm '
42.6314 	EXP 	unnamed ImageStim: image = 'c:\\users\\sr38553\\appdata\\local\\temp\\_eleye.png'
42.7314 	EXP 	unnamed TextStim: text = 'LEFT P=57    CR=204     TARGET T=176    D=593 mm '
42.7314 	EXP 	unnamed ImageStim: image = 'c:\\users\\sr38553\\appdata\\local\\temp\\_eleye.png'
42.8230 	EXP 	unnamed TextStim: text = 'LEFT P=57    CR=204     TARGET T=176    D=593 mm '
42.8230 	EXP 	unnamed ImageStim: image = 'c:\\users\\sr38553\\appdata\\local\\temp\\_eleye.png'
42.9230 	EXP 	unnamed TextStim: text = 'LEFT P=58    CR=204     TARGET T=177    D=594 mm '
42.9230 	EXP 	unnamed ImageStim: image = 'c:\\users\\sr38553\\appdata\\local\\temp\\_eleye.png'
43.0230 	EXP 	unnamed TextStim: text = 'LEFT P=58    CR=205     TARGET T=177    D=595 mm '
43.0230 	EXP 	unnamed ImageStim: image = 'c:\\users\\sr38553\\appdata\\local\\temp\\_eleye.png'
43.1230 	EXP 	unnamed TextStim: text = 'LEFT P=59    CR=205     TARGET T=177    D=596 mm '
43.1230 	EXP 	unnamed ImageStim: image = 'c:\\users\\sr38553\\appdata\\local\\temp\\_eleye.png'
43.2230 	EXP 	unnamed TextStim: text = 'LEFT P=59    CR=206     TARGET T=177    D=597 mm '
43.2230 	EXP 	unnamed ImageStim: image = 'c:\\users\\sr38553\\appdata\\local\\temp\\_eleye.png'
43.3146 	EXP 	unnamed TextStim: text = 'LEFT P=59    CR=206     TARGET T=178    D=597 mm '
43.3146 	EXP 	unnamed ImageStim: image = 'c:\\users\\sr38553\\appdata\\local\\temp\\_eleye.png'
43.4147 	EXP 	unnamed TextStim: text = 'LEFT P=59    CR=205     TARGET T=178    D=597 mm '
43.4147 	EXP 	unnamed ImageStim: image = 'c:\\users\\sr38553\\appdata\\local\\temp\\_eleye.png'
43.5147 	EXP 	unnamed TextStim: text = 'LEFT P=59    CR=205     TARGET T=178    D=595 mm '
43.5147 	EXP 	unnamed ImageStim: image = 'c:\\users\\sr38553\\appdata\\local\\temp\\_eleye.png'
43.6147 	EXP 	unnamed TextStim: text = 'LEFT P=59    CR=205     TARGET T=178    D=593 mm '
43.6147 	EXP 	unnamed ImageStim: image = 'c:\\users\\sr38553\\appdata\\local\\temp\\_eleye.png'
43.7063 	EXP 	unnamed TextStim: text = 'LEFT P=59    CR=205     TARGET T=179    D=590 mm '
43.7063 	EXP 	unnamed ImageStim: image = 'c:\\users\\sr38553\\appdata\\local\\temp\\_eleye.png'
43.8063 	EXP 	unnamed TextStim: text = 'LEFT P=59    CR=205     TARGET T=179    D=588 mm '
43.8063 	EXP 	unnamed ImageStim: image = 'c:\\users\\sr38553\\appdata\\local\\temp\\_eleye.png'
43.9063 	EXP 	unnamed TextStim: text = 'LEFT P=60    CR=206     TARGET T=179    D=587 mm '
43.9063 	EXP 	unnamed ImageStim: image = 'c:\\users\\sr38553\\appdata\\local\\temp\\_eleye.png'
44.0063 	EXP 	unnamed TextStim: text = 'LEFT P=61    CR=206     TARGET T=180    D=585 mm '
44.0063 	EXP 	unnamed ImageStim: image = 'c:\\users\\sr38553\\appdata\\local\\temp\\_eleye.png'
44.0980 	EXP 	unnamed TextStim: text = 'LEFT P=61    CR=206     TARGET T=180    D=583 mm '
44.0980 	EXP 	unnamed ImageStim: image = 'c:\\users\\sr38553\\appdata\\local\\temp\\_eleye.png'
44.1980 	EXP 	unnamed TextStim: text = 'LEFT P=62    CR=207     TARGET T=181    D=582 mm '
44.1980 	EXP 	unnamed ImageStim: image = 'c:\\users\\sr38553\\appdata\\local\\temp\\_eleye.png'
44.2980 	EXP 	unnamed TextStim: text = 'LEFT P=61    CR=207     TARGET T=181    D=580 mm '
44.2980 	EXP 	unnamed ImageStim: image = 'c:\\users\\sr38553\\appdata\\local\\temp\\_eleye.png'
44.3980 	EXP 	unnamed TextStim: text = 'LEFT P=61    CR=207     TARGET T=181    D=579 mm '
44.3980 	EXP 	unnamed ImageStim: image = 'c:\\users\\sr38553\\appdata\\local\\temp\\_eleye.png'
44.4897 	EXP 	unnamed TextStim: text = 'LEFT P=61    CR=207     TARGET T=181    D=578 mm '
44.4897 	EXP 	unnamed ImageStim: image = 'c:\\users\\sr38553\\appdata\\local\\temp\\_eleye.png'
44.5896 	EXP 	unnamed TextStim: text = 'LEFT P=60    CR=206     TARGET T=181    D=577 mm '
44.5896 	EXP 	unnamed ImageStim: image = 'c:\\users\\sr38553\\appdata\\local\\temp\\_eleye.png'
44.6896 	EXP 	unnamed TextStim: text = 'LEFT P=60    CR=206     TARGET T=181    D=576 mm '
44.6896 	EXP 	unnamed ImageStim: image = 'c:\\users\\sr38553\\appdata\\local\\temp\\_eleye.png'
44.7896 	EXP 	unnamed TextStim: text = 'LEFT P=59    CR=205     TARGET T=181    D=576 mm '
44.7896 	EXP 	unnamed ImageStim: image = 'c:\\users\\sr38553\\appdata\\local\\temp\\_eleye.png'
44.8813 	EXP 	unnamed TextStim: text = 'LEFT P=59    CR=205     TARGET T=181    D=576 mm '
44.8813 	EXP 	unnamed ImageStim: image = 'c:\\users\\sr38553\\appdata\\local\\temp\\_eleye.png'
44.9813 	EXP 	unnamed TextStim: text = 'LEFT P=60    CR=205     TARGET T=181    D=577 mm '
44.9813 	EXP 	unnamed ImageStim: image = 'c:\\users\\sr38553\\appdata\\local\\temp\\_eleye.png'
45.0813 	EXP 	unnamed TextStim: text = 'LEFT P=59    CR=205     TARGET T=181    D=578 mm '
45.0813 	EXP 	unnamed ImageStim: image = 'c:\\users\\sr38553\\appdata\\local\\temp\\_eleye.png'
45.1813 	EXP 	unnamed TextStim: text = 'LEFT P=60    CR=205     TARGET T=181    D=579 mm '
45.1813 	EXP 	unnamed ImageStim: image = 'c:\\users\\sr38553\\appdata\\local\\temp\\_eleye.png'
45.2730 	EXP 	unnamed TextStim: text = 'LEFT P=60    CR=205     TARGET T=181    D=579 mm '
45.2730 	EXP 	unnamed ImageStim: image = 'c:\\users\\sr38553\\appdata\\local\\temp\\_eleye.png'
45.3730 	EXP 	unnamed TextStim: text = 'LEFT P=60    CR=205     TARGET T=181    D=580 mm '
45.3730 	EXP 	unnamed ImageStim: image = 'c:\\users\\sr38553\\appdata\\local\\temp\\_eleye.png'
45.4729 	EXP 	unnamed TextStim: text = 'LEFT P=60    CR=205     TARGET T=181    D=580 mm '
45.4729 	EXP 	unnamed ImageStim: image = 'c:\\users\\sr38553\\appdata\\local\\temp\\_eleye.png'
45.5729 	EXP 	unnamed TextStim: text = 'LEFT P=59    CR=205     TARGET T=180    D=580 mm '
45.5729 	EXP 	unnamed ImageStim: image = 'c:\\users\\sr38553\\appdata\\local\\temp\\_eleye.png'
45.6646 	EXP 	unnamed TextStim: text = 'LEFT P=59    CR=205     TARGET T=180    D=581 mm '
45.6646 	EXP 	unnamed ImageStim: image = 'c:\\users\\sr38553\\appdata\\local\\temp\\_eleye.png'
45.7646 	EXP 	unnamed TextStim: text = 'LEFT P=59    CR=205     TARGET T=180    D=581 mm '
45.7646 	EXP 	unnamed ImageStim: image = 'c:\\users\\sr38553\\appdata\\local\\temp\\_eleye.png'
45.8646 	EXP 	unnamed TextStim: text = 'LEFT P=60    CR=205     TARGET T=180    D=582 mm '
45.8646 	EXP 	unnamed ImageStim: image = 'c:\\users\\sr38553\\appdata\\local\\temp\\_eleye.png'
45.9646 	EXP 	unnamed TextStim: text = 'LEFT P=59    CR=205     TARGET T=180    D=583 mm '
45.9646 	EXP 	unnamed ImageStim: image = 'c:\\users\\sr38553\\appdata\\local\\temp\\_eleye.png'
46.0562 	EXP 	unnamed TextStim: text = 'LEFT P=59    CR=205     TARGET T=180    D=583 mm '
46.0562 	EXP 	unnamed ImageStim: image = 'c:\\users\\sr38553\\appdata\\local\\temp\\_eleye.png'
46.1563 	EXP 	unnamed TextStim: text = 'LEFT P=60    CR=205     TARGET T=181    D=584 mm '
46.1563 	EXP 	unnamed ImageStim: image = 'c:\\users\\sr38553\\appdata\\local\\temp\\_eleye.png'
46.2562 	EXP 	unnamed TextStim: text = 'LEFT P=59    CR=205     TARGET T=181    D=584 mm '
46.2562 	EXP 	unnamed ImageStim: image = 'c:\\users\\sr38553\\appdata\\local\\temp\\_eleye.png'
46.3562 	EXP 	unnamed TextStim: text = 'LEFT P=59    CR=205     TARGET T=181    D=584 mm '
46.3562 	EXP 	unnamed ImageStim: image = 'c:\\users\\sr38553\\appdata\\local\\temp\\_eleye.png'
46.4562 	EXP 	unnamed TextStim: text = 'LEFT P=59    CR=205     TARGET T=181    D=584 mm '
46.4562 	EXP 	unnamed ImageStim: image = 'c:\\users\\sr38553\\appdata\\local\\temp\\_eleye.png'
46.5479 	EXP 	unnamed TextStim: text = 'LEFT P=59    CR=205     TARGET T=181    D=584 mm '
46.5479 	EXP 	unnamed ImageStim: image = 'c:\\users\\sr38553\\appdata\\local\\temp\\_eleye.png'
46.6479 	EXP 	unnamed TextStim: text = 'LEFT P=59    CR=205     TARGET T=181    D=585 mm '
46.6479 	EXP 	unnamed ImageStim: image = 'c:\\users\\sr38553\\appdata\\local\\temp\\_eleye.png'
46.7479 	EXP 	unnamed TextStim: text = 'LEFT P=60    CR=204     TARGET T=181    D=585 mm '
46.7479 	EXP 	unnamed ImageStim: image = 'c:\\users\\sr38553\\appdata\\local\\temp\\_eleye.png'
46.8479 	EXP 	unnamed TextStim: text = 'LEFT P=59    CR=205     TARGET T=181    D=585 mm '
46.8479 	EXP 	unnamed ImageStim: image = 'c:\\users\\sr38553\\appdata\\local\\temp\\_eleye.png'
46.9396 	EXP 	unnamed TextStim: text = 'LEFT P=59    CR=204     TARGET T=181    D=585 mm '
46.9396 	EXP 	unnamed ImageStim: image = 'c:\\users\\sr38553\\appdata\\local\\temp\\_eleye.png'
47.0396 	EXP 	unnamed TextStim: text = 'LEFT P=60    CR=204     TARGET T=181    D=585 mm '
47.0396 	EXP 	unnamed ImageStim: image = 'c:\\users\\sr38553\\appdata\\local\\temp\\_eleye.png'
47.1396 	EXP 	unnamed TextStim: text = 'LEFT P=59    CR=204     TARGET T=181    D=586 mm '
47.1396 	EXP 	unnamed ImageStim: image = 'c:\\users\\sr38553\\appdata\\local\\temp\\_eleye.png'
47.2396 	EXP 	unnamed TextStim: text = 'LEFT P=59    CR=204     TARGET T=180    D=586 mm '
47.2396 	EXP 	unnamed ImageStim: image = 'c:\\users\\sr38553\\appdata\\local\\temp\\_eleye.png'
47.3396 	EXP 	unnamed TextStim: text = 'LEFT P=59    CR=204     TARGET T=180    D=586 mm '
47.3396 	EXP 	unnamed ImageStim: image = 'c:\\users\\sr38553\\appdata\\local\\temp\\_eleye.png'
47.4312 	EXP 	unnamed TextStim: text = 'LEFT P=60    CR=204     TARGET T=180    D=587 mm '
47.4312 	EXP 	unnamed ImageStim: image = 'c:\\users\\sr38553\\appdata\\local\\temp\\_eleye.png'
47.5312 	EXP 	unnamed TextStim: text = 'LEFT P=59    CR=204     TARGET T=180    D=587 mm '
47.5312 	EXP 	unnamed ImageStim: image = 'c:\\users\\sr38553\\appdata\\local\\temp\\_eleye.png'
47.6312 	EXP 	unnamed TextStim: text = 'LEFT P=59    CR=204     TARGET T=180    D=588 mm '
47.6312 	EXP 	unnamed ImageStim: image = 'c:\\users\\sr38553\\appdata\\local\\temp\\_eleye.png'
47.7312 	EXP 	unnamed TextStim: text = 'LEFT P=59    CR=204     TARGET T=180    D=588 mm '
47.7312 	EXP 	unnamed ImageStim: image = 'c:\\users\\sr38553\\appdata\\local\\temp\\_eleye.png'
47.8229 	EXP 	unnamed TextStim: text = 'LEFT P=52    CR=203     TARGET T=180    D=588 mm '
47.8229 	EXP 	unnamed ImageStim: image = 'c:\\users\\sr38553\\appdata\\local\\temp\\_eleye.png'
47.9229 	EXP 	unnamed TextStim: text = 'LEFT P=52    CR=203     TARGET T=180    D=589 mm '
47.9229 	EXP 	unnamed ImageStim: image = 'c:\\users\\sr38553\\appdata\\local\\temp\\_eleye.png'
48.0229 	EXP 	unnamed TextStim: text = 'LEFT P=51    CR=207     TARGET T=180    D=589 mm '
48.0229 	EXP 	unnamed ImageStim: image = 'c:\\users\\sr38553\\appdata\\local\\temp\\_eleye.png'
48.1229 	EXP 	unnamed TextStim: text = 'LEFT P=51    CR=207     TARGET T=180    D=589 mm '
48.1229 	EXP 	unnamed ImageStim: image = 'c:\\users\\sr38553\\appdata\\local\\temp\\_eleye.png'
48.2145 	EXP 	unnamed TextStim: text = 'LEFT P=52    CR=208     TARGET T=180    D=589 mm '
48.2145 	EXP 	unnamed ImageStim: image = 'c:\\users\\sr38553\\appdata\\local\\temp\\_eleye.png'
48.3145 	EXP 	unnamed TextStim: text = 'LEFT P=51    CR=208     TARGET T=182    D=589 mm '
48.3145 	EXP 	unnamed ImageStim: image = 'c:\\users\\sr38553\\appdata\\local\\temp\\_eleye.png'
48.4145 	EXP 	unnamed TextStim: text = 'LEFT P=52    CR=208     TARGET T=183    D=589 mm '
48.4145 	EXP 	unnamed ImageStim: image = 'c:\\users\\sr38553\\appdata\\local\\temp\\_eleye.png'
48.5145 	EXP 	unnamed TextStim: text = 'LEFT P=52    CR=208     TARGET T=182    D=588 mm '
48.5145 	EXP 	unnamed ImageStim: image = 'c:\\users\\sr38553\\appdata\\local\\temp\\_eleye.png'
48.6062 	EXP 	unnamed TextStim: text = 'LEFT P=52    CR=207     TARGET T=183    D=587 mm '
48.6062 	EXP 	unnamed ImageStim: image = 'c:\\users\\sr38553\\appdata\\local\\temp\\_eleye.png'
48.7062 	EXP 	unnamed TextStim: text = 'LEFT P=51    CR=207     TARGET T=182    D=586 mm '
48.7062 	EXP 	unnamed ImageStim: image = 'c:\\users\\sr38553\\appdata\\local\\temp\\_eleye.png'
48.8062 	EXP 	unnamed TextStim: text = 'LEFT P=51    CR=207     TARGET T=183    D=585 mm '
48.8062 	EXP 	unnamed ImageStim: image = 'c:\\users\\sr38553\\appdata\\local\\temp\\_eleye.png'
48.9062 	EXP 	unnamed TextStim: text = 'LEFT P=51    CR=207     TARGET T=182    D=585 mm '
48.9062 	EXP 	unnamed ImageStim: image = 'c:\\users\\sr38553\\appdata\\local\\temp\\_eleye.png'
48.9923 	DATA 	Keypress: return
48.9978 	EXP 	unnamed TextStim: text = 'LEFT P=52    CR=207     TARGET T=182    D=585 mm '
48.9978 	EXP 	unnamed ImageStim: image = 'c:\\users\\sr38553\\appdata\\local\\temp\\_eleye.png'
49.1290 	EXP 	Created menu_screen = ImageStim(autoLog=True, color=array([ 1.,  1.,  1.]), colorSpace='rgb', contrast=1.0, depth=-1.0, flipHoriz=False, flipVert=False, image='Instructions/menu.png', interpolate=True, mask=None, maskParams=None, name='menu_screen', opacity=1.0, ori=0.0, pos=array([ 0.,  0.]), size=array([1920, 1080]), texRes=128, units='pix', win=Window(...))
49.2854 	EXP 	Created menu_screen = ImageStim(autoLog=True, color=array([ 1.,  1.,  1.]), colorSpace='rgb', contrast=1.0, depth=-1.0, flipHoriz=False, flipVert=False, image='Instructions/menu.png', interpolate=True, mask=None, maskParams=None, name='menu_screen', opacity=1.0, ori=0.0, pos=array([ 0.,  0.]), size=array([1920, 1080]), texRes=128, units='pix', win=Window(...))
54.4761 	DATA 	Keypress: c
54.6070 	EXP 	Created menu_screen = ImageStim(autoLog=True, color=array([ 1.,  1.,  1.]), colorSpace='rgb', contrast=1.0, depth=-1.0, flipHoriz=False, flipVert=False, image='Instructions/menu.png', interpolate=True, mask=None, maskParams=None, name='menu_screen', opacity=1.0, ori=0.0, pos=array([ 0.,  0.]), size=array([1920, 1080]), texRes=128, units='pix', win=Window(...))
54.6310 	EXP 	unnamed Circle: pos = (0, 0)
54.6310 	EXP 	unnamed Circle: pos = (0, 0)
55.8202 	DATA 	Keypress: return
55.8560 	EXP 	unnamed Circle: pos = (-845, -448)
55.8560 	EXP 	unnamed Circle: pos = (-845, -448)
56.7401 	DATA 	Keypress: return
56.7726 	EXP 	unnamed Circle: pos = (844, 449)
56.7726 	EXP 	unnamed Circle: pos = (844, 449)
57.6361 	DATA 	Keypress: return
57.6726 	EXP 	unnamed Circle: pos = (422, -224)
57.6726 	EXP 	unnamed Circle: pos = (422, -224)
58.3081 	DATA 	Keypress: return
58.3393 	EXP 	unnamed Circle: pos = (0, -448)
58.3393 	EXP 	unnamed Circle: pos = (0, -448)
58.9801 	DATA 	Keypress: return
59.0142 	EXP 	unnamed Circle: pos = (-845, 0)
59.0142 	EXP 	unnamed Circle: pos = (-845, 0)
59.5961 	DATA 	Keypress: return
59.6308 	EXP 	unnamed Circle: pos = (422, 225)
59.6308 	EXP 	unnamed Circle: pos = (422, 225)
60.1641 	DATA 	Keypress: return
60.6281 	DATA 	Keypress: return
60.6641 	EXP 	unnamed Circle: pos = (-423, 225)
60.6641 	EXP 	unnamed Circle: pos = (-423, 225)
61.1721 	DATA 	Keypress: return
61.2141 	EXP 	unnamed Circle: pos = (-423, -224)
61.2141 	EXP 	unnamed Circle: pos = (-423, -224)
61.7561 	DATA 	Keypress: return
61.7974 	EXP 	unnamed Circle: pos = (844, -448)
61.7974 	EXP 	unnamed Circle: pos = (844, -448)
62.3481 	DATA 	Keypress: return
63.0201 	DATA 	Keypress: return
63.0640 	EXP 	unnamed Circle: pos = (-845, 449)
63.0640 	EXP 	unnamed Circle: pos = (-845, 449)
63.7000 	DATA 	Keypress: return
64.1481 	DATA 	Keypress: return
64.1807 	EXP 	unnamed Circle: pos = (0, 449)
64.1807 	EXP 	unnamed Circle: pos = (0, 449)
64.7480 	DATA 	Keypress: return
64.7890 	EXP 	unnamed Circle: pos = (844, 0)
64.7890 	EXP 	unnamed Circle: pos = (844, 0)
65.4120 	DATA 	Keypress: return
65.9000 	DATA 	Keypress: return
65.9390 	EXP 	unnamed Circle: pos = (0, 0)
65.9390 	EXP 	unnamed Circle: pos = (0, 0)
66.6360 	DATA 	Keypress: return
67.8840 	DATA 	Keypress: return
68.1274 	EXP 	Created menu_screen = ImageStim(autoLog=True, color=array([ 1.,  1.,  1.]), colorSpace='rgb', contrast=1.0, depth=-1.0, flipHoriz=False, flipVert=False, image='Instructions/menu.png', interpolate=True, mask=None, maskParams=None, name='menu_screen', opacity=1.0, ori=0.0, pos=array([ 0.,  0.]), size=array([1920, 1080]), texRes=128, units='pix', win=Window(...))
69.4680 	DATA 	Keypress: v
69.5982 	EXP 	Created menu_screen = ImageStim(autoLog=True, color=array([ 1.,  1.,  1.]), colorSpace='rgb', contrast=1.0, depth=-1.0, flipHoriz=False, flipVert=False, image='Instructions/menu.png', interpolate=True, mask=None, maskParams=None, name='menu_screen', opacity=1.0, ori=0.0, pos=array([ 0.,  0.]), size=array([1920, 1080]), texRes=128, units='pix', win=Window(...))
69.6222 	EXP 	unnamed Circle: pos = (0, 0)
69.6222 	EXP 	unnamed Circle: pos = (0, 0)
70.1320 	DATA 	Keypress: return
70.2055 	EXP 	unnamed Circle: pos = (844, 0)
70.2055 	EXP 	unnamed Circle: pos = (844, 0)
70.9720 	DATA 	Keypress: return
71.0221 	EXP 	unnamed Circle: pos = (743, -394)
71.0221 	EXP 	unnamed Circle: pos = (743, -394)
71.8920 	DATA 	Keypress: return
71.9471 	EXP 	unnamed Circle: pos = (0, 449)
71.9471 	EXP 	unnamed Circle: pos = (0, 449)
73.2279 	DATA 	Keypress: return
73.2637 	EXP 	unnamed Circle: pos = (422, 225)
73.2637 	EXP 	unnamed Circle: pos = (422, 225)
73.9479 	DATA 	Keypress: return
73.9971 	EXP 	unnamed Circle: pos = (-423, 225)
73.9971 	EXP 	unnamed Circle: pos = (-423, 225)
74.7159 	DATA 	Keypress: return
74.7554 	EXP 	unnamed Circle: pos = (0, -448)
74.7554 	EXP 	unnamed Circle: pos = (0, -448)
75.5639 	DATA 	Keypress: return
75.5970 	EXP 	unnamed Circle: pos = (422, -224)
75.5970 	EXP 	unnamed Circle: pos = (422, -224)
76.2279 	DATA 	Keypress: return
76.2720 	EXP 	unnamed Circle: pos = (-845, 0)
76.2720 	EXP 	unnamed Circle: pos = (-845, 0)
78.0199 	DATA 	Keypress: return
78.0802 	EXP 	unnamed Circle: pos = (-744, 395)
78.0802 	EXP 	unnamed Circle: pos = (-744, 395)
78.8679 	DATA 	Keypress: return
79.0219 	EXP 	unnamed Circle: pos = (-423, -224)
79.0219 	EXP 	unnamed Circle: pos = (-423, -224)
80.7638 	DATA 	Keypress: return
80.7968 	EXP 	unnamed Circle: pos = (743, 395)
80.7968 	EXP 	unnamed Circle: pos = (743, 395)
81.8758 	DATA 	Keypress: return
81.9718 	EXP 	unnamed Circle: pos = (-744, -394)
81.9718 	EXP 	unnamed Circle: pos = (-744, -394)
83.8278 	DATA 	Keypress: return
84.0634 	EXP 	unnamed Circle: pos = (0, 0)
84.0634 	EXP 	unnamed Circle: pos = (0, 0)
85.2358 	DATA 	Keypress: return
85.6884 	EXP 	unnamed Circle: pos = (743, -394)
85.6884 	EXP 	unnamed Circle: pos = (743, -394)
88.0118 	DATA 	Keypress: return
88.0633 	EXP 	unnamed Circle: pos = (-744, -394)
88.0633 	EXP 	unnamed Circle: pos = (-744, -394)
89.1318 	DATA 	Keypress: return
89.2549 	EXP 	unnamed Circle: pos = (0, 0)
89.2549 	EXP 	unnamed Circle: pos = (0, 0)
90.0118 	DATA 	Keypress: return
91.3878 	DATA 	Keypress: return
91.6228 	EXP 	Created menu_screen = ImageStim(autoLog=True, color=array([ 1.,  1.,  1.]), colorSpace='rgb', contrast=1.0, depth=-1.0, flipHoriz=False, flipVert=False, image='Instructions/menu.png', interpolate=True, mask=None, maskParams=None, name='menu_screen', opacity=1.0, ori=0.0, pos=array([ 0.,  0.]), size=array([1920, 1080]), texRes=128, units='pix', win=Window(...))
92.5237 	DATA 	Keypress: o
92.6542 	EXP 	Created menu_screen = ImageStim(autoLog=True, color=array([ 1.,  1.,  1.]), colorSpace='rgb', contrast=1.0, depth=-1.0, flipHoriz=False, flipVert=False, image='Instructions/menu.png', interpolate=True, mask=None, maskParams=None, name='menu_screen', opacity=1.0, ori=0.0, pos=array([ 0.,  0.]), size=array([1920, 1080]), texRes=128, units='pix', win=Window(...))
92.6644 	EXP 	Imported procedure\Introduction_list.csv as conditions, 1 conditions, 1 params
92.6646 	EXP 	Created sequence: sequential, trialTypes=1, nReps=1, seed=None
92.7725 	DEBUG 	Using C:/Users/sr38553/Desktop/new task/task/6.7.02 - trial_fixation (2).py as origin file
92.7731 	EXP 	New trial (rep=0, index=0): {'Introduction_image': 'inst_1'}
92.9131 	EXP 	task_instr_image: size = array([1920, 1080])
92.9131 	EXP 	task_instr_image: image = 'Instructions/inst_1.png'
92.9131 	EXP 	task_instr_image: autoDraw = True
98.9544 	DATA 	Keypress: space
98.9563 	EXP 	Imported procedure\#set_list.csv as conditions, 3 conditions, 5 params
98.9565 	EXP 	Created sequence: sequential, trialTypes=3, nReps=1, seed=None
98.9574 	DEBUG 	Using C:/Users/sr38553/Desktop/new task/task/6.7.02 - trial_fixation (2).py as origin file
98.9580 	EXP 	New trial (rep=0, index=0): {'block_event': 'comp_1', 'order': 0, 'block_display': 'inst_2', 'block_file': 'procedure\\0.csv', 'break_display': 'break'}
99.1043 	EXP 	task_instr_image: autoDraw = False
99.1043 	EXP 	Block_image: size = array([1920, 1080])
99.1043 	EXP 	Block_image: image = 'Instructions/inst_2.png'
99.1043 	EXP 	Block_image: autoDraw = True
117.8955 	DATA 	Keypress: space
117.9704 	EXP 	Block_image: autoDraw = False
117.9704 	EXP 	composite_display: size = array([1024,  768])
117.9704 	EXP 	composite_display: image = 'instructions/comp_1.png'
117.9704 	EXP 	composite_display: autoDraw = True
122.8982 	EXP 	Imported procedure\0.csv as conditions, 4 conditions, 7 params
122.8985 	EXP 	Created sequence: random, trialTypes=4, nReps=1, seed=None
122.8993 	DEBUG 	Using C:/Users/sr38553/Desktop/new task/task/6.7.02 - trial_fixation (2).py as origin file
122.9000 	EXP 	New trial (rep=0, index=0): {'valmean': 6.71, 'valence': 'Positive', 'scenestim': '2030.bmp', 'arousal': 'High', 'outliers': 0, 'blocknum': 0, 'arousalmean': 4.54}
123.0955 	EXP 	composite_display: autoDraw = False
123.0955 	EXP 	composite_display: autoDraw = False
123.0955 	EXP 	fixation_cross: autoDraw = True
125.1705 	EXP 	fixation_cross: autoDraw = False
125.1705 	EXP 	iaps_display: size = array([1024,  768])
125.1705 	EXP 	iaps_display: image = 'stimulus/2030.bmp'
125.1705 	EXP 	iaps_display: autoDraw = True
126.9955 	EXP 	iaps_cue: size = array([1024,  768])
126.9955 	EXP 	iaps_cue: image = 'green.png'
126.9955 	EXP 	iaps_cue: autoDraw = True
128.9454 	EXP 	iaps_cue: size = array([1024,  768])
128.9454 	EXP 	iaps_cue: image = 'blue.png'
128.9454 	EXP 	iaps_cue: autoDraw = True
129.4454 	EXP 	iaps_cue: size = array([1024,  768])
129.4454 	EXP 	iaps_cue: image = 'green.png'
129.4454 	EXP 	iaps_cue: autoDraw = True
130.1953 	EXP 	iaps_cue: size = array([1024,  768])
130.1953 	EXP 	iaps_cue: image = 'blue.png'
130.1953 	EXP 	iaps_cue: autoDraw = True
130.4453 	EXP 	iaps_cue: size = array([1024,  768])
130.4453 	EXP 	iaps_cue: image = 'green.png'
130.4453 	EXP 	iaps_cue: autoDraw = True
131.1953 	EXP 	iaps_cue: size = array([1024,  768])
131.1953 	EXP 	iaps_cue: image = 'blue.png'
131.1953 	EXP 	iaps_cue: autoDraw = True
131.4536 	EXP 	iaps_cue: size = array([1024,  768])
131.4536 	EXP 	iaps_cue: image = 'green.png'
131.4536 	EXP 	iaps_cue: autoDraw = True
131.7036 	EXP 	iaps_cue: size = array([1024,  768])
131.7036 	EXP 	iaps_cue: image = 'blue.png'
131.7036 	EXP 	iaps_cue: autoDraw = True
133.7036 	EXP 	iaps_cue: size = array([1024,  768])
133.7036 	EXP 	iaps_cue: image = 'green.png'
133.7036 	EXP 	iaps_cue: autoDraw = True
133.9536 	EXP 	iaps_cue: size = array([1024,  768])
133.9536 	EXP 	iaps_cue: image = 'blue.png'
133.9536 	EXP 	iaps_cue: autoDraw = True
134.9536 	EXP 	iaps_cue: size = array([1024,  768])
134.9536 	EXP 	iaps_cue: image = 'green.png'
134.9536 	EXP 	iaps_cue: autoDraw = True
135.2035 	EXP 	iaps_cue: size = array([1024,  768])
135.2035 	EXP 	iaps_cue: image = 'blue.png'
135.2035 	EXP 	iaps_cue: autoDraw = True
137.4535 	EXP 	iaps_cue: size = array([1024,  768])
137.4535 	EXP 	iaps_cue: image = 'green.png'
137.4535 	EXP 	iaps_cue: autoDraw = True
137.9534 	EXP 	iaps_cue: size = array([1024,  768])
137.9534 	EXP 	iaps_cue: image = 'blue.png'
137.9534 	EXP 	iaps_cue: autoDraw = True
138.4534 	EXP 	iaps_cue: size = array([1024,  768])
138.4534 	EXP 	iaps_cue: image = 'green.png'
138.4534 	EXP 	iaps_cue: autoDraw = True
138.9534 	EXP 	iaps_cue: size = array([1024,  768])
138.9534 	EXP 	iaps_cue: image = 'red.png'
138.9534 	EXP 	iaps_cue: autoDraw = True
139.2034 	EXP 	iaps_cue: size = array([1024,  768])
139.2034 	EXP 	iaps_cue: image = 'green.png'
139.2034 	EXP 	iaps_cue: autoDraw = True
139.4534 	EXP 	iaps_cue: size = array([1024,  768])
139.4534 	EXP 	iaps_cue: image = 'blue.png'
139.4534 	EXP 	iaps_cue: autoDraw = True
140.7034 	EXP 	iaps_cue: size = array([1024,  768])
140.7034 	EXP 	iaps_cue: image = 'green.png'
140.7034 	EXP 	iaps_cue: autoDraw = True
141.2033 	EXP 	iaps_cue: size = array([1024,  768])
141.2033 	EXP 	iaps_cue: image = 'blue.png'
141.2033 	EXP 	iaps_cue: autoDraw = True
142.7033 	EXP 	iaps_cue: size = array([1024,  768])
142.7033 	EXP 	iaps_cue: image = 'green.png'
142.7033 	EXP 	iaps_cue: autoDraw = True
143.2033 	EXP 	iaps_cue: size = array([1024,  768])
143.2033 	EXP 	iaps_cue: image = 'blue.png'
143.2033 	EXP 	iaps_cue: autoDraw = True
144.9448 	EXP 	iaps_display: autoDraw = False
144.9448 	EXP 	iaps_cue: autoDraw = False
144.9448 	EXP 	blank: autoDraw = True
147.7814 	EXP 	New trial (rep=0, index=1): {'valmean': 3.3399999999999999, 'valence': 'Negative', 'scenestim': '2120.bmp', 'arousal': 'High', 'outliers': 0, 'blocknum': 0, 'arousalmean': 5.1799999999999997}
147.9444 	EXP 	iaps_display: autoDraw = False
147.9444 	EXP 	iaps_cue: autoDraw = False
147.9444 	EXP 	blank: autoDraw = False
147.9444 	EXP 	fixation_cross: autoDraw = True
150.0527 	EXP 	fixation_cross: autoDraw = False
150.0527 	EXP 	iaps_display: size = array([1024,  768])
150.0527 	EXP 	iaps_display: image = 'stimulus/2120.bmp'
150.0527 	EXP 	iaps_display: autoDraw = True
151.8279 	EXP 	iaps_cue: size = array([1024,  768])
151.8279 	EXP 	iaps_cue: image = 'blue.png'
151.8279 	EXP 	iaps_cue: autoDraw = True
153.3278 	EXP 	iaps_cue: size = array([1024,  768])
153.3278 	EXP 	iaps_cue: image = 'green.png'
153.3278 	EXP 	iaps_cue: autoDraw = True
153.8278 	EXP 	iaps_cue: size = array([1024,  768])
153.8278 	EXP 	iaps_cue: image = 'blue.png'
153.8278 	EXP 	iaps_cue: autoDraw = True
158.5777 	EXP 	iaps_cue: size = array([1024,  768])
158.5777 	EXP 	iaps_cue: image = 'green.png'
158.5777 	EXP 	iaps_cue: autoDraw = True
159.0776 	EXP 	iaps_cue: size = array([1024,  768])
159.0776 	EXP 	iaps_cue: image = 'red.png'
159.0776 	EXP 	iaps_cue: autoDraw = True
159.3277 	EXP 	iaps_cue: size = array([1024,  768])
159.3277 	EXP 	iaps_cue: image = 'green.png'
159.3277 	EXP 	iaps_cue: autoDraw = True
160.0776 	EXP 	iaps_cue: size = array([1024,  768])
160.0776 	EXP 	iaps_cue: image = 'red.png'
160.0776 	EXP 	iaps_cue: autoDraw = True
160.3276 	EXP 	iaps_cue: size = array([1024,  768])
160.3276 	EXP 	iaps_cue: image = 'green.png'
160.3276 	EXP 	iaps_cue: autoDraw = True
160.8276 	EXP 	iaps_cue: size = array([1024,  768])
160.8276 	EXP 	iaps_cue: image = 'red.png'
160.8276 	EXP 	iaps_cue: autoDraw = True
161.5775 	EXP 	iaps_cue: size = array([1024,  768])
161.5775 	EXP 	iaps_cue: image = 'green.png'
161.5775 	EXP 	iaps_cue: autoDraw = True
163.5775 	EXP 	iaps_cue: size = array([1024,  768])
163.5775 	EXP 	iaps_cue: image = 'red.png'
163.5775 	EXP 	iaps_cue: autoDraw = True
164.3274 	EXP 	iaps_cue: size = array([1024,  768])
164.3274 	EXP 	iaps_cue: image = 'green.png'
164.3274 	EXP 	iaps_cue: autoDraw = True
165.0774 	EXP 	iaps_cue: size = array([1024,  768])
165.0774 	EXP 	iaps_cue: image = 'red.png'
165.0774 	EXP 	iaps_cue: autoDraw = True
165.3274 	EXP 	iaps_cue: size = array([1024,  768])
165.3274 	EXP 	iaps_cue: image = 'blue.png'
165.3274 	EXP 	iaps_cue: autoDraw = True
166.0775 	EXP 	iaps_cue: size = array([1024,  768])
166.0775 	EXP 	iaps_cue: image = 'green.png'
166.0775 	EXP 	iaps_cue: autoDraw = True
166.3275 	EXP 	iaps_cue: size = array([1024,  768])
166.3275 	EXP 	iaps_cue: image = 'red.png'
166.3275 	EXP 	iaps_cue: autoDraw = True
166.5859 	EXP 	iaps_cue: size = array([1024,  768])
166.5859 	EXP 	iaps_cue: image = 'green.png'
166.5859 	EXP 	iaps_cue: autoDraw = True
167.0858 	EXP 	iaps_cue: size = array([1024,  768])
167.0858 	EXP 	iaps_cue: image = 'blue.png'
167.0858 	EXP 	iaps_cue: autoDraw = True
167.8358 	EXP 	iaps_cue: size = array([1024,  768])
167.8358 	EXP 	iaps_cue: image = 'green.png'
167.8358 	EXP 	iaps_cue: autoDraw = True
168.0858 	EXP 	iaps_cue: size = array([1024,  768])
168.0858 	EXP 	iaps_cue: image = 'red.png'
168.0858 	EXP 	iaps_cue: autoDraw = True
168.8358 	EXP 	iaps_cue: size = array([1024,  768])
168.8358 	EXP 	iaps_cue: image = 'green.png'
168.8358 	EXP 	iaps_cue: autoDraw = True
169.3358 	EXP 	iaps_cue: size = array([1024,  768])
169.3358 	EXP 	iaps_cue: image = 'blue.png'
169.3358 	EXP 	iaps_cue: autoDraw = True
169.5858 	EXP 	iaps_cue: size = array([1024,  768])
169.5858 	EXP 	iaps_cue: image = 'green.png'
169.5858 	EXP 	iaps_cue: autoDraw = True
169.8274 	EXP 	iaps_display: autoDraw = False
169.8274 	EXP 	iaps_cue: autoDraw = False
169.8274 	EXP 	blank: autoDraw = True
172.6635 	EXP 	New trial (rep=0, index=2): {'valmean': 6.8799999999999999, 'valence': 'Positive', 'scenestim': '2655.bmp', 'arousal': 'High', 'outliers': 0, 'blocknum': 0, 'arousalmean': 4.5700000000000003}
172.8436 	EXP 	iaps_display: autoDraw = False
172.8436 	EXP 	iaps_cue: autoDraw = False
172.8436 	EXP 	blank: autoDraw = False
172.8436 	EXP 	fixation_cross: autoDraw = True
174.9269 	EXP 	fixation_cross: autoDraw = False
174.9269 	EXP 	iaps_display: size = array([826, 768])
174.9269 	EXP 	iaps_display: image = 'stimulus/2655.bmp'
174.9269 	EXP 	iaps_display: autoDraw = True
176.7354 	EXP 	iaps_cue: size = array([826, 768])
176.7354 	EXP 	iaps_cue: image = 'green.png'
176.7354 	EXP 	iaps_cue: autoDraw = True
176.9521 	EXP 	iaps_cue: size = array([826, 768])
176.9521 	EXP 	iaps_cue: image = 'red.png'
176.9521 	EXP 	iaps_cue: autoDraw = True
178.4521 	EXP 	iaps_cue: size = array([826, 768])
178.4521 	EXP 	iaps_cue: image = 'green.png'
178.4521 	EXP 	iaps_cue: autoDraw = True
178.9522 	EXP 	iaps_cue: size = array([826, 768])
178.9522 	EXP 	iaps_cue: image = 'blue.png'
178.9522 	EXP 	iaps_cue: autoDraw = True
179.2020 	EXP 	iaps_cue: size = array([826, 768])
179.2020 	EXP 	iaps_cue: image = 'green.png'
179.2020 	EXP 	iaps_cue: autoDraw = True
179.4520 	EXP 	iaps_cue: size = array([826, 768])
179.4520 	EXP 	iaps_cue: image = 'red.png'
179.4520 	EXP 	iaps_cue: autoDraw = True
180.2020 	EXP 	iaps_cue: size = array([826, 768])
180.2020 	EXP 	iaps_cue: image = 'green.png'
180.2020 	EXP 	iaps_cue: autoDraw = True
181.2020 	EXP 	iaps_cue: size = array([826, 768])
181.2020 	EXP 	iaps_cue: image = 'blue.png'
181.2020 	EXP 	iaps_cue: autoDraw = True
181.7020 	EXP 	iaps_cue: size = array([826, 768])
181.7020 	EXP 	iaps_cue: image = 'green.png'
181.7020 	EXP 	iaps_cue: autoDraw = True
182.2019 	EXP 	iaps_cue: size = array([826, 768])
182.2019 	EXP 	iaps_cue: image = 'red.png'
182.2019 	EXP 	iaps_cue: autoDraw = True
182.4602 	EXP 	iaps_cue: size = array([826, 768])
182.4602 	EXP 	iaps_cue: image = 'green.png'
182.4602 	EXP 	iaps_cue: autoDraw = True
183.4603 	EXP 	iaps_cue: size = array([826, 768])
183.4603 	EXP 	iaps_cue: image = 'red.png'
183.4603 	EXP 	iaps_cue: autoDraw = True
184.9602 	EXP 	iaps_cue: size = array([826, 768])
184.9602 	EXP 	iaps_cue: image = 'green.png'
184.9602 	EXP 	iaps_cue: autoDraw = True
186.4601 	EXP 	iaps_cue: size = array([826, 768])
186.4601 	EXP 	iaps_cue: image = 'blue.png'
186.4601 	EXP 	iaps_cue: autoDraw = True
187.4601 	EXP 	iaps_cue: size = array([826, 768])
187.4601 	EXP 	iaps_cue: image = 'green.png'
187.4601 	EXP 	iaps_cue: autoDraw = True
187.7101 	EXP 	iaps_cue: size = array([826, 768])
187.7101 	EXP 	iaps_cue: image = 'red.png'
187.7101 	EXP 	iaps_cue: autoDraw = True
188.2101 	EXP 	iaps_cue: size = array([826, 768])
188.2101 	EXP 	iaps_cue: image = 'green.png'
188.2101 	EXP 	iaps_cue: autoDraw = True
188.7100 	EXP 	iaps_cue: size = array([826, 768])
188.7100 	EXP 	iaps_cue: image = 'red.png'
188.7100 	EXP 	iaps_cue: autoDraw = True
192.9599 	EXP 	iaps_cue: size = array([826, 768])
192.9599 	EXP 	iaps_cue: image = 'green.png'
192.9599 	EXP 	iaps_cue: autoDraw = True
193.7099 	EXP 	iaps_cue: size = array([826, 768])
193.7099 	EXP 	iaps_cue: image = 'blue.png'
193.7099 	EXP 	iaps_cue: autoDraw = True
194.7099 	EXP 	iaps_cue: size = array([826, 768])
194.7099 	EXP 	iaps_cue: image = 'green.png'
194.7099 	EXP 	iaps_cue: autoDraw = True
194.7181 	EXP 	iaps_display: autoDraw = False
194.7181 	EXP 	iaps_cue: autoDraw = False
194.7181 	EXP 	blank: autoDraw = True
197.5475 	EXP 	New trial (rep=0, index=3): {'valmean': 1.95, 'valence': 'Negative', 'scenestim': '2205.bmp', 'arousal': 'High', 'outliers': 0, 'blocknum': 0, 'arousalmean': 4.5300000000000002}
197.7262 	EXP 	iaps_display: autoDraw = False
197.7262 	EXP 	iaps_cue: autoDraw = False
197.7262 	EXP 	blank: autoDraw = False
197.7262 	EXP 	fixation_cross: autoDraw = True
199.8095 	EXP 	fixation_cross: autoDraw = False
199.8095 	EXP 	iaps_display: size = array([1024,  768])
199.8095 	EXP 	iaps_display: image = 'stimulus/2205.bmp'
199.8095 	EXP 	iaps_display: autoDraw = True
201.6348 	EXP 	iaps_cue: size = array([1024,  768])
201.6348 	EXP 	iaps_cue: image = 'blue.png'
201.6348 	EXP 	iaps_cue: autoDraw = True
201.8430 	EXP 	iaps_cue: size = array([1024,  768])
201.8430 	EXP 	iaps_cue: image = 'green.png'
201.8430 	EXP 	iaps_cue: autoDraw = True
202.8429 	EXP 	iaps_cue: size = array([1024,  768])
202.8429 	EXP 	iaps_cue: image = 'red.png'
202.8429 	EXP 	iaps_cue: autoDraw = True
204.0930 	EXP 	iaps_cue: size = array([1024,  768])
204.0930 	EXP 	iaps_cue: image = 'blue.png'
204.0930 	EXP 	iaps_cue: autoDraw = True
218.8509 	EXP 	iaps_cue: size = array([1024,  768])
218.8509 	EXP 	iaps_cue: image = 'green.png'
218.8509 	EXP 	iaps_cue: autoDraw = True
219.3509 	EXP 	iaps_cue: size = array([1024,  768])
219.3509 	EXP 	iaps_cue: image = 'blue.png'
219.3509 	EXP 	iaps_cue: autoDraw = True
219.5926 	EXP 	iaps_display: autoDraw = False
219.5926 	EXP 	iaps_cue: autoDraw = False
219.5926 	EXP 	blank: autoDraw = True
222.4445 	EXP 	Created sequence: random, trialTypes=1, nReps=1, seed=None
222.4457 	DEBUG 	Using C:/Users/sr38553/Desktop/new task/task/6.7.02 - trial_fixation (2).py as origin file
222.4462 	EXP 	New trial (rep=0, index=0): None
222.5922 	EXP 	iaps_display: autoDraw = False
222.5922 	EXP 	iaps_cue: autoDraw = False
222.5922 	EXP 	blank: autoDraw = False
222.5922 	EXP 	break_image: size = array([1920, 1080])
222.5922 	EXP 	break_image: image = 'Instructions/break.png'
222.5922 	EXP 	break_image: autoDraw = True
231.6419 	DATA 	Keypress: space
231.6426 	EXP 	New trial (rep=0, index=1): {'block_event': 'comp_2', 'order': 1, 'block_display': 'cont_inst', 'block_file': 'procedure\\1.csv', 'break_display': 'break'}
231.6834 	EXP 	break_image: autoDraw = False
231.6834 	EXP 	Block_image: size = array([1920, 1080])
231.6834 	EXP 	Block_image: image = 'Instructions/cont_inst.png'
231.6834 	EXP 	Block_image: autoDraw = True
237.2750 	DATA 	Keypress: space
237.3166 	EXP 	Block_image: autoDraw = False
237.3166 	EXP 	composite_display: size = array([1024,  768])
237.3166 	EXP 	composite_display: image = 'instructions/comp_2.png'
237.3166 	EXP 	composite_display: autoDraw = True
242.2779 	EXP 	Imported procedure\1.csv as conditions, 4 conditions, 7 params
242.2782 	EXP 	Created sequence: random, trialTypes=4, nReps=1, seed=None
242.2790 	DEBUG 	Using C:/Users/sr38553/Desktop/new task/task/6.7.02 - trial_fixation (2).py as origin file
242.2797 	EXP 	New trial (rep=0, index=0): {'valmean': 7.7699999999999996, 'valence': 'Positive', 'scenestim': '2550.bmp', 'arousal': 'High', 'outliers': 0, 'blocknum': 1, 'arousalmean': 4.6799999999999997}
242.4414 	EXP 	composite_display: autoDraw = False
242.4414 	EXP 	composite_display: autoDraw = False
242.4414 	EXP 	fixation_cross: autoDraw = True
244.5500 	EXP 	fixation_cross: autoDraw = False
244.5500 	EXP 	iaps_display: size = array([1024,  768])
244.5500 	EXP 	iaps_display: image = 'stimulus/2550.bmp'
244.5500 	EXP 	iaps_display: autoDraw = True
246.3250 	EXP 	iaps_cue: size = array([1024,  768])
246.3250 	EXP 	iaps_cue: image = 'green.png'
246.3250 	EXP 	iaps_cue: autoDraw = True
246.5749 	EXP 	iaps_cue: size = array([1024,  768])
246.5749 	EXP 	iaps_cue: image = 'blue.png'
246.5749 	EXP 	iaps_cue: autoDraw = True
247.5749 	EXP 	iaps_cue: size = array([1024,  768])
247.5749 	EXP 	iaps_cue: image = 'red.png'
247.5749 	EXP 	iaps_cue: autoDraw = True
248.0749 	EXP 	iaps_cue: size = array([1024,  768])
248.0749 	EXP 	iaps_cue: image = 'blue.png'
248.0749 	EXP 	iaps_cue: autoDraw = True
249.3248 	EXP 	iaps_cue: size = array([1024,  768])
249.3248 	EXP 	iaps_cue: image = 'red.png'
249.3248 	EXP 	iaps_cue: autoDraw = True
249.8248 	EXP 	iaps_cue: size = array([1024,  768])
249.8248 	EXP 	iaps_cue: image = 'blue.png'
249.8248 	EXP 	iaps_cue: autoDraw = True
251.3248 	EXP 	iaps_cue: size = array([1024,  768])
251.3248 	EXP 	iaps_cue: image = 'green.png'
251.3248 	EXP 	iaps_cue: autoDraw = True
251.5748 	EXP 	iaps_cue: size = array([1024,  768])
251.5748 	EXP 	iaps_cue: image = 'red.png'
251.5748 	EXP 	iaps_cue: autoDraw = True
251.8248 	EXP 	iaps_cue: size = array([1024,  768])
251.8248 	EXP 	iaps_cue: image = 'blue.png'
251.8248 	EXP 	iaps_cue: autoDraw = True
252.8247 	EXP 	iaps_cue: size = array([1024,  768])
252.8247 	EXP 	iaps_cue: image = 'red.png'
252.8247 	EXP 	iaps_cue: autoDraw = True
253.3247 	EXP 	iaps_cue: size = array([1024,  768])
253.3247 	EXP 	iaps_cue: image = 'blue.png'
253.3247 	EXP 	iaps_cue: autoDraw = True
257.0746 	EXP 	iaps_cue: size = array([1024,  768])
257.0746 	EXP 	iaps_cue: image = 'green.png'
257.0746 	EXP 	iaps_cue: autoDraw = True
257.3331 	EXP 	iaps_cue: size = array([1024,  768])
257.3331 	EXP 	iaps_cue: image = 'blue.png'
257.3331 	EXP 	iaps_cue: autoDraw = True
258.0830 	EXP 	iaps_cue: size = array([1024,  768])
258.0830 	EXP 	iaps_cue: image = 'green.png'
258.0830 	EXP 	iaps_cue: autoDraw = True
258.3330 	EXP 	iaps_cue: size = array([1024,  768])
258.3330 	EXP 	iaps_cue: image = 'red.png'
258.3330 	EXP 	iaps_cue: autoDraw = True
258.5830 	EXP 	iaps_cue: size = array([1024,  768])
258.5830 	EXP 	iaps_cue: image = 'blue.png'
258.5830 	EXP 	iaps_cue: autoDraw = True
259.8330 	EXP 	iaps_cue: size = array([1024,  768])
259.8330 	EXP 	iaps_cue: image = 'green.png'
259.8330 	EXP 	iaps_cue: autoDraw = True
260.0830 	EXP 	iaps_cue: size = array([1024,  768])
260.0830 	EXP 	iaps_cue: image = 'red.png'
260.0830 	EXP 	iaps_cue: autoDraw = True
260.3330 	EXP 	iaps_cue: size = array([1024,  768])
260.3330 	EXP 	iaps_cue: image = 'blue.png'
260.3330 	EXP 	iaps_cue: autoDraw = True
261.8329 	EXP 	iaps_cue: size = array([1024,  768])
261.8329 	EXP 	iaps_cue: image = 'red.png'
261.8329 	EXP 	iaps_cue: autoDraw = True
262.3329 	EXP 	iaps_cue: size = array([1024,  768])
262.3329 	EXP 	iaps_cue: image = 'blue.png'
262.3329 	EXP 	iaps_cue: autoDraw = True
264.3245 	EXP 	iaps_display: autoDraw = False
264.3245 	EXP 	iaps_cue: autoDraw = False
264.3245 	EXP 	blank: autoDraw = True
267.1605 	EXP 	New trial (rep=0, index=1): {'valmean': 1.9199999999999999, 'valence': 'Negative', 'scenestim': '3180.bmp', 'arousal': 'High', 'outliers': 0, 'blocknum': 1, 'arousalmean': 5.7699999999999996}
267.3240 	EXP 	iaps_display: autoDraw = False
267.3240 	EXP 	iaps_cue: autoDraw = False
267.3240 	EXP 	blank: autoDraw = False
267.3240 	EXP 	fixation_cross: autoDraw = True
269.4240 	EXP 	fixation_cross: autoDraw = False
269.4240 	EXP 	iaps_display: size = array([1024,  768])
269.4240 	EXP 	iaps_display: image = 'stimulus/3180.bmp'
269.4240 	EXP 	iaps_display: autoDraw = True
271.2075 	EXP 	iaps_cue: size = array([1024,  768])
271.2075 	EXP 	iaps_cue: image = 'blue.png'
271.2075 	EXP 	iaps_cue: autoDraw = True
289.1986 	EXP 	iaps_display: autoDraw = False
289.1986 	EXP 	iaps_cue: autoDraw = False
289.1986 	EXP 	blank: autoDraw = True
292.0455 	EXP 	New trial (rep=0, index=2): {'valmean': 7.3499999999999996, 'valence': 'Positive', 'scenestim': '2208.bmp', 'arousal': 'High', 'outliers': 0, 'blocknum': 1, 'arousalmean': 5.6799999999999997}
292.2316 	EXP 	iaps_display: autoDraw = False
292.2316 	EXP 	iaps_cue: autoDraw = False
292.2316 	EXP 	blank: autoDraw = False
292.2316 	EXP 	fixation_cross: autoDraw = True
294.3065 	EXP 	fixation_cross: autoDraw = False
294.3065 	EXP 	iaps_display: size = array([1024,  768])
294.3065 	EXP 	iaps_display: image = 'stimulus/2208.bmp'
294.3065 	EXP 	iaps_display: autoDraw = True
296.0900 	EXP 	iaps_cue: size = array([1024,  768])
296.0900 	EXP 	iaps_cue: image = 'blue.png'
296.0900 	EXP 	iaps_cue: autoDraw = True
296.3401 	EXP 	iaps_cue: size = array([1024,  768])
296.3401 	EXP 	iaps_cue: image = 'green.png'
296.3401 	EXP 	iaps_cue: autoDraw = True
297.5900 	EXP 	iaps_cue: size = array([1024,  768])
297.5900 	EXP 	iaps_cue: image = 'red.png'
297.5900 	EXP 	iaps_cue: autoDraw = True
298.3400 	EXP 	iaps_cue: size = array([1024,  768])
298.3400 	EXP 	iaps_cue: image = 'green.png'
298.3400 	EXP 	iaps_cue: autoDraw = True
307.3481 	EXP 	iaps_cue: size = array([1024,  768])
307.3481 	EXP 	iaps_cue: image = 'blue.png'
307.3481 	EXP 	iaps_cue: autoDraw = True
308.0982 	EXP 	iaps_cue: size = array([1024,  768])
308.0982 	EXP 	iaps_cue: image = 'green.png'
308.0982 	EXP 	iaps_cue: autoDraw = True
308.3481 	EXP 	iaps_cue: size = array([1024,  768])
308.3481 	EXP 	iaps_cue: image = 'blue.png'
308.3481 	EXP 	iaps_cue: autoDraw = True
309.3481 	EXP 	iaps_cue: size = array([1024,  768])
309.3481 	EXP 	iaps_cue: image = 'green.png'
309.3481 	EXP 	iaps_cue: autoDraw = True
310.0981 	EXP 	iaps_cue: size = array([1024,  768])
310.0981 	EXP 	iaps_cue: image = 'blue.png'
310.0981 	EXP 	iaps_cue: autoDraw = True
311.0980 	EXP 	iaps_cue: size = array([1024,  768])
311.0980 	EXP 	iaps_cue: image = 'green.png'
311.0980 	EXP 	iaps_cue: autoDraw = True
311.5981 	EXP 	iaps_cue: size = array([1024,  768])
311.5981 	EXP 	iaps_cue: image = 'blue.png'
311.5981 	EXP 	iaps_cue: autoDraw = True
314.0896 	EXP 	iaps_display: autoDraw = False
314.0896 	EXP 	iaps_cue: autoDraw = False
314.0896 	EXP 	blank: autoDraw = True
316.9295 	EXP 	New trial (rep=0, index=3): {'valmean': 5.0300000000000002, 'valence': 'Negative', 'scenestim': '2278.bmp', 'arousal': 'High', 'outliers': 1, 'blocknum': 1, 'arousalmean': 4.9299999999999997}
317.4641 	EXP 	iaps_display: autoDraw = False
317.4641 	EXP 	iaps_cue: autoDraw = False
317.4641 	EXP 	blank: autoDraw = False
317.4641 	EXP 	fixation_cross: autoDraw = True
319.1974 	EXP 	fixation_cross: autoDraw = False
319.1974 	EXP 	iaps_display: size = array([1024,  768])
319.1974 	EXP 	iaps_display: image = 'stimulus/2278.bmp'
319.1974 	EXP 	iaps_display: autoDraw = True
320.9726 	EXP 	iaps_cue: size = array([1024,  768])
320.9726 	EXP 	iaps_cue: image = 'blue.png'
320.9726 	EXP 	iaps_cue: autoDraw = True
321.4726 	EXP 	iaps_cue: size = array([1024,  768])
321.4726 	EXP 	iaps_cue: image = 'green.png'
321.4726 	EXP 	iaps_cue: autoDraw = True
322.2226 	EXP 	iaps_cue: size = array([1024,  768])
322.2226 	EXP 	iaps_cue: image = 'red.png'
322.2226 	EXP 	iaps_cue: autoDraw = True
322.4726 	EXP 	iaps_cue: size = array([1024,  768])
322.4726 	EXP 	iaps_cue: image = 'green.png'
322.4726 	EXP 	iaps_cue: autoDraw = True
323.2225 	EXP 	iaps_cue: size = array([1024,  768])
323.2225 	EXP 	iaps_cue: image = 'red.png'
323.2225 	EXP 	iaps_cue: autoDraw = True
323.7226 	EXP 	iaps_cue: size = array([1024,  768])
323.7226 	EXP 	iaps_cue: image = 'green.png'
323.7226 	EXP 	iaps_cue: autoDraw = True
323.9725 	EXP 	iaps_cue: size = array([1024,  768])
323.9725 	EXP 	iaps_cue: image = 'red.png'
323.9725 	EXP 	iaps_cue: autoDraw = True
324.2225 	EXP 	iaps_cue: size = array([1024,  768])
324.2225 	EXP 	iaps_cue: image = 'green.png'
324.2225 	EXP 	iaps_cue: autoDraw = True
325.7225 	EXP 	iaps_cue: size = array([1024,  768])
325.7225 	EXP 	iaps_cue: image = 'red.png'
325.7225 	EXP 	iaps_cue: autoDraw = True
326.2224 	EXP 	iaps_cue: size = array([1024,  768])
326.2224 	EXP 	iaps_cue: image = 'green.png'
326.2224 	EXP 	iaps_cue: autoDraw = True
330.7223 	EXP 	iaps_cue: size = array([1024,  768])
330.7223 	EXP 	iaps_cue: image = 'red.png'
330.7223 	EXP 	iaps_cue: autoDraw = True
330.9722 	EXP 	iaps_cue: size = array([1024,  768])
330.9722 	EXP 	iaps_cue: image = 'green.png'
330.9722 	EXP 	iaps_cue: autoDraw = True
331.7306 	EXP 	iaps_cue: size = array([1024,  768])
331.7306 	EXP 	iaps_cue: image = 'red.png'
331.7306 	EXP 	iaps_cue: autoDraw = True
332.2306 	EXP 	iaps_cue: size = array([1024,  768])
332.2306 	EXP 	iaps_cue: image = 'green.png'
332.2306 	EXP 	iaps_cue: autoDraw = True
333.2306 	EXP 	iaps_cue: size = array([1024,  768])
333.2306 	EXP 	iaps_cue: image = 'blue.png'
333.2306 	EXP 	iaps_cue: autoDraw = True
333.4805 	EXP 	iaps_cue: size = array([1024,  768])
333.4805 	EXP 	iaps_cue: image = 'green.png'
333.4805 	EXP 	iaps_cue: autoDraw = True
334.2305 	EXP 	iaps_cue: size = array([1024,  768])
334.2305 	EXP 	iaps_cue: image = 'blue.png'
334.2305 	EXP 	iaps_cue: autoDraw = True
334.7305 	EXP 	iaps_cue: size = array([1024,  768])
334.7305 	EXP 	iaps_cue: image = 'green.png'
334.7305 	EXP 	iaps_cue: autoDraw = True
334.9805 	EXP 	iaps_cue: size = array([1024,  768])
334.9805 	EXP 	iaps_cue: image = 'red.png'
334.9805 	EXP 	iaps_cue: autoDraw = True
335.2305 	EXP 	iaps_cue: size = array([1024,  768])
335.2305 	EXP 	iaps_cue: image = 'green.png'
335.2305 	EXP 	iaps_cue: autoDraw = True
335.7305 	EXP 	iaps_cue: size = array([1024,  768])
335.7305 	EXP 	iaps_cue: image = 'blue.png'
335.7305 	EXP 	iaps_cue: autoDraw = True
336.4805 	EXP 	iaps_cue: size = array([1024,  768])
336.4805 	EXP 	iaps_cue: image = 'green.png'
336.4805 	EXP 	iaps_cue: autoDraw = True
337.4804 	EXP 	iaps_cue: size = array([1024,  768])
337.4804 	EXP 	iaps_cue: image = 'blue.png'
337.4804 	EXP 	iaps_cue: autoDraw = True
338.2304 	EXP 	iaps_cue: size = array([1024,  768])
338.2304 	EXP 	iaps_cue: image = 'green.png'
338.2304 	EXP 	iaps_cue: autoDraw = True
338.9721 	EXP 	iaps_display: autoDraw = False
338.9721 	EXP 	iaps_cue: autoDraw = False
338.9721 	EXP 	blank: autoDraw = True
341.8155 	EXP 	Created sequence: random, trialTypes=1, nReps=1, seed=None
341.8164 	DEBUG 	Using C:/Users/sr38553/Desktop/new task/task/6.7.02 - trial_fixation (2).py as origin file
341.8168 	EXP 	New trial (rep=0, index=0): None
341.8550 	EXP 	iaps_display: autoDraw = False
341.8550 	EXP 	iaps_cue: autoDraw = False
341.8550 	EXP 	blank: autoDraw = False
341.8550 	EXP 	break_image: size = array([1920, 1080])
341.8550 	EXP 	break_image: image = 'Instructions/break.png'
341.8550 	EXP 	break_image: autoDraw = True
350.7465 	DATA 	Keypress: space
350.7472 	EXP 	New trial (rep=0, index=2): {'block_event': 'comp_3', 'order': 2, 'block_display': 'cont_inst', 'block_file': 'procedure\\2.csv', 'break_display': 'blank'}
350.7881 	EXP 	break_image: autoDraw = False
350.7881 	EXP 	Block_image: size = array([1920, 1080])
350.7881 	EXP 	Block_image: image = 'Instructions/cont_inst.png'
350.7881 	EXP 	Block_image: autoDraw = True
357.1630 	DATA 	Keypress: space
357.2045 	EXP 	Block_image: autoDraw = False
357.2045 	EXP 	composite_display: size = array([1024,  768])
357.2045 	EXP 	composite_display: image = 'instructions/comp_3.png'
357.2045 	EXP 	composite_display: autoDraw = True
362.1656 	EXP 	Imported procedure\2.csv as conditions, 4 conditions, 7 params
362.1659 	EXP 	Created sequence: random, trialTypes=4, nReps=1, seed=None
362.1667 	DEBUG 	Using C:/Users/sr38553/Desktop/new task/task/6.7.02 - trial_fixation (2).py as origin file
362.1674 	EXP 	New trial (rep=0, index=0): {'valmean': 3.3599999999999999, 'valence': 'Negative', 'scenestim': '2278.bmp', 'arousal': 'High', 'outliers': 0, 'blocknum': 2, 'arousalmean': 4.5499999999999998}
362.3544 	EXP 	composite_display: autoDraw = False
362.3544 	EXP 	composite_display: autoDraw = False
362.3544 	EXP 	fixation_cross: autoDraw = True
364.4380 	EXP 	fixation_cross: autoDraw = False
364.4380 	EXP 	iaps_display: size = array([1024,  768])
364.4380 	EXP 	iaps_display: image = 'stimulus/2278.bmp'
364.4380 	EXP 	iaps_display: autoDraw = True
366.2130 	EXP 	iaps_cue: size = array([1024,  768])
366.2130 	EXP 	iaps_cue: image = 'blue.png'
366.2130 	EXP 	iaps_cue: autoDraw = True
367.2130 	EXP 	iaps_cue: size = array([1024,  768])
367.2130 	EXP 	iaps_cue: image = 'green.png'
367.2130 	EXP 	iaps_cue: autoDraw = True
367.7129 	EXP 	iaps_cue: size = array([1024,  768])
367.7129 	EXP 	iaps_cue: image = 'blue.png'
367.7129 	EXP 	iaps_cue: autoDraw = True
368.7129 	EXP 	iaps_cue: size = array([1024,  768])
368.7129 	EXP 	iaps_cue: image = 'green.png'
368.7129 	EXP 	iaps_cue: autoDraw = True
369.2129 	EXP 	iaps_cue: size = array([1024,  768])
369.2129 	EXP 	iaps_cue: image = 'blue.png'
369.2129 	EXP 	iaps_cue: autoDraw = True
369.9629 	EXP 	iaps_cue: size = array([1024,  768])
369.9629 	EXP 	iaps_cue: image = 'green.png'
369.9629 	EXP 	iaps_cue: autoDraw = True
370.7129 	EXP 	iaps_cue: size = array([1024,  768])
370.7129 	EXP 	iaps_cue: image = 'blue.png'
370.7129 	EXP 	iaps_cue: autoDraw = True
377.2210 	EXP 	iaps_cue: size = array([1024,  768])
377.2210 	EXP 	iaps_cue: image = 'green.png'
377.2210 	EXP 	iaps_cue: autoDraw = True
377.4710 	EXP 	iaps_cue: size = array([1024,  768])
377.4710 	EXP 	iaps_cue: image = 'blue.png'
377.4710 	EXP 	iaps_cue: autoDraw = True
378.2210 	EXP 	iaps_cue: size = array([1024,  768])
378.2210 	EXP 	iaps_cue: image = 'green.png'
378.2210 	EXP 	iaps_cue: autoDraw = True
378.9709 	EXP 	iaps_cue: size = array([1024,  768])
378.9709 	EXP 	iaps_cue: image = 'blue.png'
378.9709 	EXP 	iaps_cue: autoDraw = True
379.7209 	EXP 	iaps_cue: size = array([1024,  768])
379.7209 	EXP 	iaps_cue: image = 'green.png'
379.7209 	EXP 	iaps_cue: autoDraw = True
380.2209 	EXP 	iaps_cue: size = array([1024,  768])
380.2209 	EXP 	iaps_cue: image = 'blue.png'
380.2209 	EXP 	iaps_cue: autoDraw = True
384.2125 	EXP 	iaps_display: autoDraw = False
384.2125 	EXP 	iaps_cue: autoDraw = False
384.2125 	EXP 	blank: autoDraw = True
387.0515 	EXP 	New trial (rep=0, index=1): {'valmean': 2.2000000000000002, 'valence': 'Negative', 'scenestim': '2375.1.bmp', 'arousal': 'High', 'outliers': 0, 'blocknum': 2, 'arousalmean': 4.8799999999999999}
387.2120 	EXP 	iaps_display: autoDraw = False
387.2120 	EXP 	iaps_cue: autoDraw = False
387.2120 	EXP 	blank: autoDraw = False
387.2120 	EXP 	fixation_cross: autoDraw = True
389.3203 	EXP 	fixation_cross: autoDraw = False
389.3203 	EXP 	iaps_display: size = array([502, 763])
389.3203 	EXP 	iaps_display: image = 'stimulus/2375.1.bmp'
389.3203 	EXP 	iaps_display: autoDraw = True
391.1122 	EXP 	iaps_cue: size = array([502, 763])
391.1122 	EXP 	iaps_cue: image = 'red.png'
391.1122 	EXP 	iaps_cue: autoDraw = True
409.0950 	EXP 	iaps_display: autoDraw = False
409.0950 	EXP 	iaps_cue: autoDraw = False
409.0950 	EXP 	blank: autoDraw = True
411.9145 	EXP 	New trial (rep=0, index=2): {'valmean': 1.79, 'valence': 'Negative', 'scenestim': '2095.bmp', 'arousal': 'High', 'outliers': 0, 'blocknum': 2, 'arousalmean': 5.25}
412.1028 	EXP 	iaps_display: autoDraw = False
412.1028 	EXP 	iaps_cue: autoDraw = False
412.1028 	EXP 	blank: autoDraw = False
412.1028 	EXP 	fixation_cross: autoDraw = True
414.1778 	EXP 	fixation_cross: autoDraw = False
414.1778 	EXP 	iaps_display: size = array([560, 766])
414.1778 	EXP 	iaps_display: image = 'stimulus/2095.bmp'
414.1778 	EXP 	iaps_display: autoDraw = True
415.9698 	EXP 	iaps_cue: size = array([560, 766])
415.9698 	EXP 	iaps_cue: image = 'green.png'
415.9698 	EXP 	iaps_cue: autoDraw = True
416.9530 	EXP 	iaps_cue: size = array([560, 766])
416.9530 	EXP 	iaps_cue: image = 'red.png'
416.9530 	EXP 	iaps_cue: autoDraw = True
418.7029 	EXP 	iaps_cue: size = array([560, 766])
418.7029 	EXP 	iaps_cue: image = 'green.png'
418.7029 	EXP 	iaps_cue: autoDraw = True
420.4529 	EXP 	iaps_cue: size = array([560, 766])
420.4529 	EXP 	iaps_cue: image = 'red.png'
420.4529 	EXP 	iaps_cue: autoDraw = True
421.9529 	EXP 	iaps_cue: size = array([560, 766])
421.9529 	EXP 	iaps_cue: image = 'green.png'
421.9529 	EXP 	iaps_cue: autoDraw = True
429.4526 	EXP 	iaps_cue: size = array([560, 766])
429.4526 	EXP 	iaps_cue: image = 'blue.png'
429.4526 	EXP 	iaps_cue: autoDraw = True
429.9526 	EXP 	iaps_cue: size = array([560, 766])
429.9526 	EXP 	iaps_cue: image = 'green.png'
429.9526 	EXP 	iaps_cue: autoDraw = True
431.9609 	EXP 	iaps_cue: size = array([560, 766])
431.9609 	EXP 	iaps_cue: image = 'blue.png'
431.9609 	EXP 	iaps_cue: autoDraw = True
432.2025 	EXP 	iaps_cue: size = array([560, 766])
432.2025 	EXP 	iaps_cue: image = 'green.png'
432.2025 	EXP 	iaps_cue: autoDraw = True
433.2108 	EXP 	iaps_cue: size = array([560, 766])
433.2108 	EXP 	iaps_cue: image = 'blue.png'
433.2108 	EXP 	iaps_cue: autoDraw = True
433.9524 	EXP 	iaps_display: autoDraw = False
433.9524 	EXP 	iaps_cue: autoDraw = False
433.9524 	EXP 	blank: autoDraw = True
436.8015 	EXP 	New trial (rep=0, index=3): {'valmean': 3.04, 'valence': 'Negative', 'scenestim': '2691.bmp', 'arousal': 'High', 'outliers': 1, 'blocknum': 2, 'arousalmean': 5.8499999999999996}
436.9771 	EXP 	iaps_display: autoDraw = False
436.9771 	EXP 	iaps_cue: autoDraw = False
436.9771 	EXP 	blank: autoDraw = False
436.9771 	EXP 	fixation_cross: autoDraw = True
439.0689 	EXP 	fixation_cross: autoDraw = False
439.0689 	EXP 	iaps_display: size = array([1024,  768])
439.0689 	EXP 	iaps_display: image = 'stimulus/2691.bmp'
439.0689 	EXP 	iaps_display: autoDraw = True
440.8856 	EXP 	iaps_cue: size = array([1024,  768])
440.8856 	EXP 	iaps_cue: image = 'blue.png'
440.8856 	EXP 	iaps_cue: autoDraw = True
441.5938 	EXP 	iaps_cue: size = array([1024,  768])
441.5938 	EXP 	iaps_cue: image = 'green.png'
441.5938 	EXP 	iaps_cue: autoDraw = True
444.3438 	EXP 	iaps_cue: size = array([1024,  768])
444.3438 	EXP 	iaps_cue: image = 'blue.png'
444.3438 	EXP 	iaps_cue: autoDraw = True
444.5937 	EXP 	iaps_cue: size = array([1024,  768])
444.5937 	EXP 	iaps_cue: image = 'green.png'
444.5937 	EXP 	iaps_cue: autoDraw = True
446.8437 	EXP 	iaps_cue: size = array([1024,  768])
446.8437 	EXP 	iaps_cue: image = 'blue.png'
446.8437 	EXP 	iaps_cue: autoDraw = True
447.0936 	EXP 	iaps_cue: size = array([1024,  768])
447.0936 	EXP 	iaps_cue: image = 'green.png'
447.0936 	EXP 	iaps_cue: autoDraw = True
448.8436 	EXP 	iaps_cue: size = array([1024,  768])
448.8436 	EXP 	iaps_cue: image = 'blue.png'
448.8436 	EXP 	iaps_cue: autoDraw = True
449.5936 	EXP 	iaps_cue: size = array([1024,  768])
449.5936 	EXP 	iaps_cue: image = 'green.png'
449.5936 	EXP 	iaps_cue: autoDraw = True
450.6019 	EXP 	iaps_cue: size = array([1024,  768])
450.6019 	EXP 	iaps_cue: image = 'blue.png'
450.6019 	EXP 	iaps_cue: autoDraw = True
452.8520 	EXP 	iaps_cue: size = array([1024,  768])
452.8520 	EXP 	iaps_cue: image = 'green.png'
452.8520 	EXP 	iaps_cue: autoDraw = True
453.3519 	EXP 	iaps_cue: size = array([1024,  768])
453.3519 	EXP 	iaps_cue: image = 'blue.png'
453.3519 	EXP 	iaps_cue: autoDraw = True
453.6020 	EXP 	iaps_cue: size = array([1024,  768])
453.6020 	EXP 	iaps_cue: image = 'green.png'
453.6020 	EXP 	iaps_cue: autoDraw = True
454.1019 	EXP 	iaps_cue: size = array([1024,  768])
454.1019 	EXP 	iaps_cue: image = 'red.png'
454.1019 	EXP 	iaps_cue: autoDraw = True
454.3519 	EXP 	iaps_cue: size = array([1024,  768])
454.3519 	EXP 	iaps_cue: image = 'green.png'
454.3519 	EXP 	iaps_cue: autoDraw = True
455.1019 	EXP 	iaps_cue: size = array([1024,  768])
455.1019 	EXP 	iaps_cue: image = 'blue.png'
455.1019 	EXP 	iaps_cue: autoDraw = True
458.1018 	EXP 	iaps_cue: size = array([1024,  768])
458.1018 	EXP 	iaps_cue: image = 'green.png'
458.1018 	EXP 	iaps_cue: autoDraw = True
458.8434 	EXP 	iaps_display: autoDraw = False
458.8434 	EXP 	iaps_cue: autoDraw = False
458.8434 	EXP 	blank: autoDraw = True
461.6835 	EXP 	Created sequence: random, trialTypes=1, nReps=1, seed=None
461.6843 	DEBUG 	Using C:/Users/sr38553/Desktop/new task/task/6.7.02 - trial_fixation (2).py as origin file
461.6848 	EXP 	New trial (rep=0, index=0): None
461.7263 	EXP 	iaps_display: autoDraw = False
461.7263 	EXP 	iaps_cue: autoDraw = False
461.7263 	EXP 	blank: autoDraw = False
461.7263 	EXP 	break_image: size = array([1920, 1080])
461.7263 	EXP 	break_image: image = 'Instructions/blank.png'
461.7263 	EXP 	break_image: autoDraw = True
461.7263 	EXP 	break_image: autoDraw = False
461.7263 	EXP 	End_Screen: autoDraw = True
467.1369 	INFO 	saved data to C:\Users\sr38553\Desktop\new task\task\_data/csv/202_CGP.psydat
