[31;01mWARNING: while setting up extension autodocsumm: directive 'autoclass' is already registered, it will be overridden[39;49;00m
[31;01mWARNING: while setting up extension autodocsumm: directive 'automodule' is already registered, it will be overridden[39;49;00m
[31;01mWARNING: while setting up extension autodocsumm: directive 'autoattribute' is already registered, it will be overridden[39;49;00m
[31;01mWARNING: while setting up extension autodocsumm: directive 'autodata' is already registered, it will be overridden[39;49;00m
[31;01mWARNING: while setting up extension autodocsumm: directive 'autoattribute' is already registered, it will be overridden[39;49;00m
[31;01mWARNING: while setting up extension autodocsumm: directive 'automodule' is already registered, it will be overridden[39;49;00m
[31;01mWARNING: while setting up extension autodocsumm: directive 'autoclass' is already registered, it will be overridden[39;49;00m
[31;01m/Users/mdl-admin/Desktop/mdl/docs/source/api/imhr.rst:19: WARNING: toctree contains reference to excluded document 'api/imhr._version'[39;49;00m
[31;01m/Users/mdl-admin/Desktop/mdl/imhr/download.py:docstring of imhr.download.Download:7: WARNING: toctree references unknown document 'api/imhr.download.Download.REDCap'[39;49;00m
[31;01m/Users/mdl-admin/Desktop/mdl/imhr/download.py:docstring of imhr.download.Download:7: WARNING: toctree references unknown document 'api/imhr.download.Download.SFTP'[39;49;00m
[31;01m/Users/mdl-admin/Desktop/mdl/imhr/download.py:docstring of imhr.download.Download:7: WARNING: toctree references unknown document 'api/imhr.download.Download.box'[39;49;00m
[31m/Users/mdl-admin/Desktop/mdl/imhr/download.py:docstring of imhr.download.Download.REDCap:11: WARNING: Unexpected indentation.[39;49;00m
[31m/Users/mdl-admin/Desktop/mdl/imhr/download.py:docstring of imhr.download.Download.REDCap:16: WARNING: Unexpected indentation.[39;49;00m
[31m/Users/mdl-admin/Desktop/mdl/imhr/download.py:docstring of imhr.download.Download.REDCap:21: WARNING: Unexpected indentation.[39;49;00m
[31;01m/Users/mdl-admin/Desktop/mdl/docs/source/api/imhr.eyetracking.rst:19: WARNING: toctree contains reference to excluded document 'api/imhr.eyetracking.pylink'[39;49;00m
[31;01m/Users/mdl-admin/Desktop/mdl/docs/source/api/imhr.eyetracking.rst:19: WARNING: toctree contains reference to nonexisting document 'api/imhr.eyetracking.Calibration'[39;49;00m
[31;01m/Users/mdl-admin/Desktop/mdl/docs/source/api/imhr.eyetracking.rst:19: WARNING: toctree contains reference to nonexisting document 'api/imhr.eyetracking.Eyelink'[39;49;00m
[31;01m/Users/mdl-admin/Desktop/mdl/docs/source/api/imhr.eyetracking.rst:19: WARNING: toctree contains reference to nonexisting document 'api/imhr.eyetracking.ROI'[39;49;00m
[31;01m/Users/mdl-admin/Desktop/mdl/imhr/eyetracking/__init__.py:docstring of imhr.eyetracking.ROI.run:34: WARNING: Duplicate explicit target name: "pylink.chm".[39;49;00m
[31;01m/Users/mdl-admin/Desktop/mdl/imhr/eyetracking/__init__.py:docstring of imhr.eyetracking.ROI.run:34: WARNING: Duplicate explicit target name: "pylink.chm".[39;49;00m
[31;01m/Users/mdl-admin/Desktop/mdl/imhr/eyetracking/__init__.py:docstring of imhr.eyetracking.ROI.run:34: WARNING: Duplicate explicit target name: "pylink.chm".[39;49;00m
[31;01m/Users/mdl-admin/Desktop/mdl/imhr/eyetracking/__init__.py:docstring of imhr.eyetracking.ROI.run:34: WARNING: Duplicate explicit target name: "pylink.chm".[39;49;00m
[31m/Users/mdl-admin/Desktop/mdl/imhr/eyetracking/__init__.py:docstring of imhr.eyetracking.ROI:29: WARNING: Unexpected indentation.[39;49;00m
[31;01m/Users/mdl-admin/Desktop/mdl/imhr/eyetracking/__init__.py:docstring of imhr.eyetracking.ROI:33: WARNING: Block quote ends without a blank line; unexpected unindent.[39;49;00m
[31m/Users/mdl-admin/Desktop/mdl/imhr/eyetracking/__init__.py:docstring of imhr.eyetracking.ROI:38: WARNING: Unexpected indentation.[39;49;00m
[31;01m/Users/mdl-admin/Desktop/mdl/imhr/eyetracking/__init__.py:docstring of imhr.eyetracking.ROI:39: WARNING: Block quote ends without a blank line; unexpected unindent.[39;49;00m
[31;01m/Users/mdl-admin/Desktop/mdl/imhr/eyetracking/__init__.py:docstring of imhr.eyetracking.ROI.run:34: WARNING: Duplicate explicit target name: "opencv".[39;49;00m
[31;01m/Users/mdl-admin/Desktop/mdl/imhr/eyetracking/_calibration.py:docstring of imhr.eyetracking._calibration.Calibration:7: WARNING: toctree references unknown document 'api/imhr.eyetracking._calibration.Calibration.alert_printf'[39;49;00m
[31;01m/Users/mdl-admin/Desktop/mdl/imhr/eyetracking/_calibration.py:docstring of imhr.eyetracking._calibration.Calibration:7: WARNING: toctree references unknown document 'api/imhr.eyetracking._calibration.Calibration.clear_cal_display'[39;49;00m
[31;01m/Users/mdl-admin/Desktop/mdl/imhr/eyetracking/_calibration.py:docstring of imhr.eyetracking._calibration.Calibration:7: WARNING: toctree references unknown document 'api/imhr.eyetracking._calibration.Calibration.draw_cal_target'[39;49;00m
[31;01m/Users/mdl-admin/Desktop/mdl/imhr/eyetracking/_calibration.py:docstring of imhr.eyetracking._calibration.Calibration:7: WARNING: toctree references unknown document 'api/imhr.eyetracking._calibration.Calibration.draw_image_line'[39;49;00m
[31;01m/Users/mdl-admin/Desktop/mdl/imhr/eyetracking/_calibration.py:docstring of imhr.eyetracking._calibration.Calibration:7: WARNING: toctree references unknown document 'api/imhr.eyetracking._calibration.Calibration.draw_line'[39;49;00m
[31;01m/Users/mdl-admin/Desktop/mdl/imhr/eyetracking/_calibration.py:docstring of imhr.eyetracking._calibration.Calibration:7: WARNING: toctree references unknown document 'api/imhr.eyetracking._calibration.Calibration.draw_lozenge'[39;49;00m
[31;01m/Users/mdl-admin/Desktop/mdl/imhr/eyetracking/_calibration.py:docstring of imhr.eyetracking._calibration.Calibration:7: WARNING: toctree references unknown document 'api/imhr.eyetracking._calibration.Calibration.erase_cal_target'[39;49;00m
[31;01m/Users/mdl-admin/Desktop/mdl/imhr/eyetracking/_calibration.py:docstring of imhr.eyetracking._calibration.Calibration:7: WARNING: toctree references unknown document 'api/imhr.eyetracking._calibration.Calibration.exit_cal_display'[39;49;00m
[31;01m/Users/mdl-admin/Desktop/mdl/imhr/eyetracking/_calibration.py:docstring of imhr.eyetracking._calibration.Calibration:7: WARNING: toctree references unknown document 'api/imhr.eyetracking._calibration.Calibration.exit_image_display'[39;49;00m
[31;01m/Users/mdl-admin/Desktop/mdl/imhr/eyetracking/_calibration.py:docstring of imhr.eyetracking._calibration.Calibration:7: WARNING: toctree references unknown document 'api/imhr.eyetracking._calibration.Calibration.getColorFromIndex'[39;49;00m
[31;01m/Users/mdl-admin/Desktop/mdl/imhr/eyetracking/_calibration.py:docstring of imhr.eyetracking._calibration.Calibration:7: WARNING: toctree references unknown document 'api/imhr.eyetracking._calibration.Calibration.get_input_key'[39;49;00m
[31;01m/Users/mdl-admin/Desktop/mdl/imhr/eyetracking/_calibration.py:docstring of imhr.eyetracking._calibration.Calibration:7: WARNING: toctree references unknown document 'api/imhr.eyetracking._calibration.Calibration.get_mouse_state'[39;49;00m
[31;01m/Users/mdl-admin/Desktop/mdl/imhr/eyetracking/_calibration.py:docstring of imhr.eyetracking._calibration.Calibration:7: WARNING: toctree references unknown document 'api/imhr.eyetracking._calibration.Calibration.play_beep'[39;49;00m
[31;01m/Users/mdl-admin/Desktop/mdl/imhr/eyetracking/_calibration.py:docstring of imhr.eyetracking._calibration.Calibration:7: WARNING: toctree references unknown document 'api/imhr.eyetracking._calibration.Calibration.record_abort_hide'[39;49;00m
[31;01m/Users/mdl-admin/Desktop/mdl/imhr/eyetracking/_calibration.py:docstring of imhr.eyetracking._calibration.Calibration:7: WARNING: toctree references unknown document 'api/imhr.eyetracking._calibration.Calibration.set_image_palette'[39;49;00m
[31;01m/Users/mdl-admin/Desktop/mdl/imhr/eyetracking/_calibration.py:docstring of imhr.eyetracking._calibration.Calibration:7: WARNING: toctree references unknown document 'api/imhr.eyetracking._calibration.Calibration.setup_cal_display'[39;49;00m
[31;01m/Users/mdl-admin/Desktop/mdl/imhr/eyetracking/_calibration.py:docstring of imhr.eyetracking._calibration.Calibration:7: WARNING: toctree references unknown document 'api/imhr.eyetracking._calibration.Calibration.setup_image_display'[39;49;00m
[31;01m/Users/mdl-admin/Desktop/mdl/imhr/eyetracking/_eyelink.py:docstring of imhr.eyetracking._eyelink.Eyelink:7: WARNING: toctree references unknown document 'api/imhr.eyetracking._eyelink.Eyelink.calibration'[39;49;00m
[31;01m/Users/mdl-admin/Desktop/mdl/imhr/eyetracking/_eyelink.py:docstring of imhr.eyetracking._eyelink.Eyelink:7: WARNING: toctree references unknown document 'api/imhr.eyetracking._eyelink.Eyelink.connect'[39;49;00m
[31;01m/Users/mdl-admin/Desktop/mdl/imhr/eyetracking/_eyelink.py:docstring of imhr.eyetracking._eyelink.Eyelink:7: WARNING: toctree references unknown document 'api/imhr.eyetracking._eyelink.Eyelink.drift_correction'[39;49;00m
[31;01m/Users/mdl-admin/Desktop/mdl/imhr/eyetracking/_eyelink.py:docstring of imhr.eyetracking._eyelink.Eyelink:7: WARNING: toctree references unknown document 'api/imhr.eyetracking._eyelink.Eyelink.finish_recording'[39;49;00m
[31;01m/Users/mdl-admin/Desktop/mdl/imhr/eyetracking/_eyelink.py:docstring of imhr.eyetracking._eyelink.Eyelink:7: WARNING: toctree references unknown document 'api/imhr.eyetracking._eyelink.Eyelink.gc'[39;49;00m
[31;01m/Users/mdl-admin/Desktop/mdl/imhr/eyetracking/_eyelink.py:docstring of imhr.eyetracking._eyelink.Eyelink:7: WARNING: toctree references unknown document 'api/imhr.eyetracking._eyelink.Eyelink.sample'[39;49;00m
[31;01m/Users/mdl-admin/Desktop/mdl/imhr/eyetracking/_eyelink.py:docstring of imhr.eyetracking._eyelink.Eyelink:7: WARNING: toctree references unknown document 'api/imhr.eyetracking._eyelink.Eyelink.send_message'[39;49;00m
[31;01m/Users/mdl-admin/Desktop/mdl/imhr/eyetracking/_eyelink.py:docstring of imhr.eyetracking._eyelink.Eyelink:7: WARNING: toctree references unknown document 'api/imhr.eyetracking._eyelink.Eyelink.send_variable'[39;49;00m
[31;01m/Users/mdl-admin/Desktop/mdl/imhr/eyetracking/_eyelink.py:docstring of imhr.eyetracking._eyelink.Eyelink:7: WARNING: toctree references unknown document 'api/imhr.eyetracking._eyelink.Eyelink.set_eye_used'[39;49;00m
[31;01m/Users/mdl-admin/Desktop/mdl/imhr/eyetracking/_eyelink.py:docstring of imhr.eyetracking._eyelink.Eyelink:7: WARNING: toctree references unknown document 'api/imhr.eyetracking._eyelink.Eyelink.start_recording'[39;49;00m
[31;01m/Users/mdl-admin/Desktop/mdl/imhr/eyetracking/_eyelink.py:docstring of imhr.eyetracking._eyelink.Eyelink:7: WARNING: toctree references unknown document 'api/imhr.eyetracking._eyelink.Eyelink.stop_recording'[39;49;00m
[31;01m/Users/mdl-admin/Desktop/mdl/imhr/eyetracking/_eyelink.py:docstring of imhr.eyetracking._eyelink.Eyelink.finish_recording:57: WARNING: Duplicate explicit target name: "pylink.chm".[39;49;00m
[31;01m/Users/mdl-admin/Desktop/mdl/imhr/eyetracking/_eyelink.py:docstring of imhr.eyetracking._eyelink.Eyelink.finish_recording:57: WARNING: Duplicate explicit target name: "pylink.chm".[39;49;00m
[31;01m/Users/mdl-admin/Desktop/mdl/imhr/eyetracking/_eyelink.py:docstring of imhr.eyetracking._eyelink.Eyelink.finish_recording:57: WARNING: Duplicate explicit target name: "pylink.chm".[39;49;00m
[31;01m/Users/mdl-admin/Desktop/mdl/imhr/eyetracking/_eyelink.py:docstring of imhr.eyetracking._eyelink.Eyelink.finish_recording:57: WARNING: Duplicate explicit target name: "pylink.chm".[39;49;00m
[31;01m/Users/mdl-admin/Desktop/mdl/imhr/eyetracking/_eyelink.py:docstring of imhr.eyetracking._eyelink.Eyelink.finish_recording:57: WARNING: Duplicate explicit target name: "pylink.chm".[39;49;00m
[31;01m/Users/mdl-admin/Desktop/mdl/imhr/eyetracking/_eyelink.py:docstring of imhr.eyetracking._eyelink.Eyelink.finish_recording:57: WARNING: Duplicate explicit target name: "pylink.chm".[39;49;00m
[31;01m/Users/mdl-admin/Desktop/mdl/imhr/eyetracking/_eyelink.py:docstring of imhr.eyetracking._eyelink.Eyelink.finish_recording:57: WARNING: Duplicate explicit target name: "pylink.chm".[39;49;00m
[31;01m/Users/mdl-admin/Desktop/mdl/imhr/eyetracking/_eyelink.py:docstring of imhr.eyetracking._eyelink.Eyelink.finish_recording:57: WARNING: Duplicate explicit target name: "pylink.chm".[39;49;00m
[31;01m/Users/mdl-admin/Desktop/mdl/imhr/eyetracking/_eyelink.py:docstring of imhr.eyetracking._eyelink.Eyelink.finish_recording:57: WARNING: Duplicate explicit target name: "pylink.chm".[39;49;00m
[31;01m/Users/mdl-admin/Desktop/mdl/imhr/eyetracking/_roi.py:docstring of imhr.eyetracking._roi.ROI:7: WARNING: toctree references unknown document 'api/imhr.eyetracking._roi.ROI.create_contours'[39;49;00m
[31;01m/Users/mdl-admin/Desktop/mdl/imhr/eyetracking/_roi.py:docstring of imhr.eyetracking._roi.ROI:7: WARNING: toctree references unknown document 'api/imhr.eyetracking._roi.ROI.create_rois'[39;49;00m
[31;01m/Users/mdl-admin/Desktop/mdl/imhr/eyetracking/_roi.py:docstring of imhr.eyetracking._roi.ROI:7: WARNING: toctree references unknown document 'api/imhr.eyetracking._roi.ROI.draw_image'[39;49;00m
[31;01m/Users/mdl-admin/Desktop/mdl/imhr/eyetracking/_roi.py:docstring of imhr.eyetracking._roi.ROI:7: WARNING: toctree references unknown document 'api/imhr.eyetracking._roi.ROI.export_data'[39;49;00m
[31;01m/Users/mdl-admin/Desktop/mdl/imhr/eyetracking/_roi.py:docstring of imhr.eyetracking._roi.ROI:7: WARNING: toctree references unknown document 'api/imhr.eyetracking._roi.ROI.finished'[39;49;00m
[31;01m/Users/mdl-admin/Desktop/mdl/imhr/eyetracking/_roi.py:docstring of imhr.eyetracking._roi.ROI:7: WARNING: toctree references unknown document 'api/imhr.eyetracking._roi.ROI.process'[39;49;00m
[31;01m/Users/mdl-admin/Desktop/mdl/imhr/eyetracking/_roi.py:docstring of imhr.eyetracking._roi.ROI:7: WARNING: toctree references unknown document 'api/imhr.eyetracking._roi.ROI.process_image'[39;49;00m
[31;01m/Users/mdl-admin/Desktop/mdl/imhr/eyetracking/_roi.py:docstring of imhr.eyetracking._roi.ROI:7: WARNING: toctree references unknown document 'api/imhr.eyetracking._roi.ROI.process_metadata'[39;49;00m
[31;01m/Users/mdl-admin/Desktop/mdl/imhr/eyetracking/_roi.py:docstring of imhr.eyetracking._roi.ROI:7: WARNING: toctree references unknown document 'api/imhr.eyetracking._roi.ROI.run'[39;49;00m
[31;01mWARNING: missing attribute mentioned in :members: or __all__: module imhr.r33, attribute nslr_hmm[39;49;00m
[31;01m/Users/mdl-admin/Desktop/mdl/docs/source/api/imhr.r33.rst:19: WARNING: toctree contains reference to nonexisting document 'api/imhr.r33.Classify'[39;49;00m
[31;01m/Users/mdl-admin/Desktop/mdl/docs/source/api/imhr.r33.rst:19: WARNING: toctree contains reference to nonexisting document 'api/imhr.r33.Metadata'[39;49;00m
[31;01m/Users/mdl-admin/Desktop/mdl/docs/source/api/imhr.r33.rst:19: WARNING: toctree contains reference to nonexisting document 'api/imhr.r33.Model'[39;49;00m
[31;01m/Users/mdl-admin/Desktop/mdl/docs/source/api/imhr.r33.rst:19: WARNING: toctree contains reference to nonexisting document 'api/imhr.r33.Processing'[39;49;00m
[31;01m/Users/mdl-admin/Desktop/mdl/docs/source/api/imhr.r33.rst:19: WARNING: toctree contains reference to nonexisting document 'api/imhr.r33.Settings'[39;49;00m
[31;01mWARNING: missing attribute mentioned in :members: or __all__: module imhr.r33, attribute nslr_hmm[39;49;00m
[31m/Users/mdl-admin/Desktop/mdl/imhr/r33/__init__.py:docstring of imhr.r33.Model.anova:57: WARNING: Unknown target name: "slides".[39;49;00m
[31;01m/Users/mdl-admin/Desktop/mdl/imhr/r33/_classify.py:docstring of imhr.r33._classify.Classify:7: WARNING: toctree references unknown document 'api/imhr.r33._classify.Classify.Acceleration'[39;49;00m
[31;01m/Users/mdl-admin/Desktop/mdl/imhr/r33/_classify.py:docstring of imhr.r33._classify.Classify:7: WARNING: toctree references unknown document 'api/imhr.r33._classify.Classify.Velocity'[39;49;00m
[31;01m/Users/mdl-admin/Desktop/mdl/imhr/r33/_classify.py:docstring of imhr.r33._classify.Classify:7: WARNING: toctree references unknown document 'api/imhr.r33._classify.Classify.VisualAngle'[39;49;00m
[31;01m/Users/mdl-admin/Desktop/mdl/imhr/r33/_classify.py:docstring of imhr.r33._classify.Classify:7: WARNING: toctree references unknown document 'api/imhr.r33._classify.Classify.hmm'[39;49;00m
[31;01m/Users/mdl-admin/Desktop/mdl/imhr/r33/_classify.py:docstring of imhr.r33._classify.Classify:7: WARNING: toctree references unknown document 'api/imhr.r33._classify.Classify.idt'[39;49;00m
[31;01m/Users/mdl-admin/Desktop/mdl/imhr/r33/_classify.py:docstring of imhr.r33._classify.Classify:7: WARNING: toctree references unknown document 'api/imhr.r33._classify.Classify.ivt'[39;49;00m
[31;01m/Users/mdl-admin/Desktop/mdl/imhr/r33/_classify.py:docstring of imhr.r33._classify.Classify:7: WARNING: toctree references unknown document 'api/imhr.r33._classify.Classify.savitzky_golay'[39;49;00m
[31;01m/Users/mdl-admin/Desktop/mdl/imhr/r33/_classify.py:docstring of imhr.r33._classify.Classify:7: WARNING: toctree references unknown document 'api/imhr.r33._classify.Classify.simple'[39;49;00m
[31;01m/Users/mdl-admin/Desktop/mdl/imhr/r33/_metadata.py:docstring of imhr.r33._metadata.Metadata:7: WARNING: toctree references unknown document 'api/imhr.r33._metadata.Metadata.predict'[39;49;00m
[31;01m/Users/mdl-admin/Desktop/mdl/imhr/r33/_metadata.py:docstring of imhr.r33._metadata.Metadata:7: WARNING: toctree references unknown document 'api/imhr.r33._metadata.Metadata.summary'[39;49;00m
[31;01m/Users/mdl-admin/Desktop/mdl/imhr/r33/_model.py:docstring of imhr.r33._model.Model:7: WARNING: toctree references unknown document 'api/imhr.r33._model.Model.anova'[39;49;00m
[31;01m/Users/mdl-admin/Desktop/mdl/imhr/r33/_model.py:docstring of imhr.r33._model.Model:7: WARNING: toctree references unknown document 'api/imhr.r33._model.Model.lmer'[39;49;00m
[31;01m/Users/mdl-admin/Desktop/mdl/imhr/r33/_model.py:docstring of imhr.r33._model.Model:7: WARNING: toctree references unknown document 'api/imhr.r33._model.Model.logistic'[39;49;00m
[31m/Users/mdl-admin/Desktop/mdl/imhr/r33/_model.py:docstring of imhr.r33._model.Model.anova:57: WARNING: Unknown target name: "slides".[39;49;00m
[31;01m/Users/mdl-admin/Desktop/mdl/imhr/r33/_nslr_hmm.py:docstring of imhr.r33._nslr_hmm.ObservationModel:7: WARNING: toctree references unknown document 'api/imhr.r33._nslr_hmm.ObservationModel.classify'[39;49;00m
[31;01m/Users/mdl-admin/Desktop/mdl/imhr/r33/_nslr_hmm.py:docstring of imhr.r33._nslr_hmm.ObservationModel:7: WARNING: toctree references unknown document 'api/imhr.r33._nslr_hmm.ObservationModel.dist'[39;49;00m
[31;01m/Users/mdl-admin/Desktop/mdl/imhr/r33/_nslr_hmm.py:docstring of imhr.r33._nslr_hmm.ObservationModel:7: WARNING: toctree references unknown document 'api/imhr.r33._nslr_hmm.ObservationModel.liks'[39;49;00m
[31;01m/Users/mdl-admin/Desktop/mdl/imhr/r33/_processing.py:docstring of imhr.r33._processing.Processing:7: WARNING: toctree references unknown document 'api/imhr.r33._processing.Processing.append_classify'[39;49;00m
[31;01m/Users/mdl-admin/Desktop/mdl/imhr/r33/_processing.py:docstring of imhr.r33._processing.Processing:7: WARNING: toctree references unknown document 'api/imhr.r33._processing.Processing.classify'[39;49;00m
[31;01m/Users/mdl-admin/Desktop/mdl/imhr/r33/_processing.py:docstring of imhr.r33._processing.Processing:7: WARNING: toctree references unknown document 'api/imhr.r33._processing.Processing.dwell'[39;49;00m
[31;01m/Users/mdl-admin/Desktop/mdl/imhr/r33/_processing.py:docstring of imhr.r33._processing.Processing:7: WARNING: toctree references unknown document 'api/imhr.r33._processing.Processing.filter_data'[39;49;00m
[31;01m/Users/mdl-admin/Desktop/mdl/imhr/r33/_processing.py:docstring of imhr.r33._processing.Processing:7: WARNING: toctree references unknown document 'api/imhr.r33._processing.Processing.getData'[39;49;00m
[31;01m/Users/mdl-admin/Desktop/mdl/imhr/r33/_processing.py:docstring of imhr.r33._processing.Processing:7: WARNING: toctree references unknown document 'api/imhr.r33._processing.Processing.getEstimatedMonitor'[39;49;00m
[31;01m/Users/mdl-admin/Desktop/mdl/imhr/r33/_processing.py:docstring of imhr.r33._processing.Processing:7: WARNING: toctree references unknown document 'api/imhr.r33._processing.Processing.onset_diff'[39;49;00m
[31;01m/Users/mdl-admin/Desktop/mdl/imhr/r33/_processing.py:docstring of imhr.r33._processing.Processing:7: WARNING: toctree references unknown document 'api/imhr.r33._processing.Processing.preprocess'[39;49;00m
[31;01m/Users/mdl-admin/Desktop/mdl/imhr/r33/_processing.py:docstring of imhr.r33._processing.Processing:7: WARNING: toctree references unknown document 'api/imhr.r33._processing.Processing.process'[39;49;00m
[31;01m/Users/mdl-admin/Desktop/mdl/imhr/r33/_processing.py:docstring of imhr.r33._processing.Processing:7: WARNING: toctree references unknown document 'api/imhr.r33._processing.Processing.roi'[39;49;00m
[31;01m/Users/mdl-admin/Desktop/mdl/imhr/r33/_processing.py:docstring of imhr.r33._processing.Processing:7: WARNING: toctree references unknown document 'api/imhr.r33._processing.Processing.run'[39;49;00m
[31;01m/Users/mdl-admin/Desktop/mdl/imhr/r33/_processing.py:docstring of imhr.r33._processing.Processing:7: WARNING: toctree references unknown document 'api/imhr.r33._processing.Processing.subject_metadata'[39;49;00m
[31;01m/Users/mdl-admin/Desktop/mdl/imhr/r33/_processing.py:docstring of imhr.r33._processing.Processing:7: WARNING: toctree references unknown document 'api/imhr.r33._processing.Processing.variables'[39;49;00m
[31;01m/Users/mdl-admin/Desktop/mdl/imhr/r33/_settings.py:docstring of imhr.r33._settings.Settings:7: WARNING: toctree references unknown document 'api/imhr.r33._settings.Settings.definitions'[39;49;00m
[31;01m/Users/mdl-admin/Desktop/mdl/docs/source/api/modules.rst:4: WARNING: toctree contains reference to excluded document 'api/setup'[39;49;00m
[31;01m/Users/mdl-admin/Desktop/mdl/docs/source/api/modules.rst:4: WARNING: toctree contains reference to excluded document 'api/versioneer'[39;49;00m
[31;01m/Users/mdl-admin/Desktop/mdl/docs/source/examples/eyetracking/demo/eyetracking_demo.ipynb:113: WARNING: File not found: 'examples/eyetracking/demo/demo.html#import'[39;49;00m
[31;01m/Users/mdl-admin/Desktop/mdl/docs/source/examples/eyetracking/demo/eyetracking_demo.ipynb:123: WARNING: File not found: 'examples/eyetracking/demo/demo.html#init'[39;49;00m
[31;01m/Users/mdl-admin/Desktop/mdl/docs/source/examples/eyetracking/demo/eyetracking_demo.ipynb:133: WARNING: File not found: 'examples/eyetracking/demo/demo.html#connect'[39;49;00m
[31;01m/Users/mdl-admin/Desktop/mdl/docs/source/examples/eyetracking/demo/eyetracking_demo.ipynb:143: WARNING: File not found: 'examples/eyetracking/demo/demo.html#eye'[39;49;00m
[31;01m/Users/mdl-admin/Desktop/mdl/docs/source/examples/eyetracking/demo/eyetracking_demo.ipynb:153: WARNING: File not found: 'examples/eyetracking/demo/demo.html#calibration'[39;49;00m
[31;01m/Users/mdl-admin/Desktop/mdl/docs/source/examples/eyetracking/demo/eyetracking_demo.ipynb:163: WARNING: File not found: 'examples/eyetracking/demo/demo.html#start'[39;49;00m
[31;01m/Users/mdl-admin/Desktop/mdl/docs/source/examples/eyetracking/demo/eyetracking_demo.ipynb:173: WARNING: File not found: 'examples/eyetracking/demo/demo.html#stop'[39;49;00m
[31;01m/Users/mdl-admin/Desktop/mdl/docs/source/examples/eyetracking/demo/eyetracking_demo.ipynb:183: WARNING: File not found: 'examples/eyetracking/demo/demo.html#finish'[39;49;00m
[31;01m/Users/mdl-admin/Desktop/mdl/docs/source/examples/eyetracking/demo/eyetracking_demo.ipynb:219: WARNING: File not found: 'examples/eyetracking/demo/demo.html#drift'[39;49;00m
[31;01m/Users/mdl-admin/Desktop/mdl/docs/source/examples/eyetracking/demo/eyetracking_demo.ipynb:229: WARNING: File not found: 'examples/eyetracking/demo/demo.html#gc'[39;49;00m
[31;01m/Users/mdl-admin/Desktop/mdl/docs/source/examples/eyetracking/demo/eyetracking_demo.ipynb:239: WARNING: File not found: 'examples/eyetracking/demo/demo.html#sample'[39;49;00m
[31;01m/Users/mdl-admin/Desktop/mdl/docs/source/examples/eyetracking/demo/eyetracking_demo.ipynb:249: WARNING: File not found: 'examples/eyetracking/demo/demo.html#message'[39;49;00m
[31;01m/Users/mdl-admin/Desktop/mdl/docs/source/examples/eyetracking/demo/eyetracking_demo.ipynb:315: WARNING: File not found: 'eyetracking.html#imhr.eyetracking.run'[39;49;00m
[31;01m/Users/mdl-admin/Desktop/mdl/docs/source/examples/eyetracking/demo/eyetracking_demo.ipynb:413: WARNING: File not found: 'eyetracking.rst#imhr.eyetracking.run.start_recording'[39;49;00m
[31;01m/Users/mdl-admin/Desktop/mdl/docs/source/examples/eyetracking/demo/eyetracking_demo.ipynb:514: WARNING: File not found: 'eyetracking.html#imhr.eyetracking.run.sample'[39;49;00m
[31;01m/Users/mdl-admin/Desktop/mdl/docs/source/api/imhr.eyetracking._calibration.rst: WARNING: document isn't included in any toctree[39;49;00m
[31;01m/Users/mdl-admin/Desktop/mdl/docs/source/api/imhr.eyetracking._eyelink.rst: WARNING: document isn't included in any toctree[39;49;00m
[31;01m/Users/mdl-admin/Desktop/mdl/docs/source/api/imhr.eyetracking._roi.rst: WARNING: document isn't included in any toctree[39;49;00m
[31;01m/Users/mdl-admin/Desktop/mdl/docs/source/api/imhr.r33._classify.rst: WARNING: document isn't included in any toctree[39;49;00m
[31;01m/Users/mdl-admin/Desktop/mdl/docs/source/api/imhr.r33._metadata.rst: WARNING: document isn't included in any toctree[39;49;00m
[31;01m/Users/mdl-admin/Desktop/mdl/docs/source/api/imhr.r33._model.rst: WARNING: document isn't included in any toctree[39;49;00m
[31;01m/Users/mdl-admin/Desktop/mdl/docs/source/api/imhr.r33._nslr_hmm.rst: WARNING: document isn't included in any toctree[39;49;00m
[31;01m/Users/mdl-admin/Desktop/mdl/docs/source/api/imhr.r33._processing.rst: WARNING: document isn't included in any toctree[39;49;00m
[31;01m/Users/mdl-admin/Desktop/mdl/docs/source/api/imhr.r33._settings.rst: WARNING: document isn't included in any toctree[39;49;00m
[31;01m/Users/mdl-admin/Desktop/mdl/docs/source/api/modules.rst: WARNING: document isn't included in any toctree[39;49;00m
[31;01m/Users/mdl-admin/Desktop/mdl/docs/source/examples/analysis/index.rst: WARNING: document isn't included in any toctree[39;49;00m
[31;01m/Users/mdl-admin/Desktop/mdl/docs/source/examples/index.rst:8: WARNING: toctree contains reference to document 'examples/roi/generate_roi' that doesn't have a title: no link will be generated[39;49;00m
[31;01mWARNING: toctree contains reference to nonexisting document 'api/imhr.download.Download.REDCap'[39;49;00m
[31;01mWARNING: toctree contains reference to nonexisting document 'api/imhr.download.Download.SFTP'[39;49;00m
[31;01mWARNING: toctree contains reference to nonexisting document 'api/imhr.download.Download.box'[39;49;00m
[31;01m/Users/mdl-admin/Desktop/mdl/imhr/download.py:docstring of imhr.download.Download:26:<autosummary>:: WARNING: toctree contains reference to nonexisting document 'api/imhr.download.Download.REDCap'[39;49;00m
[31;01m/Users/mdl-admin/Desktop/mdl/imhr/download.py:docstring of imhr.download.Download:26:<autosummary>:: WARNING: toctree contains reference to nonexisting document 'api/imhr.download.Download.SFTP'[39;49;00m
[31;01m/Users/mdl-admin/Desktop/mdl/imhr/download.py:docstring of imhr.download.Download:26:<autosummary>:: WARNING: toctree contains reference to nonexisting document 'api/imhr.download.Download.box'[39;49;00m
[31;01mWARNING: toctree contains reference to nonexisting document 'api/imhr.download.Download.REDCap'[39;49;00m
[31;01mWARNING: toctree contains reference to nonexisting document 'api/imhr.download.Download.SFTP'[39;49;00m
[31;01mWARNING: toctree contains reference to nonexisting document 'api/imhr.download.Download.box'[39;49;00m
[31;01m/Users/mdl-admin/Desktop/mdl/docs/source/examples/index.rst:8: WARNING: toctree contains reference to document 'examples/roi/generate_roi' that doesn't have a title: no link will be generated[39;49;00m
[31;01mWARNING: toctree contains reference to nonexisting document 'api/imhr.download.Download.REDCap'[39;49;00m
[31;01mWARNING: toctree contains reference to nonexisting document 'api/imhr.download.Download.SFTP'[39;49;00m
[31;01mWARNING: toctree contains reference to nonexisting document 'api/imhr.download.Download.box'[39;49;00m
[31;01mWARNING: toctree contains reference to nonexisting document 'api/imhr.download.Download.REDCap'[39;49;00m
[31;01mWARNING: toctree contains reference to nonexisting document 'api/imhr.download.Download.SFTP'[39;49;00m
[31;01mWARNING: toctree contains reference to nonexisting document 'api/imhr.download.Download.box'[39;49;00m
[31;01m/Users/mdl-admin/Desktop/mdl/imhr/eyetracking/__init__.py:docstring of imhr.eyetracking.ROI:112: WARNING: undefined label: cv2.threshold (if the link has no caption the label must precede a section header)[39;49;00m
[31;01m/Users/mdl-admin/Desktop/mdl/imhr/eyetracking/__init__.py:docstring of imhr.eyetracking.ROI:112: WARNING: undefined label: cv2.thresh_otsu (if the link has no caption the label must precede a section header)[39;49;00m
[31;01m/Users/mdl-admin/Desktop/mdl/imhr/eyetracking/__init__.py:docstring of imhr.eyetracking.ROI:112: WARNING: undefined label: cv2.thresh_binary (if the link has no caption the label must precede a section header)[39;49;00m
[31;01m/Users/mdl-admin/Desktop/mdl/imhr/eyetracking/__init__.py:docstring of imhr.eyetracking.ROI:120: WARNING: undefined label: cv2.findcontours (if the link has no caption the label must precede a section header)[39;49;00m
[31;01m/Users/mdl-admin/Desktop/mdl/imhr/eyetracking/__init__.py:docstring of imhr.eyetracking.ROI:127: WARNING: undefined label: cv2.drawcontours (if the link has no caption the label must precede a section header)[39;49;00m
[31;01m/Users/mdl-admin/Desktop/mdl/docs/source/examples/index.rst:8: WARNING: toctree contains reference to document 'examples/roi/generate_roi' that doesn't have a title: no link will be generated[39;49;00m
[31;01mWARNING: toctree contains reference to nonexisting document 'api/imhr.download.Download.REDCap'[39;49;00m
[31;01mWARNING: toctree contains reference to nonexisting document 'api/imhr.download.Download.SFTP'[39;49;00m
[31;01mWARNING: toctree contains reference to nonexisting document 'api/imhr.download.Download.box'[39;49;00m
[31;01m/Users/mdl-admin/Desktop/mdl/imhr/eyetracking/_calibration.py:docstring of imhr.eyetracking._calibration.Calibration:28:<autosummary>:: WARNING: toctree contains reference to nonexisting document 'api/imhr.eyetracking._calibration.Calibration.alert_printf'[39;49;00m
[31;01m/Users/mdl-admin/Desktop/mdl/imhr/eyetracking/_calibration.py:docstring of imhr.eyetracking._calibration.Calibration:28:<autosummary>:: WARNING: toctree contains reference to nonexisting document 'api/imhr.eyetracking._calibration.Calibration.clear_cal_display'[39;49;00m
[31;01m/Users/mdl-admin/Desktop/mdl/imhr/eyetracking/_calibration.py:docstring of imhr.eyetracking._calibration.Calibration:28:<autosummary>:: WARNING: toctree contains reference to nonexisting document 'api/imhr.eyetracking._calibration.Calibration.draw_cal_target'[39;49;00m
[31;01m/Users/mdl-admin/Desktop/mdl/imhr/eyetracking/_calibration.py:docstring of imhr.eyetracking._calibration.Calibration:28:<autosummary>:: WARNING: toctree contains reference to nonexisting document 'api/imhr.eyetracking._calibration.Calibration.draw_image_line'[39;49;00m
[31;01m/Users/mdl-admin/Desktop/mdl/imhr/eyetracking/_calibration.py:docstring of imhr.eyetracking._calibration.Calibration:28:<autosummary>:: WARNING: toctree contains reference to nonexisting document 'api/imhr.eyetracking._calibration.Calibration.draw_line'[39;49;00m
[31;01m/Users/mdl-admin/Desktop/mdl/imhr/eyetracking/_calibration.py:docstring of imhr.eyetracking._calibration.Calibration:28:<autosummary>:: WARNING: toctree contains reference to nonexisting document 'api/imhr.eyetracking._calibration.Calibration.draw_lozenge'[39;49;00m
[31;01m/Users/mdl-admin/Desktop/mdl/imhr/eyetracking/_calibration.py:docstring of imhr.eyetracking._calibration.Calibration:28:<autosummary>:: WARNING: toctree contains reference to nonexisting document 'api/imhr.eyetracking._calibration.Calibration.erase_cal_target'[39;49;00m
[31;01m/Users/mdl-admin/Desktop/mdl/imhr/eyetracking/_calibration.py:docstring of imhr.eyetracking._calibration.Calibration:28:<autosummary>:: WARNING: toctree contains reference to nonexisting document 'api/imhr.eyetracking._calibration.Calibration.exit_cal_display'[39;49;00m
[31;01m/Users/mdl-admin/Desktop/mdl/imhr/eyetracking/_calibration.py:docstring of imhr.eyetracking._calibration.Calibration:28:<autosummary>:: WARNING: toctree contains reference to nonexisting document 'api/imhr.eyetracking._calibration.Calibration.exit_image_display'[39;49;00m
[31;01m/Users/mdl-admin/Desktop/mdl/imhr/eyetracking/_calibration.py:docstring of imhr.eyetracking._calibration.Calibration:28:<autosummary>:: WARNING: toctree contains reference to nonexisting document 'api/imhr.eyetracking._calibration.Calibration.getColorFromIndex'[39;49;00m
[31;01m/Users/mdl-admin/Desktop/mdl/imhr/eyetracking/_calibration.py:docstring of imhr.eyetracking._calibration.Calibration:28:<autosummary>:: WARNING: toctree contains reference to nonexisting document 'api/imhr.eyetracking._calibration.Calibration.get_input_key'[39;49;00m
[31;01m/Users/mdl-admin/Desktop/mdl/imhr/eyetracking/_calibration.py:docstring of imhr.eyetracking._calibration.Calibration:28:<autosummary>:: WARNING: toctree contains reference to nonexisting document 'api/imhr.eyetracking._calibration.Calibration.get_mouse_state'[39;49;00m
[31;01m/Users/mdl-admin/Desktop/mdl/imhr/eyetracking/_calibration.py:docstring of imhr.eyetracking._calibration.Calibration:28:<autosummary>:: WARNING: toctree contains reference to nonexisting document 'api/imhr.eyetracking._calibration.Calibration.play_beep'[39;49;00m
[31;01m/Users/mdl-admin/Desktop/mdl/imhr/eyetracking/_calibration.py:docstring of imhr.eyetracking._calibration.Calibration:28:<autosummary>:: WARNING: toctree contains reference to nonexisting document 'api/imhr.eyetracking._calibration.Calibration.record_abort_hide'[39;49;00m
[31;01m/Users/mdl-admin/Desktop/mdl/imhr/eyetracking/_calibration.py:docstring of imhr.eyetracking._calibration.Calibration:28:<autosummary>:: WARNING: toctree contains reference to nonexisting document 'api/imhr.eyetracking._calibration.Calibration.set_image_palette'[39;49;00m
[31;01m/Users/mdl-admin/Desktop/mdl/imhr/eyetracking/_calibration.py:docstring of imhr.eyetracking._calibration.Calibration:28:<autosummary>:: WARNING: toctree contains reference to nonexisting document 'api/imhr.eyetracking._calibration.Calibration.setup_cal_display'[39;49;00m
[31;01m/Users/mdl-admin/Desktop/mdl/imhr/eyetracking/_calibration.py:docstring of imhr.eyetracking._calibration.Calibration:28:<autosummary>:: WARNING: toctree contains reference to nonexisting document 'api/imhr.eyetracking._calibration.Calibration.setup_image_display'[39;49;00m
[31;01m/Users/mdl-admin/Desktop/mdl/docs/source/examples/index.rst:8: WARNING: toctree contains reference to document 'examples/roi/generate_roi' that doesn't have a title: no link will be generated[39;49;00m
[31;01mWARNING: toctree contains reference to nonexisting document 'api/imhr.download.Download.REDCap'[39;49;00m
[31;01mWARNING: toctree contains reference to nonexisting document 'api/imhr.download.Download.SFTP'[39;49;00m
[31;01mWARNING: toctree contains reference to nonexisting document 'api/imhr.download.Download.box'[39;49;00m
[31;01m/Users/mdl-admin/Desktop/mdl/imhr/eyetracking/_eyelink.py:docstring of imhr.eyetracking._eyelink.Eyelink:34:<autosummary>:: WARNING: toctree contains reference to nonexisting document 'api/imhr.eyetracking._eyelink.Eyelink.calibration'[39;49;00m
[31;01m/Users/mdl-admin/Desktop/mdl/imhr/eyetracking/_eyelink.py:docstring of imhr.eyetracking._eyelink.Eyelink:34:<autosummary>:: WARNING: toctree contains reference to nonexisting document 'api/imhr.eyetracking._eyelink.Eyelink.connect'[39;49;00m
[31;01m/Users/mdl-admin/Desktop/mdl/imhr/eyetracking/_eyelink.py:docstring of imhr.eyetracking._eyelink.Eyelink:34:<autosummary>:: WARNING: toctree contains reference to nonexisting document 'api/imhr.eyetracking._eyelink.Eyelink.drift_correction'[39;49;00m
[31;01m/Users/mdl-admin/Desktop/mdl/imhr/eyetracking/_eyelink.py:docstring of imhr.eyetracking._eyelink.Eyelink:34:<autosummary>:: WARNING: toctree contains reference to nonexisting document 'api/imhr.eyetracking._eyelink.Eyelink.finish_recording'[39;49;00m
[31;01m/Users/mdl-admin/Desktop/mdl/imhr/eyetracking/_eyelink.py:docstring of imhr.eyetracking._eyelink.Eyelink:34:<autosummary>:: WARNING: toctree contains reference to nonexisting document 'api/imhr.eyetracking._eyelink.Eyelink.gc'[39;49;00m
[31;01m/Users/mdl-admin/Desktop/mdl/imhr/eyetracking/_eyelink.py:docstring of imhr.eyetracking._eyelink.Eyelink:34:<autosummary>:: WARNING: toctree contains reference to nonexisting document 'api/imhr.eyetracking._eyelink.Eyelink.sample'[39;49;00m
[31;01m/Users/mdl-admin/Desktop/mdl/imhr/eyetracking/_eyelink.py:docstring of imhr.eyetracking._eyelink.Eyelink:34:<autosummary>:: WARNING: toctree contains reference to nonexisting document 'api/imhr.eyetracking._eyelink.Eyelink.send_message'[39;49;00m
[31;01m/Users/mdl-admin/Desktop/mdl/imhr/eyetracking/_eyelink.py:docstring of imhr.eyetracking._eyelink.Eyelink:34:<autosummary>:: WARNING: toctree contains reference to nonexisting document 'api/imhr.eyetracking._eyelink.Eyelink.send_variable'[39;49;00m
[31;01m/Users/mdl-admin/Desktop/mdl/imhr/eyetracking/_eyelink.py:docstring of imhr.eyetracking._eyelink.Eyelink:34:<autosummary>:: WARNING: toctree contains reference to nonexisting document 'api/imhr.eyetracking._eyelink.Eyelink.set_eye_used'[39;49;00m
[31;01m/Users/mdl-admin/Desktop/mdl/imhr/eyetracking/_eyelink.py:docstring of imhr.eyetracking._eyelink.Eyelink:34:<autosummary>:: WARNING: toctree contains reference to nonexisting document 'api/imhr.eyetracking._eyelink.Eyelink.start_recording'[39;49;00m
[31;01m/Users/mdl-admin/Desktop/mdl/imhr/eyetracking/_eyelink.py:docstring of imhr.eyetracking._eyelink.Eyelink:34:<autosummary>:: WARNING: toctree contains reference to nonexisting document 'api/imhr.eyetracking._eyelink.Eyelink.stop_recording'[39;49;00m
[31;01m/Users/mdl-admin/Desktop/mdl/docs/source/examples/index.rst:8: WARNING: toctree contains reference to document 'examples/roi/generate_roi' that doesn't have a title: no link will be generated[39;49;00m
[31;01mWARNING: toctree contains reference to nonexisting document 'api/imhr.download.Download.REDCap'[39;49;00m
[31;01mWARNING: toctree contains reference to nonexisting document 'api/imhr.download.Download.SFTP'[39;49;00m
[31;01mWARNING: toctree contains reference to nonexisting document 'api/imhr.download.Download.box'[39;49;00m
[31;01m/Users/mdl-admin/Desktop/mdl/imhr/eyetracking/_roi.py:docstring of imhr.eyetracking._roi.ROI:32:<autosummary>:: WARNING: toctree contains reference to nonexisting document 'api/imhr.eyetracking._roi.ROI.create_contours'[39;49;00m
[31;01m/Users/mdl-admin/Desktop/mdl/imhr/eyetracking/_roi.py:docstring of imhr.eyetracking._roi.ROI:32:<autosummary>:: WARNING: toctree contains reference to nonexisting document 'api/imhr.eyetracking._roi.ROI.create_rois'[39;49;00m
[31;01m/Users/mdl-admin/Desktop/mdl/imhr/eyetracking/_roi.py:docstring of imhr.eyetracking._roi.ROI:32:<autosummary>:: WARNING: toctree contains reference to nonexisting document 'api/imhr.eyetracking._roi.ROI.draw_image'[39;49;00m
[31;01m/Users/mdl-admin/Desktop/mdl/imhr/eyetracking/_roi.py:docstring of imhr.eyetracking._roi.ROI:32:<autosummary>:: WARNING: toctree contains reference to nonexisting document 'api/imhr.eyetracking._roi.ROI.export_data'[39;49;00m
[31;01m/Users/mdl-admin/Desktop/mdl/imhr/eyetracking/_roi.py:docstring of imhr.eyetracking._roi.ROI:32:<autosummary>:: WARNING: toctree contains reference to nonexisting document 'api/imhr.eyetracking._roi.ROI.finished'[39;49;00m
[31;01m/Users/mdl-admin/Desktop/mdl/imhr/eyetracking/_roi.py:docstring of imhr.eyetracking._roi.ROI:32:<autosummary>:: WARNING: toctree contains reference to nonexisting document 'api/imhr.eyetracking._roi.ROI.process'[39;49;00m
[31;01m/Users/mdl-admin/Desktop/mdl/imhr/eyetracking/_roi.py:docstring of imhr.eyetracking._roi.ROI:32:<autosummary>:: WARNING: toctree contains reference to nonexisting document 'api/imhr.eyetracking._roi.ROI.process_image'[39;49;00m
[31;01m/Users/mdl-admin/Desktop/mdl/imhr/eyetracking/_roi.py:docstring of imhr.eyetracking._roi.ROI:32:<autosummary>:: WARNING: toctree contains reference to nonexisting document 'api/imhr.eyetracking._roi.ROI.process_metadata'[39;49;00m
[31;01m/Users/mdl-admin/Desktop/mdl/imhr/eyetracking/_roi.py:docstring of imhr.eyetracking._roi.ROI:32:<autosummary>:: WARNING: toctree contains reference to nonexisting document 'api/imhr.eyetracking._roi.ROI.run'[39;49;00m
[31;01m/Users/mdl-admin/Desktop/mdl/docs/source/examples/index.rst:8: WARNING: toctree contains reference to document 'examples/roi/generate_roi' that doesn't have a title: no link will be generated[39;49;00m
[31;01mWARNING: toctree contains reference to nonexisting document 'api/imhr.download.Download.REDCap'[39;49;00m
[31;01mWARNING: toctree contains reference to nonexisting document 'api/imhr.download.Download.SFTP'[39;49;00m
[31;01mWARNING: toctree contains reference to nonexisting document 'api/imhr.download.Download.box'[39;49;00m
[31;01m/Users/mdl-admin/Desktop/mdl/docs/source/examples/index.rst:8: WARNING: toctree contains reference to document 'examples/roi/generate_roi' that doesn't have a title: no link will be generated[39;49;00m
[31;01mWARNING: toctree contains reference to nonexisting document 'api/imhr.download.Download.REDCap'[39;49;00m
[31;01mWARNING: toctree contains reference to nonexisting document 'api/imhr.download.Download.SFTP'[39;49;00m
[31;01mWARNING: toctree contains reference to nonexisting document 'api/imhr.download.Download.box'[39;49;00m
[31;01m/Users/mdl-admin/Desktop/mdl/docs/source/examples/index.rst:8: WARNING: toctree contains reference to document 'examples/roi/generate_roi' that doesn't have a title: no link will be generated[39;49;00m
[31;01mWARNING: toctree contains reference to nonexisting document 'api/imhr.download.Download.REDCap'[39;49;00m
[31;01mWARNING: toctree contains reference to nonexisting document 'api/imhr.download.Download.SFTP'[39;49;00m
[31;01mWARNING: toctree contains reference to nonexisting document 'api/imhr.download.Download.box'[39;49;00m
[31;01m/Users/mdl-admin/Desktop/mdl/imhr/r33/_classify.py:docstring of imhr.r33._classify.Classify:31:<autosummary>:: WARNING: toctree contains reference to nonexisting document 'api/imhr.r33._classify.Classify.Acceleration'[39;49;00m
[31;01m/Users/mdl-admin/Desktop/mdl/imhr/r33/_classify.py:docstring of imhr.r33._classify.Classify:31:<autosummary>:: WARNING: toctree contains reference to nonexisting document 'api/imhr.r33._classify.Classify.Velocity'[39;49;00m
[31;01m/Users/mdl-admin/Desktop/mdl/imhr/r33/_classify.py:docstring of imhr.r33._classify.Classify:31:<autosummary>:: WARNING: toctree contains reference to nonexisting document 'api/imhr.r33._classify.Classify.VisualAngle'[39;49;00m
[31;01m/Users/mdl-admin/Desktop/mdl/imhr/r33/_classify.py:docstring of imhr.r33._classify.Classify:31:<autosummary>:: WARNING: toctree contains reference to nonexisting document 'api/imhr.r33._classify.Classify.hmm'[39;49;00m
[31;01m/Users/mdl-admin/Desktop/mdl/imhr/r33/_classify.py:docstring of imhr.r33._classify.Classify:31:<autosummary>:: WARNING: toctree contains reference to nonexisting document 'api/imhr.r33._classify.Classify.idt'[39;49;00m
[31;01m/Users/mdl-admin/Desktop/mdl/imhr/r33/_classify.py:docstring of imhr.r33._classify.Classify:31:<autosummary>:: WARNING: toctree contains reference to nonexisting document 'api/imhr.r33._classify.Classify.ivt'[39;49;00m
[31;01m/Users/mdl-admin/Desktop/mdl/imhr/r33/_classify.py:docstring of imhr.r33._classify.Classify:31:<autosummary>:: WARNING: toctree contains reference to nonexisting document 'api/imhr.r33._classify.Classify.savitzky_golay'[39;49;00m
[31;01m/Users/mdl-admin/Desktop/mdl/imhr/r33/_classify.py:docstring of imhr.r33._classify.Classify:31:<autosummary>:: WARNING: toctree contains reference to nonexisting document 'api/imhr.r33._classify.Classify.simple'[39;49;00m
[31;01m/Users/mdl-admin/Desktop/mdl/docs/source/examples/index.rst:8: WARNING: toctree contains reference to document 'examples/roi/generate_roi' that doesn't have a title: no link will be generated[39;49;00m
[31;01mWARNING: toctree contains reference to nonexisting document 'api/imhr.download.Download.REDCap'[39;49;00m
[31;01mWARNING: toctree contains reference to nonexisting document 'api/imhr.download.Download.SFTP'[39;49;00m
[31;01mWARNING: toctree contains reference to nonexisting document 'api/imhr.download.Download.box'[39;49;00m
[31;01m/Users/mdl-admin/Desktop/mdl/imhr/r33/_metadata.py:docstring of imhr.r33._metadata.Metadata:25:<autosummary>:: WARNING: toctree contains reference to nonexisting document 'api/imhr.r33._metadata.Metadata.predict'[39;49;00m
[31;01m/Users/mdl-admin/Desktop/mdl/imhr/r33/_metadata.py:docstring of imhr.r33._metadata.Metadata:25:<autosummary>:: WARNING: toctree contains reference to nonexisting document 'api/imhr.r33._metadata.Metadata.summary'[39;49;00m
[31;01m/Users/mdl-admin/Desktop/mdl/docs/source/examples/index.rst:8: WARNING: toctree contains reference to document 'examples/roi/generate_roi' that doesn't have a title: no link will be generated[39;49;00m
[31;01mWARNING: toctree contains reference to nonexisting document 'api/imhr.download.Download.REDCap'[39;49;00m
[31;01mWARNING: toctree contains reference to nonexisting document 'api/imhr.download.Download.SFTP'[39;49;00m
[31;01mWARNING: toctree contains reference to nonexisting document 'api/imhr.download.Download.box'[39;49;00m
[31;01m/Users/mdl-admin/Desktop/mdl/imhr/r33/_model.py:docstring of imhr.r33._model.Model:26:<autosummary>:: WARNING: toctree contains reference to nonexisting document 'api/imhr.r33._model.Model.anova'[39;49;00m
[31;01m/Users/mdl-admin/Desktop/mdl/imhr/r33/_model.py:docstring of imhr.r33._model.Model:26:<autosummary>:: WARNING: toctree contains reference to nonexisting document 'api/imhr.r33._model.Model.lmer'[39;49;00m
[31;01m/Users/mdl-admin/Desktop/mdl/imhr/r33/_model.py:docstring of imhr.r33._model.Model:26:<autosummary>:: WARNING: toctree contains reference to nonexisting document 'api/imhr.r33._model.Model.logistic'[39;49;00m
[31;01m/Users/mdl-admin/Desktop/mdl/docs/source/examples/index.rst:8: WARNING: toctree contains reference to document 'examples/roi/generate_roi' that doesn't have a title: no link will be generated[39;49;00m
[31;01mWARNING: toctree contains reference to nonexisting document 'api/imhr.download.Download.REDCap'[39;49;00m
[31;01mWARNING: toctree contains reference to nonexisting document 'api/imhr.download.Download.SFTP'[39;49;00m
[31;01mWARNING: toctree contains reference to nonexisting document 'api/imhr.download.Download.box'[39;49;00m
[31;01m/Users/mdl-admin/Desktop/mdl/imhr/r33/_nslr_hmm.py:docstring of imhr.r33._nslr_hmm.ObservationModel:26:<autosummary>:: WARNING: toctree contains reference to nonexisting document 'api/imhr.r33._nslr_hmm.ObservationModel.classify'[39;49;00m
[31;01m/Users/mdl-admin/Desktop/mdl/imhr/r33/_nslr_hmm.py:docstring of imhr.r33._nslr_hmm.ObservationModel:26:<autosummary>:: WARNING: toctree contains reference to nonexisting document 'api/imhr.r33._nslr_hmm.ObservationModel.dist'[39;49;00m
[31;01m/Users/mdl-admin/Desktop/mdl/imhr/r33/_nslr_hmm.py:docstring of imhr.r33._nslr_hmm.ObservationModel:26:<autosummary>:: WARNING: toctree contains reference to nonexisting document 'api/imhr.r33._nslr_hmm.ObservationModel.liks'[39;49;00m
[31;01m/Users/mdl-admin/Desktop/mdl/docs/source/examples/index.rst:8: WARNING: toctree contains reference to document 'examples/roi/generate_roi' that doesn't have a title: no link will be generated[39;49;00m
[31;01mWARNING: toctree contains reference to nonexisting document 'api/imhr.download.Download.REDCap'[39;49;00m
[31;01mWARNING: toctree contains reference to nonexisting document 'api/imhr.download.Download.SFTP'[39;49;00m
[31;01mWARNING: toctree contains reference to nonexisting document 'api/imhr.download.Download.box'[39;49;00m
[31;01m/Users/mdl-admin/Desktop/mdl/imhr/r33/_processing.py:docstring of imhr.r33._processing.Processing:36:<autosummary>:: WARNING: toctree contains reference to nonexisting document 'api/imhr.r33._processing.Processing.append_classify'[39;49;00m
[31;01m/Users/mdl-admin/Desktop/mdl/imhr/r33/_processing.py:docstring of imhr.r33._processing.Processing:36:<autosummary>:: WARNING: toctree contains reference to nonexisting document 'api/imhr.r33._processing.Processing.classify'[39;49;00m
[31;01m/Users/mdl-admin/Desktop/mdl/imhr/r33/_processing.py:docstring of imhr.r33._processing.Processing:36:<autosummary>:: WARNING: toctree contains reference to nonexisting document 'api/imhr.r33._processing.Processing.dwell'[39;49;00m
[31;01m/Users/mdl-admin/Desktop/mdl/imhr/r33/_processing.py:docstring of imhr.r33._processing.Processing:36:<autosummary>:: WARNING: toctree contains reference to nonexisting document 'api/imhr.r33._processing.Processing.filter_data'[39;49;00m
[31;01m/Users/mdl-admin/Desktop/mdl/imhr/r33/_processing.py:docstring of imhr.r33._processing.Processing:36:<autosummary>:: WARNING: toctree contains reference to nonexisting document 'api/imhr.r33._processing.Processing.getData'[39;49;00m
[31;01m/Users/mdl-admin/Desktop/mdl/imhr/r33/_processing.py:docstring of imhr.r33._processing.Processing:36:<autosummary>:: WARNING: toctree contains reference to nonexisting document 'api/imhr.r33._processing.Processing.getEstimatedMonitor'[39;49;00m
[31;01m/Users/mdl-admin/Desktop/mdl/imhr/r33/_processing.py:docstring of imhr.r33._processing.Processing:36:<autosummary>:: WARNING: toctree contains reference to nonexisting document 'api/imhr.r33._processing.Processing.onset_diff'[39;49;00m
[31;01m/Users/mdl-admin/Desktop/mdl/imhr/r33/_processing.py:docstring of imhr.r33._processing.Processing:36:<autosummary>:: WARNING: toctree contains reference to nonexisting document 'api/imhr.r33._processing.Processing.preprocess'[39;49;00m
[31;01m/Users/mdl-admin/Desktop/mdl/imhr/r33/_processing.py:docstring of imhr.r33._processing.Processing:36:<autosummary>:: WARNING: toctree contains reference to nonexisting document 'api/imhr.r33._processing.Processing.process'[39;49;00m
[31;01m/Users/mdl-admin/Desktop/mdl/imhr/r33/_processing.py:docstring of imhr.r33._processing.Processing:36:<autosummary>:: WARNING: toctree contains reference to nonexisting document 'api/imhr.r33._processing.Processing.roi'[39;49;00m
[31;01m/Users/mdl-admin/Desktop/mdl/imhr/r33/_processing.py:docstring of imhr.r33._processing.Processing:36:<autosummary>:: WARNING: toctree contains reference to nonexisting document 'api/imhr.r33._processing.Processing.run'[39;49;00m
[31;01m/Users/mdl-admin/Desktop/mdl/imhr/r33/_processing.py:docstring of imhr.r33._processing.Processing:36:<autosummary>:: WARNING: toctree contains reference to nonexisting document 'api/imhr.r33._processing.Processing.subject_metadata'[39;49;00m
[31;01m/Users/mdl-admin/Desktop/mdl/imhr/r33/_processing.py:docstring of imhr.r33._processing.Processing:36:<autosummary>:: WARNING: toctree contains reference to nonexisting document 'api/imhr.r33._processing.Processing.variables'[39;49;00m
[31;01m/Users/mdl-admin/Desktop/mdl/docs/source/examples/index.rst:8: WARNING: toctree contains reference to document 'examples/roi/generate_roi' that doesn't have a title: no link will be generated[39;49;00m
[31;01mWARNING: toctree contains reference to nonexisting document 'api/imhr.download.Download.REDCap'[39;49;00m
[31;01mWARNING: toctree contains reference to nonexisting document 'api/imhr.download.Download.SFTP'[39;49;00m
[31;01mWARNING: toctree contains reference to nonexisting document 'api/imhr.download.Download.box'[39;49;00m
[31;01m/Users/mdl-admin/Desktop/mdl/imhr/r33/_settings.py:docstring of imhr.r33._settings.Settings:24:<autosummary>:: WARNING: toctree contains reference to nonexisting document 'api/imhr.r33._settings.Settings.definitions'[39;49;00m
[31;01m/Users/mdl-admin/Desktop/mdl/docs/source/examples/index.rst:8: WARNING: toctree contains reference to document 'examples/roi/generate_roi' that doesn't have a title: no link will be generated[39;49;00m
[31;01mWARNING: toctree contains reference to nonexisting document 'api/imhr.download.Download.REDCap'[39;49;00m
[31;01mWARNING: toctree contains reference to nonexisting document 'api/imhr.download.Download.SFTP'[39;49;00m
[31;01mWARNING: toctree contains reference to nonexisting document 'api/imhr.download.Download.box'[39;49;00m
[31;01m/Users/mdl-admin/Desktop/mdl/docs/source/examples/index.rst:8: WARNING: toctree contains reference to document 'examples/roi/generate_roi' that doesn't have a title: no link will be generated[39;49;00m
[31;01mWARNING: toctree contains reference to nonexisting document 'api/imhr.download.Download.REDCap'[39;49;00m
[31;01mWARNING: toctree contains reference to nonexisting document 'api/imhr.download.Download.SFTP'[39;49;00m
[31;01mWARNING: toctree contains reference to nonexisting document 'api/imhr.download.Download.box'[39;49;00m
[31;01m/Users/mdl-admin/Desktop/mdl/docs/source/examples/index.rst:8: WARNING: toctree contains reference to document 'examples/roi/generate_roi' that doesn't have a title: no link will be generated[39;49;00m
[31;01mWARNING: toctree contains reference to nonexisting document 'api/imhr.download.Download.REDCap'[39;49;00m
[31;01mWARNING: toctree contains reference to nonexisting document 'api/imhr.download.Download.SFTP'[39;49;00m
[31;01mWARNING: toctree contains reference to nonexisting document 'api/imhr.download.Download.box'[39;49;00m
[31;01m/Users/mdl-admin/Desktop/mdl/docs/source/examples/index.rst:8: WARNING: toctree contains reference to document 'examples/roi/generate_roi' that doesn't have a title: no link will be generated[39;49;00m
[31;01mWARNING: toctree contains reference to nonexisting document 'api/imhr.download.Download.REDCap'[39;49;00m
[31;01mWARNING: toctree contains reference to nonexisting document 'api/imhr.download.Download.SFTP'[39;49;00m
[31;01mWARNING: toctree contains reference to nonexisting document 'api/imhr.download.Download.box'[39;49;00m
[31;01m/Users/mdl-admin/Desktop/mdl/docs/source/examples/index.rst:8: WARNING: toctree contains reference to document 'examples/roi/generate_roi' that doesn't have a title: no link will be generated[39;49;00m
[31;01mWARNING: toctree contains reference to nonexisting document 'api/imhr.download.Download.REDCap'[39;49;00m
[31;01mWARNING: toctree contains reference to nonexisting document 'api/imhr.download.Download.SFTP'[39;49;00m
[31;01mWARNING: toctree contains reference to nonexisting document 'api/imhr.download.Download.box'[39;49;00m
[31;01m/Users/mdl-admin/Desktop/mdl/docs/source/examples/index.rst:8: WARNING: toctree contains reference to document 'examples/roi/generate_roi' that doesn't have a title: no link will be generated[39;49;00m
[31;01mWARNING: toctree contains reference to nonexisting document 'api/imhr.download.Download.REDCap'[39;49;00m
[31;01mWARNING: toctree contains reference to nonexisting document 'api/imhr.download.Download.SFTP'[39;49;00m
[31;01mWARNING: toctree contains reference to nonexisting document 'api/imhr.download.Download.box'[39;49;00m
[31;01m/Users/mdl-admin/Desktop/mdl/docs/source/examples/index.rst:8: WARNING: toctree contains reference to document 'examples/roi/generate_roi' that doesn't have a title: no link will be generated[39;49;00m
[31;01mWARNING: toctree contains reference to nonexisting document 'api/imhr.download.Download.REDCap'[39;49;00m
[31;01mWARNING: toctree contains reference to nonexisting document 'api/imhr.download.Download.SFTP'[39;49;00m
[31;01mWARNING: toctree contains reference to nonexisting document 'api/imhr.download.Download.box'[39;49;00m
[31;01m/Users/mdl-admin/Desktop/mdl/docs/source/examples/index.rst:8: WARNING: toctree contains reference to document 'examples/roi/generate_roi' that doesn't have a title: no link will be generated[39;49;00m
[31;01mWARNING: toctree contains reference to nonexisting document 'api/imhr.download.Download.REDCap'[39;49;00m
[31;01mWARNING: toctree contains reference to nonexisting document 'api/imhr.download.Download.SFTP'[39;49;00m
[31;01mWARNING: toctree contains reference to nonexisting document 'api/imhr.download.Download.box'[39;49;00m
[31;01m/Users/mdl-admin/Desktop/mdl/docs/source/examples/index.rst:8: WARNING: toctree contains reference to document 'examples/roi/generate_roi' that doesn't have a title: no link will be generated[39;49;00m
[31;01m/Users/mdl-admin/Desktop/mdl/docs/source/examples/index.rst:8: WARNING: toctree contains reference to document 'examples/roi/generate_roi' that doesn't have a title: no link will be generated[39;49;00m
[31;01mWARNING: toctree contains reference to nonexisting document 'api/imhr.download.Download.REDCap'[39;49;00m
[31;01mWARNING: toctree contains reference to nonexisting document 'api/imhr.download.Download.SFTP'[39;49;00m
[31;01mWARNING: toctree contains reference to nonexisting document 'api/imhr.download.Download.box'[39;49;00m
[31;01m/Users/mdl-admin/Desktop/mdl/docs/source/examples/index.rst:8: WARNING: toctree contains reference to document 'examples/roi/generate_roi' that doesn't have a title: no link will be generated[39;49;00m
[31;01m/Users/mdl-admin/Desktop/mdl/docs/source/examples/index.rst:8: WARNING: toctree contains reference to document 'examples/roi/generate_roi' that doesn't have a title: no link will be generated[39;49;00m
[31;01m/Users/mdl-admin/Desktop/mdl/docs/source/examples/index.rst:8: WARNING: toctree contains reference to document 'examples/roi/generate_roi' that doesn't have a title: no link will be generated[39;49;00m
[31;01mWARNING: toctree contains reference to nonexisting document 'api/imhr.download.Download.REDCap'[39;49;00m
[31;01mWARNING: toctree contains reference to nonexisting document 'api/imhr.download.Download.SFTP'[39;49;00m
[31;01mWARNING: toctree contains reference to nonexisting document 'api/imhr.download.Download.box'[39;49;00m
[31;01m/Users/mdl-admin/Desktop/mdl/docs/source/examples/index.rst:8: WARNING: toctree contains reference to document 'examples/roi/generate_roi' that doesn't have a title: no link will be generated[39;49;00m
[31;01m/Users/mdl-admin/Desktop/mdl/docs/source/examples/index.rst:8: WARNING: toctree contains reference to document 'examples/roi/generate_roi' that doesn't have a title: no link will be generated[39;49;00m
[31;01m/Users/mdl-admin/Desktop/mdl/docs/source/examples/index.rst:8: WARNING: toctree contains reference to document 'examples/roi/generate_roi' that doesn't have a title: no link will be generated[39;49;00m
[31;01mWARNING: toctree contains reference to nonexisting document 'api/imhr.download.Download.REDCap'[39;49;00m
[31;01mWARNING: toctree contains reference to nonexisting document 'api/imhr.download.Download.SFTP'[39;49;00m
[31;01mWARNING: toctree contains reference to nonexisting document 'api/imhr.download.Download.box'[39;49;00m
[31;01m/Users/mdl-admin/Desktop/mdl/docs/source/examples/index.rst:8: WARNING: toctree contains reference to document 'examples/roi/generate_roi' that doesn't have a title: no link will be generated[39;49;00m
[31;01m/Users/mdl-admin/Desktop/mdl/docs/source/examples/index.rst:8: WARNING: toctree contains reference to document 'examples/roi/generate_roi' that doesn't have a title: no link will be generated[39;49;00m
[31;01m/Users/mdl-admin/Desktop/mdl/docs/source/examples/index.rst:8: WARNING: toctree contains reference to document 'examples/roi/generate_roi' that doesn't have a title: no link will be generated[39;49;00m
[31;01mWARNING: toctree contains reference to nonexisting document 'api/imhr.download.Download.REDCap'[39;49;00m
[31;01mWARNING: toctree contains reference to nonexisting document 'api/imhr.download.Download.SFTP'[39;49;00m
[31;01mWARNING: toctree contains reference to nonexisting document 'api/imhr.download.Download.box'[39;49;00m
[31;01m/Users/mdl-admin/Desktop/mdl/docs/source/examples/index.rst:8: WARNING: toctree contains reference to document 'examples/roi/generate_roi' that doesn't have a title: no link will be generated[39;49;00m
[31;01m/Users/mdl-admin/Desktop/mdl/docs/source/examples/index.rst:8: WARNING: toctree contains reference to document 'examples/roi/generate_roi' that doesn't have a title: no link will be generated[39;49;00m
[31;01m/Users/mdl-admin/Desktop/mdl/docs/source/examples/index.rst:8: WARNING: toctree contains reference to document 'examples/roi/generate_roi' that doesn't have a title: no link will be generated[39;49;00m
[31;01mWARNING: toctree contains reference to nonexisting document 'api/imhr.download.Download.REDCap'[39;49;00m
[31;01mWARNING: toctree contains reference to nonexisting document 'api/imhr.download.Download.SFTP'[39;49;00m
[31;01mWARNING: toctree contains reference to nonexisting document 'api/imhr.download.Download.box'[39;49;00m
[31;01m/Users/mdl-admin/Desktop/mdl/docs/source/examples/index.rst:8: WARNING: toctree contains reference to document 'examples/roi/generate_roi' that doesn't have a title: no link will be generated[39;49;00m
[31;01m/Users/mdl-admin/Desktop/mdl/docs/source/examples/index.rst:8: WARNING: toctree contains reference to document 'examples/roi/generate_roi' that doesn't have a title: no link will be generated[39;49;00m
[31;01mWARNING: toctree contains reference to nonexisting document 'api/imhr.download.Download.REDCap'[39;49;00m
[31;01mWARNING: toctree contains reference to nonexisting document 'api/imhr.download.Download.SFTP'[39;49;00m
[31;01mWARNING: toctree contains reference to nonexisting document 'api/imhr.download.Download.box'[39;49;00m
[31;01m/Users/mdl-admin/Desktop/mdl/docs/source/examples/analysis/index.rst:8: WARNING: toctree contains reference to document 'examples/analysis/webgazer' that doesn't have a title: no link will be generated[39;49;00m
[31;01m/Users/mdl-admin/Desktop/mdl/docs/source/examples/index.rst:8: WARNING: toctree contains reference to document 'examples/roi/generate_roi' that doesn't have a title: no link will be generated[39;49;00m
[31;01mWARNING: toctree contains reference to nonexisting document 'api/imhr.download.Download.REDCap'[39;49;00m
[31;01mWARNING: toctree contains reference to nonexisting document 'api/imhr.download.Download.SFTP'[39;49;00m
[31;01mWARNING: toctree contains reference to nonexisting document 'api/imhr.download.Download.box'[39;49;00m
[31;01m/Users/mdl-admin/Desktop/mdl/docs/source/examples/index.rst:8: WARNING: toctree contains reference to document 'examples/roi/generate_roi' that doesn't have a title: no link will be generated[39;49;00m
[31;01mWARNING: toctree contains reference to nonexisting document 'api/imhr.download.Download.REDCap'[39;49;00m
[31;01mWARNING: toctree contains reference to nonexisting document 'api/imhr.download.Download.SFTP'[39;49;00m
[31;01mWARNING: toctree contains reference to nonexisting document 'api/imhr.download.Download.box'[39;49;00m
[31;01m/Users/mdl-admin/Desktop/mdl/docs/source/examples/index.rst:8: WARNING: toctree contains reference to document 'examples/roi/generate_roi' that doesn't have a title: no link will be generated[39;49;00m
[31;01m/Users/mdl-admin/Desktop/mdl/docs/source/examples/index.rst:8: WARNING: toctree contains reference to document 'examples/roi/generate_roi' that doesn't have a title: no link will be generated[39;49;00m
[31;01mWARNING: toctree contains reference to nonexisting document 'api/imhr.download.Download.REDCap'[39;49;00m
[31;01mWARNING: toctree contains reference to nonexisting document 'api/imhr.download.Download.SFTP'[39;49;00m
[31;01mWARNING: toctree contains reference to nonexisting document 'api/imhr.download.Download.box'[39;49;00m
[31;01m/Users/mdl-admin/Desktop/mdl/docs/source/examples/index.rst:8: WARNING: toctree contains reference to document 'examples/roi/generate_roi' that doesn't have a title: no link will be generated[39;49;00m
[31;01m/Users/mdl-admin/Desktop/mdl/docs/source/examples/index.rst:8: WARNING: toctree contains reference to document 'examples/roi/generate_roi' that doesn't have a title: no link will be generated[39;49;00m
[31;01m/Users/mdl-admin/Desktop/mdl/docs/source/examples/index.rst:8: WARNING: toctree contains reference to document 'examples/roi/generate_roi' that doesn't have a title: no link will be generated[39;49;00m
[31;01m/Users/mdl-admin/Desktop/mdl/docs/source/examples/index.rst:8: WARNING: toctree contains reference to document 'examples/roi/generate_roi' that doesn't have a title: no link will be generated[39;49;00m
[31;01mWARNING: toctree contains reference to nonexisting document 'api/imhr.download.Download.REDCap'[39;49;00m
[31;01mWARNING: toctree contains reference to nonexisting document 'api/imhr.download.Download.SFTP'[39;49;00m
[31;01mWARNING: toctree contains reference to nonexisting document 'api/imhr.download.Download.box'[39;49;00m
[31;01m/Users/mdl-admin/Desktop/mdl/docs/source/examples/index.rst:8: WARNING: toctree contains reference to document 'examples/roi/generate_roi' that doesn't have a title: no link will be generated[39;49;00m
[31;01m/Users/mdl-admin/Desktop/mdl/docs/source/examples/index.rst:8: WARNING: toctree contains reference to document 'examples/roi/generate_roi' that doesn't have a title: no link will be generated[39;49;00m
[31;01m/Users/mdl-admin/Desktop/mdl/docs/source/examples/index.rst:8: WARNING: toctree contains reference to document 'examples/roi/generate_roi' that doesn't have a title: no link will be generated[39;49;00m
[31;01mWARNING: toctree contains reference to nonexisting document 'api/imhr.download.Download.REDCap'[39;49;00m
[31;01mWARNING: toctree contains reference to nonexisting document 'api/imhr.download.Download.SFTP'[39;49;00m
[31;01mWARNING: toctree contains reference to nonexisting document 'api/imhr.download.Download.box'[39;49;00m
[31;01m/Users/mdl-admin/Desktop/mdl/docs/source/examples/index.rst:8: WARNING: toctree contains reference to document 'examples/roi/generate_roi' that doesn't have a title: no link will be generated[39;49;00m
[31;01m/Users/mdl-admin/Desktop/mdl/docs/source/examples/index.rst:8: WARNING: toctree contains reference to document 'examples/roi/generate_roi' that doesn't have a title: no link will be generated[39;49;00m
[31;01mWARNING: toctree contains reference to nonexisting document 'api/imhr.download.Download.REDCap'[39;49;00m
[31;01mWARNING: toctree contains reference to nonexisting document 'api/imhr.download.Download.SFTP'[39;49;00m
[31;01mWARNING: toctree contains reference to nonexisting document 'api/imhr.download.Download.box'[39;49;00m
[31;01m/Users/mdl-admin/Desktop/mdl/docs/source/index.rst:66: WARNING: undefined label: intro.rst (if the link has no caption the label must precede a section header)[39;49;00m
[31;01m/Users/mdl-admin/Desktop/mdl/docs/source/index.rst:66: WARNING: undefined label: install.rst (if the link has no caption the label must precede a section header)[39;49;00m
[31;01m/Users/mdl-admin/Desktop/mdl/docs/source/index.rst:66: WARNING: undefined label: examples/index.rst (if the link has no caption the label must precede a section header)[39;49;00m
[31;01m/Users/mdl-admin/Desktop/mdl/docs/source/index.rst:66: WARNING: undefined label: api/imhr.rst (if the link has no caption the label must precede a section header)[39;49;00m
[31;01m/Users/mdl-admin/Desktop/mdl/docs/source/examples/index.rst:8: WARNING: toctree contains reference to document 'examples/roi/generate_roi' that doesn't have a title: no link will be generated[39;49;00m
[31;01mWARNING: toctree contains reference to nonexisting document 'api/imhr.download.Download.REDCap'[39;49;00m
[31;01mWARNING: toctree contains reference to nonexisting document 'api/imhr.download.Download.SFTP'[39;49;00m
[31;01mWARNING: toctree contains reference to nonexisting document 'api/imhr.download.Download.box'[39;49;00m
[31;01m/Users/mdl-admin/Desktop/mdl/docs/source/examples/index.rst:8: WARNING: toctree contains reference to document 'examples/roi/generate_roi' that doesn't have a title: no link will be generated[39;49;00m
[31;01mWARNING: toctree contains reference to nonexisting document 'api/imhr.download.Download.REDCap'[39;49;00m
[31;01mWARNING: toctree contains reference to nonexisting document 'api/imhr.download.Download.SFTP'[39;49;00m
[31;01mWARNING: toctree contains reference to nonexisting document 'api/imhr.download.Download.box'[39;49;00m
[31;01m/Users/mdl-admin/Desktop/mdl/docs/source/examples/index.rst:8: WARNING: toctree contains reference to document 'examples/roi/generate_roi' that doesn't have a title: no link will be generated[39;49;00m
[31;01mWARNING: toctree contains reference to nonexisting document 'api/imhr.download.Download.REDCap'[39;49;00m
[31;01mWARNING: toctree contains reference to nonexisting document 'api/imhr.download.Download.SFTP'[39;49;00m
[31;01mWARNING: toctree contains reference to nonexisting document 'api/imhr.download.Download.box'[39;49;00m
[31;01m/Users/mdl-admin/Desktop/mdl/docs/source/examples/index.rst:8: WARNING: toctree contains reference to document 'examples/roi/generate_roi' that doesn't have a title: no link will be generated[39;49;00m
[31;01mWARNING: toctree contains reference to nonexisting document 'api/imhr.download.Download.REDCap'[39;49;00m
[31;01mWARNING: toctree contains reference to nonexisting document 'api/imhr.download.Download.SFTP'[39;49;00m
[31;01mWARNING: toctree contains reference to nonexisting document 'api/imhr.download.Download.box'[39;49;00m
[31;01m/Users/mdl-admin/Desktop/mdl/docs/source/examples/index.rst:8: WARNING: toctree contains reference to document 'examples/roi/generate_roi' that doesn't have a title: no link will be generated[39;49;00m
[31;01mWARNING: toctree contains reference to nonexisting document 'api/imhr.download.Download.REDCap'[39;49;00m
[31;01mWARNING: toctree contains reference to nonexisting document 'api/imhr.download.Download.SFTP'[39;49;00m
[31;01mWARNING: toctree contains reference to nonexisting document 'api/imhr.download.Download.box'[39;49;00m
[31;01m/Users/mdl-admin/Desktop/mdl/docs/source/examples/index.rst:8: WARNING: toctree contains reference to document 'examples/roi/generate_roi' that doesn't have a title: no link will be generated[39;49;00m
[31;01mWARNING: toctree contains reference to nonexisting document 'api/imhr.download.Download.REDCap'[39;49;00m
[31;01mWARNING: toctree contains reference to nonexisting document 'api/imhr.download.Download.SFTP'[39;49;00m
[31;01mWARNING: toctree contains reference to nonexisting document 'api/imhr.download.Download.box'[39;49;00m
[31;01m/Users/mdl-admin/Desktop/mdl/docs/source/examples/index.rst:8: WARNING: toctree contains reference to document 'examples/roi/generate_roi' that doesn't have a title: no link will be generated[39;49;00m
[31;01mWARNING: toctree contains reference to nonexisting document 'api/imhr.download.Download.REDCap'[39;49;00m
[31;01mWARNING: toctree contains reference to nonexisting document 'api/imhr.download.Download.SFTP'[39;49;00m
[31;01mWARNING: toctree contains reference to nonexisting document 'api/imhr.download.Download.box'[39;49;00m
[31;01m/Users/mdl-admin/Desktop/mdl/docs/source/examples/index.rst:8: WARNING: toctree contains reference to document 'examples/roi/generate_roi' that doesn't have a title: no link will be generated[39;49;00m
[31;01mWARNING: toctree contains reference to nonexisting document 'api/imhr.download.Download.REDCap'[39;49;00m
[31;01mWARNING: toctree contains reference to nonexisting document 'api/imhr.download.Download.SFTP'[39;49;00m
[31;01mWARNING: toctree contains reference to nonexisting document 'api/imhr.download.Download.box'[39;49;00m
[31;01m/Users/mdl-admin/Desktop/mdl/docs/source/examples/index.rst:8: WARNING: toctree contains reference to document 'examples/roi/generate_roi' that doesn't have a title: no link will be generated[39;49;00m
[31;01mWARNING: toctree contains reference to nonexisting document 'api/imhr.download.Download.REDCap'[39;49;00m
[31;01mWARNING: toctree contains reference to nonexisting document 'api/imhr.download.Download.SFTP'[39;49;00m
[31;01mWARNING: toctree contains reference to nonexisting document 'api/imhr.download.Download.box'[39;49;00m
[31;01m/Users/mdl-admin/Desktop/mdl/docs/source/examples/index.rst:8: WARNING: toctree contains reference to document 'examples/roi/generate_roi' that doesn't have a title: no link will be generated[39;49;00m
[31;01mWARNING: toctree contains reference to nonexisting document 'api/imhr.download.Download.REDCap'[39;49;00m
[31;01mWARNING: toctree contains reference to nonexisting document 'api/imhr.download.Download.SFTP'[39;49;00m
[31;01mWARNING: toctree contains reference to nonexisting document 'api/imhr.download.Download.box'[39;49;00m
[31;01m/Users/mdl-admin/Desktop/mdl/docs/source/examples/index.rst:8: WARNING: toctree contains reference to document 'examples/roi/generate_roi' that doesn't have a title: no link will be generated[39;49;00m
[31;01mWARNING: toctree contains reference to nonexisting document 'api/imhr.download.Download.REDCap'[39;49;00m
[31;01mWARNING: toctree contains reference to nonexisting document 'api/imhr.download.Download.SFTP'[39;49;00m
[31;01mWARNING: toctree contains reference to nonexisting document 'api/imhr.download.Download.box'[39;49;00m
[31;01m/Users/mdl-admin/Desktop/mdl/docs/source/examples/index.rst:8: WARNING: toctree contains reference to document 'examples/roi/generate_roi' that doesn't have a title: no link will be generated[39;49;00m
[31;01mWARNING: toctree contains reference to nonexisting document 'api/imhr.download.Download.REDCap'[39;49;00m
[31;01mWARNING: toctree contains reference to nonexisting document 'api/imhr.download.Download.SFTP'[39;49;00m
[31;01mWARNING: toctree contains reference to nonexisting document 'api/imhr.download.Download.box'[39;49;00m
[31;01m/Users/mdl-admin/Desktop/mdl/docs/source/examples/index.rst:8: WARNING: toctree contains reference to document 'examples/roi/generate_roi' that doesn't have a title: no link will be generated[39;49;00m
[31;01mWARNING: toctree contains reference to nonexisting document 'api/imhr.download.Download.REDCap'[39;49;00m
[31;01mWARNING: toctree contains reference to nonexisting document 'api/imhr.download.Download.SFTP'[39;49;00m
[31;01mWARNING: toctree contains reference to nonexisting document 'api/imhr.download.Download.box'[39;49;00m
[31;01m/Users/mdl-admin/Desktop/mdl/docs/source/examples/index.rst:8: WARNING: toctree contains reference to document 'examples/roi/generate_roi' that doesn't have a title: no link will be generated[39;49;00m
[31;01mWARNING: toctree contains reference to nonexisting document 'api/imhr.download.Download.REDCap'[39;49;00m
[31;01mWARNING: toctree contains reference to nonexisting document 'api/imhr.download.Download.SFTP'[39;49;00m
[31;01mWARNING: toctree contains reference to nonexisting document 'api/imhr.download.Download.box'[39;49;00m
[31;01m/Users/mdl-admin/Desktop/mdl/docs/source/examples/index.rst:8: WARNING: toctree contains reference to document 'examples/roi/generate_roi' that doesn't have a title: no link will be generated[39;49;00m
[31;01mWARNING: toctree contains reference to nonexisting document 'api/imhr.download.Download.REDCap'[39;49;00m
[31;01mWARNING: toctree contains reference to nonexisting document 'api/imhr.download.Download.SFTP'[39;49;00m
[31;01mWARNING: toctree contains reference to nonexisting document 'api/imhr.download.Download.box'[39;49;00m
[31;01m/Users/mdl-admin/Desktop/mdl/docs/source/examples/index.rst:8: WARNING: toctree contains reference to document 'examples/roi/generate_roi' that doesn't have a title: no link will be generated[39;49;00m
[31;01mWARNING: toctree contains reference to nonexisting document 'api/imhr.download.Download.REDCap'[39;49;00m
[31;01mWARNING: toctree contains reference to nonexisting document 'api/imhr.download.Download.SFTP'[39;49;00m
[31;01mWARNING: toctree contains reference to nonexisting document 'api/imhr.download.Download.box'[39;49;00m
[31;01m/Users/mdl-admin/Desktop/mdl/docs/source/examples/index.rst:8: WARNING: toctree contains reference to document 'examples/roi/generate_roi' that doesn't have a title: no link will be generated[39;49;00m
[31;01mWARNING: toctree contains reference to nonexisting document 'api/imhr.download.Download.REDCap'[39;49;00m
[31;01mWARNING: toctree contains reference to nonexisting document 'api/imhr.download.Download.SFTP'[39;49;00m
[31;01mWARNING: toctree contains reference to nonexisting document 'api/imhr.download.Download.box'[39;49;00m
[31;01m/Users/mdl-admin/Desktop/mdl/docs/source/examples/index.rst:8: WARNING: toctree contains reference to document 'examples/roi/generate_roi' that doesn't have a title: no link will be generated[39;49;00m
[31;01mWARNING: toctree contains reference to nonexisting document 'api/imhr.download.Download.REDCap'[39;49;00m
[31;01mWARNING: toctree contains reference to nonexisting document 'api/imhr.download.Download.SFTP'[39;49;00m
[31;01mWARNING: toctree contains reference to nonexisting document 'api/imhr.download.Download.box'[39;49;00m
[31;01m/Users/mdl-admin/Desktop/mdl/docs/source/examples/index.rst:8: WARNING: toctree contains reference to document 'examples/roi/generate_roi' that doesn't have a title: no link will be generated[39;49;00m
[31;01mWARNING: toctree contains reference to nonexisting document 'api/imhr.download.Download.REDCap'[39;49;00m
[31;01mWARNING: toctree contains reference to nonexisting document 'api/imhr.download.Download.SFTP'[39;49;00m
[31;01mWARNING: toctree contains reference to nonexisting document 'api/imhr.download.Download.box'[39;49;00m
[31;01m/Users/mdl-admin/Desktop/mdl/docs/source/examples/index.rst:8: WARNING: toctree contains reference to document 'examples/roi/generate_roi' that doesn't have a title: no link will be generated[39;49;00m
[31;01mWARNING: toctree contains reference to nonexisting document 'api/imhr.download.Download.REDCap'[39;49;00m
[31;01mWARNING: toctree contains reference to nonexisting document 'api/imhr.download.Download.SFTP'[39;49;00m
[31;01mWARNING: toctree contains reference to nonexisting document 'api/imhr.download.Download.box'[39;49;00m
[31;01m/Users/mdl-admin/Desktop/mdl/docs/source/examples/index.rst:8: WARNING: toctree contains reference to document 'examples/roi/generate_roi' that doesn't have a title: no link will be generated[39;49;00m
[31;01mWARNING: toctree contains reference to nonexisting document 'api/imhr.download.Download.REDCap'[39;49;00m
[31;01mWARNING: toctree contains reference to nonexisting document 'api/imhr.download.Download.SFTP'[39;49;00m
[31;01mWARNING: toctree contains reference to nonexisting document 'api/imhr.download.Download.box'[39;49;00m
[31;01m/Users/mdl-admin/Desktop/mdl/docs/source/examples/index.rst:8: WARNING: toctree contains reference to document 'examples/roi/generate_roi' that doesn't have a title: no link will be generated[39;49;00m
[31;01mWARNING: toctree contains reference to nonexisting document 'api/imhr.download.Download.REDCap'[39;49;00m
[31;01mWARNING: toctree contains reference to nonexisting document 'api/imhr.download.Download.SFTP'[39;49;00m
[31;01mWARNING: toctree contains reference to nonexisting document 'api/imhr.download.Download.box'[39;49;00m
[31;01m/Users/mdl-admin/Desktop/mdl/docs/source/examples/index.rst:8: WARNING: toctree contains reference to document 'examples/roi/generate_roi' that doesn't have a title: no link will be generated[39;49;00m
[31;01mWARNING: toctree contains reference to nonexisting document 'api/imhr.download.Download.REDCap'[39;49;00m
[31;01mWARNING: toctree contains reference to nonexisting document 'api/imhr.download.Download.SFTP'[39;49;00m
[31;01mWARNING: toctree contains reference to nonexisting document 'api/imhr.download.Download.box'[39;49;00m
